<?xml version="1.0" encoding="UTF-8"?>
<TestRun id="bd672499-54d3-4cfd-8ccd-791bd39713d2" name="Administrator@NU1NB2RSNIYL0VA 2013-10-19 09:57:46" runUser="NU1NB2RSNIYL0VA\Administrator" xmlns="http://microsoft.com/schemas/VisualStudio/TeamTest/2010">
  <TestSettings name="本地" id="a5544eb8-3911-41ab-bc85-489b668152d2">
    <Description>这些设置为本地测试运行的默认测试设置。</Description>
    <Deployment enabled="false" runDeploymentRoot="Administrator_NU1NB2RSNIYL0VA 2013-10-19 09_57_46">
      <DeploymentItem filename="C:\Users\Administrator\Desktop\QQSDK\QQSDK\bin\Debug\QQSDK.exe" />
    </Deployment>
    <Execution>
      <TestTypeSpecific />
      <AgentRule name="Execution Agents">
      </AgentRule>
    </Execution>
  </TestSettings>
  <Times creation="2013-10-19T09:57:46.7325568+08:00" queuing="2013-10-19T09:57:46.7645586+08:00" start="2013-10-19T09:57:46.7685589+08:00" finish="2013-10-19T09:57:46.9255678+08:00" />
  <ResultSummary outcome="Failed">
    <Counters total="1" executed="1" error="0" failed="1" timeout="0" aborted="0" inconclusive="0" passedButRunAborted="0" notRunnable="0" notExecuted="0" disconnected="0" warning="0" passed="0" completed="0" inProgress="0" pending="0" />
  </ResultSummary>
  <TestDefinitions>
    <UnitTest name="IsPhoneNumberTest" storage="c:\users\administrator\desktop\qqsdk\testqqsdk\bin\debug\testqqsdk.dll" id="d4ce7176-101d-dbe8-c982-3b79eab3e205">
      <Execution id="b51c2d9a-26f9-4760-9767-aaf266ab66a4" />
      <TestMethod codeBase="C:/Users/Administrator/Desktop/QQSDK/TestQQSDK/bin/Debug/TestQQSDK.DLL" adapterTypeName="Microsoft.VisualStudio.TestTools.TestTypes.Unit.UnitTestAdapter, Microsoft.VisualStudio.QualityTools.Tips.UnitTest.Adapter, Version=10.0.0.0, Culture=neutral, PublicKeyToken=b03f5f7f11d50a3a" className="TestQQSDK.StringExtendTest, TestQQSDK, Version=1.0.0.0, Culture=neutral, PublicKeyToken=null" name="IsPhoneNumberTest" />
    </UnitTest>
  </TestDefinitions>
  <TestLists>
    <TestList name="列表中未列出的结果" id="8c84fa94-04c1-424b-9868-57a2d4851a1d" />
    <TestList name="所有已加载的结果" id="19431567-8539-422a-85d7-44ee4e166bda" />
  </TestLists>
  <TestEntries>
    <TestEntry testId="d4ce7176-101d-dbe8-c982-3b79eab3e205" executionId="b51c2d9a-26f9-4760-9767-aaf266ab66a4" testListId="8c84fa94-04c1-424b-9868-57a2d4851a1d" />
  </TestEntries>
  <Results>
    <UnitTestResult executionId="b51c2d9a-26f9-4760-9767-aaf266ab66a4" testId="d4ce7176-101d-dbe8-c982-3b79eab3e205" testName="IsPhoneNumberTest" computerName="NU1NB2RSNIYL0VA" duration="00:00:00.0235944" startTime="2013-10-19T09:57:46.7695589+08:00" endTime="2013-10-19T09:57:46.9175674+08:00" testType="13cdc9d9-ddb5-4fa4-a97d-d965ccfc6d4b" outcome="Failed" testListId="8c84fa94-04c1-424b-9868-57a2d4851a1d" relativeResultsDirectory="b51c2d9a-26f9-4760-9767-aaf266ab66a4">
      <Output>
        <ErrorInfo>
          <Message>Assert.AreEqual 失败。应为: &lt;False&gt;，实际为: &lt;True&gt;。</Message>
          <StackTrace>   在 TestQQSDK.AssertExtend.AreEqual[T](T obj1, T obj2) 位置 C:\Users\Administrator\Desktop\QQSDK\TestQQSDK\AssertExtend.cs:行号 20
   在 TestQQSDK.StringExtendTest.IsPhoneNumberTest() 位置 C:\Users\Administrator\Desktop\QQSDK\TestQQSDK\StringExtendTest.cs:行号 193
</StackTrace>
        </ErrorInfo>
      </Output>
    </UnitTestResult>
  </Results>
</TestRun>