<?xml version="1.0" encoding="UTF-8"?>
<TestRun id="9c3cc224-b5c7-447f-93cd-ce8ef82fb625" name="Administrator@QO5P9AA3YLGC5OR 2013-11-10 10:23:16" runUser="QO5P9AA3YLGC5OR\Administrator" xmlns="http://microsoft.com/schemas/VisualStudio/TeamTest/2010">
  <TestSettings name="本地" id="a5544eb8-3911-41ab-bc85-489b668152d2">
    <Description>这些设置为本地测试运行的默认测试设置。</Description>
    <Deployment enabled="false" runDeploymentRoot="Administrator_QO5P9AA3YLGC5OR 2013-11-10 10_23_16">
      <DeploymentItem filename="H:\QQSDK1.3\QQServer\bin\Debug\QQServer.exe" />
      <DeploymentItem filename="H:\QQSDK1.3\QQMessage\bin\Debug\QQMessage.dll" />
    </Deployment>
    <Execution>
      <TestTypeSpecific />
      <AgentRule name="Execution Agents">
      </AgentRule>
    </Execution>
  </TestSettings>
  <Times creation="2013-11-10T10:23:16.2220000+08:00" queuing="2013-11-10T10:23:16.2700000+08:00" start="2013-11-10T10:23:16.3380000+08:00" finish="2013-11-10T10:23:18.0310000+08:00" />
  <ResultSummary outcome="Completed">
    <Counters total="1" executed="1" passed="1" error="0" failed="0" timeout="0" aborted="0" inconclusive="0" passedButRunAborted="0" notRunnable="0" notExecuted="0" disconnected="0" warning="0" completed="0" inProgress="0" pending="0" />
  </ResultSummary>
  <TestDefinitions>
    <UnitTest name="GetUserTest" storage="h:\qqsdk1.3\testqqserver\bin\debug\testqqserver.dll" id="2a6f5c18-aabb-3a91-960b-ec0d6b582601">
      <Execution id="b945f1b1-eba3-4594-9394-639433ced085" />
      <TestMethod codeBase="H:\QQSDK1.3\TestQQServer\bin\Debug\TestQQServer.dll" adapterTypeName="Microsoft.VisualStudio.TestTools.TestTypes.Unit.UnitTestAdapter, Microsoft.VisualStudio.QualityTools.Tips.UnitTest.Adapter, Version=10.0.0.0, Culture=neutral, PublicKeyToken=b03f5f7f11d50a3a" className="TestQQServer.UserMangerTest, TestQQServer" name="GetUserTest" />
    </UnitTest>
  </TestDefinitions>
  <TestLists>
    <TestList name="列表中未列出的结果" id="8c84fa94-04c1-424b-9868-57a2d4851a1d" />
    <TestList name="所有已加载的结果" id="19431567-8539-422a-85d7-44ee4e166bda" />
  </TestLists>
  <TestEntries>
    <TestEntry testId="2a6f5c18-aabb-3a91-960b-ec0d6b582601" executionId="b945f1b1-eba3-4594-9394-639433ced085" testListId="8c84fa94-04c1-424b-9868-57a2d4851a1d" />
  </TestEntries>
  <Results>
    <UnitTestResult executionId="b945f1b1-eba3-4594-9394-639433ced085" testId="2a6f5c18-aabb-3a91-960b-ec0d6b582601" testName="GetUserTest" computerName="QO5P9AA3YLGC5OR" duration="00:00:00.6579217" startTime="2013-11-10T10:23:16.4480000+08:00" endTime="2013-11-10T10:23:17.9700000+08:00" testType="13cdc9d9-ddb5-4fa4-a97d-d965ccfc6d4b" outcome="Passed" testListId="8c84fa94-04c1-424b-9868-57a2d4851a1d" relativeResultsDirectory="b945f1b1-eba3-4594-9394-639433ced085">
    </UnitTestResult>
  </Results>
</TestRun>