<?xml version="1.0" encoding="UTF-8"?>
<TestRun id="0a944b32-7ed0-4b0c-b353-efc74661e79b" name="Administrator@QO5P9AA3YLGC5OR 2013-11-10 09:37:35" runUser="QO5P9AA3YLGC5OR\Administrator" xmlns="http://microsoft.com/schemas/VisualStudio/TeamTest/2010">
  <TestSettings name="本地" id="a5544eb8-3911-41ab-bc85-489b668152d2">
    <Description>这些设置为本地测试运行的默认测试设置。</Description>
    <Deployment enabled="false" runDeploymentRoot="Administrator_QO5P9AA3YLGC5OR 2013-11-10 09_37_35">
      <DeploymentItem filename="H:\QQSDK1.3\QQServer\bin\Debug\QQServer.exe" />
      <DeploymentItem filename="H:\QQSDK1.3\QQMessage\bin\Debug\QQMessage.dll" />
    </Deployment>
    <Execution>
      <TestTypeSpecific />
      <AgentRule name="Execution Agents">
      </AgentRule>
    </Execution>
  </TestSettings>
  <Times creation="2013-11-10T09:37:35.4540000+08:00" queuing="2013-11-10T09:37:41.3050000+08:00" start="2013-11-10T09:37:41.5770000+08:00" finish="2013-11-10T09:40:02.1350000+08:00" />
  <ResultSummary outcome="Failed">
    <Counters total="1" executed="1" error="0" failed="1" timeout="0" aborted="0" inconclusive="0" passedButRunAborted="0" notRunnable="0" notExecuted="0" disconnected="0" warning="0" passed="0" completed="0" inProgress="0" pending="0" />
  </ResultSummary>
  <TestDefinitions>
    <UnitTest name="CreateUserTest" storage="h:\qqsdk1.3\testqqserver\bin\debug\testqqserver.dll" id="8cbf22b4-8ac0-ab2d-1c04-b48674e1530e">
      <Execution id="7dc65ce9-85ac-412e-8eca-3dd61fd853ee" />
      <TestMethod codeBase="H:\QQSDK1.3\TestQQServer\bin\Debug\TestQQServer.dll" adapterTypeName="Microsoft.VisualStudio.TestTools.TestTypes.Unit.UnitTestAdapter, Microsoft.VisualStudio.QualityTools.Tips.UnitTest.Adapter, Version=10.0.0.0, Culture=neutral, PublicKeyToken=b03f5f7f11d50a3a" className="TestQQServer.UserMangerTest, TestQQServer" name="CreateUserTest" />
    </UnitTest>
  </TestDefinitions>
  <TestLists>
    <TestList name="列表中未列出的结果" id="8c84fa94-04c1-424b-9868-57a2d4851a1d" />
    <TestList name="所有已加载的结果" id="19431567-8539-422a-85d7-44ee4e166bda" />
  </TestLists>
  <TestEntries>
    <TestEntry testId="8cbf22b4-8ac0-ab2d-1c04-b48674e1530e" executionId="7dc65ce9-85ac-412e-8eca-3dd61fd853ee" testListId="8c84fa94-04c1-424b-9868-57a2d4851a1d" />
  </TestEntries>
  <Results>
    <UnitTestResult executionId="7dc65ce9-85ac-412e-8eca-3dd61fd853ee" testId="8cbf22b4-8ac0-ab2d-1c04-b48674e1530e" testName="CreateUserTest" computerName="QO5P9AA3YLGC5OR" duration="00:02:12.2266582" startTime="2013-11-10T09:37:41.7560000+08:00" endTime="2013-11-10T09:39:56.2880000+08:00" testType="13cdc9d9-ddb5-4fa4-a97d-d965ccfc6d4b" outcome="Failed" testListId="8c84fa94-04c1-424b-9868-57a2d4851a1d" relativeResultsDirectory="7dc65ce9-85ac-412e-8eca-3dd61fd853ee">
      <Output>
        <ErrorInfo>
          <Message>Assert.Fail 失败。CreateUser Fail</Message>
          <StackTrace>   在 TestQQServer.UserMangerTest.CreateUserTest() 位置 H:\QQSDK1.3\TestQQServer\UserMangerTest.cs:行号 137
</StackTrace>
        </ErrorInfo>
      </Output>
    </UnitTestResult>
  </Results>
</TestRun>