<?xml version="1.0" encoding="UTF-8"?>
<TestRun id="e8b829ca-9e76-4876-84c5-ab4908c12b2c" name="Administrator@QO5P9AA3YLGC5OR 2013-11-11 19:48:55" runUser="QO5P9AA3YLGC5OR\Administrator" xmlns="http://microsoft.com/schemas/VisualStudio/TeamTest/2010">
  <TestSettings name="本地" id="a5544eb8-3911-41ab-bc85-489b668152d2">
    <Description>这些设置为本地测试运行的默认测试设置。</Description>
    <Deployment enabled="false" runDeploymentRoot="Administrator_QO5P9AA3YLGC5OR 2013-11-11 19_48_55">
      <DeploymentItem filename="H:\QQSDK1.3\QQMessage\bin\Release\QQMessage.dll" />
      <DeploymentItem filename="H:\QQSDK1.3\QQServer\bin\Release\QQServer.exe" />
    </Deployment>
    <Execution>
      <TestTypeSpecific />
      <AgentRule name="Execution Agents">
      </AgentRule>
    </Execution>
  </TestSettings>
  <Times creation="2013-11-11T19:48:55.4802000+08:00" queuing="2013-11-11T19:48:55.5212000+08:00" start="2013-11-11T19:48:55.5422000+08:00" finish="2013-11-11T19:48:56.8942000+08:00" />
  <ResultSummary outcome="Completed">
    <Counters total="8" executed="8" passed="8" error="0" failed="0" timeout="0" aborted="0" inconclusive="0" passedButRunAborted="0" notRunnable="0" notExecuted="0" disconnected="0" warning="0" completed="0" inProgress="0" pending="0" />
  </ResultSummary>
  <TestDefinitions>
    <UnitTest name="GetUserTest" storage="h:\qqsdk1.3\testqqserver\bin\release\testqqserver.dll" id="2a6f5c18-aabb-3a91-960b-ec0d6b582601">
      <Execution id="1659413f-7a68-4d75-8dff-0b2cf82925f4" />
      <TestMethod codeBase="H:\QQSDK1.3\TestQQServer\bin\Release\TestQQServer.dll" adapterTypeName="Microsoft.VisualStudio.TestTools.TestTypes.Unit.UnitTestAdapter, Microsoft.VisualStudio.QualityTools.Tips.UnitTest.Adapter, Version=10.0.0.0, Culture=neutral, PublicKeyToken=b03f5f7f11d50a3a" className="TestQQServer.UserMangerTest, TestQQServer" name="GetUserTest" />
    </UnitTest>
    <UnitTest name="DeleteUserTest" storage="h:\qqsdk1.3\testqqserver\bin\release\testqqserver.dll" id="0c593857-dc48-c658-943a-c08e94a2b67b">
      <Execution id="306ad51f-9495-45bd-b8f3-6899bad91ebe" />
      <TestMethod codeBase="H:\QQSDK1.3\TestQQServer\bin\Release\TestQQServer.dll" adapterTypeName="Microsoft.VisualStudio.TestTools.TestTypes.Unit.UnitTestAdapter, Microsoft.VisualStudio.QualityTools.Tips.UnitTest.Adapter, Version=10.0.0.0, Culture=neutral, PublicKeyToken=b03f5f7f11d50a3a" className="TestQQServer.UserMangerTest, TestQQServer" name="DeleteUserTest" />
    </UnitTest>
    <UnitTest name="LoginTest" storage="h:\qqsdk1.3\testqqserver\bin\release\testqqserver.dll" id="8576ed06-aa91-fe80-339b-df030d0c3d77">
      <Execution id="338c73f8-8cdc-4785-96a4-5122b6394e70" />
      <TestMethod codeBase="H:\QQSDK1.3\TestQQServer\bin\Release\TestQQServer.dll" adapterTypeName="Microsoft.VisualStudio.TestTools.TestTypes.Unit.UnitTestAdapter, Microsoft.VisualStudio.QualityTools.Tips.UnitTest.Adapter, Version=10.0.0.0, Culture=neutral, PublicKeyToken=b03f5f7f11d50a3a" className="TestQQServer.UserMangerTest, TestQQServer" name="LoginTest" />
    </UnitTest>
    <UnitTest name="CloseUserTest" storage="h:\qqsdk1.3\testqqserver\bin\release\testqqserver.dll" id="18ca9f4c-527c-8b8f-4e37-e23c2616f66e">
      <Execution id="5e413818-afec-4d0a-a17b-364d7ed99dfb" />
      <TestMethod codeBase="H:\QQSDK1.3\TestQQServer\bin\Release\TestQQServer.dll" adapterTypeName="Microsoft.VisualStudio.TestTools.TestTypes.Unit.UnitTestAdapter, Microsoft.VisualStudio.QualityTools.Tips.UnitTest.Adapter, Version=10.0.0.0, Culture=neutral, PublicKeyToken=b03f5f7f11d50a3a" className="TestQQServer.UserMangerTest, TestQQServer" name="CloseUserTest" />
    </UnitTest>
    <UnitTest name="CreateUserTest" storage="h:\qqsdk1.3\testqqserver\bin\release\testqqserver.dll" id="8cbf22b4-8ac0-ab2d-1c04-b48674e1530e">
      <Execution id="4b66691b-575e-40a7-a9e0-e79660421891" />
      <TestMethod codeBase="H:\QQSDK1.3\TestQQServer\bin\Release\TestQQServer.dll" adapterTypeName="Microsoft.VisualStudio.TestTools.TestTypes.Unit.UnitTestAdapter, Microsoft.VisualStudio.QualityTools.Tips.UnitTest.Adapter, Version=10.0.0.0, Culture=neutral, PublicKeyToken=b03f5f7f11d50a3a" className="TestQQServer.UserMangerTest, TestQQServer" name="CreateUserTest" />
    </UnitTest>
    <UnitTest name="KeepOnlineTest" storage="h:\qqsdk1.3\testqqserver\bin\release\testqqserver.dll" id="3f0e89c3-76d5-4522-ec1c-a93924ee3ab0">
      <Execution id="c8be2a67-ac62-4ce6-931b-0164b0aa3985" />
      <TestMethod codeBase="H:\QQSDK1.3\TestQQServer\bin\Release\TestQQServer.dll" adapterTypeName="Microsoft.VisualStudio.TestTools.TestTypes.Unit.UnitTestAdapter, Microsoft.VisualStudio.QualityTools.Tips.UnitTest.Adapter, Version=10.0.0.0, Culture=neutral, PublicKeyToken=b03f5f7f11d50a3a" className="TestQQServer.UserMangerTest, TestQQServer" name="KeepOnlineTest" />
    </UnitTest>
    <UnitTest name="UpdateUserTest" storage="h:\qqsdk1.3\testqqserver\bin\release\testqqserver.dll" id="953d1187-908c-311d-f2dc-d44663e78175">
      <Execution id="24960bb0-53d1-4186-8ffb-472cbac9ce5a" />
      <TestMethod codeBase="H:\QQSDK1.3\TestQQServer\bin\Release\TestQQServer.dll" adapterTypeName="Microsoft.VisualStudio.TestTools.TestTypes.Unit.UnitTestAdapter, Microsoft.VisualStudio.QualityTools.Tips.UnitTest.Adapter, Version=10.0.0.0, Culture=neutral, PublicKeyToken=b03f5f7f11d50a3a" className="TestQQServer.UserMangerTest, TestQQServer" name="UpdateUserTest" />
    </UnitTest>
    <UnitTest name="GetUserListTest" storage="h:\qqsdk1.3\testqqserver\bin\release\testqqserver.dll" id="f8730511-3b68-f2c5-0bd7-79fdb0753b60">
      <Execution id="bfe23b5c-f2bd-4a96-a1b5-36531a589caf" />
      <TestMethod codeBase="H:\QQSDK1.3\TestQQServer\bin\Release\TestQQServer.dll" adapterTypeName="Microsoft.VisualStudio.TestTools.TestTypes.Unit.UnitTestAdapter, Microsoft.VisualStudio.QualityTools.Tips.UnitTest.Adapter, Version=10.0.0.0, Culture=neutral, PublicKeyToken=b03f5f7f11d50a3a" className="TestQQServer.UserMangerTest, TestQQServer" name="GetUserListTest" />
    </UnitTest>
  </TestDefinitions>
  <TestLists>
    <TestList name="列表中未列出的结果" id="8c84fa94-04c1-424b-9868-57a2d4851a1d" />
    <TestList name="所有已加载的结果" id="19431567-8539-422a-85d7-44ee4e166bda" />
  </TestLists>
  <TestEntries>
    <TestEntry testId="0c593857-dc48-c658-943a-c08e94a2b67b" executionId="306ad51f-9495-45bd-b8f3-6899bad91ebe" testListId="8c84fa94-04c1-424b-9868-57a2d4851a1d" />
    <TestEntry testId="18ca9f4c-527c-8b8f-4e37-e23c2616f66e" executionId="5e413818-afec-4d0a-a17b-364d7ed99dfb" testListId="8c84fa94-04c1-424b-9868-57a2d4851a1d" />
    <TestEntry testId="2a6f5c18-aabb-3a91-960b-ec0d6b582601" executionId="1659413f-7a68-4d75-8dff-0b2cf82925f4" testListId="8c84fa94-04c1-424b-9868-57a2d4851a1d" />
    <TestEntry testId="3f0e89c3-76d5-4522-ec1c-a93924ee3ab0" executionId="c8be2a67-ac62-4ce6-931b-0164b0aa3985" testListId="8c84fa94-04c1-424b-9868-57a2d4851a1d" />
    <TestEntry testId="8576ed06-aa91-fe80-339b-df030d0c3d77" executionId="338c73f8-8cdc-4785-96a4-5122b6394e70" testListId="8c84fa94-04c1-424b-9868-57a2d4851a1d" />
    <TestEntry testId="8cbf22b4-8ac0-ab2d-1c04-b48674e1530e" executionId="4b66691b-575e-40a7-a9e0-e79660421891" testListId="8c84fa94-04c1-424b-9868-57a2d4851a1d" />
    <TestEntry testId="953d1187-908c-311d-f2dc-d44663e78175" executionId="24960bb0-53d1-4186-8ffb-472cbac9ce5a" testListId="8c84fa94-04c1-424b-9868-57a2d4851a1d" />
    <TestEntry testId="f8730511-3b68-f2c5-0bd7-79fdb0753b60" executionId="bfe23b5c-f2bd-4a96-a1b5-36531a589caf" testListId="8c84fa94-04c1-424b-9868-57a2d4851a1d" />
  </TestEntries>
  <Results>
    <UnitTestResult executionId="306ad51f-9495-45bd-b8f3-6899bad91ebe" testId="0c593857-dc48-c658-943a-c08e94a2b67b" testName="DeleteUserTest" computerName="QO5P9AA3YLGC5OR" duration="00:00:00.0532122" startTime="2013-11-11T19:48:55.5892000+08:00" endTime="2013-11-11T19:48:56.4632000+08:00" testType="13cdc9d9-ddb5-4fa4-a97d-d965ccfc6d4b" outcome="Passed" testListId="8c84fa94-04c1-424b-9868-57a2d4851a1d" relativeResultsDirectory="306ad51f-9495-45bd-b8f3-6899bad91ebe">
    </UnitTestResult>
    <UnitTestResult executionId="5e413818-afec-4d0a-a17b-364d7ed99dfb" testId="18ca9f4c-527c-8b8f-4e37-e23c2616f66e" testName="CloseUserTest" computerName="QO5P9AA3YLGC5OR" duration="00:00:00.0009088" startTime="2013-11-11T19:48:56.4792000+08:00" endTime="2013-11-11T19:48:56.4882000+08:00" testType="13cdc9d9-ddb5-4fa4-a97d-d965ccfc6d4b" outcome="Passed" testListId="8c84fa94-04c1-424b-9868-57a2d4851a1d" relativeResultsDirectory="5e413818-afec-4d0a-a17b-364d7ed99dfb">
    </UnitTestResult>
    <UnitTestResult executionId="1659413f-7a68-4d75-8dff-0b2cf82925f4" testId="2a6f5c18-aabb-3a91-960b-ec0d6b582601" testName="GetUserTest" computerName="QO5P9AA3YLGC5OR" duration="00:00:00.0018127" startTime="2013-11-11T19:48:56.5112000+08:00" endTime="2013-11-11T19:48:56.5192000+08:00" testType="13cdc9d9-ddb5-4fa4-a97d-d965ccfc6d4b" outcome="Passed" testListId="8c84fa94-04c1-424b-9868-57a2d4851a1d" relativeResultsDirectory="1659413f-7a68-4d75-8dff-0b2cf82925f4">
    </UnitTestResult>
    <UnitTestResult executionId="c8be2a67-ac62-4ce6-931b-0164b0aa3985" testId="3f0e89c3-76d5-4522-ec1c-a93924ee3ab0" testName="KeepOnlineTest" computerName="QO5P9AA3YLGC5OR" duration="00:00:00.0024503" startTime="2013-11-11T19:48:56.5472000+08:00" endTime="2013-11-11T19:48:56.5562000+08:00" testType="13cdc9d9-ddb5-4fa4-a97d-d965ccfc6d4b" outcome="Passed" testListId="8c84fa94-04c1-424b-9868-57a2d4851a1d" relativeResultsDirectory="c8be2a67-ac62-4ce6-931b-0164b0aa3985">
    </UnitTestResult>
    <UnitTestResult executionId="338c73f8-8cdc-4785-96a4-5122b6394e70" testId="8576ed06-aa91-fe80-339b-df030d0c3d77" testName="LoginTest" computerName="QO5P9AA3YLGC5OR" duration="00:00:00.0004365" startTime="2013-11-11T19:48:56.5682000+08:00" endTime="2013-11-11T19:48:56.5752000+08:00" testType="13cdc9d9-ddb5-4fa4-a97d-d965ccfc6d4b" outcome="Passed" testListId="8c84fa94-04c1-424b-9868-57a2d4851a1d" relativeResultsDirectory="338c73f8-8cdc-4785-96a4-5122b6394e70">
    </UnitTestResult>
    <UnitTestResult executionId="4b66691b-575e-40a7-a9e0-e79660421891" testId="8cbf22b4-8ac0-ab2d-1c04-b48674e1530e" testName="CreateUserTest" computerName="QO5P9AA3YLGC5OR" duration="00:00:00.0010270" startTime="2013-11-11T19:48:56.5972000+08:00" endTime="2013-11-11T19:48:56.6042000+08:00" testType="13cdc9d9-ddb5-4fa4-a97d-d965ccfc6d4b" outcome="Passed" testListId="8c84fa94-04c1-424b-9868-57a2d4851a1d" relativeResultsDirectory="4b66691b-575e-40a7-a9e0-e79660421891">
    </UnitTestResult>
    <UnitTestResult executionId="24960bb0-53d1-4186-8ffb-472cbac9ce5a" testId="953d1187-908c-311d-f2dc-d44663e78175" testName="UpdateUserTest" computerName="QO5P9AA3YLGC5OR" duration="00:00:00.0020973" startTime="2013-11-11T19:48:56.6202000+08:00" endTime="2013-11-11T19:48:56.6292000+08:00" testType="13cdc9d9-ddb5-4fa4-a97d-d965ccfc6d4b" outcome="Passed" testListId="8c84fa94-04c1-424b-9868-57a2d4851a1d" relativeResultsDirectory="24960bb0-53d1-4186-8ffb-472cbac9ce5a">
    </UnitTestResult>
    <UnitTestResult executionId="bfe23b5c-f2bd-4a96-a1b5-36531a589caf" testId="f8730511-3b68-f2c5-0bd7-79fdb0753b60" testName="GetUserListTest" computerName="QO5P9AA3YLGC5OR" duration="00:00:00.0009064" startTime="2013-11-11T19:48:56.6542000+08:00" endTime="2013-11-11T19:48:56.6622000+08:00" testType="13cdc9d9-ddb5-4fa4-a97d-d965ccfc6d4b" outcome="Passed" testListId="8c84fa94-04c1-424b-9868-57a2d4851a1d" relativeResultsDirectory="bfe23b5c-f2bd-4a96-a1b5-36531a589caf">
    </UnitTestResult>
  </Results>
</TestRun>