<?xml version="1.0" encoding="UTF-8"?>
<TestRun id="586968aa-b165-41d0-a7e3-e8b9cbef7ef9" name="Administrator@QO5P9AA3YLGC5OR 2013-11-10 09:29:08" runUser="QO5P9AA3YLGC5OR\Administrator" xmlns="http://microsoft.com/schemas/VisualStudio/TeamTest/2010">
  <TestSettings name="本地" id="a5544eb8-3911-41ab-bc85-489b668152d2">
    <Description>这些设置为本地测试运行的默认测试设置。</Description>
    <Deployment enabled="false" runDeploymentRoot="Administrator_QO5P9AA3YLGC5OR 2013-11-10 09_29_08">
      <DeploymentItem filename="H:\QQSDK1.3\QQServer\obj\x86\Debug\QQServer.exe" />
      <DeploymentItem filename="H:\QQSDK1.3\QQMessage\obj\Debug\QQMessage.dll" />
    </Deployment>
    <Execution>
      <TestTypeSpecific />
      <AgentRule name="Execution Agents">
      </AgentRule>
    </Execution>
  </TestSettings>
  <Times creation="2013-11-10T09:29:08.5590000+08:00" queuing="2013-11-10T09:29:12.4260000+08:00" start="2013-11-10T09:29:12.6400000+08:00" finish="2013-11-10T09:29:50.6400000+08:00" />
  <ResultSummary outcome="Error">
    <Counters total="1" executed="1" error="0" failed="0" timeout="0" aborted="1" inconclusive="0" passedButRunAborted="0" notRunnable="0" notExecuted="0" disconnected="0" warning="0" passed="0" completed="0" inProgress="0" pending="0" />
    <RunInfos>
      <RunInfo computerName="QO5P9AA3YLGC5OR" outcome="Error" timestamp="2013-11-10T09:29:50.6350000+08:00">
        <Text>测试宿主进程意外退出。</Text>
      </RunInfo>
    </RunInfos>
  </ResultSummary>
  <TestDefinitions>
    <UnitTest name="CreateUserTest" storage="h:\qqsdk1.3\testqqserver\bin\debug\testqqserver.dll" id="8cbf22b4-8ac0-ab2d-1c04-b48674e1530e">
      <Execution id="3449e32a-04c1-483d-80bf-0f5e44a6ab03" />
      <TestMethod codeBase="H:\QQSDK1.3\TestQQServer\bin\Debug\TestQQServer.dll" adapterTypeName="Microsoft.VisualStudio.TestTools.TestTypes.Unit.UnitTestAdapter, Microsoft.VisualStudio.QualityTools.Tips.UnitTest.Adapter, Version=10.0.0.0, Culture=neutral, PublicKeyToken=b03f5f7f11d50a3a" className="TestQQServer.UserMangerTest, TestQQServer" name="CreateUserTest" />
    </UnitTest>
  </TestDefinitions>
  <TestLists>
    <TestList name="列表中未列出的结果" id="8c84fa94-04c1-424b-9868-57a2d4851a1d" />
    <TestList name="所有已加载的结果" id="19431567-8539-422a-85d7-44ee4e166bda" />
  </TestLists>
  <TestEntries>
    <TestEntry testId="8cbf22b4-8ac0-ab2d-1c04-b48674e1530e" executionId="3449e32a-04c1-483d-80bf-0f5e44a6ab03" testListId="8c84fa94-04c1-424b-9868-57a2d4851a1d" />
  </TestEntries>
  <Results>
    <UnitTestResult executionId="3449e32a-04c1-483d-80bf-0f5e44a6ab03" testId="8cbf22b4-8ac0-ab2d-1c04-b48674e1530e" testName="CreateUserTest" computerName="QO5P9AA3YLGC5OR" duration="00:00:37.4860000" startTime="2013-11-10T09:29:13.1530000+08:00" endTime="2013-11-10T09:29:50.6390000+08:00" testType="13cdc9d9-ddb5-4fa4-a97d-d965ccfc6d4b" outcome="Aborted" testListId="8c84fa94-04c1-424b-9868-57a2d4851a1d" relativeResultsDirectory="3449e32a-04c1-483d-80bf-0f5e44a6ab03">
    </UnitTestResult>
  </Results>
</TestRun>