<?xml version="1.0" encoding="UTF-8"?>
<TestRun id="c1e5f131-e7ba-46c8-b860-0a4932c98a4e" name="Administrator@QO5P9AA3YLGC5OR 2013-11-10 10:15:44" runUser="QO5P9AA3YLGC5OR\Administrator" xmlns="http://microsoft.com/schemas/VisualStudio/TeamTest/2010">
  <TestSettings name="本地" id="a5544eb8-3911-41ab-bc85-489b668152d2">
    <Description>这些设置为本地测试运行的默认测试设置。</Description>
    <Deployment enabled="false" runDeploymentRoot="Administrator_QO5P9AA3YLGC5OR 2013-11-10 10_15_44">
      <DeploymentItem filename="H:\QQSDK1.3\QQServer\bin\Debug\QQServer.exe" />
      <DeploymentItem filename="H:\QQSDK1.3\QQMessage\bin\Debug\QQMessage.dll" />
    </Deployment>
    <Execution>
      <TestTypeSpecific />
      <AgentRule name="Execution Agents">
      </AgentRule>
    </Execution>
  </TestSettings>
  <Times creation="2013-11-10T10:15:44.7830000+08:00" queuing="2013-11-10T10:15:44.8260000+08:00" start="2013-11-10T10:15:44.8410000+08:00" finish="2013-11-10T10:16:43.5760000+08:00" />
  <ResultSummary outcome="Failed">
    <Counters total="15" executed="12" error="0" failed="1" timeout="0" aborted="1" inconclusive="0" passedButRunAborted="10" notRunnable="0" notExecuted="3" disconnected="0" warning="0" passed="0" completed="0" inProgress="0" pending="0" />
  </ResultSummary>
  <TestDefinitions>
    <UnitTest name="KeepOnlineTest" storage="h:\qqsdk1.3\testqqserver\bin\debug\testqqserver.dll" id="3f0e89c3-76d5-4522-ec1c-a93924ee3ab0">
      <Execution id="12f60786-d868-408a-abf3-fb6a3084268a" />
      <TestMethod codeBase="H:\QQSDK1.3\TestQQServer\bin\Debug\TestQQServer.dll" adapterTypeName="Microsoft.VisualStudio.TestTools.TestTypes.Unit.UnitTestAdapter, Microsoft.VisualStudio.QualityTools.Tips.UnitTest.Adapter, Version=10.0.0.0, Culture=neutral, PublicKeyToken=b03f5f7f11d50a3a" className="TestQQServer.UserMangerTest, TestQQServer" name="KeepOnlineTest" />
    </UnitTest>
    <UnitTest name="UpdateUserTest" storage="h:\qqsdk1.3\testqqserver\bin\debug\testqqserver.dll" id="953d1187-908c-311d-f2dc-d44663e78175">
      <Execution id="4b6b3774-0e5e-44ef-b50d-decdf66eec4a" />
      <TestMethod codeBase="H:\QQSDK1.3\TestQQServer\bin\Debug\TestQQServer.dll" adapterTypeName="Microsoft.VisualStudio.TestTools.TestTypes.Unit.UnitTestAdapter, Microsoft.VisualStudio.QualityTools.Tips.UnitTest.Adapter, Version=10.0.0.0, Culture=neutral, PublicKeyToken=b03f5f7f11d50a3a" className="TestQQServer.UserMangerTest, TestQQServer" name="UpdateUserTest" />
    </UnitTest>
    <UnitTest name="CheckUserExiteTest" storage="h:\qqsdk1.3\testqqserver\bin\debug\testqqserver.dll" id="3fcef8e4-d37f-7102-3dbc-58be72257905">
      <DeploymentItems>
        <DeploymentItem filename="QQServer.exe" />
      </DeploymentItems>
      <Execution id="2e0d0c29-8d56-46e7-888a-a29506e2e6f5" />
      <TestMethod codeBase="H:\QQSDK1.3\TestQQServer\bin\Debug\TestQQServer.dll" adapterTypeName="Microsoft.VisualStudio.TestTools.TestTypes.Unit.UnitTestAdapter, Microsoft.VisualStudio.QualityTools.Tips.UnitTest.Adapter, Version=10.0.0.0, Culture=neutral, PublicKeyToken=b03f5f7f11d50a3a" className="TestQQServer.UserMangerTest, TestQQServer" name="CheckUserExiteTest" />
    </UnitTest>
    <UnitTest name="AddLoginStateTest" storage="h:\qqsdk1.3\testqqserver\bin\debug\testqqserver.dll" id="76a41904-cfbd-dcae-1e0d-679a553b57f9">
      <DeploymentItems>
        <DeploymentItem filename="QQServer.exe" />
      </DeploymentItems>
      <Execution id="fea0f07b-810b-4e99-a510-6fe27ed2e416" />
      <TestMethod codeBase="H:\QQSDK1.3\TestQQServer\bin\Debug\TestQQServer.dll" adapterTypeName="Microsoft.VisualStudio.TestTools.TestTypes.Unit.UnitTestAdapter, Microsoft.VisualStudio.QualityTools.Tips.UnitTest.Adapter, Version=10.0.0.0, Culture=neutral, PublicKeyToken=b03f5f7f11d50a3a" className="TestQQServer.UserMangerTest, TestQQServer" name="AddLoginStateTest" />
    </UnitTest>
    <UnitTest name="RemoveLoginStateTest" storage="h:\qqsdk1.3\testqqserver\bin\debug\testqqserver.dll" id="a07e097f-9fe0-a430-92eb-3d07f0c610b3">
      <DeploymentItems>
        <DeploymentItem filename="QQServer.exe" />
      </DeploymentItems>
      <Execution id="6faa2c50-b723-41e8-ba13-fb86dd9065ce" />
      <TestMethod codeBase="H:\QQSDK1.3\TestQQServer\bin\Debug\TestQQServer.dll" adapterTypeName="Microsoft.VisualStudio.TestTools.TestTypes.Unit.UnitTestAdapter, Microsoft.VisualStudio.QualityTools.Tips.UnitTest.Adapter, Version=10.0.0.0, Culture=neutral, PublicKeyToken=b03f5f7f11d50a3a" className="TestQQServer.UserMangerTest, TestQQServer" name="RemoveLoginStateTest" />
    </UnitTest>
    <UnitTest name="IsUserExistTest" storage="h:\qqsdk1.3\testqqserver\bin\debug\testqqserver.dll" id="17af2147-c134-cca1-d356-868f4e465ebc">
      <DeploymentItems>
        <DeploymentItem filename="QQServer.exe" />
      </DeploymentItems>
      <Execution id="cc5ddbfd-e11e-43a0-b4b2-15ecde22ed69" />
      <TestMethod codeBase="H:\QQSDK1.3\TestQQServer\bin\Debug\TestQQServer.dll" adapterTypeName="Microsoft.VisualStudio.TestTools.TestTypes.Unit.UnitTestAdapter, Microsoft.VisualStudio.QualityTools.Tips.UnitTest.Adapter, Version=10.0.0.0, Culture=neutral, PublicKeyToken=b03f5f7f11d50a3a" className="TestQQServer.UserMangerTest, TestQQServer" name="IsUserExistTest" />
    </UnitTest>
    <UnitTest name="CheckStateTest" storage="h:\qqsdk1.3\testqqserver\bin\debug\testqqserver.dll" id="9b3a8cd6-9acf-02f2-6579-a3622c22c55c">
      <DeploymentItems>
        <DeploymentItem filename="QQServer.exe" />
      </DeploymentItems>
      <Execution id="88105d32-48b7-4ebc-afa5-2c929157e9e5" />
      <TestMethod codeBase="H:\QQSDK1.3\TestQQServer\bin\Debug\TestQQServer.dll" adapterTypeName="Microsoft.VisualStudio.TestTools.TestTypes.Unit.UnitTestAdapter, Microsoft.VisualStudio.QualityTools.Tips.UnitTest.Adapter, Version=10.0.0.0, Culture=neutral, PublicKeyToken=b03f5f7f11d50a3a" className="TestQQServer.UserMangerTest, TestQQServer" name="CheckStateTest" />
    </UnitTest>
    <UnitTest name="UserMangerConstructorTest" storage="h:\qqsdk1.3\testqqserver\bin\debug\testqqserver.dll" id="f483b767-ef7f-680d-d44e-42dce8c5c5ab">
      <Execution id="12e359b8-719e-46f4-b0cf-94ea5918cec5" />
      <TestMethod codeBase="H:\QQSDK1.3\TestQQServer\bin\Debug\TestQQServer.dll" adapterTypeName="Microsoft.VisualStudio.TestTools.TestTypes.Unit.UnitTestAdapter, Microsoft.VisualStudio.QualityTools.Tips.UnitTest.Adapter, Version=10.0.0.0, Culture=neutral, PublicKeyToken=b03f5f7f11d50a3a" className="TestQQServer.UserMangerTest, TestQQServer" name="UserMangerConstructorTest" />
    </UnitTest>
    <UnitTest name="SaveSettingsTest" storage="h:\qqsdk1.3\testqqserver\bin\debug\testqqserver.dll" id="16ba44cc-d399-4933-d0ca-7d43e247dbdf">
      <Execution id="d8e821e6-a298-4890-a2c0-cbfc3f497ab1" />
      <TestMethod codeBase="H:\QQSDK1.3\TestQQServer\bin\Debug\TestQQServer.dll" adapterTypeName="Microsoft.VisualStudio.TestTools.TestTypes.Unit.UnitTestAdapter, Microsoft.VisualStudio.QualityTools.Tips.UnitTest.Adapter, Version=10.0.0.0, Culture=neutral, PublicKeyToken=b03f5f7f11d50a3a" className="TestQQServer.UserMangerTest, TestQQServer" name="SaveSettingsTest" />
    </UnitTest>
    <UnitTest name="LoginTest" storage="h:\qqsdk1.3\testqqserver\bin\debug\testqqserver.dll" id="8576ed06-aa91-fe80-339b-df030d0c3d77">
      <Execution id="7cd6ea44-9bd6-41c5-8442-8e7cefe68404" />
      <TestMethod codeBase="H:\QQSDK1.3\TestQQServer\bin\Debug\TestQQServer.dll" adapterTypeName="Microsoft.VisualStudio.TestTools.TestTypes.Unit.UnitTestAdapter, Microsoft.VisualStudio.QualityTools.Tips.UnitTest.Adapter, Version=10.0.0.0, Culture=neutral, PublicKeyToken=b03f5f7f11d50a3a" className="TestQQServer.UserMangerTest, TestQQServer" name="LoginTest" />
    </UnitTest>
    <UnitTest name="CreateUserTest" storage="h:\qqsdk1.3\testqqserver\bin\debug\testqqserver.dll" id="8cbf22b4-8ac0-ab2d-1c04-b48674e1530e">
      <Execution id="a3dacaba-bae7-4d63-9b1b-a46de31f1099" />
      <TestMethod codeBase="H:\QQSDK1.3\TestQQServer\bin\Debug\TestQQServer.dll" adapterTypeName="Microsoft.VisualStudio.TestTools.TestTypes.Unit.UnitTestAdapter, Microsoft.VisualStudio.QualityTools.Tips.UnitTest.Adapter, Version=10.0.0.0, Culture=neutral, PublicKeyToken=b03f5f7f11d50a3a" className="TestQQServer.UserMangerTest, TestQQServer" name="CreateUserTest" />
    </UnitTest>
    <UnitTest name="LoadTest" storage="h:\qqsdk1.3\testqqserver\bin\debug\testqqserver.dll" id="810ec632-166d-7fd2-f310-bb80274d7e46">
      <Execution id="da253464-a325-4694-a56c-1394597518e5" />
      <TestMethod codeBase="H:\QQSDK1.3\TestQQServer\bin\Debug\TestQQServer.dll" adapterTypeName="Microsoft.VisualStudio.TestTools.TestTypes.Unit.UnitTestAdapter, Microsoft.VisualStudio.QualityTools.Tips.UnitTest.Adapter, Version=10.0.0.0, Culture=neutral, PublicKeyToken=b03f5f7f11d50a3a" className="TestQQServer.UserMangerTest, TestQQServer" name="LoadTest" />
    </UnitTest>
    <UnitTest name="CloseUserTest" storage="h:\qqsdk1.3\testqqserver\bin\debug\testqqserver.dll" id="18ca9f4c-527c-8b8f-4e37-e23c2616f66e">
      <Execution id="500bfc8b-0877-4969-a195-8a224ac74f38" />
      <TestMethod codeBase="H:\QQSDK1.3\TestQQServer\bin\Debug\TestQQServer.dll" adapterTypeName="Microsoft.VisualStudio.TestTools.TestTypes.Unit.UnitTestAdapter, Microsoft.VisualStudio.QualityTools.Tips.UnitTest.Adapter, Version=10.0.0.0, Culture=neutral, PublicKeyToken=b03f5f7f11d50a3a" className="TestQQServer.UserMangerTest, TestQQServer" name="CloseUserTest" />
    </UnitTest>
    <UnitTest name="GetUserListTest" storage="h:\qqsdk1.3\testqqserver\bin\debug\testqqserver.dll" id="f8730511-3b68-f2c5-0bd7-79fdb0753b60">
      <Execution id="d7dbee64-0b26-431e-b2c1-1370578d3c87" />
      <TestMethod codeBase="H:\QQSDK1.3\TestQQServer\bin\Debug\TestQQServer.dll" adapterTypeName="Microsoft.VisualStudio.TestTools.TestTypes.Unit.UnitTestAdapter, Microsoft.VisualStudio.QualityTools.Tips.UnitTest.Adapter, Version=10.0.0.0, Culture=neutral, PublicKeyToken=b03f5f7f11d50a3a" className="TestQQServer.UserMangerTest, TestQQServer" name="GetUserListTest" />
    </UnitTest>
    <UnitTest name="DeleteUserTest" storage="h:\qqsdk1.3\testqqserver\bin\debug\testqqserver.dll" id="0c593857-dc48-c658-943a-c08e94a2b67b">
      <Execution id="f4276732-b72b-405a-9e32-f1e4ede8bc22" />
      <TestMethod codeBase="H:\QQSDK1.3\TestQQServer\bin\Debug\TestQQServer.dll" adapterTypeName="Microsoft.VisualStudio.TestTools.TestTypes.Unit.UnitTestAdapter, Microsoft.VisualStudio.QualityTools.Tips.UnitTest.Adapter, Version=10.0.0.0, Culture=neutral, PublicKeyToken=b03f5f7f11d50a3a" className="TestQQServer.UserMangerTest, TestQQServer" name="DeleteUserTest" />
    </UnitTest>
  </TestDefinitions>
  <TestLists>
    <TestList name="列表中未列出的结果" id="8c84fa94-04c1-424b-9868-57a2d4851a1d" />
    <TestList name="所有已加载的结果" id="19431567-8539-422a-85d7-44ee4e166bda" />
  </TestLists>
  <TestEntries>
    <TestEntry testId="0c593857-dc48-c658-943a-c08e94a2b67b" executionId="f4276732-b72b-405a-9e32-f1e4ede8bc22" testListId="8c84fa94-04c1-424b-9868-57a2d4851a1d" />
    <TestEntry testId="16ba44cc-d399-4933-d0ca-7d43e247dbdf" executionId="d8e821e6-a298-4890-a2c0-cbfc3f497ab1" testListId="8c84fa94-04c1-424b-9868-57a2d4851a1d" />
    <TestEntry testId="17af2147-c134-cca1-d356-868f4e465ebc" executionId="cc5ddbfd-e11e-43a0-b4b2-15ecde22ed69" testListId="8c84fa94-04c1-424b-9868-57a2d4851a1d" />
    <TestEntry testId="18ca9f4c-527c-8b8f-4e37-e23c2616f66e" executionId="500bfc8b-0877-4969-a195-8a224ac74f38" testListId="8c84fa94-04c1-424b-9868-57a2d4851a1d" />
    <TestEntry testId="3f0e89c3-76d5-4522-ec1c-a93924ee3ab0" executionId="12f60786-d868-408a-abf3-fb6a3084268a" testListId="8c84fa94-04c1-424b-9868-57a2d4851a1d" />
    <TestEntry testId="3fcef8e4-d37f-7102-3dbc-58be72257905" executionId="2e0d0c29-8d56-46e7-888a-a29506e2e6f5" testListId="8c84fa94-04c1-424b-9868-57a2d4851a1d" />
    <TestEntry testId="76a41904-cfbd-dcae-1e0d-679a553b57f9" executionId="fea0f07b-810b-4e99-a510-6fe27ed2e416" testListId="8c84fa94-04c1-424b-9868-57a2d4851a1d" />
    <TestEntry testId="810ec632-166d-7fd2-f310-bb80274d7e46" executionId="da253464-a325-4694-a56c-1394597518e5" testListId="8c84fa94-04c1-424b-9868-57a2d4851a1d" />
    <TestEntry testId="8576ed06-aa91-fe80-339b-df030d0c3d77" executionId="7cd6ea44-9bd6-41c5-8442-8e7cefe68404" testListId="8c84fa94-04c1-424b-9868-57a2d4851a1d" />
    <TestEntry testId="8cbf22b4-8ac0-ab2d-1c04-b48674e1530e" executionId="a3dacaba-bae7-4d63-9b1b-a46de31f1099" testListId="8c84fa94-04c1-424b-9868-57a2d4851a1d" />
    <TestEntry testId="953d1187-908c-311d-f2dc-d44663e78175" executionId="4b6b3774-0e5e-44ef-b50d-decdf66eec4a" testListId="8c84fa94-04c1-424b-9868-57a2d4851a1d" />
    <TestEntry testId="9b3a8cd6-9acf-02f2-6579-a3622c22c55c" executionId="88105d32-48b7-4ebc-afa5-2c929157e9e5" testListId="8c84fa94-04c1-424b-9868-57a2d4851a1d" />
    <TestEntry testId="a07e097f-9fe0-a430-92eb-3d07f0c610b3" executionId="6faa2c50-b723-41e8-ba13-fb86dd9065ce" testListId="8c84fa94-04c1-424b-9868-57a2d4851a1d" />
    <TestEntry testId="f483b767-ef7f-680d-d44e-42dce8c5c5ab" executionId="12e359b8-719e-46f4-b0cf-94ea5918cec5" testListId="8c84fa94-04c1-424b-9868-57a2d4851a1d" />
    <TestEntry testId="f8730511-3b68-f2c5-0bd7-79fdb0753b60" executionId="d7dbee64-0b26-431e-b2c1-1370578d3c87" testListId="8c84fa94-04c1-424b-9868-57a2d4851a1d" />
  </TestEntries>
  <Results>
    <UnitTestResult executionId="f4276732-b72b-405a-9e32-f1e4ede8bc22" testId="0c593857-dc48-c658-943a-c08e94a2b67b" testName="DeleteUserTest" computerName="QO5P9AA3YLGC5OR" duration="00:00:00.0406883" startTime="2013-11-10T10:15:44.8710000+08:00" endTime="2013-11-10T10:15:45.7070000+08:00" testType="13cdc9d9-ddb5-4fa4-a97d-d965ccfc6d4b" outcome="PassedButRunAborted" testListId="8c84fa94-04c1-424b-9868-57a2d4851a1d" relativeResultsDirectory="f4276732-b72b-405a-9e32-f1e4ede8bc22">
    </UnitTestResult>
    <UnitTestResult executionId="d8e821e6-a298-4890-a2c0-cbfc3f497ab1" testId="16ba44cc-d399-4933-d0ca-7d43e247dbdf" testName="SaveSettingsTest" computerName="QO5P9AA3YLGC5OR" duration="00:00:00.0001992" startTime="2013-11-10T10:15:45.7190000+08:00" endTime="2013-11-10T10:15:45.7270000+08:00" testType="13cdc9d9-ddb5-4fa4-a97d-d965ccfc6d4b" outcome="PassedButRunAborted" testListId="8c84fa94-04c1-424b-9868-57a2d4851a1d" relativeResultsDirectory="d8e821e6-a298-4890-a2c0-cbfc3f497ab1">
    </UnitTestResult>
    <UnitTestResult executionId="cc5ddbfd-e11e-43a0-b4b2-15ecde22ed69" testId="17af2147-c134-cca1-d356-868f4e465ebc" testName="IsUserExistTest" computerName="QO5P9AA3YLGC5OR" duration="00:00:00.0001880" startTime="2013-11-10T10:15:45.7440000+08:00" endTime="2013-11-10T10:15:45.7500000+08:00" testType="13cdc9d9-ddb5-4fa4-a97d-d965ccfc6d4b" outcome="PassedButRunAborted" testListId="8c84fa94-04c1-424b-9868-57a2d4851a1d" relativeResultsDirectory="cc5ddbfd-e11e-43a0-b4b2-15ecde22ed69">
    </UnitTestResult>
    <UnitTestResult executionId="500bfc8b-0877-4969-a195-8a224ac74f38" testId="18ca9f4c-527c-8b8f-4e37-e23c2616f66e" testName="CloseUserTest" computerName="QO5P9AA3YLGC5OR" duration="00:00:00.0001838" startTime="2013-11-10T10:15:45.7690000+08:00" endTime="2013-11-10T10:15:45.7750000+08:00" testType="13cdc9d9-ddb5-4fa4-a97d-d965ccfc6d4b" outcome="PassedButRunAborted" testListId="8c84fa94-04c1-424b-9868-57a2d4851a1d" relativeResultsDirectory="500bfc8b-0877-4969-a195-8a224ac74f38">
    </UnitTestResult>
    <UnitTestResult executionId="12f60786-d868-408a-abf3-fb6a3084268a" testId="3f0e89c3-76d5-4522-ec1c-a93924ee3ab0" testName="KeepOnlineTest" computerName="QO5P9AA3YLGC5OR" duration="00:00:00.0028031" startTime="2013-11-10T10:15:45.7940000+08:00" endTime="2013-11-10T10:15:45.8020000+08:00" testType="13cdc9d9-ddb5-4fa4-a97d-d965ccfc6d4b" outcome="PassedButRunAborted" testListId="8c84fa94-04c1-424b-9868-57a2d4851a1d" relativeResultsDirectory="12f60786-d868-408a-abf3-fb6a3084268a">
    </UnitTestResult>
    <UnitTestResult executionId="2e0d0c29-8d56-46e7-888a-a29506e2e6f5" testId="3fcef8e4-d37f-7102-3dbc-58be72257905" testName="CheckUserExiteTest" computerName="QO5P9AA3YLGC5OR" duration="00:00:00.0001799" startTime="2013-11-10T10:15:45.8220000+08:00" endTime="2013-11-10T10:15:45.8310000+08:00" testType="13cdc9d9-ddb5-4fa4-a97d-d965ccfc6d4b" outcome="PassedButRunAborted" testListId="8c84fa94-04c1-424b-9868-57a2d4851a1d" relativeResultsDirectory="2e0d0c29-8d56-46e7-888a-a29506e2e6f5">
    </UnitTestResult>
    <UnitTestResult executionId="fea0f07b-810b-4e99-a510-6fe27ed2e416" testId="76a41904-cfbd-dcae-1e0d-679a553b57f9" testName="AddLoginStateTest" computerName="QO5P9AA3YLGC5OR" duration="00:00:00.0786400" startTime="2013-11-10T10:15:45.8490000+08:00" endTime="2013-11-10T10:15:45.9320000+08:00" testType="13cdc9d9-ddb5-4fa4-a97d-d965ccfc6d4b" outcome="Failed" testListId="8c84fa94-04c1-424b-9868-57a2d4851a1d" relativeResultsDirectory="fea0f07b-810b-4e99-a510-6fe27ed2e416">
      <Output>
        <ErrorInfo>
          <Message>测试方法 TestQQServer.UserMangerTest.AddLoginStateTest 引发了异常: 
System.NullReferenceException: 未将对象引用设置到对象的实例。</Message>
          <StackTrace>   在 QQServer.UserManger_Accessor.AddLoginState(LoginState_Accessor ls)
   在 TestQQServer.UserMangerTest.AddLoginStateTest() 位置 H:\QQSDK1.3\TestQQServer\UserMangerTest.cs:行号 86
</StackTrace>
        </ErrorInfo>
      </Output>
    </UnitTestResult>
    <UnitTestResult executionId="da253464-a325-4694-a56c-1394597518e5" testId="810ec632-166d-7fd2-f310-bb80274d7e46" testName="LoadTest" computerName="QO5P9AA3YLGC5OR" duration="00:00:00.0002282" startTime="2013-11-10T10:15:45.9500000+08:00" endTime="2013-11-10T10:15:45.9580000+08:00" testType="13cdc9d9-ddb5-4fa4-a97d-d965ccfc6d4b" outcome="PassedButRunAborted" testListId="8c84fa94-04c1-424b-9868-57a2d4851a1d" relativeResultsDirectory="da253464-a325-4694-a56c-1394597518e5">
    </UnitTestResult>
    <UnitTestResult executionId="7cd6ea44-9bd6-41c5-8442-8e7cefe68404" testId="8576ed06-aa91-fe80-339b-df030d0c3d77" testName="LoginTest" computerName="QO5P9AA3YLGC5OR" duration="00:00:00.0015971" startTime="2013-11-10T10:15:45.9790000+08:00" endTime="2013-11-10T10:15:45.9860000+08:00" testType="13cdc9d9-ddb5-4fa4-a97d-d965ccfc6d4b" outcome="PassedButRunAborted" testListId="8c84fa94-04c1-424b-9868-57a2d4851a1d" relativeResultsDirectory="7cd6ea44-9bd6-41c5-8442-8e7cefe68404">
    </UnitTestResult>
    <UnitTestResult executionId="a3dacaba-bae7-4d63-9b1b-a46de31f1099" testId="8cbf22b4-8ac0-ab2d-1c04-b48674e1530e" testName="CreateUserTest" computerName="QO5P9AA3YLGC5OR" duration="00:00:00.0008939" startTime="2013-11-10T10:15:46.0020000+08:00" endTime="2013-11-10T10:15:46.0100000+08:00" testType="13cdc9d9-ddb5-4fa4-a97d-d965ccfc6d4b" outcome="PassedButRunAborted" testListId="8c84fa94-04c1-424b-9868-57a2d4851a1d" relativeResultsDirectory="a3dacaba-bae7-4d63-9b1b-a46de31f1099">
    </UnitTestResult>
    <UnitTestResult executionId="4b6b3774-0e5e-44ef-b50d-decdf66eec4a" testId="953d1187-908c-311d-f2dc-d44663e78175" testName="UpdateUserTest" computerName="QO5P9AA3YLGC5OR" duration="00:00:00.0014059" startTime="2013-11-10T10:15:46.0270000+08:00" endTime="2013-11-10T10:15:46.0350000+08:00" testType="13cdc9d9-ddb5-4fa4-a97d-d965ccfc6d4b" outcome="PassedButRunAborted" testListId="8c84fa94-04c1-424b-9868-57a2d4851a1d" relativeResultsDirectory="4b6b3774-0e5e-44ef-b50d-decdf66eec4a">
    </UnitTestResult>
    <UnitTestResult executionId="88105d32-48b7-4ebc-afa5-2c929157e9e5" testId="9b3a8cd6-9acf-02f2-6579-a3622c22c55c" testName="CheckStateTest" computerName="QO5P9AA3YLGC5OR" duration="00:00:52.3560000" startTime="2013-11-10T10:15:46.0530000+08:00" endTime="2013-11-10T10:16:38.4090000+08:00" testType="13cdc9d9-ddb5-4fa4-a97d-d965ccfc6d4b" outcome="Aborted" testListId="8c84fa94-04c1-424b-9868-57a2d4851a1d" relativeResultsDirectory="88105d32-48b7-4ebc-afa5-2c929157e9e5">
      <Output>
        <ErrorInfo>
          <Message>用户中止了测试运行。</Message>
        </ErrorInfo>
      </Output>
    </UnitTestResult>
    <UnitTestResult executionId="6faa2c50-b723-41e8-ba13-fb86dd9065ce" testId="a07e097f-9fe0-a430-92eb-3d07f0c610b3" testName="RemoveLoginStateTest" computerName="QO5P9AA3YLGC5OR" testType="13cdc9d9-ddb5-4fa4-a97d-d965ccfc6d4b" outcome="NotExecuted" testListId="8c84fa94-04c1-424b-9868-57a2d4851a1d" relativeResultsDirectory="6faa2c50-b723-41e8-ba13-fb86dd9065ce">
    </UnitTestResult>
    <UnitTestResult executionId="12e359b8-719e-46f4-b0cf-94ea5918cec5" testId="f483b767-ef7f-680d-d44e-42dce8c5c5ab" testName="UserMangerConstructorTest" computerName="QO5P9AA3YLGC5OR" testType="13cdc9d9-ddb5-4fa4-a97d-d965ccfc6d4b" outcome="NotExecuted" testListId="8c84fa94-04c1-424b-9868-57a2d4851a1d" relativeResultsDirectory="12e359b8-719e-46f4-b0cf-94ea5918cec5">
    </UnitTestResult>
    <UnitTestResult executionId="d7dbee64-0b26-431e-b2c1-1370578d3c87" testId="f8730511-3b68-f2c5-0bd7-79fdb0753b60" testName="GetUserListTest" computerName="QO5P9AA3YLGC5OR" testType="13cdc9d9-ddb5-4fa4-a97d-d965ccfc6d4b" outcome="NotExecuted" testListId="8c84fa94-04c1-424b-9868-57a2d4851a1d" relativeResultsDirectory="d7dbee64-0b26-431e-b2c1-1370578d3c87">
    </UnitTestResult>
  </Results>
</TestRun>