<?xml version="1.0" encoding="UTF-8"?>
<TestRun id="6fc65c6b-7ec6-4aa2-9a34-9f26ffa282c4" name="Administrator@NU1NB2RSNIYL0VA 2013-12-14 16:26:58" runUser="NU1NB2RSNIYL0VA\Administrator" xmlns="http://microsoft.com/schemas/VisualStudio/TeamTest/2010">
  <TestSettings name="本地" id="32b136b7-6e41-488e-8fd0-005393bbd4f8">
    <Description>这些设置为本地测试运行的默认测试设置。</Description>
    <Deployment enabled="false" runDeploymentRoot="Administrator_NU1NB2RSNIYL0VA 2013-12-14 16_26_58">
      <DeploymentItem filename="D:\Documents\GitHub\Library\Extension\bin\Debug\CRCLibrary.dll" />
    </Deployment>
    <Execution>
      <TestTypeSpecific />
      <AgentRule name="Execution Agents">
      </AgentRule>
    </Execution>
  </TestSettings>
  <Times creation="2013-12-14T16:26:58.3713452+08:00" queuing="2013-12-14T16:26:58.3963467+08:00" start="2013-12-14T16:26:58.3993468+08:00" finish="2013-12-14T16:26:58.5703566+08:00" />
  <ResultSummary outcome="Failed">
    <Counters total="11" executed="11" passed="10" error="0" failed="1" timeout="0" aborted="0" inconclusive="0" passedButRunAborted="0" notRunnable="0" notExecuted="0" disconnected="0" warning="0" completed="0" inProgress="0" pending="0" />
  </ResultSummary>
  <TestDefinitions>
    <UnitTest name="Sha1EncodeTest" storage="d:\documents\github\library\testcrclibrary\bin\debug\testcrclibrary.dll" id="aff7361b-78ec-03f9-b2c7-9758e8b3539d">
      <Execution id="f637f150-8f15-4950-87bb-a38840bfa283" />
      <TestMethod codeBase="D:/Documents/GitHub/Library/TestCRCLibrary/bin/Debug/TestCRCLibrary.DLL" adapterTypeName="Microsoft.VisualStudio.TestTools.TestTypes.Unit.UnitTestAdapter, Microsoft.VisualStudio.QualityTools.Tips.UnitTest.Adapter, Version=10.0.0.0, Culture=neutral, PublicKeyToken=b03f5f7f11d50a3a" className="TestCRCLibrary.EncodeUtilTest, TestCRCLibrary, Version=1.0.0.0, Culture=neutral, PublicKeyToken=null" name="Sha1EncodeTest" />
    </UnitTest>
    <UnitTest name="MD5EncodeTest" storage="d:\documents\github\library\testcrclibrary\bin\debug\testcrclibrary.dll" id="839cb4fe-95bf-5533-59dc-4e85e0aecad5">
      <Execution id="71cb0119-acfd-4edd-b106-f095834d21d3" />
      <TestMethod codeBase="D:/Documents/GitHub/Library/TestCRCLibrary/bin/Debug/TestCRCLibrary.DLL" adapterTypeName="Microsoft.VisualStudio.TestTools.TestTypes.Unit.UnitTestAdapter, Microsoft.VisualStudio.QualityTools.Tips.UnitTest.Adapter, Version=10.0.0.0, Culture=neutral, PublicKeyToken=b03f5f7f11d50a3a" className="TestCRCLibrary.EncodeUtilTest, TestCRCLibrary, Version=1.0.0.0, Culture=neutral, PublicKeyToken=null" name="MD5EncodeTest" />
    </UnitTest>
    <UnitTest name="EncodeUnicodeTest" storage="d:\documents\github\library\testcrclibrary\bin\debug\testcrclibrary.dll" id="1ab71655-d750-bbe7-38f0-46df6f88b5ae">
      <Execution id="14b0fd2a-1daf-4627-9425-e18178abb5bb" />
      <TestMethod codeBase="D:/Documents/GitHub/Library/TestCRCLibrary/bin/Debug/TestCRCLibrary.DLL" adapterTypeName="Microsoft.VisualStudio.TestTools.TestTypes.Unit.UnitTestAdapter, Microsoft.VisualStudio.QualityTools.Tips.UnitTest.Adapter, Version=10.0.0.0, Culture=neutral, PublicKeyToken=b03f5f7f11d50a3a" className="TestCRCLibrary.EncodeUtilTest, TestCRCLibrary, Version=1.0.0.0, Culture=neutral, PublicKeyToken=null" name="EncodeUnicodeTest" />
    </UnitTest>
    <UnitTest name="IsHexTest1" storage="d:\documents\github\library\testcrclibrary\bin\debug\testcrclibrary.dll" id="87aaae1d-42ec-0f30-0091-c3267d04fb65">
      <Execution id="db87a8f9-247e-4989-803b-aa25094a6eff" />
      <TestMethod codeBase="D:/Documents/GitHub/Library/TestCRCLibrary/bin/Debug/TestCRCLibrary.DLL" adapterTypeName="Microsoft.VisualStudio.TestTools.TestTypes.Unit.UnitTestAdapter, Microsoft.VisualStudio.QualityTools.Tips.UnitTest.Adapter, Version=10.0.0.0, Culture=neutral, PublicKeyToken=b03f5f7f11d50a3a" className="TestCRCLibrary.EncodeUtilTest, TestCRCLibrary, Version=1.0.0.0, Culture=neutral, PublicKeyToken=null" name="IsHexTest1" />
    </UnitTest>
    <UnitTest name="IsHexTest" storage="d:\documents\github\library\testcrclibrary\bin\debug\testcrclibrary.dll" id="ff595f81-fb6a-86d3-e6ea-cb3345c666a2">
      <Execution id="2e14e2cf-ed45-43dc-a3ea-100e60a9eeb0" />
      <TestMethod codeBase="D:/Documents/GitHub/Library/TestCRCLibrary/bin/Debug/TestCRCLibrary.DLL" adapterTypeName="Microsoft.VisualStudio.TestTools.TestTypes.Unit.UnitTestAdapter, Microsoft.VisualStudio.QualityTools.Tips.UnitTest.Adapter, Version=10.0.0.0, Culture=neutral, PublicKeyToken=b03f5f7f11d50a3a" className="TestCRCLibrary.EncodeUtilTest, TestCRCLibrary, Version=1.0.0.0, Culture=neutral, PublicKeyToken=null" name="IsHexTest" />
    </UnitTest>
    <UnitTest name="EncodeUnicodeTest1" storage="d:\documents\github\library\testcrclibrary\bin\debug\testcrclibrary.dll" id="1f33f71a-0513-36d0-08f6-39743667d914">
      <Execution id="ce6808ca-008d-4a9d-8414-4a3c5e74f237" />
      <TestMethod codeBase="D:/Documents/GitHub/Library/TestCRCLibrary/bin/Debug/TestCRCLibrary.DLL" adapterTypeName="Microsoft.VisualStudio.TestTools.TestTypes.Unit.UnitTestAdapter, Microsoft.VisualStudio.QualityTools.Tips.UnitTest.Adapter, Version=10.0.0.0, Culture=neutral, PublicKeyToken=b03f5f7f11d50a3a" className="TestCRCLibrary.EncodeUtilTest, TestCRCLibrary, Version=1.0.0.0, Culture=neutral, PublicKeyToken=null" name="EncodeUnicodeTest1" />
    </UnitTest>
    <UnitTest name="ToBase64Test" storage="d:\documents\github\library\testcrclibrary\bin\debug\testcrclibrary.dll" id="b75e7473-103d-5751-3def-99b3a17a5073">
      <Execution id="f7abf596-3737-478b-979b-a0495d03589b" />
      <TestMethod codeBase="D:/Documents/GitHub/Library/TestCRCLibrary/bin/Debug/TestCRCLibrary.DLL" adapterTypeName="Microsoft.VisualStudio.TestTools.TestTypes.Unit.UnitTestAdapter, Microsoft.VisualStudio.QualityTools.Tips.UnitTest.Adapter, Version=10.0.0.0, Culture=neutral, PublicKeyToken=b03f5f7f11d50a3a" className="TestCRCLibrary.EncodeUtilTest, TestCRCLibrary, Version=1.0.0.0, Culture=neutral, PublicKeyToken=null" name="ToBase64Test" />
    </UnitTest>
    <UnitTest name="DeBase64Test" storage="d:\documents\github\library\testcrclibrary\bin\debug\testcrclibrary.dll" id="862e6268-ff9e-7617-5e4e-26de30325928">
      <Execution id="527bee31-fa15-4c33-b0f5-989c5dd3d801" />
      <TestMethod codeBase="D:/Documents/GitHub/Library/TestCRCLibrary/bin/Debug/TestCRCLibrary.DLL" adapterTypeName="Microsoft.VisualStudio.TestTools.TestTypes.Unit.UnitTestAdapter, Microsoft.VisualStudio.QualityTools.Tips.UnitTest.Adapter, Version=10.0.0.0, Culture=neutral, PublicKeyToken=b03f5f7f11d50a3a" className="TestCRCLibrary.EncodeUtilTest, TestCRCLibrary, Version=1.0.0.0, Culture=neutral, PublicKeyToken=null" name="DeBase64Test" />
    </UnitTest>
    <UnitTest name="DecodeUnicodeTest" storage="d:\documents\github\library\testcrclibrary\bin\debug\testcrclibrary.dll" id="1b1ea453-509d-3f12-42e0-07a425263b03">
      <Execution id="9363c7d5-f86a-42cc-99f5-1fb48a3e0a38" />
      <TestMethod codeBase="D:/Documents/GitHub/Library/TestCRCLibrary/bin/Debug/TestCRCLibrary.DLL" adapterTypeName="Microsoft.VisualStudio.TestTools.TestTypes.Unit.UnitTestAdapter, Microsoft.VisualStudio.QualityTools.Tips.UnitTest.Adapter, Version=10.0.0.0, Culture=neutral, PublicKeyToken=b03f5f7f11d50a3a" className="TestCRCLibrary.EncodeUtilTest, TestCRCLibrary, Version=1.0.0.0, Culture=neutral, PublicKeyToken=null" name="DecodeUnicodeTest" />
    </UnitTest>
    <UnitTest name="MD5EncodeTest1" storage="d:\documents\github\library\testcrclibrary\bin\debug\testcrclibrary.dll" id="24dca1a5-af2f-1d7c-e220-7d26b7299ef6">
      <Execution id="95325872-8f6a-414a-846b-e138024fbfbe" />
      <TestMethod codeBase="D:/Documents/GitHub/Library/TestCRCLibrary/bin/Debug/TestCRCLibrary.DLL" adapterTypeName="Microsoft.VisualStudio.TestTools.TestTypes.Unit.UnitTestAdapter, Microsoft.VisualStudio.QualityTools.Tips.UnitTest.Adapter, Version=10.0.0.0, Culture=neutral, PublicKeyToken=b03f5f7f11d50a3a" className="TestCRCLibrary.EncodeUtilTest, TestCRCLibrary, Version=1.0.0.0, Culture=neutral, PublicKeyToken=null" name="MD5EncodeTest1" />
    </UnitTest>
    <UnitTest name="GetHexLengthTest" storage="d:\documents\github\library\testcrclibrary\bin\debug\testcrclibrary.dll" id="be59e77b-8391-52ef-65f7-7dbcdca4b10d">
      <Execution id="9c5f0f98-48aa-4c82-8928-b00f13bb4644" />
      <TestMethod codeBase="D:/Documents/GitHub/Library/TestCRCLibrary/bin/Debug/TestCRCLibrary.DLL" adapterTypeName="Microsoft.VisualStudio.TestTools.TestTypes.Unit.UnitTestAdapter, Microsoft.VisualStudio.QualityTools.Tips.UnitTest.Adapter, Version=10.0.0.0, Culture=neutral, PublicKeyToken=b03f5f7f11d50a3a" className="TestCRCLibrary.EncodeUtilTest, TestCRCLibrary, Version=1.0.0.0, Culture=neutral, PublicKeyToken=null" name="GetHexLengthTest" />
    </UnitTest>
  </TestDefinitions>
  <TestLists>
    <TestList name="列表中未列出的结果" id="8c84fa94-04c1-424b-9868-57a2d4851a1d" />
    <TestList name="所有已加载的结果" id="19431567-8539-422a-85d7-44ee4e166bda" />
  </TestLists>
  <TestEntries>
    <TestEntry testId="1ab71655-d750-bbe7-38f0-46df6f88b5ae" executionId="14b0fd2a-1daf-4627-9425-e18178abb5bb" testListId="8c84fa94-04c1-424b-9868-57a2d4851a1d" />
    <TestEntry testId="1b1ea453-509d-3f12-42e0-07a425263b03" executionId="9363c7d5-f86a-42cc-99f5-1fb48a3e0a38" testListId="8c84fa94-04c1-424b-9868-57a2d4851a1d" />
    <TestEntry testId="1f33f71a-0513-36d0-08f6-39743667d914" executionId="ce6808ca-008d-4a9d-8414-4a3c5e74f237" testListId="8c84fa94-04c1-424b-9868-57a2d4851a1d" />
    <TestEntry testId="24dca1a5-af2f-1d7c-e220-7d26b7299ef6" executionId="95325872-8f6a-414a-846b-e138024fbfbe" testListId="8c84fa94-04c1-424b-9868-57a2d4851a1d" />
    <TestEntry testId="839cb4fe-95bf-5533-59dc-4e85e0aecad5" executionId="71cb0119-acfd-4edd-b106-f095834d21d3" testListId="8c84fa94-04c1-424b-9868-57a2d4851a1d" />
    <TestEntry testId="862e6268-ff9e-7617-5e4e-26de30325928" executionId="527bee31-fa15-4c33-b0f5-989c5dd3d801" testListId="8c84fa94-04c1-424b-9868-57a2d4851a1d" />
    <TestEntry testId="87aaae1d-42ec-0f30-0091-c3267d04fb65" executionId="db87a8f9-247e-4989-803b-aa25094a6eff" testListId="8c84fa94-04c1-424b-9868-57a2d4851a1d" />
    <TestEntry testId="aff7361b-78ec-03f9-b2c7-9758e8b3539d" executionId="f637f150-8f15-4950-87bb-a38840bfa283" testListId="8c84fa94-04c1-424b-9868-57a2d4851a1d" />
    <TestEntry testId="b75e7473-103d-5751-3def-99b3a17a5073" executionId="f7abf596-3737-478b-979b-a0495d03589b" testListId="8c84fa94-04c1-424b-9868-57a2d4851a1d" />
    <TestEntry testId="be59e77b-8391-52ef-65f7-7dbcdca4b10d" executionId="9c5f0f98-48aa-4c82-8928-b00f13bb4644" testListId="8c84fa94-04c1-424b-9868-57a2d4851a1d" />
    <TestEntry testId="ff595f81-fb6a-86d3-e6ea-cb3345c666a2" executionId="2e14e2cf-ed45-43dc-a3ea-100e60a9eeb0" testListId="8c84fa94-04c1-424b-9868-57a2d4851a1d" />
  </TestEntries>
  <Results>
    <UnitTestResult executionId="14b0fd2a-1daf-4627-9425-e18178abb5bb" testId="1ab71655-d750-bbe7-38f0-46df6f88b5ae" testName="EncodeUnicodeTest" computerName="NU1NB2RSNIYL0VA" duration="00:00:00.0101870" startTime="2013-12-14T16:26:58.4013469+08:00" endTime="2013-12-14T16:26:58.5273542+08:00" testType="13cdc9d9-ddb5-4fa4-a97d-d965ccfc6d4b" outcome="Passed" testListId="8c84fa94-04c1-424b-9868-57a2d4851a1d" relativeResultsDirectory="14b0fd2a-1daf-4627-9425-e18178abb5bb">
    </UnitTestResult>
    <UnitTestResult executionId="9363c7d5-f86a-42cc-99f5-1fb48a3e0a38" testId="1b1ea453-509d-3f12-42e0-07a425263b03" testName="DecodeUnicodeTest" computerName="NU1NB2RSNIYL0VA" duration="00:00:00.0002161" startTime="2013-12-14T16:26:58.5283542+08:00" endTime="2013-12-14T16:26:58.5303543+08:00" testType="13cdc9d9-ddb5-4fa4-a97d-d965ccfc6d4b" outcome="Passed" testListId="8c84fa94-04c1-424b-9868-57a2d4851a1d" relativeResultsDirectory="9363c7d5-f86a-42cc-99f5-1fb48a3e0a38">
    </UnitTestResult>
    <UnitTestResult executionId="ce6808ca-008d-4a9d-8414-4a3c5e74f237" testId="1f33f71a-0513-36d0-08f6-39743667d914" testName="EncodeUnicodeTest1" computerName="NU1NB2RSNIYL0VA" duration="00:00:00.0001295" startTime="2013-12-14T16:26:58.5303543+08:00" endTime="2013-12-14T16:26:58.5323544+08:00" testType="13cdc9d9-ddb5-4fa4-a97d-d965ccfc6d4b" outcome="Passed" testListId="8c84fa94-04c1-424b-9868-57a2d4851a1d" relativeResultsDirectory="ce6808ca-008d-4a9d-8414-4a3c5e74f237">
    </UnitTestResult>
    <UnitTestResult executionId="95325872-8f6a-414a-846b-e138024fbfbe" testId="24dca1a5-af2f-1d7c-e220-7d26b7299ef6" testName="MD5EncodeTest1" computerName="NU1NB2RSNIYL0VA" duration="00:00:00.0014746" startTime="2013-12-14T16:26:58.5323544+08:00" endTime="2013-12-14T16:26:58.5353546+08:00" testType="13cdc9d9-ddb5-4fa4-a97d-d965ccfc6d4b" outcome="Passed" testListId="8c84fa94-04c1-424b-9868-57a2d4851a1d" relativeResultsDirectory="95325872-8f6a-414a-846b-e138024fbfbe">
    </UnitTestResult>
    <UnitTestResult executionId="71cb0119-acfd-4edd-b106-f095834d21d3" testId="839cb4fe-95bf-5533-59dc-4e85e0aecad5" testName="MD5EncodeTest" computerName="NU1NB2RSNIYL0VA" duration="00:00:00.0004134" startTime="2013-12-14T16:26:58.5363547+08:00" endTime="2013-12-14T16:26:58.5373547+08:00" testType="13cdc9d9-ddb5-4fa4-a97d-d965ccfc6d4b" outcome="Passed" testListId="8c84fa94-04c1-424b-9868-57a2d4851a1d" relativeResultsDirectory="71cb0119-acfd-4edd-b106-f095834d21d3">
    </UnitTestResult>
    <UnitTestResult executionId="527bee31-fa15-4c33-b0f5-989c5dd3d801" testId="862e6268-ff9e-7617-5e4e-26de30325928" testName="DeBase64Test" computerName="NU1NB2RSNIYL0VA" duration="00:00:00.0003329" startTime="2013-12-14T16:26:58.5383548+08:00" endTime="2013-12-14T16:26:58.5403549+08:00" testType="13cdc9d9-ddb5-4fa4-a97d-d965ccfc6d4b" outcome="Passed" testListId="8c84fa94-04c1-424b-9868-57a2d4851a1d" relativeResultsDirectory="527bee31-fa15-4c33-b0f5-989c5dd3d801">
    </UnitTestResult>
    <UnitTestResult executionId="db87a8f9-247e-4989-803b-aa25094a6eff" testId="87aaae1d-42ec-0f30-0091-c3267d04fb65" testName="IsHexTest1" computerName="NU1NB2RSNIYL0VA" duration="00:00:00.0001430" startTime="2013-12-14T16:26:58.5413550+08:00" endTime="2013-12-14T16:26:58.5423550+08:00" testType="13cdc9d9-ddb5-4fa4-a97d-d965ccfc6d4b" outcome="Passed" testListId="8c84fa94-04c1-424b-9868-57a2d4851a1d" relativeResultsDirectory="db87a8f9-247e-4989-803b-aa25094a6eff">
    </UnitTestResult>
    <UnitTestResult executionId="f637f150-8f15-4950-87bb-a38840bfa283" testId="aff7361b-78ec-03f9-b2c7-9758e8b3539d" testName="Sha1EncodeTest" computerName="NU1NB2RSNIYL0VA" duration="00:00:00.0002742" startTime="2013-12-14T16:26:58.5433551+08:00" endTime="2013-12-14T16:26:58.5443551+08:00" testType="13cdc9d9-ddb5-4fa4-a97d-d965ccfc6d4b" outcome="Passed" testListId="8c84fa94-04c1-424b-9868-57a2d4851a1d" relativeResultsDirectory="f637f150-8f15-4950-87bb-a38840bfa283">
    </UnitTestResult>
    <UnitTestResult executionId="f7abf596-3737-478b-979b-a0495d03589b" testId="b75e7473-103d-5751-3def-99b3a17a5073" testName="ToBase64Test" computerName="NU1NB2RSNIYL0VA" duration="00:00:00.0001395" startTime="2013-12-14T16:26:58.5453552+08:00" endTime="2013-12-14T16:26:58.5463552+08:00" testType="13cdc9d9-ddb5-4fa4-a97d-d965ccfc6d4b" outcome="Passed" testListId="8c84fa94-04c1-424b-9868-57a2d4851a1d" relativeResultsDirectory="f7abf596-3737-478b-979b-a0495d03589b">
    </UnitTestResult>
    <UnitTestResult executionId="9c5f0f98-48aa-4c82-8928-b00f13bb4644" testId="be59e77b-8391-52ef-65f7-7dbcdca4b10d" testName="GetHexLengthTest" computerName="NU1NB2RSNIYL0VA" duration="00:00:00.0001414" startTime="2013-12-14T16:26:58.5473553+08:00" endTime="2013-12-14T16:26:58.5483554+08:00" testType="13cdc9d9-ddb5-4fa4-a97d-d965ccfc6d4b" outcome="Passed" testListId="8c84fa94-04c1-424b-9868-57a2d4851a1d" relativeResultsDirectory="9c5f0f98-48aa-4c82-8928-b00f13bb4644">
    </UnitTestResult>
    <UnitTestResult executionId="2e14e2cf-ed45-43dc-a3ea-100e60a9eeb0" testId="ff595f81-fb6a-86d3-e6ea-cb3345c666a2" testName="IsHexTest" computerName="NU1NB2RSNIYL0VA" duration="00:00:00.0129208" startTime="2013-12-14T16:26:58.5493554+08:00" endTime="2013-12-14T16:26:58.5633562+08:00" testType="13cdc9d9-ddb5-4fa4-a97d-d965ccfc6d4b" outcome="Failed" testListId="8c84fa94-04c1-424b-9868-57a2d4851a1d" relativeResultsDirectory="2e14e2cf-ed45-43dc-a3ea-100e60a9eeb0">
      <Output>
        <ErrorInfo>
          <Message>Assert.AreEqual 失败。应为: &lt;True&gt;，实际为: &lt;False&gt;。</Message>
          <StackTrace>   在 TestCRCLibrary.EncodeUtilTest.IsHexTest() 位置 D:\Documents\GitHub\Library\TestCRCLibrary\Util\EncodeUtilTest.cs:行号 129
</StackTrace>
        </ErrorInfo>
      </Output>
    </UnitTestResult>
  </Results>
</TestRun>