<?xml version="1.0" encoding="UTF-8"?>
<TestRun id="1a0fd6d6-2215-48fb-859c-48443cbc3681" name="Administrator@NU1NB2RSNIYL0VA 2013-11-09 09:22:52" runUser="NU1NB2RSNIYL0VA\Administrator" xmlns="http://microsoft.com/schemas/VisualStudio/TeamTest/2010">
  <TestSettings name="本地" id="32b136b7-6e41-488e-8fd0-005393bbd4f8">
    <Description>这些设置为本地测试运行的默认测试设置。</Description>
    <Deployment enabled="false" runDeploymentRoot="Administrator_NU1NB2RSNIYL0VA 2013-11-09 09_22_52">
      <DeploymentItem filename="D:\Documents\Visual Studio 2010\Projects\library\Extension\Extension\bin\Debug\CRCLibrary.dll" />
    </Deployment>
    <Execution>
      <TestTypeSpecific />
      <AgentRule name="Execution Agents">
      </AgentRule>
    </Execution>
  </TestSettings>
  <Times creation="2013-11-09T09:22:52.5812941+08:00" queuing="2013-11-09T09:22:53.3273368+08:00" start="2013-11-09T09:22:53.3603386+08:00" finish="2013-11-09T09:22:53.8353658+08:00" />
  <ResultSummary outcome="Failed">
    <Counters total="16" executed="16" passed="1" error="0" failed="15" timeout="0" aborted="0" inconclusive="0" passedButRunAborted="0" notRunnable="0" notExecuted="0" disconnected="0" warning="0" completed="0" inProgress="0" pending="0" />
  </ResultSummary>
  <TestDefinitions>
    <UnitTest name="RemoveTest" storage="d:\documents\visual studio 2010\projects\library\extension\testcrclibrary\bin\debug\testcrclibrary.dll" id="4535dfc6-2f85-f1a9-56ff-f81e28bb9924">
      <Execution id="97324f43-e0b1-4458-80a4-172e96e62a93" />
      <TestMethod codeBase="D:/Documents/Visual Studio 2010/Projects/library/Extension/TestCRCLibrary/bin/Debug/TestCRCLibrary.DLL" adapterTypeName="Microsoft.VisualStudio.TestTools.TestTypes.Unit.UnitTestAdapter, Microsoft.VisualStudio.QualityTools.Tips.UnitTest.Adapter, Version=10.0.0.0, Culture=neutral, PublicKeyToken=b03f5f7f11d50a3a" className="TestCRCLibrary.SortedSplitListTest, TestCRCLibrary, Version=1.0.0.0, Culture=neutral, PublicKeyToken=null" name="RemoveTest" />
    </UnitTest>
    <UnitTest name="GetHorizontalTableTest" storage="d:\documents\visual studio 2010\projects\library\extension\testcrclibrary\bin\debug\testcrclibrary.dll" id="17efa5e9-5489-7bd3-b9d6-a32f0ad6d26a">
      <DeploymentItems>
        <DeploymentItem filename="CRCLibrary.dll" />
      </DeploymentItems>
      <Execution id="9a081a9d-7c36-4a2e-8497-ad5a52381fe1" />
      <TestMethod codeBase="D:/Documents/Visual Studio 2010/Projects/library/Extension/TestCRCLibrary/bin/Debug/TestCRCLibrary.DLL" adapterTypeName="Microsoft.VisualStudio.TestTools.TestTypes.Unit.UnitTestAdapter, Microsoft.VisualStudio.QualityTools.Tips.UnitTest.Adapter, Version=10.0.0.0, Culture=neutral, PublicKeyToken=b03f5f7f11d50a3a" className="TestCRCLibrary.SortedSplitListTest, TestCRCLibrary, Version=1.0.0.0, Culture=neutral, PublicKeyToken=null" name="GetHorizontalTableTest" />
    </UnitTest>
    <UnitTest name="SortedSplitListConstructorTest" storage="d:\documents\visual studio 2010\projects\library\extension\testcrclibrary\bin\debug\testcrclibrary.dll" id="3dffe941-9590-47ae-8884-6ba2eda81f86">
      <Execution id="eea63b1b-5e4d-42e3-abb2-1fbd2e6c7a7e" />
      <TestMethod codeBase="D:/Documents/Visual Studio 2010/Projects/library/Extension/TestCRCLibrary/bin/Debug/TestCRCLibrary.DLL" adapterTypeName="Microsoft.VisualStudio.TestTools.TestTypes.Unit.UnitTestAdapter, Microsoft.VisualStudio.QualityTools.Tips.UnitTest.Adapter, Version=10.0.0.0, Culture=neutral, PublicKeyToken=b03f5f7f11d50a3a" className="TestCRCLibrary.SortedSplitListTest, TestCRCLibrary, Version=1.0.0.0, Culture=neutral, PublicKeyToken=null" name="SortedSplitListConstructorTest" />
    </UnitTest>
    <UnitTest name="ClearTest" storage="d:\documents\visual studio 2010\projects\library\extension\testcrclibrary\bin\debug\testcrclibrary.dll" id="c303c48a-128e-44e2-ca78-26b79cb054e2">
      <Execution id="719324a0-d3c8-4ce4-9c17-17acfb4ec813" />
      <TestMethod codeBase="D:/Documents/Visual Studio 2010/Projects/library/Extension/TestCRCLibrary/bin/Debug/TestCRCLibrary.DLL" adapterTypeName="Microsoft.VisualStudio.TestTools.TestTypes.Unit.UnitTestAdapter, Microsoft.VisualStudio.QualityTools.Tips.UnitTest.Adapter, Version=10.0.0.0, Culture=neutral, PublicKeyToken=b03f5f7f11d50a3a" className="TestCRCLibrary.SortedSplitListTest, TestCRCLibrary, Version=1.0.0.0, Culture=neutral, PublicKeyToken=null" name="ClearTest" />
    </UnitTest>
    <UnitTest name="GetEnumeratorTest" storage="d:\documents\visual studio 2010\projects\library\extension\testcrclibrary\bin\debug\testcrclibrary.dll" id="891d0bf4-6d12-5c5b-f91a-c08de795a9f4">
      <Execution id="662cbe05-8130-4925-94e0-8343ebf10797" />
      <TestMethod codeBase="D:/Documents/Visual Studio 2010/Projects/library/Extension/TestCRCLibrary/bin/Debug/TestCRCLibrary.DLL" adapterTypeName="Microsoft.VisualStudio.TestTools.TestTypes.Unit.UnitTestAdapter, Microsoft.VisualStudio.QualityTools.Tips.UnitTest.Adapter, Version=10.0.0.0, Culture=neutral, PublicKeyToken=b03f5f7f11d50a3a" className="TestCRCLibrary.SortedSplitListTest, TestCRCLibrary, Version=1.0.0.0, Culture=neutral, PublicKeyToken=null" name="GetEnumeratorTest" />
    </UnitTest>
    <UnitTest name="RetrieveTest" storage="d:\documents\visual studio 2010\projects\library\extension\testcrclibrary\bin\debug\testcrclibrary.dll" id="1223f517-47f7-7e4a-bec2-91e233396c5c">
      <Execution id="e6e3e046-b6a6-4464-bf88-d2488d406d14" />
      <TestMethod codeBase="D:/Documents/Visual Studio 2010/Projects/library/Extension/TestCRCLibrary/bin/Debug/TestCRCLibrary.DLL" adapterTypeName="Microsoft.VisualStudio.TestTools.TestTypes.Unit.UnitTestAdapter, Microsoft.VisualStudio.QualityTools.Tips.UnitTest.Adapter, Version=10.0.0.0, Culture=neutral, PublicKeyToken=b03f5f7f11d50a3a" className="TestCRCLibrary.SortedSplitListTest, TestCRCLibrary, Version=1.0.0.0, Culture=neutral, PublicKeyToken=null" name="RetrieveTest" />
    </UnitTest>
    <UnitTest name="ItemTest" storage="d:\documents\visual studio 2010\projects\library\extension\testcrclibrary\bin\debug\testcrclibrary.dll" id="62279c9c-2f3b-3cbf-01f9-584447c8c2ba">
      <Execution id="30b0edd3-fdc0-484e-9aca-6ce2ec89f929" />
      <TestMethod codeBase="D:/Documents/Visual Studio 2010/Projects/library/Extension/TestCRCLibrary/bin/Debug/TestCRCLibrary.DLL" adapterTypeName="Microsoft.VisualStudio.TestTools.TestTypes.Unit.UnitTestAdapter, Microsoft.VisualStudio.QualityTools.Tips.UnitTest.Adapter, Version=10.0.0.0, Culture=neutral, PublicKeyToken=b03f5f7f11d50a3a" className="TestCRCLibrary.SortedSplitListTest, TestCRCLibrary, Version=1.0.0.0, Culture=neutral, PublicKeyToken=null" name="ItemTest" />
    </UnitTest>
    <UnitTest name="AddTest" storage="d:\documents\visual studio 2010\projects\library\extension\testcrclibrary\bin\debug\testcrclibrary.dll" id="2ec44781-b858-6da1-c689-1c6db9d29b5b">
      <Execution id="4ab767f6-e08b-48cd-b2d1-0548646365a8" />
      <TestMethod codeBase="D:/Documents/Visual Studio 2010/Projects/library/Extension/TestCRCLibrary/bin/Debug/TestCRCLibrary.DLL" adapterTypeName="Microsoft.VisualStudio.TestTools.TestTypes.Unit.UnitTestAdapter, Microsoft.VisualStudio.QualityTools.Tips.UnitTest.Adapter, Version=10.0.0.0, Culture=neutral, PublicKeyToken=b03f5f7f11d50a3a" className="TestCRCLibrary.SortedSplitListTest, TestCRCLibrary, Version=1.0.0.0, Culture=neutral, PublicKeyToken=null" name="AddTest" />
    </UnitTest>
    <UnitTest name="RecalcIndexerIfDirtyTest" storage="d:\documents\visual studio 2010\projects\library\extension\testcrclibrary\bin\debug\testcrclibrary.dll" id="114ca872-dc94-ffc9-f5b4-302b48321694">
      <DeploymentItems>
        <DeploymentItem filename="CRCLibrary.dll" />
      </DeploymentItems>
      <Execution id="619aa333-600c-4057-b834-9ea4bee167a5" />
      <TestMethod codeBase="D:/Documents/Visual Studio 2010/Projects/library/Extension/TestCRCLibrary/bin/Debug/TestCRCLibrary.DLL" adapterTypeName="Microsoft.VisualStudio.TestTools.TestTypes.Unit.UnitTestAdapter, Microsoft.VisualStudio.QualityTools.Tips.UnitTest.Adapter, Version=10.0.0.0, Culture=neutral, PublicKeyToken=b03f5f7f11d50a3a" className="TestCRCLibrary.SortedSplitListTest, TestCRCLibrary, Version=1.0.0.0, Culture=neutral, PublicKeyToken=null" name="RecalcIndexerIfDirtyTest" />
    </UnitTest>
    <UnitTest name="RemoveAllTest" storage="d:\documents\visual studio 2010\projects\library\extension\testcrclibrary\bin\debug\testcrclibrary.dll" id="553b421b-08c7-42fb-ee6d-f632c8d6262f">
      <Execution id="f5972f2a-d0d6-4b24-b108-dc9a7fa68de5" />
      <TestMethod codeBase="D:/Documents/Visual Studio 2010/Projects/library/Extension/TestCRCLibrary/bin/Debug/TestCRCLibrary.DLL" adapterTypeName="Microsoft.VisualStudio.TestTools.TestTypes.Unit.UnitTestAdapter, Microsoft.VisualStudio.QualityTools.Tips.UnitTest.Adapter, Version=10.0.0.0, Culture=neutral, PublicKeyToken=b03f5f7f11d50a3a" className="TestCRCLibrary.SortedSplitListTest, TestCRCLibrary, Version=1.0.0.0, Culture=neutral, PublicKeyToken=null" name="RemoveAllTest" />
    </UnitTest>
    <UnitTest name="CountTest" storage="d:\documents\visual studio 2010\projects\library\extension\testcrclibrary\bin\debug\testcrclibrary.dll" id="ff52900e-92a4-fb52-cac7-f293b905ad1e">
      <Execution id="80034ce5-310f-4a2f-8b20-21b08d0169d5" />
      <TestMethod codeBase="D:/Documents/Visual Studio 2010/Projects/library/Extension/TestCRCLibrary/bin/Debug/TestCRCLibrary.DLL" adapterTypeName="Microsoft.VisualStudio.TestTools.TestTypes.Unit.UnitTestAdapter, Microsoft.VisualStudio.QualityTools.Tips.UnitTest.Adapter, Version=10.0.0.0, Culture=neutral, PublicKeyToken=b03f5f7f11d50a3a" className="TestCRCLibrary.SortedSplitListTest, TestCRCLibrary, Version=1.0.0.0, Culture=neutral, PublicKeyToken=null" name="CountTest" />
    </UnitTest>
    <UnitTest name="PartiallyEnumerateTest" storage="d:\documents\visual studio 2010\projects\library\extension\testcrclibrary\bin\debug\testcrclibrary.dll" id="0409576c-48a9-b759-192b-7995e47a9d0a">
      <Execution id="13bc3cb5-8ed2-4aa2-afb0-94dcbb31419b" />
      <TestMethod codeBase="D:/Documents/Visual Studio 2010/Projects/library/Extension/TestCRCLibrary/bin/Debug/TestCRCLibrary.DLL" adapterTypeName="Microsoft.VisualStudio.TestTools.TestTypes.Unit.UnitTestAdapter, Microsoft.VisualStudio.QualityTools.Tips.UnitTest.Adapter, Version=10.0.0.0, Culture=neutral, PublicKeyToken=b03f5f7f11d50a3a" className="TestCRCLibrary.SortedSplitListTest, TestCRCLibrary, Version=1.0.0.0, Culture=neutral, PublicKeyToken=null" name="PartiallyEnumerateTest" />
    </UnitTest>
    <UnitTest name="BinarySearchTest" storage="d:\documents\visual studio 2010\projects\library\extension\testcrclibrary\bin\debug\testcrclibrary.dll" id="9428732d-5752-a5b2-8a6c-c8d6aabe4dbd">
      <Execution id="d4229649-1c8c-451a-9d50-9cd578580f6f" />
      <TestMethod codeBase="D:/Documents/Visual Studio 2010/Projects/library/Extension/TestCRCLibrary/bin/Debug/TestCRCLibrary.DLL" adapterTypeName="Microsoft.VisualStudio.TestTools.TestTypes.Unit.UnitTestAdapter, Microsoft.VisualStudio.QualityTools.Tips.UnitTest.Adapter, Version=10.0.0.0, Culture=neutral, PublicKeyToken=b03f5f7f11d50a3a" className="TestCRCLibrary.SortedSplitListTest, TestCRCLibrary, Version=1.0.0.0, Culture=neutral, PublicKeyToken=null" name="BinarySearchTest" />
    </UnitTest>
    <UnitTest name="InternalAddTest" storage="d:\documents\visual studio 2010\projects\library\extension\testcrclibrary\bin\debug\testcrclibrary.dll" id="9dd2f0e9-3bc8-640e-b71c-98fea39e9177">
      <DeploymentItems>
        <DeploymentItem filename="CRCLibrary.dll" />
      </DeploymentItems>
      <Execution id="d90131d6-f749-4857-8013-207d03b90edd" />
      <TestMethod codeBase="D:/Documents/Visual Studio 2010/Projects/library/Extension/TestCRCLibrary/bin/Debug/TestCRCLibrary.DLL" adapterTypeName="Microsoft.VisualStudio.TestTools.TestTypes.Unit.UnitTestAdapter, Microsoft.VisualStudio.QualityTools.Tips.UnitTest.Adapter, Version=10.0.0.0, Culture=neutral, PublicKeyToken=b03f5f7f11d50a3a" className="TestCRCLibrary.SortedSplitListTest, TestCRCLibrary, Version=1.0.0.0, Culture=neutral, PublicKeyToken=null" name="InternalAddTest" />
    </UnitTest>
    <UnitTest name="GetEnumeratorTest1" storage="d:\documents\visual studio 2010\projects\library\extension\testcrclibrary\bin\debug\testcrclibrary.dll" id="9414211b-e0f5-0c59-fecc-37e847124379">
      <DeploymentItems>
        <DeploymentItem filename="CRCLibrary.dll" />
      </DeploymentItems>
      <Execution id="318201e5-d139-4a35-b59a-0b421e238cc8" />
      <TestMethod codeBase="D:/Documents/Visual Studio 2010/Projects/library/Extension/TestCRCLibrary/bin/Debug/TestCRCLibrary.DLL" adapterTypeName="Microsoft.VisualStudio.TestTools.TestTypes.Unit.UnitTestAdapter, Microsoft.VisualStudio.QualityTools.Tips.UnitTest.Adapter, Version=10.0.0.0, Culture=neutral, PublicKeyToken=b03f5f7f11d50a3a" className="TestCRCLibrary.SortedSplitListTest, TestCRCLibrary, Version=1.0.0.0, Culture=neutral, PublicKeyToken=null" name="GetEnumeratorTest1" />
    </UnitTest>
    <UnitTest name="FastBinarySearchTest" storage="d:\documents\visual studio 2010\projects\library\extension\testcrclibrary\bin\debug\testcrclibrary.dll" id="c74c937e-9909-9609-65f9-50cdebb8e2ad">
      <DeploymentItems>
        <DeploymentItem filename="CRCLibrary.dll" />
      </DeploymentItems>
      <Execution id="a6272ddd-5b3d-45f7-b7ed-0242587b272d" />
      <TestMethod codeBase="D:/Documents/Visual Studio 2010/Projects/library/Extension/TestCRCLibrary/bin/Debug/TestCRCLibrary.DLL" adapterTypeName="Microsoft.VisualStudio.TestTools.TestTypes.Unit.UnitTestAdapter, Microsoft.VisualStudio.QualityTools.Tips.UnitTest.Adapter, Version=10.0.0.0, Culture=neutral, PublicKeyToken=b03f5f7f11d50a3a" className="TestCRCLibrary.SortedSplitListTest, TestCRCLibrary, Version=1.0.0.0, Culture=neutral, PublicKeyToken=null" name="FastBinarySearchTest" />
    </UnitTest>
  </TestDefinitions>
  <TestLists>
    <TestList name="列表中未列出的结果" id="8c84fa94-04c1-424b-9868-57a2d4851a1d" />
    <TestList name="所有已加载的结果" id="19431567-8539-422a-85d7-44ee4e166bda" />
  </TestLists>
  <TestEntries>
    <TestEntry testId="0409576c-48a9-b759-192b-7995e47a9d0a" executionId="13bc3cb5-8ed2-4aa2-afb0-94dcbb31419b" testListId="8c84fa94-04c1-424b-9868-57a2d4851a1d" />
    <TestEntry testId="114ca872-dc94-ffc9-f5b4-302b48321694" executionId="619aa333-600c-4057-b834-9ea4bee167a5" testListId="8c84fa94-04c1-424b-9868-57a2d4851a1d" />
    <TestEntry testId="1223f517-47f7-7e4a-bec2-91e233396c5c" executionId="e6e3e046-b6a6-4464-bf88-d2488d406d14" testListId="8c84fa94-04c1-424b-9868-57a2d4851a1d" />
    <TestEntry testId="17efa5e9-5489-7bd3-b9d6-a32f0ad6d26a" executionId="9a081a9d-7c36-4a2e-8497-ad5a52381fe1" testListId="8c84fa94-04c1-424b-9868-57a2d4851a1d" />
    <TestEntry testId="2ec44781-b858-6da1-c689-1c6db9d29b5b" executionId="4ab767f6-e08b-48cd-b2d1-0548646365a8" testListId="8c84fa94-04c1-424b-9868-57a2d4851a1d" />
    <TestEntry testId="3dffe941-9590-47ae-8884-6ba2eda81f86" executionId="eea63b1b-5e4d-42e3-abb2-1fbd2e6c7a7e" testListId="8c84fa94-04c1-424b-9868-57a2d4851a1d" />
    <TestEntry testId="4535dfc6-2f85-f1a9-56ff-f81e28bb9924" executionId="97324f43-e0b1-4458-80a4-172e96e62a93" testListId="8c84fa94-04c1-424b-9868-57a2d4851a1d" />
    <TestEntry testId="553b421b-08c7-42fb-ee6d-f632c8d6262f" executionId="f5972f2a-d0d6-4b24-b108-dc9a7fa68de5" testListId="8c84fa94-04c1-424b-9868-57a2d4851a1d" />
    <TestEntry testId="62279c9c-2f3b-3cbf-01f9-584447c8c2ba" executionId="30b0edd3-fdc0-484e-9aca-6ce2ec89f929" testListId="8c84fa94-04c1-424b-9868-57a2d4851a1d" />
    <TestEntry testId="891d0bf4-6d12-5c5b-f91a-c08de795a9f4" executionId="662cbe05-8130-4925-94e0-8343ebf10797" testListId="8c84fa94-04c1-424b-9868-57a2d4851a1d" />
    <TestEntry testId="9414211b-e0f5-0c59-fecc-37e847124379" executionId="318201e5-d139-4a35-b59a-0b421e238cc8" testListId="8c84fa94-04c1-424b-9868-57a2d4851a1d" />
    <TestEntry testId="9428732d-5752-a5b2-8a6c-c8d6aabe4dbd" executionId="d4229649-1c8c-451a-9d50-9cd578580f6f" testListId="8c84fa94-04c1-424b-9868-57a2d4851a1d" />
    <TestEntry testId="9dd2f0e9-3bc8-640e-b71c-98fea39e9177" executionId="d90131d6-f749-4857-8013-207d03b90edd" testListId="8c84fa94-04c1-424b-9868-57a2d4851a1d" />
    <TestEntry testId="c303c48a-128e-44e2-ca78-26b79cb054e2" executionId="719324a0-d3c8-4ce4-9c17-17acfb4ec813" testListId="8c84fa94-04c1-424b-9868-57a2d4851a1d" />
    <TestEntry testId="c74c937e-9909-9609-65f9-50cdebb8e2ad" executionId="a6272ddd-5b3d-45f7-b7ed-0242587b272d" testListId="8c84fa94-04c1-424b-9868-57a2d4851a1d" />
    <TestEntry testId="ff52900e-92a4-fb52-cac7-f293b905ad1e" executionId="80034ce5-310f-4a2f-8b20-21b08d0169d5" testListId="8c84fa94-04c1-424b-9868-57a2d4851a1d" />
  </TestEntries>
  <Results>
    <UnitTestResult executionId="13bc3cb5-8ed2-4aa2-afb0-94dcbb31419b" testId="0409576c-48a9-b759-192b-7995e47a9d0a" testName="PartiallyEnumerateTest" computerName="NU1NB2RSNIYL0VA" duration="00:00:00.0596277" startTime="2013-11-09T09:22:53.3903404+08:00" endTime="2013-11-09T09:22:53.7033583+08:00" testType="13cdc9d9-ddb5-4fa4-a97d-d965ccfc6d4b" outcome="Failed" testListId="8c84fa94-04c1-424b-9868-57a2d4851a1d" relativeResultsDirectory="13bc3cb5-8ed2-4aa2-afb0-94dcbb31419b">
      <Output>
        <ErrorInfo>
          <Message>测试方法 TestCRCLibrary.SortedSplitListTest.PartiallyEnumerateTest 引发了异常: 
System.ArgumentNullException: 值不能为 null。</Message>
          <StackTrace>    在 CRC.Collections.SortedSplitList`1..ctor(IComparer`1 defaultComparer, Int32 deepness) 位置 D:\Documents\Visual Studio 2010\Projects\library\Extension\Extension\Collections\SortedSplitList.cs:行号 134
   在 TestCRCLibrary.SortedSplitListTest.PartiallyEnumerateTestHelper[T]() 位置 D:\Documents\Visual Studio 2010\Projects\library\Extension\TestCRCLibrary\Collections\SortedSplitListTest.cs:行号 266
   在 TestCRCLibrary.SortedSplitListTest.PartiallyEnumerateTest() 位置 D:\Documents\Visual Studio 2010\Projects\library\Extension\TestCRCLibrary\Collections\SortedSplitListTest.cs:行号 279
</StackTrace>
        </ErrorInfo>
      </Output>
    </UnitTestResult>
    <UnitTestResult executionId="619aa333-600c-4057-b834-9ea4bee167a5" testId="114ca872-dc94-ffc9-f5b4-302b48321694" testName="RecalcIndexerIfDirtyTest" computerName="NU1NB2RSNIYL0VA" duration="00:00:00.0370252" startTime="2013-11-09T09:22:53.7043583+08:00" endTime="2013-11-09T09:22:53.7433605+08:00" testType="13cdc9d9-ddb5-4fa4-a97d-d965ccfc6d4b" outcome="Failed" testListId="8c84fa94-04c1-424b-9868-57a2d4851a1d" relativeResultsDirectory="619aa333-600c-4057-b834-9ea4bee167a5">
      <Output>
        <ErrorInfo>
          <Message>测试方法 TestCRCLibrary.SortedSplitListTest.RecalcIndexerIfDirtyTest 引发了异常: 
System.NullReferenceException: 未将对象引用设置到对象的实例。</Message>
          <StackTrace>   在 CRC.Collections.SortedSplitList_Accessor`1.RecalcIndexerIfDirty()
   在 TestCRCLibrary.SortedSplitListTest.RecalcIndexerIfDirtyTestHelper[T]() 位置 D:\Documents\Visual Studio 2010\Projects\library\Extension\TestCRCLibrary\Collections\SortedSplitListTest.cs:行号 289
   在 TestCRCLibrary.SortedSplitListTest.RecalcIndexerIfDirtyTest() 位置 D:\Documents\Visual Studio 2010\Projects\library\Extension\TestCRCLibrary\Collections\SortedSplitListTest.cs:行号 297
</StackTrace>
        </ErrorInfo>
      </Output>
    </UnitTestResult>
    <UnitTestResult executionId="e6e3e046-b6a6-4464-bf88-d2488d406d14" testId="1223f517-47f7-7e4a-bec2-91e233396c5c" testName="RetrieveTest" computerName="NU1NB2RSNIYL0VA" duration="00:00:00.0019541" startTime="2013-11-09T09:22:53.7453607+08:00" endTime="2013-11-09T09:22:53.7493609+08:00" testType="13cdc9d9-ddb5-4fa4-a97d-d965ccfc6d4b" outcome="Failed" testListId="8c84fa94-04c1-424b-9868-57a2d4851a1d" relativeResultsDirectory="e6e3e046-b6a6-4464-bf88-d2488d406d14">
      <Output>
        <ErrorInfo>
          <Message>测试方法 TestCRCLibrary.SortedSplitListTest.RetrieveTest 引发了异常: 
System.ArgumentNullException: 值不能为 null。</Message>
          <StackTrace>    在 CRC.Collections.SortedSplitList`1..ctor(IComparer`1 defaultComparer, Int32 deepness) 位置 D:\Documents\Visual Studio 2010\Projects\library\Extension\Extension\Collections\SortedSplitList.cs:行号 134
   在 TestCRCLibrary.SortedSplitListTest.RetrieveTestHelper[T]() 位置 D:\Documents\Visual Studio 2010\Projects\library\Extension\TestCRCLibrary\Collections\SortedSplitListTest.cs:行号 349
   在 TestCRCLibrary.SortedSplitListTest.RetrieveTest() 位置 D:\Documents\Visual Studio 2010\Projects\library\Extension\TestCRCLibrary\Collections\SortedSplitListTest.cs:行号 362
</StackTrace>
        </ErrorInfo>
      </Output>
    </UnitTestResult>
    <UnitTestResult executionId="9a081a9d-7c36-4a2e-8497-ad5a52381fe1" testId="17efa5e9-5489-7bd3-b9d6-a32f0ad6d26a" testName="GetHorizontalTableTest" computerName="NU1NB2RSNIYL0VA" duration="00:00:00.0022594" startTime="2013-11-09T09:22:53.7503609+08:00" endTime="2013-11-09T09:22:53.7543612+08:00" testType="13cdc9d9-ddb5-4fa4-a97d-d965ccfc6d4b" outcome="Failed" testListId="8c84fa94-04c1-424b-9868-57a2d4851a1d" relativeResultsDirectory="9a081a9d-7c36-4a2e-8497-ad5a52381fe1">
      <Output>
        <ErrorInfo>
          <Message>测试方法 TestCRCLibrary.SortedSplitListTest.GetHorizontalTableTest 引发了异常: 
System.NullReferenceException: 未将对象引用设置到对象的实例。</Message>
          <StackTrace>   在 CRC.Collections.SortedSplitList_Accessor`1.GetHorizontalTable(T containItem, Int32 containIndex, IComparer`1 comparer)
   在 TestCRCLibrary.SortedSplitListTest.GetHorizontalTableTestHelper[T]() 位置 D:\Documents\Visual Studio 2010\Projects\library\Extension\TestCRCLibrary\Collections\SortedSplitListTest.cs:行号 228
   在 TestCRCLibrary.SortedSplitListTest.GetHorizontalTableTest() 位置 D:\Documents\Visual Studio 2010\Projects\library\Extension\TestCRCLibrary\Collections\SortedSplitListTest.cs:行号 237
</StackTrace>
        </ErrorInfo>
      </Output>
    </UnitTestResult>
    <UnitTestResult executionId="4ab767f6-e08b-48cd-b2d1-0548646365a8" testId="2ec44781-b858-6da1-c689-1c6db9d29b5b" testName="AddTest" computerName="NU1NB2RSNIYL0VA" duration="00:00:00.0017819" startTime="2013-11-09T09:22:53.7543612+08:00" endTime="2013-11-09T09:22:53.7583614+08:00" testType="13cdc9d9-ddb5-4fa4-a97d-d965ccfc6d4b" outcome="Failed" testListId="8c84fa94-04c1-424b-9868-57a2d4851a1d" relativeResultsDirectory="4ab767f6-e08b-48cd-b2d1-0548646365a8">
      <Output>
        <ErrorInfo>
          <Message>测试方法 TestCRCLibrary.SortedSplitListTest.AddTest 引发了异常: 
System.ArgumentNullException: 值不能为 null。</Message>
          <StackTrace>    在 CRC.Collections.SortedSplitList`1..ctor(IComparer`1 defaultComparer, Int32 deepness) 位置 D:\Documents\Visual Studio 2010\Projects\library\Extension\Extension\Collections\SortedSplitList.cs:行号 134
   在 TestCRCLibrary.SortedSplitListTest.AddTestHelper[T]() 位置 D:\Documents\Visual Studio 2010\Projects\library\Extension\TestCRCLibrary\Collections\SortedSplitListTest.cs:行号 118
   在 TestCRCLibrary.SortedSplitListTest.AddTest() 位置 D:\Documents\Visual Studio 2010\Projects\library\Extension\TestCRCLibrary\Collections\SortedSplitListTest.cs:行号 127
</StackTrace>
        </ErrorInfo>
      </Output>
    </UnitTestResult>
    <UnitTestResult executionId="eea63b1b-5e4d-42e3-abb2-1fbd2e6c7a7e" testId="3dffe941-9590-47ae-8884-6ba2eda81f86" testName="SortedSplitListConstructorTest" computerName="NU1NB2RSNIYL0VA" duration="00:00:00.0022142" startTime="2013-11-09T09:22:53.7593615+08:00" endTime="2013-11-09T09:22:53.7673619+08:00" testType="13cdc9d9-ddb5-4fa4-a97d-d965ccfc6d4b" outcome="Failed" testListId="8c84fa94-04c1-424b-9868-57a2d4851a1d" relativeResultsDirectory="eea63b1b-5e4d-42e3-abb2-1fbd2e6c7a7e">
      <Output>
        <ErrorInfo>
          <Message>测试方法 TestCRCLibrary.SortedSplitListTest.SortedSplitListConstructorTest 引发了异常: 
System.ArgumentNullException: 值不能为 null。</Message>
          <StackTrace>    在 CRC.Collections.SortedSplitList`1..ctor(IComparer`1 defaultComparer, Int32 deepness) 位置 D:\Documents\Visual Studio 2010\Projects\library\Extension\Extension\Collections\SortedSplitList.cs:行号 134
   在 TestCRCLibrary.SortedSplitListTest.SortedSplitListConstructorTestHelper[T]() 位置 D:\Documents\Visual Studio 2010\Projects\library\Extension\TestCRCLibrary\Collections\SortedSplitListTest.cs:行号 101
   在 TestCRCLibrary.SortedSplitListTest.SortedSplitListConstructorTest() 位置 D:\Documents\Visual Studio 2010\Projects\library\Extension\TestCRCLibrary\Collections\SortedSplitListTest.cs:行号 108
</StackTrace>
        </ErrorInfo>
      </Output>
    </UnitTestResult>
    <UnitTestResult executionId="97324f43-e0b1-4458-80a4-172e96e62a93" testId="4535dfc6-2f85-f1a9-56ff-f81e28bb9924" testName="RemoveTest" computerName="NU1NB2RSNIYL0VA" duration="00:00:00.0077268" startTime="2013-11-09T09:22:53.7683620+08:00" endTime="2013-11-09T09:22:53.7773625+08:00" testType="13cdc9d9-ddb5-4fa4-a97d-d965ccfc6d4b" outcome="Passed" testListId="8c84fa94-04c1-424b-9868-57a2d4851a1d" relativeResultsDirectory="97324f43-e0b1-4458-80a4-172e96e62a93">
    </UnitTestResult>
    <UnitTestResult executionId="f5972f2a-d0d6-4b24-b108-dc9a7fa68de5" testId="553b421b-08c7-42fb-ee6d-f632c8d6262f" testName="RemoveAllTest" computerName="NU1NB2RSNIYL0VA" duration="00:00:00.0014365" startTime="2013-11-09T09:22:53.7783625+08:00" endTime="2013-11-09T09:22:53.7813627+08:00" testType="13cdc9d9-ddb5-4fa4-a97d-d965ccfc6d4b" outcome="Failed" testListId="8c84fa94-04c1-424b-9868-57a2d4851a1d" relativeResultsDirectory="f5972f2a-d0d6-4b24-b108-dc9a7fa68de5">
      <Output>
        <ErrorInfo>
          <Message>测试方法 TestCRCLibrary.SortedSplitListTest.RemoveAllTest 引发了异常: 
System.ArgumentNullException: 值不能为 null。</Message>
          <StackTrace>    在 CRC.Collections.SortedSplitList`1..ctor(IComparer`1 defaultComparer, Int32 deepness) 位置 D:\Documents\Visual Studio 2010\Projects\library\Extension\Extension\Collections\SortedSplitList.cs:行号 134
   在 TestCRCLibrary.SortedSplitListTest.RemoveAllTestHelper[T]() 位置 D:\Documents\Visual Studio 2010\Projects\library\Extension\TestCRCLibrary\Collections\SortedSplitListTest.cs:行号 330
   在 TestCRCLibrary.SortedSplitListTest.RemoveAllTest() 位置 D:\Documents\Visual Studio 2010\Projects\library\Extension\TestCRCLibrary\Collections\SortedSplitListTest.cs:行号 339
</StackTrace>
        </ErrorInfo>
      </Output>
    </UnitTestResult>
    <UnitTestResult executionId="30b0edd3-fdc0-484e-9aca-6ce2ec89f929" testId="62279c9c-2f3b-3cbf-01f9-584447c8c2ba" testName="ItemTest" computerName="NU1NB2RSNIYL0VA" duration="00:00:00.0013861" startTime="2013-11-09T09:22:53.7813627+08:00" endTime="2013-11-09T09:22:53.7843629+08:00" testType="13cdc9d9-ddb5-4fa4-a97d-d965ccfc6d4b" outcome="Failed" testListId="8c84fa94-04c1-424b-9868-57a2d4851a1d" relativeResultsDirectory="30b0edd3-fdc0-484e-9aca-6ce2ec89f929">
      <Output>
        <ErrorInfo>
          <Message>测试方法 TestCRCLibrary.SortedSplitListTest.ItemTest 引发了异常: 
System.ArgumentNullException: 值不能为 null。</Message>
          <StackTrace>    在 CRC.Collections.SortedSplitList`1..ctor(IComparer`1 defaultComparer, Int32 deepness) 位置 D:\Documents\Visual Studio 2010\Projects\library\Extension\Extension\Collections\SortedSplitList.cs:行号 134
   在 TestCRCLibrary.SortedSplitListTest.ItemTestHelper[T]() 位置 D:\Documents\Visual Studio 2010\Projects\library\Extension\TestCRCLibrary\Collections\SortedSplitListTest.cs:行号 413
   在 TestCRCLibrary.SortedSplitListTest.ItemTest() 位置 D:\Documents\Visual Studio 2010\Projects\library\Extension\TestCRCLibrary\Collections\SortedSplitListTest.cs:行号 423
</StackTrace>
        </ErrorInfo>
      </Output>
    </UnitTestResult>
    <UnitTestResult executionId="662cbe05-8130-4925-94e0-8343ebf10797" testId="891d0bf4-6d12-5c5b-f91a-c08de795a9f4" testName="GetEnumeratorTest" computerName="NU1NB2RSNIYL0VA" duration="00:00:00.0015824" startTime="2013-11-09T09:22:53.7853629+08:00" endTime="2013-11-09T09:22:53.7883631+08:00" testType="13cdc9d9-ddb5-4fa4-a97d-d965ccfc6d4b" outcome="Failed" testListId="8c84fa94-04c1-424b-9868-57a2d4851a1d" relativeResultsDirectory="662cbe05-8130-4925-94e0-8343ebf10797">
      <Output>
        <ErrorInfo>
          <Message>测试方法 TestCRCLibrary.SortedSplitListTest.GetEnumeratorTest 引发了异常: 
System.ArgumentNullException: 值不能为 null。</Message>
          <StackTrace>    在 CRC.Collections.SortedSplitList`1..ctor(IComparer`1 defaultComparer, Int32 deepness) 位置 D:\Documents\Visual Studio 2010\Projects\library\Extension\Extension\Collections\SortedSplitList.cs:行号 134
   在 TestCRCLibrary.SortedSplitListTest.GetEnumeratorTestHelper[T]() 位置 D:\Documents\Visual Studio 2010\Projects\library\Extension\TestCRCLibrary\Collections\SortedSplitListTest.cs:行号 202
   在 TestCRCLibrary.SortedSplitListTest.GetEnumeratorTest() 位置 D:\Documents\Visual Studio 2010\Projects\library\Extension\TestCRCLibrary\Collections\SortedSplitListTest.cs:行号 213
</StackTrace>
        </ErrorInfo>
      </Output>
    </UnitTestResult>
    <UnitTestResult executionId="318201e5-d139-4a35-b59a-0b421e238cc8" testId="9414211b-e0f5-0c59-fecc-37e847124379" testName="GetEnumeratorTest1" computerName="NU1NB2RSNIYL0VA" duration="00:00:00.0014579" startTime="2013-11-09T09:22:53.7893632+08:00" endTime="2013-11-09T09:22:53.7923633+08:00" testType="13cdc9d9-ddb5-4fa4-a97d-d965ccfc6d4b" outcome="Failed" testListId="8c84fa94-04c1-424b-9868-57a2d4851a1d" relativeResultsDirectory="318201e5-d139-4a35-b59a-0b421e238cc8">
      <Output>
        <ErrorInfo>
          <Message>测试方法 TestCRCLibrary.SortedSplitListTest.GetEnumeratorTest1 引发了异常: 
System.ArgumentNullException: 值不能为 null。</Message>
          <StackTrace>    在 CRC.Collections.SortedSplitList`1..ctor(IComparer`1 defaultComparer, Int32 deepness) 位置 D:\Documents\Visual Studio 2010\Projects\library\Extension\Extension\Collections\SortedSplitList.cs:行号 134
   在 TestCRCLibrary.SortedSplitListTest.GetEnumeratorTest1Helper[T]() 位置 D:\Documents\Visual Studio 2010\Projects\library\Extension\TestCRCLibrary\Collections\SortedSplitListTest.cs:行号 372
   在 TestCRCLibrary.SortedSplitListTest.GetEnumeratorTest1() 位置 D:\Documents\Visual Studio 2010\Projects\library\Extension\TestCRCLibrary\Collections\SortedSplitListTest.cs:行号 384
</StackTrace>
        </ErrorInfo>
      </Output>
    </UnitTestResult>
    <UnitTestResult executionId="d4229649-1c8c-451a-9d50-9cd578580f6f" testId="9428732d-5752-a5b2-8a6c-c8d6aabe4dbd" testName="BinarySearchTest" computerName="NU1NB2RSNIYL0VA" duration="00:00:00.0016382" startTime="2013-11-09T09:22:53.7933634+08:00" endTime="2013-11-09T09:22:53.7973636+08:00" testType="13cdc9d9-ddb5-4fa4-a97d-d965ccfc6d4b" outcome="Failed" testListId="8c84fa94-04c1-424b-9868-57a2d4851a1d" relativeResultsDirectory="d4229649-1c8c-451a-9d50-9cd578580f6f">
      <Output>
        <ErrorInfo>
          <Message>测试方法 TestCRCLibrary.SortedSplitListTest.BinarySearchTest 引发了异常: 
System.ArgumentNullException: 值不能为 null。</Message>
          <StackTrace>    在 CRC.Collections.SortedSplitList`1..ctor(IComparer`1 defaultComparer, Int32 deepness) 位置 D:\Documents\Visual Studio 2010\Projects\library\Extension\Extension\Collections\SortedSplitList.cs:行号 134
   在 TestCRCLibrary.SortedSplitListTest.BinarySearchTestHelper[T]() 位置 D:\Documents\Visual Studio 2010\Projects\library\Extension\TestCRCLibrary\Collections\SortedSplitListTest.cs:行号 137
   在 TestCRCLibrary.SortedSplitListTest.BinarySearchTest() 位置 D:\Documents\Visual Studio 2010\Projects\library\Extension\TestCRCLibrary\Collections\SortedSplitListTest.cs:行号 150
</StackTrace>
        </ErrorInfo>
      </Output>
    </UnitTestResult>
    <UnitTestResult executionId="d90131d6-f749-4857-8013-207d03b90edd" testId="9dd2f0e9-3bc8-640e-b71c-98fea39e9177" testName="InternalAddTest" computerName="NU1NB2RSNIYL0VA" duration="00:00:00.0017889" startTime="2013-11-09T09:22:53.7973636+08:00" endTime="2013-11-09T09:22:53.8013639+08:00" testType="13cdc9d9-ddb5-4fa4-a97d-d965ccfc6d4b" outcome="Failed" testListId="8c84fa94-04c1-424b-9868-57a2d4851a1d" relativeResultsDirectory="d90131d6-f749-4857-8013-207d03b90edd">
      <Output>
        <ErrorInfo>
          <Message>测试方法 TestCRCLibrary.SortedSplitListTest.InternalAddTest 引发了异常: 
System.NullReferenceException: 未将对象引用设置到对象的实例。</Message>
          <StackTrace>   在 CRC.Collections.SortedSplitList_Accessor`1.InternalAdd(T item)
   在 TestCRCLibrary.SortedSplitListTest.InternalAddTestHelper[T]() 位置 D:\Documents\Visual Studio 2010\Projects\library\Extension\TestCRCLibrary\Collections\SortedSplitListTest.cs:行号 248
   在 TestCRCLibrary.SortedSplitListTest.InternalAddTest() 位置 D:\Documents\Visual Studio 2010\Projects\library\Extension\TestCRCLibrary\Collections\SortedSplitListTest.cs:行号 256
</StackTrace>
        </ErrorInfo>
      </Output>
    </UnitTestResult>
    <UnitTestResult executionId="719324a0-d3c8-4ce4-9c17-17acfb4ec813" testId="c303c48a-128e-44e2-ca78-26b79cb054e2" testName="ClearTest" computerName="NU1NB2RSNIYL0VA" duration="00:00:00.0013335" startTime="2013-11-09T09:22:53.8013639+08:00" endTime="2013-11-09T09:22:53.8043640+08:00" testType="13cdc9d9-ddb5-4fa4-a97d-d965ccfc6d4b" outcome="Failed" testListId="8c84fa94-04c1-424b-9868-57a2d4851a1d" relativeResultsDirectory="719324a0-d3c8-4ce4-9c17-17acfb4ec813">
      <Output>
        <ErrorInfo>
          <Message>测试方法 TestCRCLibrary.SortedSplitListTest.ClearTest 引发了异常: 
System.ArgumentNullException: 值不能为 null。</Message>
          <StackTrace>    在 CRC.Collections.SortedSplitList`1..ctor(IComparer`1 defaultComparer, Int32 deepness) 位置 D:\Documents\Visual Studio 2010\Projects\library\Extension\Extension\Collections\SortedSplitList.cs:行号 134
   在 TestCRCLibrary.SortedSplitListTest.ClearTestHelper[T]() 位置 D:\Documents\Visual Studio 2010\Projects\library\Extension\TestCRCLibrary\Collections\SortedSplitListTest.cs:行号 160
   在 TestCRCLibrary.SortedSplitListTest.ClearTest() 位置 D:\Documents\Visual Studio 2010\Projects\library\Extension\TestCRCLibrary\Collections\SortedSplitListTest.cs:行号 168
</StackTrace>
        </ErrorInfo>
      </Output>
    </UnitTestResult>
    <UnitTestResult executionId="a6272ddd-5b3d-45f7-b7ed-0242587b272d" testId="c74c937e-9909-9609-65f9-50cdebb8e2ad" testName="FastBinarySearchTest" computerName="NU1NB2RSNIYL0VA" duration="00:00:00.0026770" startTime="2013-11-09T09:22:53.8053641+08:00" endTime="2013-11-09T09:22:53.8093643+08:00" testType="13cdc9d9-ddb5-4fa4-a97d-d965ccfc6d4b" outcome="Failed" testListId="8c84fa94-04c1-424b-9868-57a2d4851a1d" relativeResultsDirectory="a6272ddd-5b3d-45f7-b7ed-0242587b272d">
      <Output>
        <ErrorInfo>
          <Message>测试方法 TestCRCLibrary.SortedSplitListTest.FastBinarySearchTest 引发了异常: 
System.NullReferenceException: 未将对象引用设置到对象的实例。</Message>
          <StackTrace>   在 CRC.Collections.SortedSplitList_Accessor`1.FastBinarySearch(List`1 array, T value, IComparer`1 comparer)
   在 TestCRCLibrary.SortedSplitListTest.FastBinarySearchTestHelper[T]() 位置 D:\Documents\Visual Studio 2010\Projects\library\Extension\TestCRCLibrary\Collections\SortedSplitListTest.cs:行号 183
   在 TestCRCLibrary.SortedSplitListTest.FastBinarySearchTest() 位置 D:\Documents\Visual Studio 2010\Projects\library\Extension\TestCRCLibrary\Collections\SortedSplitListTest.cs:行号 192
</StackTrace>
        </ErrorInfo>
      </Output>
    </UnitTestResult>
    <UnitTestResult executionId="80034ce5-310f-4a2f-8b20-21b08d0169d5" testId="ff52900e-92a4-fb52-cac7-f293b905ad1e" testName="CountTest" computerName="NU1NB2RSNIYL0VA" duration="00:00:00.0013919" startTime="2013-11-09T09:22:53.8093643+08:00" endTime="2013-11-09T09:22:53.8123645+08:00" testType="13cdc9d9-ddb5-4fa4-a97d-d965ccfc6d4b" outcome="Failed" testListId="8c84fa94-04c1-424b-9868-57a2d4851a1d" relativeResultsDirectory="80034ce5-310f-4a2f-8b20-21b08d0169d5">
      <Output>
        <ErrorInfo>
          <Message>测试方法 TestCRCLibrary.SortedSplitListTest.CountTest 引发了异常: 
System.ArgumentNullException: 值不能为 null。</Message>
          <StackTrace>    在 CRC.Collections.SortedSplitList`1..ctor(IComparer`1 defaultComparer, Int32 deepness) 位置 D:\Documents\Visual Studio 2010\Projects\library\Extension\Extension\Collections\SortedSplitList.cs:行号 134
   在 TestCRCLibrary.SortedSplitListTest.CountTestHelper[T]() 位置 D:\Documents\Visual Studio 2010\Projects\library\Extension\TestCRCLibrary\Collections\SortedSplitListTest.cs:行号 394
   在 TestCRCLibrary.SortedSplitListTest.CountTest() 位置 D:\Documents\Visual Studio 2010\Projects\library\Extension\TestCRCLibrary\Collections\SortedSplitListTest.cs:行号 403
</StackTrace>
        </ErrorInfo>
      </Output>
    </UnitTestResult>
  </Results>
</TestRun>