<?xml version="1.0" encoding="UTF-8"?>
<TestRun id="8812bc0f-007d-468b-8227-196cc8b922c4" name="Administrator@NU1NB2RSNIYL0VA 2014-01-15 10:05:52" runUser="NU1NB2RSNIYL0VA\Administrator" xmlns="http://microsoft.com/schemas/VisualStudio/TeamTest/2010">
  <TestSettings name="本地" id="32b136b7-6e41-488e-8fd0-005393bbd4f8">
    <Description>这些设置为本地测试运行的默认测试设置。</Description>
    <Deployment enabled="false" runDeploymentRoot="Administrator_NU1NB2RSNIYL0VA 2014-01-15 10_05_52">
      <DeploymentItem filename="C:\Program Files (x86)\Microsoft ASP.NET\ASP.NET MVC 4\Assemblies\System.Web.Http.dll" />
      <DeploymentItem filename="D:\Documents\GitHub\Library\Extension\bin\Debug\CRCLibrary.dll" />
    </Deployment>
    <Execution>
      <TestTypeSpecific />
      <AgentRule name="Execution Agents">
      </AgentRule>
    </Execution>
  </TestSettings>
  <Times creation="2014-01-15T10:05:52.2279926+08:00" queuing="2014-01-15T10:05:54.5991282+08:00" start="2014-01-15T10:05:54.6801328+08:00" finish="2014-01-15T10:07:37.2950021+08:00" />
  <ResultSummary outcome="Error">
    <Counters total="1" executed="1" error="0" failed="0" timeout="0" aborted="1" inconclusive="0" passedButRunAborted="0" notRunnable="0" notExecuted="0" disconnected="0" warning="0" passed="0" completed="0" inProgress="0" pending="0" />
    <RunInfos>
      <RunInfo computerName="NU1NB2RSNIYL0VA" outcome="Error" timestamp="2014-01-15T10:07:37.2940020+08:00">
        <Text>测试宿主进程意外退出。</Text>
      </RunInfo>
    </RunInfos>
  </ResultSummary>
  <TestDefinitions>
    <UnitTest name="ConvertTest1" storage="d:\documents\github\library\testcrclibrary\bin\debug\testcrclibrary.dll" id="e6603af9-bba2-03aa-6fe6-18bddeb02677">
      <Execution id="cf8d4698-fa8d-40bd-97e7-d11264ed34e4" />
      <TestMethod codeBase="D:/Documents/GitHub/Library/TestCRCLibrary/bin/Debug/TestCRCLibrary.DLL" adapterTypeName="Microsoft.VisualStudio.TestTools.TestTypes.Unit.UnitTestAdapter, Microsoft.VisualStudio.QualityTools.Tips.UnitTest.Adapter, Version=10.0.0.0, Culture=neutral, PublicKeyToken=b03f5f7f11d50a3a" className="TestCRCLibrary.ConvertRmbTest, TestCRCLibrary, Version=1.0.0.0, Culture=neutral, PublicKeyToken=null" name="ConvertTest1" />
    </UnitTest>
  </TestDefinitions>
  <TestLists>
    <TestList name="列表中未列出的结果" id="8c84fa94-04c1-424b-9868-57a2d4851a1d" />
    <TestList name="所有已加载的结果" id="19431567-8539-422a-85d7-44ee4e166bda" />
  </TestLists>
  <TestEntries>
    <TestEntry testId="e6603af9-bba2-03aa-6fe6-18bddeb02677" executionId="cf8d4698-fa8d-40bd-97e7-d11264ed34e4" testListId="8c84fa94-04c1-424b-9868-57a2d4851a1d" />
  </TestEntries>
  <Results>
    <UnitTestResult executionId="cf8d4698-fa8d-40bd-97e7-d11264ed34e4" testId="e6603af9-bba2-03aa-6fe6-18bddeb02677" testName="ConvertTest1" computerName="NU1NB2RSNIYL0VA" duration="00:01:42.5198638" startTime="2014-01-15T10:05:54.7751383+08:00" endTime="2014-01-15T10:07:37.2950021+08:00" testType="13cdc9d9-ddb5-4fa4-a97d-d965ccfc6d4b" outcome="Aborted" testListId="8c84fa94-04c1-424b-9868-57a2d4851a1d" relativeResultsDirectory="cf8d4698-fa8d-40bd-97e7-d11264ed34e4">
    </UnitTestResult>
  </Results>
</TestRun>