<?xml version="1.0" encoding="UTF-8"?>
<TestRun id="9c160584-69b6-4057-99dc-0a8584cf4c33" name="Administrator@NU1NB2RSNIYL0VA 2013-10-24 14:36:08" runUser="NU1NB2RSNIYL0VA\Administrator" xmlns="http://microsoft.com/schemas/VisualStudio/TeamTest/2010">
  <TestSettings name="本地" id="32b136b7-6e41-488e-8fd0-005393bbd4f8">
    <Description>这些设置为本地测试运行的默认测试设置。</Description>
    <Deployment enabled="false" runDeploymentRoot="Administrator_NU1NB2RSNIYL0VA 2013-10-24 14_36_08">
      <DeploymentItem filename="D:\Documents\Visual Studio 2010\Projects\Owner\Extension\Extension\bin\Debug\CRCLibrary.dll" />
    </Deployment>
    <Execution>
      <TestTypeSpecific />
      <AgentRule name="Execution Agents">
      </AgentRule>
    </Execution>
  </TestSettings>
  <Times creation="2013-10-24T14:36:08.2165640+08:00" queuing="2013-10-24T14:36:08.2435656+08:00" start="2013-10-24T14:36:08.2465657+08:00" finish="2013-10-24T14:36:08.3915740+08:00" />
  <ResultSummary outcome="Completed">
    <Counters total="1" executed="1" passed="1" error="0" failed="0" timeout="0" aborted="0" inconclusive="0" passedButRunAborted="0" notRunnable="0" notExecuted="0" disconnected="0" warning="0" completed="0" inProgress="0" pending="0" />
  </ResultSummary>
  <TestDefinitions>
    <UnitTest name="ToHexTest2" storage="d:\documents\visual studio 2010\projects\owner\extension\testcrclibrary\bin\debug\testcrclibrary.dll" id="dac69ede-b084-cf39-70be-7386e1c6de8b">
      <Execution id="960e41f9-f6d3-408c-9573-cae079ffacb5" />
      <TestMethod codeBase="D:/Documents/Visual Studio 2010/Projects/Owner/Extension/TestCRCLibrary/bin/Debug/TestCRCLibrary.DLL" adapterTypeName="Microsoft.VisualStudio.TestTools.TestTypes.Unit.UnitTestAdapter, Microsoft.VisualStudio.QualityTools.Tips.UnitTest.Adapter, Version=10.0.0.0, Culture=neutral, PublicKeyToken=b03f5f7f11d50a3a" className="TestCRCLibrary.ByteExtensionTest, TestCRCLibrary, Version=1.0.0.0, Culture=neutral, PublicKeyToken=null" name="ToHexTest2" />
    </UnitTest>
  </TestDefinitions>
  <TestLists>
    <TestList name="列表中未列出的结果" id="8c84fa94-04c1-424b-9868-57a2d4851a1d" />
    <TestList name="所有已加载的结果" id="19431567-8539-422a-85d7-44ee4e166bda" />
  </TestLists>
  <TestEntries>
    <TestEntry testId="dac69ede-b084-cf39-70be-7386e1c6de8b" executionId="960e41f9-f6d3-408c-9573-cae079ffacb5" testListId="8c84fa94-04c1-424b-9868-57a2d4851a1d" />
  </TestEntries>
  <Results>
    <UnitTestResult executionId="960e41f9-f6d3-408c-9573-cae079ffacb5" testId="dac69ede-b084-cf39-70be-7386e1c6de8b" testName="ToHexTest2" computerName="NU1NB2RSNIYL0VA" duration="00:00:00.0098641" startTime="2013-10-24T14:36:08.2475658+08:00" endTime="2013-10-24T14:36:08.3835736+08:00" testType="13cdc9d9-ddb5-4fa4-a97d-d965ccfc6d4b" outcome="Passed" testListId="8c84fa94-04c1-424b-9868-57a2d4851a1d" relativeResultsDirectory="960e41f9-f6d3-408c-9573-cae079ffacb5">
    </UnitTestResult>
  </Results>
</TestRun>