<?xml version="1.0" encoding="UTF-8"?>
<TestRun id="3568967d-eb87-4827-8983-09e78001c962" name="Administrator@NU1NB2RSNIYL0VA 2013-10-24 14:33:36" runUser="NU1NB2RSNIYL0VA\Administrator" xmlns="http://microsoft.com/schemas/VisualStudio/TeamTest/2010">
  <TestSettings name="本地" id="32b136b7-6e41-488e-8fd0-005393bbd4f8">
    <Description>这些设置为本地测试运行的默认测试设置。</Description>
    <Deployment enabled="false" runDeploymentRoot="Administrator_NU1NB2RSNIYL0VA 2013-10-24 14_33_36">
      <DeploymentItem filename="D:\Documents\Visual Studio 2010\Projects\Owner\Extension\Extension\bin\Debug\CRCLibrary.dll" />
    </Deployment>
    <Execution>
      <TestTypeSpecific />
      <AgentRule name="Execution Agents">
      </AgentRule>
    </Execution>
  </TestSettings>
  <Times creation="2013-10-24T14:33:36.0088582+08:00" queuing="2013-10-24T14:33:36.0428602+08:00" start="2013-10-24T14:33:36.0468604+08:00" finish="2013-10-24T14:33:36.1898686+08:00" />
  <ResultSummary outcome="Completed">
    <Counters total="1" executed="1" passed="1" error="0" failed="0" timeout="0" aborted="0" inconclusive="0" passedButRunAborted="0" notRunnable="0" notExecuted="0" disconnected="0" warning="0" completed="0" inProgress="0" pending="0" />
  </ResultSummary>
  <TestDefinitions>
    <UnitTest name="ToHexTest1" storage="d:\documents\visual studio 2010\projects\owner\extension\testcrclibrary\bin\debug\testcrclibrary.dll" id="327c79ba-a5c4-8647-6e58-09f9fecce10f">
      <Execution id="e30c8374-e24f-495a-83ef-e62cb8fbd0af" />
      <TestMethod codeBase="D:/Documents/Visual Studio 2010/Projects/Owner/Extension/TestCRCLibrary/bin/Debug/TestCRCLibrary.DLL" adapterTypeName="Microsoft.VisualStudio.TestTools.TestTypes.Unit.UnitTestAdapter, Microsoft.VisualStudio.QualityTools.Tips.UnitTest.Adapter, Version=10.0.0.0, Culture=neutral, PublicKeyToken=b03f5f7f11d50a3a" className="TestCRCLibrary.ByteExtensionTest, TestCRCLibrary, Version=1.0.0.0, Culture=neutral, PublicKeyToken=null" name="ToHexTest1" />
    </UnitTest>
  </TestDefinitions>
  <TestLists>
    <TestList name="列表中未列出的结果" id="8c84fa94-04c1-424b-9868-57a2d4851a1d" />
    <TestList name="所有已加载的结果" id="19431567-8539-422a-85d7-44ee4e166bda" />
  </TestLists>
  <TestEntries>
    <TestEntry testId="327c79ba-a5c4-8647-6e58-09f9fecce10f" executionId="e30c8374-e24f-495a-83ef-e62cb8fbd0af" testListId="8c84fa94-04c1-424b-9868-57a2d4851a1d" />
  </TestEntries>
  <Results>
    <UnitTestResult executionId="e30c8374-e24f-495a-83ef-e62cb8fbd0af" testId="327c79ba-a5c4-8647-6e58-09f9fecce10f" testName="ToHexTest1" computerName="NU1NB2RSNIYL0VA" duration="00:00:00.0096700" startTime="2013-10-24T14:33:36.0478605+08:00" endTime="2013-10-24T14:33:36.1808681+08:00" testType="13cdc9d9-ddb5-4fa4-a97d-d965ccfc6d4b" outcome="Passed" testListId="8c84fa94-04c1-424b-9868-57a2d4851a1d" relativeResultsDirectory="e30c8374-e24f-495a-83ef-e62cb8fbd0af">
    </UnitTestResult>
  </Results>
</TestRun>