<?xml version="1.0" encoding="UTF-8"?>
<TestRun id="8cfb9825-e7ce-4c86-b292-09728b76e888" name="Administrator@NU1NB2RSNIYL0VA 2013-12-14 16:20:11" runUser="NU1NB2RSNIYL0VA\Administrator" xmlns="http://microsoft.com/schemas/VisualStudio/TeamTest/2010">
  <TestSettings name="本地" id="32b136b7-6e41-488e-8fd0-005393bbd4f8">
    <Description>这些设置为本地测试运行的默认测试设置。</Description>
    <Deployment enabled="false" runDeploymentRoot="Administrator_NU1NB2RSNIYL0VA 2013-12-14 16_20_11">
      <DeploymentItem filename="D:\Documents\GitHub\Library\Extension\bin\Debug\CRCLibrary.dll" />
    </Deployment>
    <Execution>
      <TestTypeSpecific />
      <AgentRule name="Execution Agents">
      </AgentRule>
    </Execution>
  </TestSettings>
  <Times creation="2013-12-14T16:20:11.2760607+08:00" queuing="2013-12-14T16:20:13.0841641+08:00" start="2013-12-14T16:20:13.1931704+08:00" finish="2013-12-14T16:21:47.6105707+08:00" />
  <ResultSummary outcome="Error">
    <Counters total="1" executed="1" error="0" failed="0" timeout="0" aborted="1" inconclusive="0" passedButRunAborted="0" notRunnable="0" notExecuted="0" disconnected="0" warning="0" passed="0" completed="0" inProgress="0" pending="0" />
    <RunInfos>
      <RunInfo computerName="NU1NB2RSNIYL0VA" outcome="Error" timestamp="2013-12-14T16:21:47.6095707+08:00">
        <Text>测试宿主进程意外退出。</Text>
      </RunInfo>
    </RunInfos>
  </ResultSummary>
  <TestDefinitions>
    <UnitTest name="EncodeUnicodeTest" storage="d:\documents\github\library\testcrclibrary\bin\debug\testcrclibrary.dll" id="1ab71655-d750-bbe7-38f0-46df6f88b5ae">
      <Execution id="458c4ff6-4018-428b-8b3f-dc4bbedf76e7" />
      <TestMethod codeBase="D:/Documents/GitHub/Library/TestCRCLibrary/bin/Debug/TestCRCLibrary.DLL" adapterTypeName="Microsoft.VisualStudio.TestTools.TestTypes.Unit.UnitTestAdapter, Microsoft.VisualStudio.QualityTools.Tips.UnitTest.Adapter, Version=10.0.0.0, Culture=neutral, PublicKeyToken=b03f5f7f11d50a3a" className="TestCRCLibrary.EncodeUtilTest, TestCRCLibrary, Version=1.0.0.0, Culture=neutral, PublicKeyToken=null" name="EncodeUnicodeTest" />
    </UnitTest>
  </TestDefinitions>
  <TestLists>
    <TestList name="列表中未列出的结果" id="8c84fa94-04c1-424b-9868-57a2d4851a1d" />
    <TestList name="所有已加载的结果" id="19431567-8539-422a-85d7-44ee4e166bda" />
  </TestLists>
  <TestEntries>
    <TestEntry testId="1ab71655-d750-bbe7-38f0-46df6f88b5ae" executionId="458c4ff6-4018-428b-8b3f-dc4bbedf76e7" testListId="8c84fa94-04c1-424b-9868-57a2d4851a1d" />
  </TestEntries>
  <Results>
    <UnitTestResult executionId="458c4ff6-4018-428b-8b3f-dc4bbedf76e7" testId="1ab71655-d750-bbe7-38f0-46df6f88b5ae" testName="EncodeUnicodeTest" computerName="NU1NB2RSNIYL0VA" duration="00:01:34.3083941" startTime="2013-12-14T16:20:13.3021766+08:00" endTime="2013-12-14T16:21:47.6105707+08:00" testType="13cdc9d9-ddb5-4fa4-a97d-d965ccfc6d4b" outcome="Aborted" testListId="8c84fa94-04c1-424b-9868-57a2d4851a1d" relativeResultsDirectory="458c4ff6-4018-428b-8b3f-dc4bbedf76e7">
    </UnitTestResult>
  </Results>
</TestRun>