<?xml version="1.0" encoding="UTF-8"?>
<TestRun id="1d384e48-9fbc-4ab5-92c2-45207955f17e" name="Administrator@NU1NB2RSNIYL0VA 2014-01-15 09:33:36" runUser="NU1NB2RSNIYL0VA\Administrator" xmlns="http://microsoft.com/schemas/VisualStudio/TeamTest/2010">
  <TestSettings name="本地" id="32b136b7-6e41-488e-8fd0-005393bbd4f8">
    <Description>这些设置为本地测试运行的默认测试设置。</Description>
    <Deployment enabled="false" runDeploymentRoot="Administrator_NU1NB2RSNIYL0VA 2014-01-15 09_33_36">
      <DeploymentItem filename="C:\Program Files (x86)\Microsoft ASP.NET\ASP.NET MVC 4\Assemblies\System.Web.Http.dll" />
      <DeploymentItem filename="D:\Documents\GitHub\Library\Extension\bin\Debug\CRCLibrary.dll" />
    </Deployment>
    <Execution>
      <TestTypeSpecific />
      <AgentRule name="Execution Agents">
      </AgentRule>
    </Execution>
  </TestSettings>
  <Times creation="2014-01-15T09:33:36.1812570+08:00" queuing="2014-01-15T09:33:36.2492609+08:00" start="2014-01-15T09:33:36.2542612+08:00" finish="2014-01-15T09:33:36.4502724+08:00" />
  <ResultSummary outcome="Failed">
    <Counters total="8" executed="8" passed="2" error="0" failed="5" timeout="0" aborted="0" inconclusive="1" passedButRunAborted="0" notRunnable="0" notExecuted="0" disconnected="0" warning="0" completed="0" inProgress="0" pending="0" />
  </ResultSummary>
  <TestDefinitions>
    <UnitTest name="ConvertTest" storage="d:\documents\github\library\testcrclibrary\bin\debug\testcrclibrary.dll" id="a899c629-2e75-b1cc-6916-c7aa32b982cc">
      <Execution id="93d1dfac-0108-45fa-afd5-8a7820de0b7b" />
      <TestMethod codeBase="D:/Documents/GitHub/Library/TestCRCLibrary/bin/Debug/TestCRCLibrary.DLL" adapterTypeName="Microsoft.VisualStudio.TestTools.TestTypes.Unit.UnitTestAdapter, Microsoft.VisualStudio.QualityTools.Tips.UnitTest.Adapter, Version=10.0.0.0, Culture=neutral, PublicKeyToken=b03f5f7f11d50a3a" className="TestCRCLibrary.ConvertRmbTest, TestCRCLibrary, Version=1.0.0.0, Culture=neutral, PublicKeyToken=null" name="ConvertTest" />
    </UnitTest>
    <UnitTest name="CombinUnitTest" storage="d:\documents\github\library\testcrclibrary\bin\debug\testcrclibrary.dll" id="17debb2f-7e32-3f4d-6c47-d4e46def01e3">
      <DeploymentItems>
        <DeploymentItem filename="CRCLibrary.dll" />
      </DeploymentItems>
      <Execution id="3b24e838-07fb-4fad-8b79-dc53109ab201" />
      <TestMethod codeBase="D:/Documents/GitHub/Library/TestCRCLibrary/bin/Debug/TestCRCLibrary.DLL" adapterTypeName="Microsoft.VisualStudio.TestTools.TestTypes.Unit.UnitTestAdapter, Microsoft.VisualStudio.QualityTools.Tips.UnitTest.Adapter, Version=10.0.0.0, Culture=neutral, PublicKeyToken=b03f5f7f11d50a3a" className="TestCRCLibrary.ConvertRmbTest, TestCRCLibrary, Version=1.0.0.0, Culture=neutral, PublicKeyToken=null" name="CombinUnitTest" />
    </UnitTest>
    <UnitTest name="CheckNumberLimitTest" storage="d:\documents\github\library\testcrclibrary\bin\debug\testcrclibrary.dll" id="80d21abb-0c59-539c-a7a9-f3570f8e19d1">
      <DeploymentItems>
        <DeploymentItem filename="CRCLibrary.dll" />
      </DeploymentItems>
      <Execution id="608c33d9-8ec6-4830-aa22-0dd9e91456d8" />
      <TestMethod codeBase="D:/Documents/GitHub/Library/TestCRCLibrary/bin/Debug/TestCRCLibrary.DLL" adapterTypeName="Microsoft.VisualStudio.TestTools.TestTypes.Unit.UnitTestAdapter, Microsoft.VisualStudio.QualityTools.Tips.UnitTest.Adapter, Version=10.0.0.0, Culture=neutral, PublicKeyToken=b03f5f7f11d50a3a" className="TestCRCLibrary.ConvertRmbTest, TestCRCLibrary, Version=1.0.0.0, Culture=neutral, PublicKeyToken=null" name="CheckNumberLimitTest" />
    </UnitTest>
    <UnitTest name="ConvertIntTest" storage="d:\documents\github\library\testcrclibrary\bin\debug\testcrclibrary.dll" id="c063abdd-5618-0174-fe8d-e9a53c34642a">
      <DeploymentItems>
        <DeploymentItem filename="CRCLibrary.dll" />
      </DeploymentItems>
      <Execution id="7109284f-2e5f-4e6b-afd0-c874a6d040ee" />
      <TestMethod codeBase="D:/Documents/GitHub/Library/TestCRCLibrary/bin/Debug/TestCRCLibrary.DLL" adapterTypeName="Microsoft.VisualStudio.TestTools.TestTypes.Unit.UnitTestAdapter, Microsoft.VisualStudio.QualityTools.Tips.UnitTest.Adapter, Version=10.0.0.0, Culture=neutral, PublicKeyToken=b03f5f7f11d50a3a" className="TestCRCLibrary.ConvertRmbTest, TestCRCLibrary, Version=1.0.0.0, Culture=neutral, PublicKeyToken=null" name="ConvertIntTest" />
    </UnitTest>
    <UnitTest name="ConvertTest1" storage="d:\documents\github\library\testcrclibrary\bin\debug\testcrclibrary.dll" id="e6603af9-bba2-03aa-6fe6-18bddeb02677">
      <Execution id="45683aa3-4efb-474a-be2f-1e8b867a707a" />
      <TestMethod codeBase="D:/Documents/GitHub/Library/TestCRCLibrary/bin/Debug/TestCRCLibrary.DLL" adapterTypeName="Microsoft.VisualStudio.TestTools.TestTypes.Unit.UnitTestAdapter, Microsoft.VisualStudio.QualityTools.Tips.UnitTest.Adapter, Version=10.0.0.0, Culture=neutral, PublicKeyToken=b03f5f7f11d50a3a" className="TestCRCLibrary.ConvertRmbTest, TestCRCLibrary, Version=1.0.0.0, Culture=neutral, PublicKeyToken=null" name="ConvertTest1" />
    </UnitTest>
    <UnitTest name="ConvertDecimalTest" storage="d:\documents\github\library\testcrclibrary\bin\debug\testcrclibrary.dll" id="0858e4c8-69fa-d4a0-ce0b-38e7f9361944">
      <DeploymentItems>
        <DeploymentItem filename="CRCLibrary.dll" />
      </DeploymentItems>
      <Execution id="1769f03d-54d9-4988-b1f8-b907eed28a68" />
      <TestMethod codeBase="D:/Documents/GitHub/Library/TestCRCLibrary/bin/Debug/TestCRCLibrary.DLL" adapterTypeName="Microsoft.VisualStudio.TestTools.TestTypes.Unit.UnitTestAdapter, Microsoft.VisualStudio.QualityTools.Tips.UnitTest.Adapter, Version=10.0.0.0, Culture=neutral, PublicKeyToken=b03f5f7f11d50a3a" className="TestCRCLibrary.ConvertRmbTest, TestCRCLibrary, Version=1.0.0.0, Culture=neutral, PublicKeyToken=null" name="ConvertDecimalTest" />
    </UnitTest>
    <UnitTest name="DigToCCTest" storage="d:\documents\github\library\testcrclibrary\bin\debug\testcrclibrary.dll" id="3d085ff4-b758-8c11-6e4b-28c168bb3d0b">
      <DeploymentItems>
        <DeploymentItem filename="CRCLibrary.dll" />
      </DeploymentItems>
      <Execution id="5b3d7f4f-cb43-433c-9d5d-0515aed62f2a" />
      <TestMethod codeBase="D:/Documents/GitHub/Library/TestCRCLibrary/bin/Debug/TestCRCLibrary.DLL" adapterTypeName="Microsoft.VisualStudio.TestTools.TestTypes.Unit.UnitTestAdapter, Microsoft.VisualStudio.QualityTools.Tips.UnitTest.Adapter, Version=10.0.0.0, Culture=neutral, PublicKeyToken=b03f5f7f11d50a3a" className="TestCRCLibrary.ConvertRmbTest, TestCRCLibrary, Version=1.0.0.0, Culture=neutral, PublicKeyToken=null" name="DigToCCTest" />
    </UnitTest>
    <UnitTest name="GetUnitTest" storage="d:\documents\github\library\testcrclibrary\bin\debug\testcrclibrary.dll" id="893405fe-ae42-f18d-4d5d-485c6d7b7aef">
      <DeploymentItems>
        <DeploymentItem filename="CRCLibrary.dll" />
      </DeploymentItems>
      <Execution id="895f2f95-4355-4e8b-b0ae-4f889eeceafe" />
      <TestMethod codeBase="D:/Documents/GitHub/Library/TestCRCLibrary/bin/Debug/TestCRCLibrary.DLL" adapterTypeName="Microsoft.VisualStudio.TestTools.TestTypes.Unit.UnitTestAdapter, Microsoft.VisualStudio.QualityTools.Tips.UnitTest.Adapter, Version=10.0.0.0, Culture=neutral, PublicKeyToken=b03f5f7f11d50a3a" className="TestCRCLibrary.ConvertRmbTest, TestCRCLibrary, Version=1.0.0.0, Culture=neutral, PublicKeyToken=null" name="GetUnitTest" />
    </UnitTest>
  </TestDefinitions>
  <TestLists>
    <TestList name="列表中未列出的结果" id="8c84fa94-04c1-424b-9868-57a2d4851a1d" />
    <TestList name="所有已加载的结果" id="19431567-8539-422a-85d7-44ee4e166bda" />
  </TestLists>
  <TestEntries>
    <TestEntry testId="0858e4c8-69fa-d4a0-ce0b-38e7f9361944" executionId="1769f03d-54d9-4988-b1f8-b907eed28a68" testListId="8c84fa94-04c1-424b-9868-57a2d4851a1d" />
    <TestEntry testId="17debb2f-7e32-3f4d-6c47-d4e46def01e3" executionId="3b24e838-07fb-4fad-8b79-dc53109ab201" testListId="8c84fa94-04c1-424b-9868-57a2d4851a1d" />
    <TestEntry testId="3d085ff4-b758-8c11-6e4b-28c168bb3d0b" executionId="5b3d7f4f-cb43-433c-9d5d-0515aed62f2a" testListId="8c84fa94-04c1-424b-9868-57a2d4851a1d" />
    <TestEntry testId="80d21abb-0c59-539c-a7a9-f3570f8e19d1" executionId="608c33d9-8ec6-4830-aa22-0dd9e91456d8" testListId="8c84fa94-04c1-424b-9868-57a2d4851a1d" />
    <TestEntry testId="893405fe-ae42-f18d-4d5d-485c6d7b7aef" executionId="895f2f95-4355-4e8b-b0ae-4f889eeceafe" testListId="8c84fa94-04c1-424b-9868-57a2d4851a1d" />
    <TestEntry testId="a899c629-2e75-b1cc-6916-c7aa32b982cc" executionId="93d1dfac-0108-45fa-afd5-8a7820de0b7b" testListId="8c84fa94-04c1-424b-9868-57a2d4851a1d" />
    <TestEntry testId="c063abdd-5618-0174-fe8d-e9a53c34642a" executionId="7109284f-2e5f-4e6b-afd0-c874a6d040ee" testListId="8c84fa94-04c1-424b-9868-57a2d4851a1d" />
    <TestEntry testId="e6603af9-bba2-03aa-6fe6-18bddeb02677" executionId="45683aa3-4efb-474a-be2f-1e8b867a707a" testListId="8c84fa94-04c1-424b-9868-57a2d4851a1d" />
  </TestEntries>
  <Results>
    <UnitTestResult executionId="1769f03d-54d9-4988-b1f8-b907eed28a68" testId="0858e4c8-69fa-d4a0-ce0b-38e7f9361944" testName="ConvertDecimalTest" computerName="NU1NB2RSNIYL0VA" duration="00:00:00.0239505" startTime="2014-01-15T09:33:36.2552613+08:00" endTime="2014-01-15T09:33:36.3952693+08:00" testType="13cdc9d9-ddb5-4fa4-a97d-d965ccfc6d4b" outcome="Failed" testListId="8c84fa94-04c1-424b-9868-57a2d4851a1d" relativeResultsDirectory="1769f03d-54d9-4988-b1f8-b907eed28a68">
      <Output>
        <ErrorInfo>
          <Message>测试方法 TestCRCLibrary.ConvertRmbTest.ConvertDecimalTest 引发了异常: 
System.IndexOutOfRangeException: 索引超出了数组界限。</Message>
          <StackTrace>   在 CRC.Util.ConvertRmb_Accessor.ConvertDecimal(String decPart)
   在 TestCRCLibrary.ConvertRmbTest.ConvertDecimalTest() 位置 D:\Documents\GitHub\Library\TestCRCLibrary\ConvertRmbTest.cs:行号 184
</StackTrace>
        </ErrorInfo>
      </Output>
    </UnitTestResult>
    <UnitTestResult executionId="3b24e838-07fb-4fad-8b79-dc53109ab201" testId="17debb2f-7e32-3f4d-6c47-d4e46def01e3" testName="CombinUnitTest" computerName="NU1NB2RSNIYL0VA" duration="00:00:00.0051767" startTime="2014-01-15T09:33:36.3962693+08:00" endTime="2014-01-15T09:33:36.4032697+08:00" testType="13cdc9d9-ddb5-4fa4-a97d-d965ccfc6d4b" outcome="Inconclusive" testListId="8c84fa94-04c1-424b-9868-57a2d4851a1d" relativeResultsDirectory="3b24e838-07fb-4fad-8b79-dc53109ab201">
      <Output>
        <ErrorInfo>
          <Message>Assert.Inconclusive 失败。验证此测试方法的正确性。</Message>
          <StackTrace>   在 TestCRCLibrary.ConvertRmbTest.CombinUnitTest() 位置 D:\Documents\GitHub\Library\TestCRCLibrary\ConvertRmbTest.cs:行号 126
</StackTrace>
        </ErrorInfo>
      </Output>
    </UnitTestResult>
    <UnitTestResult executionId="5b3d7f4f-cb43-433c-9d5d-0515aed62f2a" testId="3d085ff4-b758-8c11-6e4b-28c168bb3d0b" testName="DigToCCTest" computerName="NU1NB2RSNIYL0VA" duration="00:00:00.0022517" startTime="2014-01-15T09:33:36.4042698+08:00" endTime="2014-01-15T09:33:36.4082700+08:00" testType="13cdc9d9-ddb5-4fa4-a97d-d965ccfc6d4b" outcome="Failed" testListId="8c84fa94-04c1-424b-9868-57a2d4851a1d" relativeResultsDirectory="5b3d7f4f-cb43-433c-9d5d-0515aed62f2a">
      <Output>
        <ErrorInfo>
          <Message>测试方法 TestCRCLibrary.ConvertRmbTest.DigToCCTest 引发了异常: 
System.IndexOutOfRangeException: 索引超出了数组界限。</Message>
          <StackTrace>   在 CRC.Util.ConvertRmb_Accessor.DigToCC(Char c)
   在 TestCRCLibrary.ConvertRmbTest.DigToCCTest() 位置 D:\Documents\GitHub\Library\TestCRCLibrary\ConvertRmbTest.cs:行号 154
</StackTrace>
        </ErrorInfo>
      </Output>
    </UnitTestResult>
    <UnitTestResult executionId="608c33d9-8ec6-4830-aa22-0dd9e91456d8" testId="80d21abb-0c59-539c-a7a9-f3570f8e19d1" testName="CheckNumberLimitTest" computerName="NU1NB2RSNIYL0VA" duration="00:00:00.0005461" startTime="2014-01-15T09:33:36.4082700+08:00" endTime="2014-01-15T09:33:36.4112702+08:00" testType="13cdc9d9-ddb5-4fa4-a97d-d965ccfc6d4b" outcome="Passed" testListId="8c84fa94-04c1-424b-9868-57a2d4851a1d" relativeResultsDirectory="608c33d9-8ec6-4830-aa22-0dd9e91456d8">
    </UnitTestResult>
    <UnitTestResult executionId="895f2f95-4355-4e8b-b0ae-4f889eeceafe" testId="893405fe-ae42-f18d-4d5d-485c6d7b7aef" testName="GetUnitTest" computerName="NU1NB2RSNIYL0VA" duration="00:00:00.0016449" startTime="2014-01-15T09:33:36.4112702+08:00" endTime="2014-01-15T09:33:36.4142704+08:00" testType="13cdc9d9-ddb5-4fa4-a97d-d965ccfc6d4b" outcome="Failed" testListId="8c84fa94-04c1-424b-9868-57a2d4851a1d" relativeResultsDirectory="895f2f95-4355-4e8b-b0ae-4f889eeceafe">
      <Output>
        <ErrorInfo>
          <Message>Assert.AreEqual 失败。应为: &lt;&gt;，实际为: &lt;元&gt;。</Message>
          <StackTrace>   在 TestCRCLibrary.ConvertRmbTest.GetUnitTest() 位置 D:\Documents\GitHub\Library\TestCRCLibrary\ConvertRmbTest.cs:行号 140
</StackTrace>
        </ErrorInfo>
      </Output>
    </UnitTestResult>
    <UnitTestResult executionId="93d1dfac-0108-45fa-afd5-8a7820de0b7b" testId="a899c629-2e75-b1cc-6916-c7aa32b982cc" testName="ConvertTest" computerName="NU1NB2RSNIYL0VA" duration="00:00:00.0007601" startTime="2014-01-15T09:33:36.4152704+08:00" endTime="2014-01-15T09:33:36.4172705+08:00" testType="13cdc9d9-ddb5-4fa4-a97d-d965ccfc6d4b" outcome="Passed" testListId="8c84fa94-04c1-424b-9868-57a2d4851a1d" relativeResultsDirectory="93d1dfac-0108-45fa-afd5-8a7820de0b7b">
    </UnitTestResult>
    <UnitTestResult executionId="7109284f-2e5f-4e6b-afd0-c874a6d040ee" testId="c063abdd-5618-0174-fe8d-e9a53c34642a" testName="ConvertIntTest" computerName="NU1NB2RSNIYL0VA" duration="00:00:00.0021138" startTime="2014-01-15T09:33:36.4182706+08:00" endTime="2014-01-15T09:33:36.4212708+08:00" testType="13cdc9d9-ddb5-4fa4-a97d-d965ccfc6d4b" outcome="Failed" testListId="8c84fa94-04c1-424b-9868-57a2d4851a1d" relativeResultsDirectory="7109284f-2e5f-4e6b-afd0-c874a6d040ee">
      <Output>
        <ErrorInfo>
          <Message>测试方法 TestCRCLibrary.ConvertRmbTest.ConvertIntTest 引发了异常: 
System.IndexOutOfRangeException: 索引超出了数组界限。</Message>
          <StackTrace>   在 CRC.Util.ConvertRmb_Accessor.ConvertInt(String intPart)
   在 TestCRCLibrary.ConvertRmbTest.ConvertIntTest() 位置 D:\Documents\GitHub\Library\TestCRCLibrary\ConvertRmbTest.cs:行号 169
</StackTrace>
        </ErrorInfo>
      </Output>
    </UnitTestResult>
    <UnitTestResult executionId="45683aa3-4efb-474a-be2f-1e8b867a707a" testId="e6603af9-bba2-03aa-6fe6-18bddeb02677" testName="ConvertTest1" computerName="NU1NB2RSNIYL0VA" duration="00:00:00.0013008" startTime="2014-01-15T09:33:36.4222708+08:00" endTime="2014-01-15T09:33:36.4252710+08:00" testType="13cdc9d9-ddb5-4fa4-a97d-d965ccfc6d4b" outcome="Failed" testListId="8c84fa94-04c1-424b-9868-57a2d4851a1d" relativeResultsDirectory="45683aa3-4efb-474a-be2f-1e8b867a707a">
      <Output>
        <ErrorInfo>
          <Message>Assert.AreEqual 失败。应为: &lt;壹拾伍万贰仟壹佰肆拾贰元壹分&gt;，实际为: &lt;壹拾伍万贰仟壹佰肆拾贰元贰分&gt;。</Message>
          <StackTrace>   在 TestCRCLibrary.ConvertRmbTest.ConvertTest1() 位置 D:\Documents\GitHub\Library\TestCRCLibrary\ConvertRmbTest.cs:行号 88
</StackTrace>
        </ErrorInfo>
      </Output>
    </UnitTestResult>
  </Results>
</TestRun>