<?xml version="1.0" encoding="UTF-8"?>
<TestRun id="ed8e9785-cf36-471a-a0ba-b1f1bb1b3837" name="Administrator@NU1NB2RSNIYL0VA 2013-12-02 15:52:33" runUser="NU1NB2RSNIYL0VA\Administrator" xmlns="http://microsoft.com/schemas/VisualStudio/TeamTest/2010">
  <TestSettings name="本地" id="32b136b7-6e41-488e-8fd0-005393bbd4f8">
    <Description>这些设置为本地测试运行的默认测试设置。</Description>
    <Deployment enabled="false" runDeploymentRoot="Administrator_NU1NB2RSNIYL0VA 2013-12-02 15_52_33">
      <DeploymentItem filename="D:\Documents\GitHub\Library\Extension\bin\Debug\CRCLibrary.dll" />
    </Deployment>
    <Execution>
      <TestTypeSpecific />
      <AgentRule name="Execution Agents">
      </AgentRule>
    </Execution>
  </TestSettings>
  <Times creation="2013-12-02T15:52:33.2036750+08:00" queuing="2013-12-02T15:52:33.2306766+08:00" start="2013-12-02T15:52:33.2336767+08:00" finish="2013-12-02T15:52:33.3806851+08:00" />
  <ResultSummary outcome="Completed">
    <Counters total="1" executed="1" passed="1" error="0" failed="0" timeout="0" aborted="0" inconclusive="0" passedButRunAborted="0" notRunnable="0" notExecuted="0" disconnected="0" warning="0" completed="0" inProgress="0" pending="0" />
  </ResultSummary>
  <TestDefinitions>
    <UnitTest name="ExtractUntilNoCaseTest" storage="d:\documents\github\library\testcrclibrary\bin\debug\testcrclibrary.dll" id="0e283a9c-5a2a-e936-ab53-a87a891aabb9">
      <Execution id="028aea35-ba92-48d3-b535-21dde437479f" />
      <TestMethod codeBase="D:/Documents/GitHub/Library/TestCRCLibrary/bin/Debug/TestCRCLibrary.DLL" adapterTypeName="Microsoft.VisualStudio.TestTools.TestTypes.Unit.UnitTestAdapter, Microsoft.VisualStudio.QualityTools.Tips.UnitTest.Adapter, Version=10.0.0.0, Culture=neutral, PublicKeyToken=b03f5f7f11d50a3a" className="TestCRCLibrary.StringParserTest, TestCRCLibrary, Version=1.0.0.0, Culture=neutral, PublicKeyToken=null" name="ExtractUntilNoCaseTest" />
    </UnitTest>
  </TestDefinitions>
  <TestLists>
    <TestList name="列表中未列出的结果" id="8c84fa94-04c1-424b-9868-57a2d4851a1d" />
    <TestList name="所有已加载的结果" id="19431567-8539-422a-85d7-44ee4e166bda" />
  </TestLists>
  <TestEntries>
    <TestEntry testId="0e283a9c-5a2a-e936-ab53-a87a891aabb9" executionId="028aea35-ba92-48d3-b535-21dde437479f" testListId="8c84fa94-04c1-424b-9868-57a2d4851a1d" />
  </TestEntries>
  <Results>
    <UnitTestResult executionId="028aea35-ba92-48d3-b535-21dde437479f" testId="0e283a9c-5a2a-e936-ab53-a87a891aabb9" testName="ExtractUntilNoCaseTest" computerName="NU1NB2RSNIYL0VA" duration="00:00:00.0087659" startTime="2013-12-02T15:52:33.2346768+08:00" endTime="2013-12-02T15:52:33.3726847+08:00" testType="13cdc9d9-ddb5-4fa4-a97d-d965ccfc6d4b" outcome="Passed" testListId="8c84fa94-04c1-424b-9868-57a2d4851a1d" relativeResultsDirectory="028aea35-ba92-48d3-b535-21dde437479f">
    </UnitTestResult>
  </Results>
</TestRun>