<?xml version="1.0" encoding="UTF-8"?>
<TestRun id="9878bb4a-d013-45b7-a7ca-5d670782a4aa" name="Administrator@NU1NB2RSNIYL0VA 2014-01-15 09:50:50" runUser="NU1NB2RSNIYL0VA\Administrator" xmlns="http://microsoft.com/schemas/VisualStudio/TeamTest/2010">
  <TestSettings name="本地" id="32b136b7-6e41-488e-8fd0-005393bbd4f8">
    <Description>这些设置为本地测试运行的默认测试设置。</Description>
    <Deployment enabled="false" runDeploymentRoot="Administrator_NU1NB2RSNIYL0VA 2014-01-15 09_50_50">
      <DeploymentItem filename="C:\Program Files (x86)\Microsoft ASP.NET\ASP.NET MVC 4\Assemblies\System.Web.Http.dll" />
      <DeploymentItem filename="D:\Documents\GitHub\Library\Extension\bin\Debug\CRCLibrary.dll" />
    </Deployment>
    <Execution>
      <TestTypeSpecific />
      <AgentRule name="Execution Agents">
      </AgentRule>
    </Execution>
  </TestSettings>
  <Times creation="2014-01-15T09:50:50.0513910+08:00" queuing="2014-01-15T09:50:50.6164233+08:00" start="2014-01-15T09:50:51.0884503+08:00" finish="2014-01-15T09:50:51.3104630+08:00" />
  <ResultSummary outcome="Failed">
    <Counters total="1" executed="1" error="0" failed="1" timeout="0" aborted="0" inconclusive="0" passedButRunAborted="0" notRunnable="0" notExecuted="0" disconnected="0" warning="0" passed="0" completed="0" inProgress="0" pending="0" />
    <RunInfos>
      <RunInfo computerName="NU1NB2RSNIYL0VA" outcome="Warning" timestamp="2014-01-15T09:50:50.6164233+08:00">
        <Text>当前已禁用部署。未部署测试“TestCRCLibrary.ConvertRmbTest.CombinUnitTest”中的部署项“CRCLibrary.dll”。</Text>
      </RunInfo>
    </RunInfos>
  </ResultSummary>
  <TestDefinitions>
    <UnitTest name="CombinUnitTest" storage="d:\documents\github\library\testcrclibrary\bin\debug\testcrclibrary.dll" id="17debb2f-7e32-3f4d-6c47-d4e46def01e3">
      <DeploymentItems>
        <DeploymentItem filename="CRCLibrary.dll" />
      </DeploymentItems>
      <Execution id="cc2dd784-f00a-459c-9e3b-464c187ed7a1" />
      <TestMethod codeBase="D:/Documents/GitHub/Library/TestCRCLibrary/bin/Debug/TestCRCLibrary.DLL" adapterTypeName="Microsoft.VisualStudio.TestTools.TestTypes.Unit.UnitTestAdapter, Microsoft.VisualStudio.QualityTools.Tips.UnitTest.Adapter, Version=10.0.0.0, Culture=neutral, PublicKeyToken=b03f5f7f11d50a3a" className="TestCRCLibrary.ConvertRmbTest, TestCRCLibrary, Version=1.0.0.0, Culture=neutral, PublicKeyToken=null" name="CombinUnitTest" />
    </UnitTest>
  </TestDefinitions>
  <TestLists>
    <TestList name="列表中未列出的结果" id="8c84fa94-04c1-424b-9868-57a2d4851a1d" />
    <TestList name="所有已加载的结果" id="19431567-8539-422a-85d7-44ee4e166bda" />
  </TestLists>
  <TestEntries>
    <TestEntry testId="17debb2f-7e32-3f4d-6c47-d4e46def01e3" executionId="cc2dd784-f00a-459c-9e3b-464c187ed7a1" testListId="8c84fa94-04c1-424b-9868-57a2d4851a1d" />
  </TestEntries>
  <Results>
    <UnitTestResult executionId="cc2dd784-f00a-459c-9e3b-464c187ed7a1" testId="17debb2f-7e32-3f4d-6c47-d4e46def01e3" testName="CombinUnitTest" computerName="NU1NB2RSNIYL0VA" duration="00:00:00.0249614" startTime="2014-01-15T09:50:51.0904505+08:00" endTime="2014-01-15T09:50:51.2304585+08:00" testType="13cdc9d9-ddb5-4fa4-a97d-d965ccfc6d4b" outcome="Failed" testListId="8c84fa94-04c1-424b-9868-57a2d4851a1d" relativeResultsDirectory="cc2dd784-f00a-459c-9e3b-464c187ed7a1">
      <Output>
        <ErrorInfo>
          <Message>Assert.AreEqual 失败。应为: &lt;兆亿兆152452&gt;，实际为: &lt;兆亿万兆亿152452&gt;。</Message>
          <StackTrace>   在 TestCRCLibrary.ConvertRmbTest.CombinUnitTest() 位置 D:\Documents\GitHub\Library\TestCRCLibrary\ConvertRmbTest.cs:行号 137
</StackTrace>
        </ErrorInfo>
      </Output>
    </UnitTestResult>
  </Results>
</TestRun>