<?xml version="1.0" encoding="UTF-8"?>
<TestRun id="8cc9d680-cdcf-4242-967c-dc903e6909a7" name="Administrator@NU1NB2RSNIYL0VA 2013-10-24 14:35:19" runUser="NU1NB2RSNIYL0VA\Administrator" xmlns="http://microsoft.com/schemas/VisualStudio/TeamTest/2010">
  <TestSettings name="本地" id="32b136b7-6e41-488e-8fd0-005393bbd4f8">
    <Description>这些设置为本地测试运行的默认测试设置。</Description>
    <Deployment enabled="false" runDeploymentRoot="Administrator_NU1NB2RSNIYL0VA 2013-10-24 14_35_19">
      <DeploymentItem filename="D:\Documents\Visual Studio 2010\Projects\Owner\Extension\Extension\bin\Debug\CRCLibrary.dll" />
    </Deployment>
    <Execution>
      <TestTypeSpecific />
      <AgentRule name="Execution Agents">
      </AgentRule>
    </Execution>
  </TestSettings>
  <Times creation="2013-10-24T14:35:19.3797707+08:00" queuing="2013-10-24T14:35:19.4147727+08:00" start="2013-10-24T14:35:19.4177729+08:00" finish="2013-10-24T14:35:19.5797822+08:00" />
  <ResultSummary outcome="Failed">
    <Counters total="1" executed="1" error="0" failed="1" timeout="0" aborted="0" inconclusive="0" passedButRunAborted="0" notRunnable="0" notExecuted="0" disconnected="0" warning="0" passed="0" completed="0" inProgress="0" pending="0" />
  </ResultSummary>
  <TestDefinitions>
    <UnitTest name="ToHexTest2" storage="d:\documents\visual studio 2010\projects\owner\extension\testcrclibrary\bin\debug\testcrclibrary.dll" id="dac69ede-b084-cf39-70be-7386e1c6de8b">
      <Execution id="bd0cbdd6-cad9-4707-af2b-73f1dce548c4" />
      <TestMethod codeBase="D:/Documents/Visual Studio 2010/Projects/Owner/Extension/TestCRCLibrary/bin/Debug/TestCRCLibrary.DLL" adapterTypeName="Microsoft.VisualStudio.TestTools.TestTypes.Unit.UnitTestAdapter, Microsoft.VisualStudio.QualityTools.Tips.UnitTest.Adapter, Version=10.0.0.0, Culture=neutral, PublicKeyToken=b03f5f7f11d50a3a" className="TestCRCLibrary.ByteExtensionTest, TestCRCLibrary, Version=1.0.0.0, Culture=neutral, PublicKeyToken=null" name="ToHexTest2" />
    </UnitTest>
  </TestDefinitions>
  <TestLists>
    <TestList name="列表中未列出的结果" id="8c84fa94-04c1-424b-9868-57a2d4851a1d" />
    <TestList name="所有已加载的结果" id="19431567-8539-422a-85d7-44ee4e166bda" />
  </TestLists>
  <TestEntries>
    <TestEntry testId="dac69ede-b084-cf39-70be-7386e1c6de8b" executionId="bd0cbdd6-cad9-4707-af2b-73f1dce548c4" testListId="8c84fa94-04c1-424b-9868-57a2d4851a1d" />
  </TestEntries>
  <Results>
    <UnitTestResult executionId="bd0cbdd6-cad9-4707-af2b-73f1dce548c4" testId="dac69ede-b084-cf39-70be-7386e1c6de8b" testName="ToHexTest2" computerName="NU1NB2RSNIYL0VA" duration="00:00:00.0295926" startTime="2013-10-24T14:35:19.4187729+08:00" endTime="2013-10-24T14:35:19.5707816+08:00" testType="13cdc9d9-ddb5-4fa4-a97d-d965ccfc6d4b" outcome="Failed" testListId="8c84fa94-04c1-424b-9868-57a2d4851a1d" relativeResultsDirectory="bd0cbdd6-cad9-4707-af2b-73f1dce548c4">
      <Output>
        <ErrorInfo>
          <Message>Assert.AreEqual 失败。应为: &lt;0X01 0X02 0X03 0X04&gt;，实际为: &lt;0X1 0X2 0X3 0X4&gt;。</Message>
          <StackTrace>   在 TestCRCLibrary.ByteExtensionTest.ToHexTest2() 位置 D:\Documents\Visual Studio 2010\Projects\Owner\Extension\TestCRCLibrary\Extension\ByteExtensionTest.cs:行号 280
</StackTrace>
        </ErrorInfo>
      </Output>
    </UnitTestResult>
  </Results>
</TestRun>