<?xml version="1.0" encoding="UTF-8"?>
<TestRun id="417013b5-6313-4f01-805b-4e7ea74e55e6" name="Administrator@NU1NB2RSNIYL0VA 2014-01-15 10:20:30" runUser="NU1NB2RSNIYL0VA\Administrator" xmlns="http://microsoft.com/schemas/VisualStudio/TeamTest/2010">
  <TestSettings name="本地" id="32b136b7-6e41-488e-8fd0-005393bbd4f8">
    <Description>这些设置为本地测试运行的默认测试设置。</Description>
    <Deployment enabled="false" runDeploymentRoot="Administrator_NU1NB2RSNIYL0VA 2014-01-15 10_20_30">
      <DeploymentItem filename="C:\Program Files (x86)\Microsoft ASP.NET\ASP.NET MVC 4\Assemblies\System.Web.Http.dll" />
      <DeploymentItem filename="D:\Documents\GitHub\Library\Extension\bin\Debug\CRCLibrary.dll" />
    </Deployment>
    <Execution>
      <TestTypeSpecific />
      <AgentRule name="Execution Agents">
      </AgentRule>
    </Execution>
  </TestSettings>
  <Times creation="2014-01-15T10:20:30.2032099+08:00" queuing="2014-01-15T10:20:30.5492297+08:00" start="2014-01-15T10:20:30.8132448+08:00" finish="2014-01-15T10:20:30.9492526+08:00" />
  <ResultSummary outcome="Warning">
    <Counters total="1" executed="1" passed="1" error="0" failed="0" timeout="0" aborted="0" inconclusive="0" passedButRunAborted="0" notRunnable="0" notExecuted="0" disconnected="0" warning="0" completed="0" inProgress="0" pending="0" />
    <RunInfos>
      <RunInfo computerName="NU1NB2RSNIYL0VA" outcome="Warning" timestamp="2014-01-15T10:20:30.5492297+08:00">
        <Text>当前已禁用部署。未部署测试“TestCRCLibrary.ConvertRmbTest.ConvertIntTest”中的部署项“CRCLibrary.dll”。</Text>
      </RunInfo>
    </RunInfos>
  </ResultSummary>
  <TestDefinitions>
    <UnitTest name="ConvertIntTest" storage="d:\documents\github\library\testcrclibrary\bin\debug\testcrclibrary.dll" id="c063abdd-5618-0174-fe8d-e9a53c34642a">
      <DeploymentItems>
        <DeploymentItem filename="CRCLibrary.dll" />
      </DeploymentItems>
      <Execution id="bfe3396c-de39-48ef-be89-35d6dd5ced35" />
      <TestMethod codeBase="D:/Documents/GitHub/Library/TestCRCLibrary/bin/Debug/TestCRCLibrary.DLL" adapterTypeName="Microsoft.VisualStudio.TestTools.TestTypes.Unit.UnitTestAdapter, Microsoft.VisualStudio.QualityTools.Tips.UnitTest.Adapter, Version=10.0.0.0, Culture=neutral, PublicKeyToken=b03f5f7f11d50a3a" className="TestCRCLibrary.ConvertRmbTest, TestCRCLibrary, Version=1.0.0.0, Culture=neutral, PublicKeyToken=null" name="ConvertIntTest" />
    </UnitTest>
  </TestDefinitions>
  <TestLists>
    <TestList name="列表中未列出的结果" id="8c84fa94-04c1-424b-9868-57a2d4851a1d" />
    <TestList name="所有已加载的结果" id="19431567-8539-422a-85d7-44ee4e166bda" />
  </TestLists>
  <TestEntries>
    <TestEntry testId="c063abdd-5618-0174-fe8d-e9a53c34642a" executionId="bfe3396c-de39-48ef-be89-35d6dd5ced35" testListId="8c84fa94-04c1-424b-9868-57a2d4851a1d" />
  </TestEntries>
  <Results>
    <UnitTestResult executionId="bfe3396c-de39-48ef-be89-35d6dd5ced35" testId="c063abdd-5618-0174-fe8d-e9a53c34642a" testName="ConvertIntTest" computerName="NU1NB2RSNIYL0VA" duration="00:00:00.0112639" startTime="2014-01-15T10:20:30.8142448+08:00" endTime="2014-01-15T10:20:30.9412521+08:00" testType="13cdc9d9-ddb5-4fa4-a97d-d965ccfc6d4b" outcome="Passed" testListId="8c84fa94-04c1-424b-9868-57a2d4851a1d" relativeResultsDirectory="bfe3396c-de39-48ef-be89-35d6dd5ced35">
    </UnitTestResult>
  </Results>
</TestRun>