<?xml version="1.0" encoding="UTF-8"?>
<TestRun id="638f5879-31e8-4134-809c-570d0533d903" name="Administrator@NU1NB2RSNIYL0VA 2013-12-02 15:45:22" runUser="NU1NB2RSNIYL0VA\Administrator" xmlns="http://microsoft.com/schemas/VisualStudio/TeamTest/2010">
  <TestSettings name="本地" id="32b136b7-6e41-488e-8fd0-005393bbd4f8">
    <Description>这些设置为本地测试运行的默认测试设置。</Description>
    <Deployment enabled="false" runDeploymentRoot="Administrator_NU1NB2RSNIYL0VA 2013-12-02 15_45_22">
      <DeploymentItem filename="D:\Documents\GitHub\Library\Extension\bin\Debug\CRCLibrary.dll" />
    </Deployment>
    <Execution>
      <TestTypeSpecific />
      <AgentRule name="Execution Agents">
      </AgentRule>
    </Execution>
  </TestSettings>
  <Times creation="2013-12-02T15:45:22.0200127+08:00" queuing="2013-12-02T15:45:23.9411226+08:00" start="2013-12-02T15:45:24.0171269+08:00" finish="2013-12-02T15:45:24.5191557+08:00" />
  <ResultSummary outcome="Completed">
    <Counters total="1" executed="1" passed="1" error="0" failed="0" timeout="0" aborted="0" inconclusive="0" passedButRunAborted="0" notRunnable="0" notExecuted="0" disconnected="0" warning="0" completed="0" inProgress="0" pending="0" />
  </ResultSummary>
  <TestDefinitions>
    <UnitTest name="ExtractToEndTest" storage="d:\documents\github\library\testcrclibrary\bin\debug\testcrclibrary.dll" id="88e04da1-8af3-2f5f-d5ad-d6984fc32a4e">
      <Execution id="fa8d3d4a-8518-4994-b207-8ecbb352736b" />
      <TestMethod codeBase="D:/Documents/GitHub/Library/TestCRCLibrary/bin/Debug/TestCRCLibrary.DLL" adapterTypeName="Microsoft.VisualStudio.TestTools.TestTypes.Unit.UnitTestAdapter, Microsoft.VisualStudio.QualityTools.Tips.UnitTest.Adapter, Version=10.0.0.0, Culture=neutral, PublicKeyToken=b03f5f7f11d50a3a" className="TestCRCLibrary.StringParserTest, TestCRCLibrary, Version=1.0.0.0, Culture=neutral, PublicKeyToken=null" name="ExtractToEndTest" />
    </UnitTest>
  </TestDefinitions>
  <TestLists>
    <TestList name="列表中未列出的结果" id="8c84fa94-04c1-424b-9868-57a2d4851a1d" />
    <TestList name="所有已加载的结果" id="19431567-8539-422a-85d7-44ee4e166bda" />
  </TestLists>
  <TestEntries>
    <TestEntry testId="88e04da1-8af3-2f5f-d5ad-d6984fc32a4e" executionId="fa8d3d4a-8518-4994-b207-8ecbb352736b" testListId="8c84fa94-04c1-424b-9868-57a2d4851a1d" />
  </TestEntries>
  <Results>
    <UnitTestResult executionId="fa8d3d4a-8518-4994-b207-8ecbb352736b" testId="88e04da1-8af3-2f5f-d5ad-d6984fc32a4e" testName="ExtractToEndTest" computerName="NU1NB2RSNIYL0VA" duration="00:00:00.0094933" startTime="2013-12-02T15:45:24.0661297+08:00" endTime="2013-12-02T15:45:24.5041548+08:00" testType="13cdc9d9-ddb5-4fa4-a97d-d965ccfc6d4b" outcome="Passed" testListId="8c84fa94-04c1-424b-9868-57a2d4851a1d" relativeResultsDirectory="fa8d3d4a-8518-4994-b207-8ecbb352736b">
    </UnitTestResult>
  </Results>
</TestRun>