<?xml version="1.0" encoding="UTF-8"?>
<TestRun id="1606101e-a4de-4e11-b715-d599b399227f" name="Administrator@NU1NB2RSNIYL0VA 2013-10-26 11:39:30" runUser="NU1NB2RSNIYL0VA\Administrator" xmlns="http://microsoft.com/schemas/VisualStudio/TeamTest/2010">
  <TestSettings name="本地" id="32b136b7-6e41-488e-8fd0-005393bbd4f8">
    <Description>这些设置为本地测试运行的默认测试设置。</Description>
    <Deployment enabled="false" runDeploymentRoot="Administrator_NU1NB2RSNIYL0VA 2013-10-26 11_39_30">
      <DeploymentItem filename="D:\Documents\Visual Studio 2010\Projects\Owner\Extension\Extension\bin\Debug\CRCLibrary.dll" />
    </Deployment>
    <Execution>
      <TestTypeSpecific />
      <AgentRule name="Execution Agents">
      </AgentRule>
    </Execution>
  </TestSettings>
  <Times creation="2013-10-26T11:39:30.7846745+08:00" queuing="2013-10-26T11:39:30.8496782+08:00" start="2013-10-26T11:39:30.8676793+08:00" finish="2013-10-26T11:39:31.2737025+08:00" />
  <ResultSummary outcome="Failed">
    <Counters total="67" executed="67" passed="46" error="0" failed="9" timeout="0" aborted="0" inconclusive="12" passedButRunAborted="0" notRunnable="0" notExecuted="0" disconnected="0" warning="0" completed="0" inProgress="0" pending="0" />
  </ResultSummary>
  <TestDefinitions>
    <UnitTest name="IsNumberRangeTest" storage="d:\documents\visual studio 2010\projects\owner\extension\testcrclibrary\bin\debug\testcrclibrary.dll" id="c97e6a0d-3e80-4df5-30ec-d3bc8838ec4f">
      <Execution id="5f11b11c-9158-489c-8cf6-e8355a37ba3f" />
      <TestMethod codeBase="D:/Documents/Visual Studio 2010/Projects/Owner/Extension/TestCRCLibrary/bin/Debug/TestCRCLibrary.DLL" adapterTypeName="Microsoft.VisualStudio.TestTools.TestTypes.Unit.UnitTestAdapter, Microsoft.VisualStudio.QualityTools.Tips.UnitTest.Adapter, Version=10.0.0.0, Culture=neutral, PublicKeyToken=b03f5f7f11d50a3a" className="TestCRCLibrary.RegenPatternTest, TestCRCLibrary, Version=1.0.0.0, Culture=neutral, PublicKeyToken=null" name="IsNumberRangeTest" />
    </UnitTest>
    <UnitTest name="HexToBtyesTest" storage="d:\documents\visual studio 2010\projects\owner\extension\testcrclibrary\bin\debug\testcrclibrary.dll" id="b056cf59-8fa4-2601-3e07-22bbd4cdef7a">
      <Execution id="ccc60326-8891-4c21-a2bb-10741804b759" />
      <TestMethod codeBase="D:/Documents/Visual Studio 2010/Projects/Owner/Extension/TestCRCLibrary/bin/Debug/TestCRCLibrary.DLL" adapterTypeName="Microsoft.VisualStudio.TestTools.TestTypes.Unit.UnitTestAdapter, Microsoft.VisualStudio.QualityTools.Tips.UnitTest.Adapter, Version=10.0.0.0, Culture=neutral, PublicKeyToken=b03f5f7f11d50a3a" className="TestCRCLibrary.ConvertCodeTest, TestCRCLibrary, Version=1.0.0.0, Culture=neutral, PublicKeyToken=null" name="HexToBtyesTest" />
    </UnitTest>
    <UnitTest name="IsEmailTest" storage="d:\documents\visual studio 2010\projects\owner\extension\testcrclibrary\bin\debug\testcrclibrary.dll" id="858c5542-3bd5-806b-9ecf-21e4deac21e9">
      <Execution id="a1468087-d063-45d6-b15e-8ca4c292054f" />
      <TestMethod codeBase="D:/Documents/Visual Studio 2010/Projects/Owner/Extension/TestCRCLibrary/bin/Debug/TestCRCLibrary.DLL" adapterTypeName="Microsoft.VisualStudio.TestTools.TestTypes.Unit.UnitTestAdapter, Microsoft.VisualStudio.QualityTools.Tips.UnitTest.Adapter, Version=10.0.0.0, Culture=neutral, PublicKeyToken=b03f5f7f11d50a3a" className="TestCRCLibrary.StringRegexExtensionTest, TestCRCLibrary, Version=1.0.0.0, Culture=neutral, PublicKeyToken=null" name="IsEmailTest" />
    </UnitTest>
    <UnitTest name="IsNumberTest" storage="d:\documents\visual studio 2010\projects\owner\extension\testcrclibrary\bin\debug\testcrclibrary.dll" id="460e8c17-b29b-93fd-d06e-b486d1dc0a6c">
      <Execution id="6c6d6663-cd27-44e9-89a0-2c2b037805e3" />
      <TestMethod codeBase="D:/Documents/Visual Studio 2010/Projects/Owner/Extension/TestCRCLibrary/bin/Debug/TestCRCLibrary.DLL" adapterTypeName="Microsoft.VisualStudio.TestTools.TestTypes.Unit.UnitTestAdapter, Microsoft.VisualStudio.QualityTools.Tips.UnitTest.Adapter, Version=10.0.0.0, Culture=neutral, PublicKeyToken=b03f5f7f11d50a3a" className="TestCRCLibrary.RegenPatternTest, TestCRCLibrary, Version=1.0.0.0, Culture=neutral, PublicKeyToken=null" name="IsNumberTest" />
    </UnitTest>
    <UnitTest name="ConvertCodeConstructorTest" storage="d:\documents\visual studio 2010\projects\owner\extension\testcrclibrary\bin\debug\testcrclibrary.dll" id="b3d38d81-5db3-af13-19d8-3b66c9091b47">
      <Execution id="059f5a71-207b-42a3-9cfb-4f4f5e84be74" />
      <TestMethod codeBase="D:/Documents/Visual Studio 2010/Projects/Owner/Extension/TestCRCLibrary/bin/Debug/TestCRCLibrary.DLL" adapterTypeName="Microsoft.VisualStudio.TestTools.TestTypes.Unit.UnitTestAdapter, Microsoft.VisualStudio.QualityTools.Tips.UnitTest.Adapter, Version=10.0.0.0, Culture=neutral, PublicKeyToken=b03f5f7f11d50a3a" className="TestCRCLibrary.ConvertCodeTest, TestCRCLibrary, Version=1.0.0.0, Culture=neutral, PublicKeyToken=null" name="ConvertCodeConstructorTest" />
    </UnitTest>
    <UnitTest name="QueueInvokeTest1" storage="d:\documents\visual studio 2010\projects\owner\extension\testcrclibrary\bin\debug\testcrclibrary.dll" id="4b4e61b3-635f-c9db-0d57-8ab0317c2763">
      <Execution id="d65e86b9-6027-468e-ba1e-d076c08b370d" />
      <TestMethod codeBase="D:/Documents/Visual Studio 2010/Projects/Owner/Extension/TestCRCLibrary/bin/Debug/TestCRCLibrary.DLL" adapterTypeName="Microsoft.VisualStudio.TestTools.TestTypes.Unit.UnitTestAdapter, Microsoft.VisualStudio.QualityTools.Tips.UnitTest.Adapter, Version=10.0.0.0, Culture=neutral, PublicKeyToken=b03f5f7f11d50a3a" className="TestCRCLibrary.InvokeExtensionTest, TestCRCLibrary, Version=1.0.0.0, Culture=neutral, PublicKeyToken=null" name="QueueInvokeTest1" />
    </UnitTest>
    <UnitTest name="ToHexTest1" storage="d:\documents\visual studio 2010\projects\owner\extension\testcrclibrary\bin\debug\testcrclibrary.dll" id="327c79ba-a5c4-8647-6e58-09f9fecce10f">
      <Execution id="6997fcde-3285-4155-b1a1-008ad0db35cc" />
      <TestMethod codeBase="D:/Documents/Visual Studio 2010/Projects/Owner/Extension/TestCRCLibrary/bin/Debug/TestCRCLibrary.DLL" adapterTypeName="Microsoft.VisualStudio.TestTools.TestTypes.Unit.UnitTestAdapter, Microsoft.VisualStudio.QualityTools.Tips.UnitTest.Adapter, Version=10.0.0.0, Culture=neutral, PublicKeyToken=b03f5f7f11d50a3a" className="TestCRCLibrary.ByteExtensionTest, TestCRCLibrary, Version=1.0.0.0, Culture=neutral, PublicKeyToken=null" name="ToHexTest1" />
    </UnitTest>
    <UnitTest name="GetParityTest2" storage="d:\documents\visual studio 2010\projects\owner\extension\testcrclibrary\bin\debug\testcrclibrary.dll" id="ae30eb5e-99c2-3639-8e76-5328de3ee749">
      <Execution id="83987178-2fce-4b94-986a-0e67f6acd72f" />
      <TestMethod codeBase="D:/Documents/Visual Studio 2010/Projects/Owner/Extension/TestCRCLibrary/bin/Debug/TestCRCLibrary.DLL" adapterTypeName="Microsoft.VisualStudio.TestTools.TestTypes.Unit.UnitTestAdapter, Microsoft.VisualStudio.QualityTools.Tips.UnitTest.Adapter, Version=10.0.0.0, Culture=neutral, PublicKeyToken=b03f5f7f11d50a3a" className="TestCRCLibrary.XORParityTest, TestCRCLibrary, Version=1.0.0.0, Culture=neutral, PublicKeyToken=null" name="GetParityTest2" />
    </UnitTest>
    <UnitTest name="InvokeIfNeededTest1" storage="d:\documents\visual studio 2010\projects\owner\extension\testcrclibrary\bin\debug\testcrclibrary.dll" id="7068c1e4-d70b-99b8-19a8-bd53b7c4cd67">
      <Execution id="c98aa2f9-e467-4922-b9c3-2f95c2d5342a" />
      <TestMethod codeBase="D:/Documents/Visual Studio 2010/Projects/Owner/Extension/TestCRCLibrary/bin/Debug/TestCRCLibrary.DLL" adapterTypeName="Microsoft.VisualStudio.TestTools.TestTypes.Unit.UnitTestAdapter, Microsoft.VisualStudio.QualityTools.Tips.UnitTest.Adapter, Version=10.0.0.0, Culture=neutral, PublicKeyToken=b03f5f7f11d50a3a" className="TestCRCLibrary.InvokeExtensionTest, TestCRCLibrary, Version=1.0.0.0, Culture=neutral, PublicKeyToken=null" name="InvokeIfNeededTest1" />
    </UnitTest>
    <UnitTest name="GetIPTextTest1" storage="d:\documents\visual studio 2010\projects\owner\extension\testcrclibrary\bin\debug\testcrclibrary.dll" id="83a128aa-6bcf-b586-c689-9a4d045e8369">
      <Execution id="1c504422-c542-4c34-95a4-09c4a9acc072" />
      <TestMethod codeBase="D:/Documents/Visual Studio 2010/Projects/Owner/Extension/TestCRCLibrary/bin/Debug/TestCRCLibrary.DLL" adapterTypeName="Microsoft.VisualStudio.TestTools.TestTypes.Unit.UnitTestAdapter, Microsoft.VisualStudio.QualityTools.Tips.UnitTest.Adapter, Version=10.0.0.0, Culture=neutral, PublicKeyToken=b03f5f7f11d50a3a" className="TestCRCLibrary.IPUtilTest, TestCRCLibrary, Version=1.0.0.0, Culture=neutral, PublicKeyToken=null" name="GetIPTextTest1" />
    </UnitTest>
    <UnitTest name="GetPortTest" storage="d:\documents\visual studio 2010\projects\owner\extension\testcrclibrary\bin\debug\testcrclibrary.dll" id="4e3e63f9-9021-3058-c1f5-02dcbf499abe">
      <Execution id="ba7520df-9fe6-4db8-b811-30703f80b45b" />
      <TestMethod codeBase="D:/Documents/Visual Studio 2010/Projects/Owner/Extension/TestCRCLibrary/bin/Debug/TestCRCLibrary.DLL" adapterTypeName="Microsoft.VisualStudio.TestTools.TestTypes.Unit.UnitTestAdapter, Microsoft.VisualStudio.QualityTools.Tips.UnitTest.Adapter, Version=10.0.0.0, Culture=neutral, PublicKeyToken=b03f5f7f11d50a3a" className="TestCRCLibrary.IPUtilTest, TestCRCLibrary, Version=1.0.0.0, Culture=neutral, PublicKeyToken=null" name="GetPortTest" />
    </UnitTest>
    <UnitTest name="ReverseBitTest" storage="d:\documents\visual studio 2010\projects\owner\extension\testcrclibrary\bin\debug\testcrclibrary.dll" id="393ba492-8800-19bd-e638-130a15a9f641">
      <Execution id="2794f4fe-388e-4ee7-b164-77a8046e2b50" />
      <TestMethod codeBase="D:/Documents/Visual Studio 2010/Projects/Owner/Extension/TestCRCLibrary/bin/Debug/TestCRCLibrary.DLL" adapterTypeName="Microsoft.VisualStudio.TestTools.TestTypes.Unit.UnitTestAdapter, Microsoft.VisualStudio.QualityTools.Tips.UnitTest.Adapter, Version=10.0.0.0, Culture=neutral, PublicKeyToken=b03f5f7f11d50a3a" className="TestCRCLibrary.ByteExtensionTest, TestCRCLibrary, Version=1.0.0.0, Culture=neutral, PublicKeyToken=null" name="ReverseBitTest" />
    </UnitTest>
    <UnitTest name="IsMatchTest" storage="d:\documents\visual studio 2010\projects\owner\extension\testcrclibrary\bin\debug\testcrclibrary.dll" id="1df5b73e-5da6-5978-0024-87ffc851ad48">
      <Execution id="d234a978-84a0-402e-a712-e3b6e5bea4a3" />
      <TestMethod codeBase="D:/Documents/Visual Studio 2010/Projects/Owner/Extension/TestCRCLibrary/bin/Debug/TestCRCLibrary.DLL" adapterTypeName="Microsoft.VisualStudio.TestTools.TestTypes.Unit.UnitTestAdapter, Microsoft.VisualStudio.QualityTools.Tips.UnitTest.Adapter, Version=10.0.0.0, Culture=neutral, PublicKeyToken=b03f5f7f11d50a3a" className="TestCRCLibrary.RegenPatternTest, TestCRCLibrary, Version=1.0.0.0, Culture=neutral, PublicKeyToken=null" name="IsMatchTest" />
    </UnitTest>
    <UnitTest name="ToByteTest" storage="d:\documents\visual studio 2010\projects\owner\extension\testcrclibrary\bin\debug\testcrclibrary.dll" id="c98abb5f-e545-1e8f-cc10-c61fc20bf6f3">
      <Execution id="2a947ede-3179-4c58-9dfa-6445deb0b244" />
      <TestMethod codeBase="D:/Documents/Visual Studio 2010/Projects/Owner/Extension/TestCRCLibrary/bin/Debug/TestCRCLibrary.DLL" adapterTypeName="Microsoft.VisualStudio.TestTools.TestTypes.Unit.UnitTestAdapter, Microsoft.VisualStudio.QualityTools.Tips.UnitTest.Adapter, Version=10.0.0.0, Culture=neutral, PublicKeyToken=b03f5f7f11d50a3a" className="TestCRCLibrary.ByteExtensionTest, TestCRCLibrary, Version=1.0.0.0, Culture=neutral, PublicKeyToken=null" name="ToByteTest" />
    </UnitTest>
    <UnitTest name="IsUnicodeTest" storage="d:\documents\visual studio 2010\projects\owner\extension\testcrclibrary\bin\debug\testcrclibrary.dll" id="02bd4a3d-ad0c-3461-3763-939df8167b38">
      <Execution id="67e29add-bde2-499a-97e6-c7b32f112d89" />
      <TestMethod codeBase="D:/Documents/Visual Studio 2010/Projects/Owner/Extension/TestCRCLibrary/bin/Debug/TestCRCLibrary.DLL" adapterTypeName="Microsoft.VisualStudio.TestTools.TestTypes.Unit.UnitTestAdapter, Microsoft.VisualStudio.QualityTools.Tips.UnitTest.Adapter, Version=10.0.0.0, Culture=neutral, PublicKeyToken=b03f5f7f11d50a3a" className="TestCRCLibrary.StringRegexExtensionTest, TestCRCLibrary, Version=1.0.0.0, Culture=neutral, PublicKeyToken=null" name="IsUnicodeTest" />
    </UnitTest>
    <UnitTest name="BytesToBinaryTest" storage="d:\documents\visual studio 2010\projects\owner\extension\testcrclibrary\bin\debug\testcrclibrary.dll" id="e5d5ef2e-80f0-df9a-9ddf-32f550e0c198">
      <Execution id="d09386da-8fda-4321-8ab2-31ecfa412327" />
      <TestMethod codeBase="D:/Documents/Visual Studio 2010/Projects/Owner/Extension/TestCRCLibrary/bin/Debug/TestCRCLibrary.DLL" adapterTypeName="Microsoft.VisualStudio.TestTools.TestTypes.Unit.UnitTestAdapter, Microsoft.VisualStudio.QualityTools.Tips.UnitTest.Adapter, Version=10.0.0.0, Culture=neutral, PublicKeyToken=b03f5f7f11d50a3a" className="TestCRCLibrary.ConvertCodeTest, TestCRCLibrary, Version=1.0.0.0, Culture=neutral, PublicKeyToken=null" name="BytesToBinaryTest" />
    </UnitTest>
    <UnitTest name="GetIPAddressTest1" storage="d:\documents\visual studio 2010\projects\owner\extension\testcrclibrary\bin\debug\testcrclibrary.dll" id="07d9b3fb-20d2-e699-a6cb-d25fb1e29c5b">
      <Execution id="8fb86b9b-7538-44f7-a76b-4961b861d852" />
      <TestMethod codeBase="D:/Documents/Visual Studio 2010/Projects/Owner/Extension/TestCRCLibrary/bin/Debug/TestCRCLibrary.DLL" adapterTypeName="Microsoft.VisualStudio.TestTools.TestTypes.Unit.UnitTestAdapter, Microsoft.VisualStudio.QualityTools.Tips.UnitTest.Adapter, Version=10.0.0.0, Culture=neutral, PublicKeyToken=b03f5f7f11d50a3a" className="TestCRCLibrary.IPUtilTest, TestCRCLibrary, Version=1.0.0.0, Culture=neutral, PublicKeyToken=null" name="GetIPAddressTest1" />
    </UnitTest>
    <UnitTest name="ArrayAreEqualTest" storage="d:\documents\visual studio 2010\projects\owner\extension\testcrclibrary\bin\debug\testcrclibrary.dll" id="33a310f8-52e1-912a-ff33-502a73018d41">
      <Execution id="2f9efc44-f823-46b9-bc35-3953e522f766" />
      <TestMethod codeBase="D:/Documents/Visual Studio 2010/Projects/Owner/Extension/TestCRCLibrary/bin/Debug/TestCRCLibrary.DLL" adapterTypeName="Microsoft.VisualStudio.TestTools.TestTypes.Unit.UnitTestAdapter, Microsoft.VisualStudio.QualityTools.Tips.UnitTest.Adapter, Version=10.0.0.0, Culture=neutral, PublicKeyToken=b03f5f7f11d50a3a" className="TestCRCLibrary.ByteExtensionTest, TestCRCLibrary, Version=1.0.0.0, Culture=neutral, PublicKeyToken=null" name="ArrayAreEqualTest" />
    </UnitTest>
    <UnitTest name="IsPhoneNumberTest" storage="d:\documents\visual studio 2010\projects\owner\extension\testcrclibrary\bin\debug\testcrclibrary.dll" id="85c695a2-ca6e-7992-f241-b49d45f29974">
      <Execution id="4e4f0bab-4f70-42b5-b8f3-e0b53768f8fc" />
      <TestMethod codeBase="D:/Documents/Visual Studio 2010/Projects/Owner/Extension/TestCRCLibrary/bin/Debug/TestCRCLibrary.DLL" adapterTypeName="Microsoft.VisualStudio.TestTools.TestTypes.Unit.UnitTestAdapter, Microsoft.VisualStudio.QualityTools.Tips.UnitTest.Adapter, Version=10.0.0.0, Culture=neutral, PublicKeyToken=b03f5f7f11d50a3a" className="TestCRCLibrary.StringRegexExtensionTest, TestCRCLibrary, Version=1.0.0.0, Culture=neutral, PublicKeyToken=null" name="IsPhoneNumberTest" />
    </UnitTest>
    <UnitTest name="IsNumberTest" storage="d:\documents\visual studio 2010\projects\owner\extension\testcrclibrary\bin\debug\testcrclibrary.dll" id="5a17964a-01fe-e5e1-fb05-e7fa6371984b">
      <Execution id="4d647c04-1f6c-41ea-9ac8-6c35befc9ad0" />
      <TestMethod codeBase="D:/Documents/Visual Studio 2010/Projects/Owner/Extension/TestCRCLibrary/bin/Debug/TestCRCLibrary.DLL" adapterTypeName="Microsoft.VisualStudio.TestTools.TestTypes.Unit.UnitTestAdapter, Microsoft.VisualStudio.QualityTools.Tips.UnitTest.Adapter, Version=10.0.0.0, Culture=neutral, PublicKeyToken=b03f5f7f11d50a3a" className="TestCRCLibrary.StringRegexExtensionTest, TestCRCLibrary, Version=1.0.0.0, Culture=neutral, PublicKeyToken=null" name="IsNumberTest" />
    </UnitTest>
    <UnitTest name="NextStringTest" storage="d:\documents\visual studio 2010\projects\owner\extension\testcrclibrary\bin\debug\testcrclibrary.dll" id="9843b028-3918-5b54-4642-44a0e6878b9a">
      <Execution id="a795a00a-be71-4a56-bef2-5093a26e2571" />
      <TestMethod codeBase="D:/Documents/Visual Studio 2010/Projects/Owner/Extension/TestCRCLibrary/bin/Debug/TestCRCLibrary.DLL" adapterTypeName="Microsoft.VisualStudio.TestTools.TestTypes.Unit.UnitTestAdapter, Microsoft.VisualStudio.QualityTools.Tips.UnitTest.Adapter, Version=10.0.0.0, Culture=neutral, PublicKeyToken=b03f5f7f11d50a3a" className="TestCRCLibrary.RandomExtensionTest, TestCRCLibrary, Version=1.0.0.0, Culture=neutral, PublicKeyToken=null" name="NextStringTest" />
    </UnitTest>
    <UnitTest name="MatchTest" storage="d:\documents\visual studio 2010\projects\owner\extension\testcrclibrary\bin\debug\testcrclibrary.dll" id="ff1f104e-2e4c-1d45-d3d0-490eeef60b4c">
      <Execution id="36ae93b4-adfe-48bb-905d-02963b227228" />
      <TestMethod codeBase="D:/Documents/Visual Studio 2010/Projects/Owner/Extension/TestCRCLibrary/bin/Debug/TestCRCLibrary.DLL" adapterTypeName="Microsoft.VisualStudio.TestTools.TestTypes.Unit.UnitTestAdapter, Microsoft.VisualStudio.QualityTools.Tips.UnitTest.Adapter, Version=10.0.0.0, Culture=neutral, PublicKeyToken=b03f5f7f11d50a3a" className="TestCRCLibrary.StringRegexExtensionTest, TestCRCLibrary, Version=1.0.0.0, Culture=neutral, PublicKeyToken=null" name="MatchTest" />
    </UnitTest>
    <UnitTest name="StringToBtyesTest" storage="d:\documents\visual studio 2010\projects\owner\extension\testcrclibrary\bin\debug\testcrclibrary.dll" id="8c8b919d-f65b-81bb-fc57-ac40ce9d7ba6">
      <Execution id="24e3ef03-4919-4cd3-bd69-9a6bdd213e90" />
      <TestMethod codeBase="D:/Documents/Visual Studio 2010/Projects/Owner/Extension/TestCRCLibrary/bin/Debug/TestCRCLibrary.DLL" adapterTypeName="Microsoft.VisualStudio.TestTools.TestTypes.Unit.UnitTestAdapter, Microsoft.VisualStudio.QualityTools.Tips.UnitTest.Adapter, Version=10.0.0.0, Culture=neutral, PublicKeyToken=b03f5f7f11d50a3a" className="TestCRCLibrary.ConvertCodeTest, TestCRCLibrary, Version=1.0.0.0, Culture=neutral, PublicKeyToken=null" name="StringToBtyesTest" />
    </UnitTest>
    <UnitTest name="GetScriptTest" storage="d:\documents\visual studio 2010\projects\owner\extension\testcrclibrary\bin\debug\testcrclibrary.dll" id="733b86f2-ce5b-3ee2-8e4b-3734104b7bbd">
      <Execution id="0d259a5e-d8da-4fb1-8da8-8fafa7c509c1" />
      <TestMethod codeBase="D:/Documents/Visual Studio 2010/Projects/Owner/Extension/TestCRCLibrary/bin/Debug/TestCRCLibrary.DLL" adapterTypeName="Microsoft.VisualStudio.TestTools.TestTypes.Unit.UnitTestAdapter, Microsoft.VisualStudio.QualityTools.Tips.UnitTest.Adapter, Version=10.0.0.0, Culture=neutral, PublicKeyToken=b03f5f7f11d50a3a" className="TestCRCLibrary.StringRegexExtensionTest, TestCRCLibrary, Version=1.0.0.0, Culture=neutral, PublicKeyToken=null" name="GetScriptTest" />
    </UnitTest>
    <UnitTest name="NextNumberTest" storage="d:\documents\visual studio 2010\projects\owner\extension\testcrclibrary\bin\debug\testcrclibrary.dll" id="175c3708-dc6d-8a12-ecb0-7888e48314d2">
      <Execution id="850b1bdc-e5c1-4275-9d39-89d85b000e39" />
      <TestMethod codeBase="D:/Documents/Visual Studio 2010/Projects/Owner/Extension/TestCRCLibrary/bin/Debug/TestCRCLibrary.DLL" adapterTypeName="Microsoft.VisualStudio.TestTools.TestTypes.Unit.UnitTestAdapter, Microsoft.VisualStudio.QualityTools.Tips.UnitTest.Adapter, Version=10.0.0.0, Culture=neutral, PublicKeyToken=b03f5f7f11d50a3a" className="TestCRCLibrary.RandomExtensionTest, TestCRCLibrary, Version=1.0.0.0, Culture=neutral, PublicKeyToken=null" name="NextNumberTest" />
    </UnitTest>
    <UnitTest name="SetBitTest" storage="d:\documents\visual studio 2010\projects\owner\extension\testcrclibrary\bin\debug\testcrclibrary.dll" id="3b0ee96d-c074-bb42-e2e2-6e5cc4548638">
      <Execution id="6ec4d158-a988-4737-8937-93b5c55dd038" />
      <TestMethod codeBase="D:/Documents/Visual Studio 2010/Projects/Owner/Extension/TestCRCLibrary/bin/Debug/TestCRCLibrary.DLL" adapterTypeName="Microsoft.VisualStudio.TestTools.TestTypes.Unit.UnitTestAdapter, Microsoft.VisualStudio.QualityTools.Tips.UnitTest.Adapter, Version=10.0.0.0, Culture=neutral, PublicKeyToken=b03f5f7f11d50a3a" className="TestCRCLibrary.ByteExtensionTest, TestCRCLibrary, Version=1.0.0.0, Culture=neutral, PublicKeyToken=null" name="SetBitTest" />
    </UnitTest>
    <UnitTest name="GetIPAddressTest" storage="d:\documents\visual studio 2010\projects\owner\extension\testcrclibrary\bin\debug\testcrclibrary.dll" id="7b169008-b208-c129-2b8f-95d0f8832d06">
      <Execution id="0c7b7177-5418-413b-bf61-8040c56e068c" />
      <TestMethod codeBase="D:/Documents/Visual Studio 2010/Projects/Owner/Extension/TestCRCLibrary/bin/Debug/TestCRCLibrary.DLL" adapterTypeName="Microsoft.VisualStudio.TestTools.TestTypes.Unit.UnitTestAdapter, Microsoft.VisualStudio.QualityTools.Tips.UnitTest.Adapter, Version=10.0.0.0, Culture=neutral, PublicKeyToken=b03f5f7f11d50a3a" className="TestCRCLibrary.IPUtilTest, TestCRCLibrary, Version=1.0.0.0, Culture=neutral, PublicKeyToken=null" name="GetIPAddressTest" />
    </UnitTest>
    <UnitTest name="IsUrlTest" storage="d:\documents\visual studio 2010\projects\owner\extension\testcrclibrary\bin\debug\testcrclibrary.dll" id="8a2de041-4637-bfd7-f42d-76b6f317f50b">
      <Execution id="5413f65b-265a-44c7-89c7-ecf1879b9cba" />
      <TestMethod codeBase="D:/Documents/Visual Studio 2010/Projects/Owner/Extension/TestCRCLibrary/bin/Debug/TestCRCLibrary.DLL" adapterTypeName="Microsoft.VisualStudio.TestTools.TestTypes.Unit.UnitTestAdapter, Microsoft.VisualStudio.QualityTools.Tips.UnitTest.Adapter, Version=10.0.0.0, Culture=neutral, PublicKeyToken=b03f5f7f11d50a3a" className="TestCRCLibrary.StringRegexExtensionTest, TestCRCLibrary, Version=1.0.0.0, Culture=neutral, PublicKeyToken=null" name="IsUrlTest" />
    </UnitTest>
    <UnitTest name="InvokeIfNeededTest" storage="d:\documents\visual studio 2010\projects\owner\extension\testcrclibrary\bin\debug\testcrclibrary.dll" id="4db46510-3fb8-dd54-7592-7a984db69c5a">
      <Execution id="193dda68-99b9-418e-9375-88799a0cb85f" />
      <TestMethod codeBase="D:/Documents/Visual Studio 2010/Projects/Owner/Extension/TestCRCLibrary/bin/Debug/TestCRCLibrary.DLL" adapterTypeName="Microsoft.VisualStudio.TestTools.TestTypes.Unit.UnitTestAdapter, Microsoft.VisualStudio.QualityTools.Tips.UnitTest.Adapter, Version=10.0.0.0, Culture=neutral, PublicKeyToken=b03f5f7f11d50a3a" className="TestCRCLibrary.InvokeExtensionTest, TestCRCLibrary, Version=1.0.0.0, Culture=neutral, PublicKeyToken=null" name="InvokeIfNeededTest" />
    </UnitTest>
    <UnitTest name="IsIPAddressTest" storage="d:\documents\visual studio 2010\projects\owner\extension\testcrclibrary\bin\debug\testcrclibrary.dll" id="583c2501-b676-2920-2fe5-7febaa217f1c">
      <Execution id="1631c939-78e8-44d2-bfef-7aa3cf5dbc5e" />
      <TestMethod codeBase="D:/Documents/Visual Studio 2010/Projects/Owner/Extension/TestCRCLibrary/bin/Debug/TestCRCLibrary.DLL" adapterTypeName="Microsoft.VisualStudio.TestTools.TestTypes.Unit.UnitTestAdapter, Microsoft.VisualStudio.QualityTools.Tips.UnitTest.Adapter, Version=10.0.0.0, Culture=neutral, PublicKeyToken=b03f5f7f11d50a3a" className="TestCRCLibrary.StringRegexExtensionTest, TestCRCLibrary, Version=1.0.0.0, Culture=neutral, PublicKeyToken=null" name="IsIPAddressTest" />
    </UnitTest>
    <UnitTest name="NextEnumTest" storage="d:\documents\visual studio 2010\projects\owner\extension\testcrclibrary\bin\debug\testcrclibrary.dll" id="b42fda1c-6e73-03dc-6f44-1ee3a6833642">
      <Execution id="26bd4009-a6ab-4a71-8187-b4f1606bf95c" />
      <TestMethod codeBase="D:/Documents/Visual Studio 2010/Projects/Owner/Extension/TestCRCLibrary/bin/Debug/TestCRCLibrary.DLL" adapterTypeName="Microsoft.VisualStudio.TestTools.TestTypes.Unit.UnitTestAdapter, Microsoft.VisualStudio.QualityTools.Tips.UnitTest.Adapter, Version=10.0.0.0, Culture=neutral, PublicKeyToken=b03f5f7f11d50a3a" className="TestCRCLibrary.RandomExtensionTest, TestCRCLibrary, Version=1.0.0.0, Culture=neutral, PublicKeyToken=null" name="NextEnumTest" />
    </UnitTest>
    <UnitTest name="NextBoolTest" storage="d:\documents\visual studio 2010\projects\owner\extension\testcrclibrary\bin\debug\testcrclibrary.dll" id="8256d590-9eaa-4d30-09d3-d7f5ac8de980">
      <Execution id="da8f1375-c123-45df-b045-b27f35af4285" />
      <TestMethod codeBase="D:/Documents/Visual Studio 2010/Projects/Owner/Extension/TestCRCLibrary/bin/Debug/TestCRCLibrary.DLL" adapterTypeName="Microsoft.VisualStudio.TestTools.TestTypes.Unit.UnitTestAdapter, Microsoft.VisualStudio.QualityTools.Tips.UnitTest.Adapter, Version=10.0.0.0, Culture=neutral, PublicKeyToken=b03f5f7f11d50a3a" className="TestCRCLibrary.RandomExtensionTest, TestCRCLibrary, Version=1.0.0.0, Culture=neutral, PublicKeyToken=null" name="NextBoolTest" />
    </UnitTest>
    <UnitTest name="GetIPTextTest" storage="d:\documents\visual studio 2010\projects\owner\extension\testcrclibrary\bin\debug\testcrclibrary.dll" id="45b35ea2-14c5-7dd5-0a1e-1ba1e5fc6700">
      <Execution id="45ddae83-57bc-481b-86c5-1b26ad412223" />
      <TestMethod codeBase="D:/Documents/Visual Studio 2010/Projects/Owner/Extension/TestCRCLibrary/bin/Debug/TestCRCLibrary.DLL" adapterTypeName="Microsoft.VisualStudio.TestTools.TestTypes.Unit.UnitTestAdapter, Microsoft.VisualStudio.QualityTools.Tips.UnitTest.Adapter, Version=10.0.0.0, Culture=neutral, PublicKeyToken=b03f5f7f11d50a3a" className="TestCRCLibrary.IPUtilTest, TestCRCLibrary, Version=1.0.0.0, Culture=neutral, PublicKeyToken=null" name="GetIPTextTest" />
    </UnitTest>
    <UnitTest name="IsMatchTest" storage="d:\documents\visual studio 2010\projects\owner\extension\testcrclibrary\bin\debug\testcrclibrary.dll" id="38f178a0-9c0d-04b6-a6e0-3b6095e18668">
      <Execution id="3cbdc175-bfe5-46fc-a298-9cbea44f8b70" />
      <TestMethod codeBase="D:/Documents/Visual Studio 2010/Projects/Owner/Extension/TestCRCLibrary/bin/Debug/TestCRCLibrary.DLL" adapterTypeName="Microsoft.VisualStudio.TestTools.TestTypes.Unit.UnitTestAdapter, Microsoft.VisualStudio.QualityTools.Tips.UnitTest.Adapter, Version=10.0.0.0, Culture=neutral, PublicKeyToken=b03f5f7f11d50a3a" className="TestCRCLibrary.StringRegexExtensionTest, TestCRCLibrary, Version=1.0.0.0, Culture=neutral, PublicKeyToken=null" name="IsMatchTest" />
    </UnitTest>
    <UnitTest name="AddRangeTest" storage="d:\documents\visual studio 2010\projects\owner\extension\testcrclibrary\bin\debug\testcrclibrary.dll" id="b2304fb9-e24c-d563-ee21-4345f8884f3b">
      <Execution id="073b162b-b55f-451f-81bc-16b48644aa13" />
      <TestMethod codeBase="D:/Documents/Visual Studio 2010/Projects/Owner/Extension/TestCRCLibrary/bin/Debug/TestCRCLibrary.DLL" adapterTypeName="Microsoft.VisualStudio.TestTools.TestTypes.Unit.UnitTestAdapter, Microsoft.VisualStudio.QualityTools.Tips.UnitTest.Adapter, Version=10.0.0.0, Culture=neutral, PublicKeyToken=b03f5f7f11d50a3a" className="TestCRCLibrary.DictionaryExtensionTest, TestCRCLibrary, Version=1.0.0.0, Culture=neutral, PublicKeyToken=null" name="AddRangeTest" />
    </UnitTest>
    <UnitTest name="QueueInvokeTest2" storage="d:\documents\visual studio 2010\projects\owner\extension\testcrclibrary\bin\debug\testcrclibrary.dll" id="e0a66f2a-5d66-e71d-92d0-aa09bfde9293">
      <Execution id="062c5246-22a7-4229-93fb-5b9bfec0d235" />
      <TestMethod codeBase="D:/Documents/Visual Studio 2010/Projects/Owner/Extension/TestCRCLibrary/bin/Debug/TestCRCLibrary.DLL" adapterTypeName="Microsoft.VisualStudio.TestTools.TestTypes.Unit.UnitTestAdapter, Microsoft.VisualStudio.QualityTools.Tips.UnitTest.Adapter, Version=10.0.0.0, Culture=neutral, PublicKeyToken=b03f5f7f11d50a3a" className="TestCRCLibrary.InvokeExtensionTest, TestCRCLibrary, Version=1.0.0.0, Culture=neutral, PublicKeyToken=null" name="QueueInvokeTest2" />
    </UnitTest>
    <UnitTest name="GetPageTitleTest" storage="d:\documents\visual studio 2010\projects\owner\extension\testcrclibrary\bin\debug\testcrclibrary.dll" id="33486f68-c09a-a547-b356-093b5382f9f2">
      <Execution id="85a55b32-45aa-4b06-bbff-4c1dd3b45384" />
      <TestMethod codeBase="D:/Documents/Visual Studio 2010/Projects/Owner/Extension/TestCRCLibrary/bin/Debug/TestCRCLibrary.DLL" adapterTypeName="Microsoft.VisualStudio.TestTools.TestTypes.Unit.UnitTestAdapter, Microsoft.VisualStudio.QualityTools.Tips.UnitTest.Adapter, Version=10.0.0.0, Culture=neutral, PublicKeyToken=b03f5f7f11d50a3a" className="TestCRCLibrary.StringRegexExtensionTest, TestCRCLibrary, Version=1.0.0.0, Culture=neutral, PublicKeyToken=null" name="GetPageTitleTest" />
    </UnitTest>
    <UnitTest name="ToBytesTest" storage="d:\documents\visual studio 2010\projects\owner\extension\testcrclibrary\bin\debug\testcrclibrary.dll" id="46077f12-4f58-7911-6b76-b1224910c3e2">
      <Execution id="2d7d6169-c02f-48f4-a73b-d2bbf420b9e3" />
      <TestMethod codeBase="D:/Documents/Visual Studio 2010/Projects/Owner/Extension/TestCRCLibrary/bin/Debug/TestCRCLibrary.DLL" adapterTypeName="Microsoft.VisualStudio.TestTools.TestTypes.Unit.UnitTestAdapter, Microsoft.VisualStudio.QualityTools.Tips.UnitTest.Adapter, Version=10.0.0.0, Culture=neutral, PublicKeyToken=b03f5f7f11d50a3a" className="TestCRCLibrary.ByteExtensionTest, TestCRCLibrary, Version=1.0.0.0, Culture=neutral, PublicKeyToken=null" name="ToBytesTest" />
    </UnitTest>
    <UnitTest name="IsNumberMoreTest" storage="d:\documents\visual studio 2010\projects\owner\extension\testcrclibrary\bin\debug\testcrclibrary.dll" id="64208872-23ce-1122-abe8-653bc9c9f952">
      <Execution id="d6d252f9-1bd1-418e-be56-37d256a60651" />
      <TestMethod codeBase="D:/Documents/Visual Studio 2010/Projects/Owner/Extension/TestCRCLibrary/bin/Debug/TestCRCLibrary.DLL" adapterTypeName="Microsoft.VisualStudio.TestTools.TestTypes.Unit.UnitTestAdapter, Microsoft.VisualStudio.QualityTools.Tips.UnitTest.Adapter, Version=10.0.0.0, Culture=neutral, PublicKeyToken=b03f5f7f11d50a3a" className="TestCRCLibrary.RegenPatternTest, TestCRCLibrary, Version=1.0.0.0, Culture=neutral, PublicKeyToken=null" name="IsNumberMoreTest" />
    </UnitTest>
    <UnitTest name="GetParityTest" storage="d:\documents\visual studio 2010\projects\owner\extension\testcrclibrary\bin\debug\testcrclibrary.dll" id="b0140be8-20d4-63df-0dff-f47dbbb28f77">
      <Execution id="0ef6f708-1821-44f3-aa06-c4878da9a24e" />
      <TestMethod codeBase="D:/Documents/Visual Studio 2010/Projects/Owner/Extension/TestCRCLibrary/bin/Debug/TestCRCLibrary.DLL" adapterTypeName="Microsoft.VisualStudio.TestTools.TestTypes.Unit.UnitTestAdapter, Microsoft.VisualStudio.QualityTools.Tips.UnitTest.Adapter, Version=10.0.0.0, Culture=neutral, PublicKeyToken=b03f5f7f11d50a3a" className="TestCRCLibrary.XORParityTest, TestCRCLibrary, Version=1.0.0.0, Culture=neutral, PublicKeyToken=null" name="GetParityTest" />
    </UnitTest>
    <UnitTest name="AddSeparateTest" storage="d:\documents\visual studio 2010\projects\owner\extension\testcrclibrary\bin\debug\testcrclibrary.dll" id="49f1990b-49db-5adf-5df3-07da899614c8">
      <DeploymentItems>
        <DeploymentItem filename="CRCLibrary.dll" />
      </DeploymentItems>
      <Execution id="2f60ad99-af12-4dff-a156-72e41ef07be6" />
      <TestMethod codeBase="D:/Documents/Visual Studio 2010/Projects/Owner/Extension/TestCRCLibrary/bin/Debug/TestCRCLibrary.DLL" adapterTypeName="Microsoft.VisualStudio.TestTools.TestTypes.Unit.UnitTestAdapter, Microsoft.VisualStudio.QualityTools.Tips.UnitTest.Adapter, Version=10.0.0.0, Culture=neutral, PublicKeyToken=b03f5f7f11d50a3a" className="TestCRCLibrary.ConvertCodeTest, TestCRCLibrary, Version=1.0.0.0, Culture=neutral, PublicKeyToken=null" name="AddSeparateTest" />
    </UnitTest>
    <UnitTest name="StringToHexTest" storage="d:\documents\visual studio 2010\projects\owner\extension\testcrclibrary\bin\debug\testcrclibrary.dll" id="bc0f01b1-f1ba-51ef-7e65-566bd897ecf4">
      <Execution id="0f5a00ad-e725-436a-89ca-fabadaf2c658" />
      <TestMethod codeBase="D:/Documents/Visual Studio 2010/Projects/Owner/Extension/TestCRCLibrary/bin/Debug/TestCRCLibrary.DLL" adapterTypeName="Microsoft.VisualStudio.TestTools.TestTypes.Unit.UnitTestAdapter, Microsoft.VisualStudio.QualityTools.Tips.UnitTest.Adapter, Version=10.0.0.0, Culture=neutral, PublicKeyToken=b03f5f7f11d50a3a" className="TestCRCLibrary.ConvertCodeTest, TestCRCLibrary, Version=1.0.0.0, Culture=neutral, PublicKeyToken=null" name="StringToHexTest" />
    </UnitTest>
    <UnitTest name="NextItemTest1" storage="d:\documents\visual studio 2010\projects\owner\extension\testcrclibrary\bin\debug\testcrclibrary.dll" id="6807d594-c329-1403-acdd-bfc84223ce4f">
      <Execution id="98669d33-ea0f-46ba-a638-9fcbdcb7c34e" />
      <TestMethod codeBase="D:/Documents/Visual Studio 2010/Projects/Owner/Extension/TestCRCLibrary/bin/Debug/TestCRCLibrary.DLL" adapterTypeName="Microsoft.VisualStudio.TestTools.TestTypes.Unit.UnitTestAdapter, Microsoft.VisualStudio.QualityTools.Tips.UnitTest.Adapter, Version=10.0.0.0, Culture=neutral, PublicKeyToken=b03f5f7f11d50a3a" className="TestCRCLibrary.RandomExtensionTest, TestCRCLibrary, Version=1.0.0.0, Culture=neutral, PublicKeyToken=null" name="NextItemTest1" />
    </UnitTest>
    <UnitTest name="AddOrReplaceTest" storage="d:\documents\visual studio 2010\projects\owner\extension\testcrclibrary\bin\debug\testcrclibrary.dll" id="1dcdf0b5-25a3-ae3d-3d8c-fe83664f5da0">
      <Execution id="597275dd-b0c3-4941-a406-6834cd5f4395" />
      <TestMethod codeBase="D:/Documents/Visual Studio 2010/Projects/Owner/Extension/TestCRCLibrary/bin/Debug/TestCRCLibrary.DLL" adapterTypeName="Microsoft.VisualStudio.TestTools.TestTypes.Unit.UnitTestAdapter, Microsoft.VisualStudio.QualityTools.Tips.UnitTest.Adapter, Version=10.0.0.0, Culture=neutral, PublicKeyToken=b03f5f7f11d50a3a" className="TestCRCLibrary.DictionaryExtensionTest, TestCRCLibrary, Version=1.0.0.0, Culture=neutral, PublicKeyToken=null" name="AddOrReplaceTest" />
    </UnitTest>
    <UnitTest name="ToBytesTest1" storage="d:\documents\visual studio 2010\projects\owner\extension\testcrclibrary\bin\debug\testcrclibrary.dll" id="62a02849-4036-40f1-d8a6-e1a36ed10eb8">
      <Execution id="5ac6eb18-478c-49b3-a464-d10b0e59716d" />
      <TestMethod codeBase="D:/Documents/Visual Studio 2010/Projects/Owner/Extension/TestCRCLibrary/bin/Debug/TestCRCLibrary.DLL" adapterTypeName="Microsoft.VisualStudio.TestTools.TestTypes.Unit.UnitTestAdapter, Microsoft.VisualStudio.QualityTools.Tips.UnitTest.Adapter, Version=10.0.0.0, Culture=neutral, PublicKeyToken=b03f5f7f11d50a3a" className="TestCRCLibrary.ByteExtensionTest, TestCRCLibrary, Version=1.0.0.0, Culture=neutral, PublicKeyToken=null" name="ToBytesTest1" />
    </UnitTest>
    <UnitTest name="ToHexTest2" storage="d:\documents\visual studio 2010\projects\owner\extension\testcrclibrary\bin\debug\testcrclibrary.dll" id="dac69ede-b084-cf39-70be-7386e1c6de8b">
      <Execution id="658984c9-3a09-4b8c-be5d-1c0904e1107a" />
      <TestMethod codeBase="D:/Documents/Visual Studio 2010/Projects/Owner/Extension/TestCRCLibrary/bin/Debug/TestCRCLibrary.DLL" adapterTypeName="Microsoft.VisualStudio.TestTools.TestTypes.Unit.UnitTestAdapter, Microsoft.VisualStudio.QualityTools.Tips.UnitTest.Adapter, Version=10.0.0.0, Culture=neutral, PublicKeyToken=b03f5f7f11d50a3a" className="TestCRCLibrary.ByteExtensionTest, TestCRCLibrary, Version=1.0.0.0, Culture=neutral, PublicKeyToken=null" name="ToHexTest2" />
    </UnitTest>
    <UnitTest name="GetBitTest" storage="d:\documents\visual studio 2010\projects\owner\extension\testcrclibrary\bin\debug\testcrclibrary.dll" id="2c4f8c6f-7382-072a-138c-88f64a2d9986">
      <Execution id="e0c7b62e-accc-4d2b-9187-afcb4f93e106" />
      <TestMethod codeBase="D:/Documents/Visual Studio 2010/Projects/Owner/Extension/TestCRCLibrary/bin/Debug/TestCRCLibrary.DLL" adapterTypeName="Microsoft.VisualStudio.TestTools.TestTypes.Unit.UnitTestAdapter, Microsoft.VisualStudio.QualityTools.Tips.UnitTest.Adapter, Version=10.0.0.0, Culture=neutral, PublicKeyToken=b03f5f7f11d50a3a" className="TestCRCLibrary.ByteExtensionTest, TestCRCLibrary, Version=1.0.0.0, Culture=neutral, PublicKeyToken=null" name="GetBitTest" />
    </UnitTest>
    <UnitTest name="QueueInvokeTest" storage="d:\documents\visual studio 2010\projects\owner\extension\testcrclibrary\bin\debug\testcrclibrary.dll" id="55d3d927-b52b-031a-5932-fbc2845b3f5c">
      <Execution id="39e74bf4-21bb-48ad-8ee0-f11c76e9efa1" />
      <TestMethod codeBase="D:/Documents/Visual Studio 2010/Projects/Owner/Extension/TestCRCLibrary/bin/Debug/TestCRCLibrary.DLL" adapterTypeName="Microsoft.VisualStudio.TestTools.TestTypes.Unit.UnitTestAdapter, Microsoft.VisualStudio.QualityTools.Tips.UnitTest.Adapter, Version=10.0.0.0, Culture=neutral, PublicKeyToken=b03f5f7f11d50a3a" className="TestCRCLibrary.InvokeExtensionTest, TestCRCLibrary, Version=1.0.0.0, Culture=neutral, PublicKeyToken=null" name="QueueInvokeTest" />
    </UnitTest>
    <UnitTest name="ClearBitTest" storage="d:\documents\visual studio 2010\projects\owner\extension\testcrclibrary\bin\debug\testcrclibrary.dll" id="9f2cfb3f-f386-3a8d-bc72-85c11fd50031">
      <Execution id="546e62a5-c1c1-4fb5-99eb-05b588263202" />
      <TestMethod codeBase="D:/Documents/Visual Studio 2010/Projects/Owner/Extension/TestCRCLibrary/bin/Debug/TestCRCLibrary.DLL" adapterTypeName="Microsoft.VisualStudio.TestTools.TestTypes.Unit.UnitTestAdapter, Microsoft.VisualStudio.QualityTools.Tips.UnitTest.Adapter, Version=10.0.0.0, Culture=neutral, PublicKeyToken=b03f5f7f11d50a3a" className="TestCRCLibrary.ByteExtensionTest, TestCRCLibrary, Version=1.0.0.0, Culture=neutral, PublicKeyToken=null" name="ClearBitTest" />
    </UnitTest>
    <UnitTest name="BytesToStringTest" storage="d:\documents\visual studio 2010\projects\owner\extension\testcrclibrary\bin\debug\testcrclibrary.dll" id="50815036-d271-14ab-29ec-1149e9c95e57">
      <Execution id="3b34d2e8-4cc2-43d1-89ec-2a50549112de" />
      <TestMethod codeBase="D:/Documents/Visual Studio 2010/Projects/Owner/Extension/TestCRCLibrary/bin/Debug/TestCRCLibrary.DLL" adapterTypeName="Microsoft.VisualStudio.TestTools.TestTypes.Unit.UnitTestAdapter, Microsoft.VisualStudio.QualityTools.Tips.UnitTest.Adapter, Version=10.0.0.0, Culture=neutral, PublicKeyToken=b03f5f7f11d50a3a" className="TestCRCLibrary.ConvertCodeTest, TestCRCLibrary, Version=1.0.0.0, Culture=neutral, PublicKeyToken=null" name="BytesToStringTest" />
    </UnitTest>
    <UnitTest name="BytesTo16Test" storage="d:\documents\visual studio 2010\projects\owner\extension\testcrclibrary\bin\debug\testcrclibrary.dll" id="53b8deb8-659a-3ee4-6285-cbe99f511352">
      <Execution id="3807bdc5-2d81-4682-a45d-6973d98e1f6a" />
      <TestMethod codeBase="D:/Documents/Visual Studio 2010/Projects/Owner/Extension/TestCRCLibrary/bin/Debug/TestCRCLibrary.DLL" adapterTypeName="Microsoft.VisualStudio.TestTools.TestTypes.Unit.UnitTestAdapter, Microsoft.VisualStudio.QualityTools.Tips.UnitTest.Adapter, Version=10.0.0.0, Culture=neutral, PublicKeyToken=b03f5f7f11d50a3a" className="TestCRCLibrary.ConvertCodeTest, TestCRCLibrary, Version=1.0.0.0, Culture=neutral, PublicKeyToken=null" name="BytesTo16Test" />
    </UnitTest>
    <UnitTest name="DelSeparateTest" storage="d:\documents\visual studio 2010\projects\owner\extension\testcrclibrary\bin\debug\testcrclibrary.dll" id="ded0b5ef-d35f-ab8b-9fd3-c5fce5a0eca8">
      <DeploymentItems>
        <DeploymentItem filename="CRCLibrary.dll" />
      </DeploymentItems>
      <Execution id="3dd94313-f20a-4179-902f-34b3d7ae8169" />
      <TestMethod codeBase="D:/Documents/Visual Studio 2010/Projects/Owner/Extension/TestCRCLibrary/bin/Debug/TestCRCLibrary.DLL" adapterTypeName="Microsoft.VisualStudio.TestTools.TestTypes.Unit.UnitTestAdapter, Microsoft.VisualStudio.QualityTools.Tips.UnitTest.Adapter, Version=10.0.0.0, Culture=neutral, PublicKeyToken=b03f5f7f11d50a3a" className="TestCRCLibrary.ConvertCodeTest, TestCRCLibrary, Version=1.0.0.0, Culture=neutral, PublicKeyToken=null" name="DelSeparateTest" />
    </UnitTest>
    <UnitTest name="InvokeIfNeededTest2" storage="d:\documents\visual studio 2010\projects\owner\extension\testcrclibrary\bin\debug\testcrclibrary.dll" id="125c65d5-dc65-e511-f6f8-d90e7a54cbce">
      <Execution id="2abb5537-a869-480b-a7de-3d978fd6d783" />
      <TestMethod codeBase="D:/Documents/Visual Studio 2010/Projects/Owner/Extension/TestCRCLibrary/bin/Debug/TestCRCLibrary.DLL" adapterTypeName="Microsoft.VisualStudio.TestTools.TestTypes.Unit.UnitTestAdapter, Microsoft.VisualStudio.QualityTools.Tips.UnitTest.Adapter, Version=10.0.0.0, Culture=neutral, PublicKeyToken=b03f5f7f11d50a3a" className="TestCRCLibrary.InvokeExtensionTest, TestCRCLibrary, Version=1.0.0.0, Culture=neutral, PublicKeyToken=null" name="InvokeIfNeededTest2" />
    </UnitTest>
    <UnitTest name="ParseIPEndPointTest" storage="d:\documents\visual studio 2010\projects\owner\extension\testcrclibrary\bin\debug\testcrclibrary.dll" id="f71a1a2a-41bb-6050-f8b6-052de32f7e3a">
      <Execution id="839a79e7-8dbd-4477-8b98-3d5de6c4be7e" />
      <TestMethod codeBase="D:/Documents/Visual Studio 2010/Projects/Owner/Extension/TestCRCLibrary/bin/Debug/TestCRCLibrary.DLL" adapterTypeName="Microsoft.VisualStudio.TestTools.TestTypes.Unit.UnitTestAdapter, Microsoft.VisualStudio.QualityTools.Tips.UnitTest.Adapter, Version=10.0.0.0, Culture=neutral, PublicKeyToken=b03f5f7f11d50a3a" className="TestCRCLibrary.IPUtilTest, TestCRCLibrary, Version=1.0.0.0, Culture=neutral, PublicKeyToken=null" name="ParseIPEndPointTest" />
    </UnitTest>
    <UnitTest name="ToHexTest" storage="d:\documents\visual studio 2010\projects\owner\extension\testcrclibrary\bin\debug\testcrclibrary.dll" id="8717655f-3094-45df-df9c-8f70b76c5c46">
      <Execution id="5b84816e-44b7-4383-a6c9-97e682794a20" />
      <TestMethod codeBase="D:/Documents/Visual Studio 2010/Projects/Owner/Extension/TestCRCLibrary/bin/Debug/TestCRCLibrary.DLL" adapterTypeName="Microsoft.VisualStudio.TestTools.TestTypes.Unit.UnitTestAdapter, Microsoft.VisualStudio.QualityTools.Tips.UnitTest.Adapter, Version=10.0.0.0, Culture=neutral, PublicKeyToken=b03f5f7f11d50a3a" className="TestCRCLibrary.ByteExtensionTest, TestCRCLibrary, Version=1.0.0.0, Culture=neutral, PublicKeyToken=null" name="ToHexTest" />
    </UnitTest>
    <UnitTest name="BTest" storage="d:\documents\visual studio 2010\projects\owner\extension\testcrclibrary\bin\debug\testcrclibrary.dll" id="46ccb8f7-f863-e0f6-f369-0cf8b9e2fab9">
      <Execution id="8707a58b-8be2-447b-90d9-5a616255792e" />
      <TestMethod codeBase="D:/Documents/Visual Studio 2010/Projects/Owner/Extension/TestCRCLibrary/bin/Debug/TestCRCLibrary.DLL" adapterTypeName="Microsoft.VisualStudio.TestTools.TestTypes.Unit.UnitTestAdapter, Microsoft.VisualStudio.QualityTools.Tips.UnitTest.Adapter, Version=10.0.0.0, Culture=neutral, PublicKeyToken=b03f5f7f11d50a3a" className="TestCRCLibrary.ConvertCodeTest, TestCRCLibrary, Version=1.0.0.0, Culture=neutral, PublicKeyToken=null" name="BTest" />
    </UnitTest>
    <UnitTest name="PortToBytesTest" storage="d:\documents\visual studio 2010\projects\owner\extension\testcrclibrary\bin\debug\testcrclibrary.dll" id="8bbf893e-2050-b878-bd67-9ede689d769b">
      <Execution id="7b1218fb-05dc-4c7a-96ad-cec605ce5f07" />
      <TestMethod codeBase="D:/Documents/Visual Studio 2010/Projects/Owner/Extension/TestCRCLibrary/bin/Debug/TestCRCLibrary.DLL" adapterTypeName="Microsoft.VisualStudio.TestTools.TestTypes.Unit.UnitTestAdapter, Microsoft.VisualStudio.QualityTools.Tips.UnitTest.Adapter, Version=10.0.0.0, Culture=neutral, PublicKeyToken=b03f5f7f11d50a3a" className="TestCRCLibrary.IPUtilTest, TestCRCLibrary, Version=1.0.0.0, Culture=neutral, PublicKeyToken=null" name="PortToBytesTest" />
    </UnitTest>
    <UnitTest name="IsHTMLTest" storage="d:\documents\visual studio 2010\projects\owner\extension\testcrclibrary\bin\debug\testcrclibrary.dll" id="6c47274b-f203-1649-0358-f512b745feb6">
      <Execution id="7a77d084-0092-4436-89c1-f54eae38ddf1" />
      <TestMethod codeBase="D:/Documents/Visual Studio 2010/Projects/Owner/Extension/TestCRCLibrary/bin/Debug/TestCRCLibrary.DLL" adapterTypeName="Microsoft.VisualStudio.TestTools.TestTypes.Unit.UnitTestAdapter, Microsoft.VisualStudio.QualityTools.Tips.UnitTest.Adapter, Version=10.0.0.0, Culture=neutral, PublicKeyToken=b03f5f7f11d50a3a" className="TestCRCLibrary.StringRegexExtensionTest, TestCRCLibrary, Version=1.0.0.0, Culture=neutral, PublicKeyToken=null" name="IsHTMLTest" />
    </UnitTest>
    <UnitTest name="ByteToBinaryTest" storage="d:\documents\visual studio 2010\projects\owner\extension\testcrclibrary\bin\debug\testcrclibrary.dll" id="121e2e18-7197-e132-400e-708115b79e72">
      <Execution id="505e186f-b0b3-466d-bc52-77619fbdd7d1" />
      <TestMethod codeBase="D:/Documents/Visual Studio 2010/Projects/Owner/Extension/TestCRCLibrary/bin/Debug/TestCRCLibrary.DLL" adapterTypeName="Microsoft.VisualStudio.TestTools.TestTypes.Unit.UnitTestAdapter, Microsoft.VisualStudio.QualityTools.Tips.UnitTest.Adapter, Version=10.0.0.0, Culture=neutral, PublicKeyToken=b03f5f7f11d50a3a" className="TestCRCLibrary.ConvertCodeTest, TestCRCLibrary, Version=1.0.0.0, Culture=neutral, PublicKeyToken=null" name="ByteToBinaryTest" />
    </UnitTest>
    <UnitTest name="NextBytesTest" storage="d:\documents\visual studio 2010\projects\owner\extension\testcrclibrary\bin\debug\testcrclibrary.dll" id="9e99c779-9cb0-2179-29a9-b3bb12b72086">
      <Execution id="4a0fe079-ad8d-4084-92eb-d5b1924d1792" />
      <TestMethod codeBase="D:/Documents/Visual Studio 2010/Projects/Owner/Extension/TestCRCLibrary/bin/Debug/TestCRCLibrary.DLL" adapterTypeName="Microsoft.VisualStudio.TestTools.TestTypes.Unit.UnitTestAdapter, Microsoft.VisualStudio.QualityTools.Tips.UnitTest.Adapter, Version=10.0.0.0, Culture=neutral, PublicKeyToken=b03f5f7f11d50a3a" className="TestCRCLibrary.RandomExtensionTest, TestCRCLibrary, Version=1.0.0.0, Culture=neutral, PublicKeyToken=null" name="NextBytesTest" />
    </UnitTest>
    <UnitTest name="StringToBytesTest" storage="d:\documents\visual studio 2010\projects\owner\extension\testcrclibrary\bin\debug\testcrclibrary.dll" id="9e3266c6-f6a7-e7ba-1802-395fd46e531f">
      <Execution id="30747436-c708-4879-a15f-aca5f0d6c1f7" />
      <TestMethod codeBase="D:/Documents/Visual Studio 2010/Projects/Owner/Extension/TestCRCLibrary/bin/Debug/TestCRCLibrary.DLL" adapterTypeName="Microsoft.VisualStudio.TestTools.TestTypes.Unit.UnitTestAdapter, Microsoft.VisualStudio.QualityTools.Tips.UnitTest.Adapter, Version=10.0.0.0, Culture=neutral, PublicKeyToken=b03f5f7f11d50a3a" className="TestCRCLibrary.ConvertCodeTest, TestCRCLibrary, Version=1.0.0.0, Culture=neutral, PublicKeyToken=null" name="StringToBytesTest" />
    </UnitTest>
    <UnitTest name="ThrowIfNullTest" storage="d:\documents\visual studio 2010\projects\owner\extension\testcrclibrary\bin\debug\testcrclibrary.dll" id="ccf2adf8-8f7c-d69a-2689-285c1fe760c9">
      <Execution id="bfd7d8f5-f14e-44ef-bcca-bc9da668013d" />
      <TestMethod codeBase="D:/Documents/Visual Studio 2010/Projects/Owner/Extension/TestCRCLibrary/bin/Debug/TestCRCLibrary.DLL" adapterTypeName="Microsoft.VisualStudio.TestTools.TestTypes.Unit.UnitTestAdapter, Microsoft.VisualStudio.QualityTools.Tips.UnitTest.Adapter, Version=10.0.0.0, Culture=neutral, PublicKeyToken=b03f5f7f11d50a3a" className="TestCRCLibrary.ObjectExtensionTest, TestCRCLibrary, Version=1.0.0.0, Culture=neutral, PublicKeyToken=null" name="ThrowIfNullTest" />
    </UnitTest>
    <UnitTest name="NextItemTest" storage="d:\documents\visual studio 2010\projects\owner\extension\testcrclibrary\bin\debug\testcrclibrary.dll" id="8883f062-7664-179d-c351-12273fc06189">
      <Execution id="96ff3d39-2b50-4a15-869b-2e1ec99d2c55" />
      <TestMethod codeBase="D:/Documents/Visual Studio 2010/Projects/Owner/Extension/TestCRCLibrary/bin/Debug/TestCRCLibrary.DLL" adapterTypeName="Microsoft.VisualStudio.TestTools.TestTypes.Unit.UnitTestAdapter, Microsoft.VisualStudio.QualityTools.Tips.UnitTest.Adapter, Version=10.0.0.0, Culture=neutral, PublicKeyToken=b03f5f7f11d50a3a" className="TestCRCLibrary.RandomExtensionTest, TestCRCLibrary, Version=1.0.0.0, Culture=neutral, PublicKeyToken=null" name="NextItemTest" />
    </UnitTest>
    <UnitTest name="TryAddTest" storage="d:\documents\visual studio 2010\projects\owner\extension\testcrclibrary\bin\debug\testcrclibrary.dll" id="8184ceb8-5723-d229-7ffe-8100f3f04dc9">
      <Execution id="0a32838e-d51d-43d3-8a32-d8dbced28c58" />
      <TestMethod codeBase="D:/Documents/Visual Studio 2010/Projects/Owner/Extension/TestCRCLibrary/bin/Debug/TestCRCLibrary.DLL" adapterTypeName="Microsoft.VisualStudio.TestTools.TestTypes.Unit.UnitTestAdapter, Microsoft.VisualStudio.QualityTools.Tips.UnitTest.Adapter, Version=10.0.0.0, Culture=neutral, PublicKeyToken=b03f5f7f11d50a3a" className="TestCRCLibrary.DictionaryExtensionTest, TestCRCLibrary, Version=1.0.0.0, Culture=neutral, PublicKeyToken=null" name="TryAddTest" />
    </UnitTest>
    <UnitTest name="HexToStringTest" storage="d:\documents\visual studio 2010\projects\owner\extension\testcrclibrary\bin\debug\testcrclibrary.dll" id="8d3e4694-4b7a-ce78-7199-63dab38d5ce2">
      <Execution id="03055823-546b-4099-92d3-23fa2b0c8fd9" />
      <TestMethod codeBase="D:/Documents/Visual Studio 2010/Projects/Owner/Extension/TestCRCLibrary/bin/Debug/TestCRCLibrary.DLL" adapterTypeName="Microsoft.VisualStudio.TestTools.TestTypes.Unit.UnitTestAdapter, Microsoft.VisualStudio.QualityTools.Tips.UnitTest.Adapter, Version=10.0.0.0, Culture=neutral, PublicKeyToken=b03f5f7f11d50a3a" className="TestCRCLibrary.ConvertCodeTest, TestCRCLibrary, Version=1.0.0.0, Culture=neutral, PublicKeyToken=null" name="HexToStringTest" />
    </UnitTest>
    <UnitTest name="IsChineseCharTest" storage="d:\documents\visual studio 2010\projects\owner\extension\testcrclibrary\bin\debug\testcrclibrary.dll" id="d0aaa9b0-68ea-9a3a-f2ab-fd75a2b80397">
      <Execution id="ab91ef52-1216-4ed3-a174-466441c23e92" />
      <TestMethod codeBase="D:/Documents/Visual Studio 2010/Projects/Owner/Extension/TestCRCLibrary/bin/Debug/TestCRCLibrary.DLL" adapterTypeName="Microsoft.VisualStudio.TestTools.TestTypes.Unit.UnitTestAdapter, Microsoft.VisualStudio.QualityTools.Tips.UnitTest.Adapter, Version=10.0.0.0, Culture=neutral, PublicKeyToken=b03f5f7f11d50a3a" className="TestCRCLibrary.StringRegexExtensionTest, TestCRCLibrary, Version=1.0.0.0, Culture=neutral, PublicKeyToken=null" name="IsChineseCharTest" />
    </UnitTest>
    <UnitTest name="GetParityTest1" storage="d:\documents\visual studio 2010\projects\owner\extension\testcrclibrary\bin\debug\testcrclibrary.dll" id="68688540-1196-bc66-bb89-c1a4d8d80f37">
      <Execution id="c8c5ae15-a17e-4234-94c7-e900e3c0e7cc" />
      <TestMethod codeBase="D:/Documents/Visual Studio 2010/Projects/Owner/Extension/TestCRCLibrary/bin/Debug/TestCRCLibrary.DLL" adapterTypeName="Microsoft.VisualStudio.TestTools.TestTypes.Unit.UnitTestAdapter, Microsoft.VisualStudio.QualityTools.Tips.UnitTest.Adapter, Version=10.0.0.0, Culture=neutral, PublicKeyToken=b03f5f7f11d50a3a" className="TestCRCLibrary.XORParityTest, TestCRCLibrary, Version=1.0.0.0, Culture=neutral, PublicKeyToken=null" name="GetParityTest1" />
    </UnitTest>
  </TestDefinitions>
  <TestLists>
    <TestList name="列表中未列出的结果" id="8c84fa94-04c1-424b-9868-57a2d4851a1d" />
    <TestList name="所有已加载的结果" id="19431567-8539-422a-85d7-44ee4e166bda" />
  </TestLists>
  <TestEntries>
    <TestEntry testId="02bd4a3d-ad0c-3461-3763-939df8167b38" executionId="67e29add-bde2-499a-97e6-c7b32f112d89" testListId="8c84fa94-04c1-424b-9868-57a2d4851a1d" />
    <TestEntry testId="07d9b3fb-20d2-e699-a6cb-d25fb1e29c5b" executionId="8fb86b9b-7538-44f7-a76b-4961b861d852" testListId="8c84fa94-04c1-424b-9868-57a2d4851a1d" />
    <TestEntry testId="121e2e18-7197-e132-400e-708115b79e72" executionId="505e186f-b0b3-466d-bc52-77619fbdd7d1" testListId="8c84fa94-04c1-424b-9868-57a2d4851a1d" />
    <TestEntry testId="125c65d5-dc65-e511-f6f8-d90e7a54cbce" executionId="2abb5537-a869-480b-a7de-3d978fd6d783" testListId="8c84fa94-04c1-424b-9868-57a2d4851a1d" />
    <TestEntry testId="175c3708-dc6d-8a12-ecb0-7888e48314d2" executionId="850b1bdc-e5c1-4275-9d39-89d85b000e39" testListId="8c84fa94-04c1-424b-9868-57a2d4851a1d" />
    <TestEntry testId="1dcdf0b5-25a3-ae3d-3d8c-fe83664f5da0" executionId="597275dd-b0c3-4941-a406-6834cd5f4395" testListId="8c84fa94-04c1-424b-9868-57a2d4851a1d" />
    <TestEntry testId="1df5b73e-5da6-5978-0024-87ffc851ad48" executionId="d234a978-84a0-402e-a712-e3b6e5bea4a3" testListId="8c84fa94-04c1-424b-9868-57a2d4851a1d" />
    <TestEntry testId="2c4f8c6f-7382-072a-138c-88f64a2d9986" executionId="e0c7b62e-accc-4d2b-9187-afcb4f93e106" testListId="8c84fa94-04c1-424b-9868-57a2d4851a1d" />
    <TestEntry testId="327c79ba-a5c4-8647-6e58-09f9fecce10f" executionId="6997fcde-3285-4155-b1a1-008ad0db35cc" testListId="8c84fa94-04c1-424b-9868-57a2d4851a1d" />
    <TestEntry testId="33486f68-c09a-a547-b356-093b5382f9f2" executionId="85a55b32-45aa-4b06-bbff-4c1dd3b45384" testListId="8c84fa94-04c1-424b-9868-57a2d4851a1d" />
    <TestEntry testId="33a310f8-52e1-912a-ff33-502a73018d41" executionId="2f9efc44-f823-46b9-bc35-3953e522f766" testListId="8c84fa94-04c1-424b-9868-57a2d4851a1d" />
    <TestEntry testId="38f178a0-9c0d-04b6-a6e0-3b6095e18668" executionId="3cbdc175-bfe5-46fc-a298-9cbea44f8b70" testListId="8c84fa94-04c1-424b-9868-57a2d4851a1d" />
    <TestEntry testId="393ba492-8800-19bd-e638-130a15a9f641" executionId="2794f4fe-388e-4ee7-b164-77a8046e2b50" testListId="8c84fa94-04c1-424b-9868-57a2d4851a1d" />
    <TestEntry testId="3b0ee96d-c074-bb42-e2e2-6e5cc4548638" executionId="6ec4d158-a988-4737-8937-93b5c55dd038" testListId="8c84fa94-04c1-424b-9868-57a2d4851a1d" />
    <TestEntry testId="45b35ea2-14c5-7dd5-0a1e-1ba1e5fc6700" executionId="45ddae83-57bc-481b-86c5-1b26ad412223" testListId="8c84fa94-04c1-424b-9868-57a2d4851a1d" />
    <TestEntry testId="46077f12-4f58-7911-6b76-b1224910c3e2" executionId="2d7d6169-c02f-48f4-a73b-d2bbf420b9e3" testListId="8c84fa94-04c1-424b-9868-57a2d4851a1d" />
    <TestEntry testId="460e8c17-b29b-93fd-d06e-b486d1dc0a6c" executionId="6c6d6663-cd27-44e9-89a0-2c2b037805e3" testListId="8c84fa94-04c1-424b-9868-57a2d4851a1d" />
    <TestEntry testId="46ccb8f7-f863-e0f6-f369-0cf8b9e2fab9" executionId="8707a58b-8be2-447b-90d9-5a616255792e" testListId="8c84fa94-04c1-424b-9868-57a2d4851a1d" />
    <TestEntry testId="49f1990b-49db-5adf-5df3-07da899614c8" executionId="2f60ad99-af12-4dff-a156-72e41ef07be6" testListId="8c84fa94-04c1-424b-9868-57a2d4851a1d" />
    <TestEntry testId="4b4e61b3-635f-c9db-0d57-8ab0317c2763" executionId="d65e86b9-6027-468e-ba1e-d076c08b370d" testListId="8c84fa94-04c1-424b-9868-57a2d4851a1d" />
    <TestEntry testId="4db46510-3fb8-dd54-7592-7a984db69c5a" executionId="193dda68-99b9-418e-9375-88799a0cb85f" testListId="8c84fa94-04c1-424b-9868-57a2d4851a1d" />
    <TestEntry testId="4e3e63f9-9021-3058-c1f5-02dcbf499abe" executionId="ba7520df-9fe6-4db8-b811-30703f80b45b" testListId="8c84fa94-04c1-424b-9868-57a2d4851a1d" />
    <TestEntry testId="50815036-d271-14ab-29ec-1149e9c95e57" executionId="3b34d2e8-4cc2-43d1-89ec-2a50549112de" testListId="8c84fa94-04c1-424b-9868-57a2d4851a1d" />
    <TestEntry testId="53b8deb8-659a-3ee4-6285-cbe99f511352" executionId="3807bdc5-2d81-4682-a45d-6973d98e1f6a" testListId="8c84fa94-04c1-424b-9868-57a2d4851a1d" />
    <TestEntry testId="55d3d927-b52b-031a-5932-fbc2845b3f5c" executionId="39e74bf4-21bb-48ad-8ee0-f11c76e9efa1" testListId="8c84fa94-04c1-424b-9868-57a2d4851a1d" />
    <TestEntry testId="583c2501-b676-2920-2fe5-7febaa217f1c" executionId="1631c939-78e8-44d2-bfef-7aa3cf5dbc5e" testListId="8c84fa94-04c1-424b-9868-57a2d4851a1d" />
    <TestEntry testId="5a17964a-01fe-e5e1-fb05-e7fa6371984b" executionId="4d647c04-1f6c-41ea-9ac8-6c35befc9ad0" testListId="8c84fa94-04c1-424b-9868-57a2d4851a1d" />
    <TestEntry testId="62a02849-4036-40f1-d8a6-e1a36ed10eb8" executionId="5ac6eb18-478c-49b3-a464-d10b0e59716d" testListId="8c84fa94-04c1-424b-9868-57a2d4851a1d" />
    <TestEntry testId="64208872-23ce-1122-abe8-653bc9c9f952" executionId="d6d252f9-1bd1-418e-be56-37d256a60651" testListId="8c84fa94-04c1-424b-9868-57a2d4851a1d" />
    <TestEntry testId="6807d594-c329-1403-acdd-bfc84223ce4f" executionId="98669d33-ea0f-46ba-a638-9fcbdcb7c34e" testListId="8c84fa94-04c1-424b-9868-57a2d4851a1d" />
    <TestEntry testId="68688540-1196-bc66-bb89-c1a4d8d80f37" executionId="c8c5ae15-a17e-4234-94c7-e900e3c0e7cc" testListId="8c84fa94-04c1-424b-9868-57a2d4851a1d" />
    <TestEntry testId="6c47274b-f203-1649-0358-f512b745feb6" executionId="7a77d084-0092-4436-89c1-f54eae38ddf1" testListId="8c84fa94-04c1-424b-9868-57a2d4851a1d" />
    <TestEntry testId="7068c1e4-d70b-99b8-19a8-bd53b7c4cd67" executionId="c98aa2f9-e467-4922-b9c3-2f95c2d5342a" testListId="8c84fa94-04c1-424b-9868-57a2d4851a1d" />
    <TestEntry testId="733b86f2-ce5b-3ee2-8e4b-3734104b7bbd" executionId="0d259a5e-d8da-4fb1-8da8-8fafa7c509c1" testListId="8c84fa94-04c1-424b-9868-57a2d4851a1d" />
    <TestEntry testId="7b169008-b208-c129-2b8f-95d0f8832d06" executionId="0c7b7177-5418-413b-bf61-8040c56e068c" testListId="8c84fa94-04c1-424b-9868-57a2d4851a1d" />
    <TestEntry testId="8184ceb8-5723-d229-7ffe-8100f3f04dc9" executionId="0a32838e-d51d-43d3-8a32-d8dbced28c58" testListId="8c84fa94-04c1-424b-9868-57a2d4851a1d" />
    <TestEntry testId="8256d590-9eaa-4d30-09d3-d7f5ac8de980" executionId="da8f1375-c123-45df-b045-b27f35af4285" testListId="8c84fa94-04c1-424b-9868-57a2d4851a1d" />
    <TestEntry testId="83a128aa-6bcf-b586-c689-9a4d045e8369" executionId="1c504422-c542-4c34-95a4-09c4a9acc072" testListId="8c84fa94-04c1-424b-9868-57a2d4851a1d" />
    <TestEntry testId="858c5542-3bd5-806b-9ecf-21e4deac21e9" executionId="a1468087-d063-45d6-b15e-8ca4c292054f" testListId="8c84fa94-04c1-424b-9868-57a2d4851a1d" />
    <TestEntry testId="85c695a2-ca6e-7992-f241-b49d45f29974" executionId="4e4f0bab-4f70-42b5-b8f3-e0b53768f8fc" testListId="8c84fa94-04c1-424b-9868-57a2d4851a1d" />
    <TestEntry testId="8717655f-3094-45df-df9c-8f70b76c5c46" executionId="5b84816e-44b7-4383-a6c9-97e682794a20" testListId="8c84fa94-04c1-424b-9868-57a2d4851a1d" />
    <TestEntry testId="8883f062-7664-179d-c351-12273fc06189" executionId="96ff3d39-2b50-4a15-869b-2e1ec99d2c55" testListId="8c84fa94-04c1-424b-9868-57a2d4851a1d" />
    <TestEntry testId="8a2de041-4637-bfd7-f42d-76b6f317f50b" executionId="5413f65b-265a-44c7-89c7-ecf1879b9cba" testListId="8c84fa94-04c1-424b-9868-57a2d4851a1d" />
    <TestEntry testId="8bbf893e-2050-b878-bd67-9ede689d769b" executionId="7b1218fb-05dc-4c7a-96ad-cec605ce5f07" testListId="8c84fa94-04c1-424b-9868-57a2d4851a1d" />
    <TestEntry testId="8c8b919d-f65b-81bb-fc57-ac40ce9d7ba6" executionId="24e3ef03-4919-4cd3-bd69-9a6bdd213e90" testListId="8c84fa94-04c1-424b-9868-57a2d4851a1d" />
    <TestEntry testId="8d3e4694-4b7a-ce78-7199-63dab38d5ce2" executionId="03055823-546b-4099-92d3-23fa2b0c8fd9" testListId="8c84fa94-04c1-424b-9868-57a2d4851a1d" />
    <TestEntry testId="9843b028-3918-5b54-4642-44a0e6878b9a" executionId="a795a00a-be71-4a56-bef2-5093a26e2571" testListId="8c84fa94-04c1-424b-9868-57a2d4851a1d" />
    <TestEntry testId="9e3266c6-f6a7-e7ba-1802-395fd46e531f" executionId="30747436-c708-4879-a15f-aca5f0d6c1f7" testListId="8c84fa94-04c1-424b-9868-57a2d4851a1d" />
    <TestEntry testId="9e99c779-9cb0-2179-29a9-b3bb12b72086" executionId="4a0fe079-ad8d-4084-92eb-d5b1924d1792" testListId="8c84fa94-04c1-424b-9868-57a2d4851a1d" />
    <TestEntry testId="9f2cfb3f-f386-3a8d-bc72-85c11fd50031" executionId="546e62a5-c1c1-4fb5-99eb-05b588263202" testListId="8c84fa94-04c1-424b-9868-57a2d4851a1d" />
    <TestEntry testId="ae30eb5e-99c2-3639-8e76-5328de3ee749" executionId="83987178-2fce-4b94-986a-0e67f6acd72f" testListId="8c84fa94-04c1-424b-9868-57a2d4851a1d" />
    <TestEntry testId="b0140be8-20d4-63df-0dff-f47dbbb28f77" executionId="0ef6f708-1821-44f3-aa06-c4878da9a24e" testListId="8c84fa94-04c1-424b-9868-57a2d4851a1d" />
    <TestEntry testId="b056cf59-8fa4-2601-3e07-22bbd4cdef7a" executionId="ccc60326-8891-4c21-a2bb-10741804b759" testListId="8c84fa94-04c1-424b-9868-57a2d4851a1d" />
    <TestEntry testId="b2304fb9-e24c-d563-ee21-4345f8884f3b" executionId="073b162b-b55f-451f-81bc-16b48644aa13" testListId="8c84fa94-04c1-424b-9868-57a2d4851a1d" />
    <TestEntry testId="b3d38d81-5db3-af13-19d8-3b66c9091b47" executionId="059f5a71-207b-42a3-9cfb-4f4f5e84be74" testListId="8c84fa94-04c1-424b-9868-57a2d4851a1d" />
    <TestEntry testId="b42fda1c-6e73-03dc-6f44-1ee3a6833642" executionId="26bd4009-a6ab-4a71-8187-b4f1606bf95c" testListId="8c84fa94-04c1-424b-9868-57a2d4851a1d" />
    <TestEntry testId="bc0f01b1-f1ba-51ef-7e65-566bd897ecf4" executionId="0f5a00ad-e725-436a-89ca-fabadaf2c658" testListId="8c84fa94-04c1-424b-9868-57a2d4851a1d" />
    <TestEntry testId="c97e6a0d-3e80-4df5-30ec-d3bc8838ec4f" executionId="5f11b11c-9158-489c-8cf6-e8355a37ba3f" testListId="8c84fa94-04c1-424b-9868-57a2d4851a1d" />
    <TestEntry testId="c98abb5f-e545-1e8f-cc10-c61fc20bf6f3" executionId="2a947ede-3179-4c58-9dfa-6445deb0b244" testListId="8c84fa94-04c1-424b-9868-57a2d4851a1d" />
    <TestEntry testId="ccf2adf8-8f7c-d69a-2689-285c1fe760c9" executionId="bfd7d8f5-f14e-44ef-bcca-bc9da668013d" testListId="8c84fa94-04c1-424b-9868-57a2d4851a1d" />
    <TestEntry testId="d0aaa9b0-68ea-9a3a-f2ab-fd75a2b80397" executionId="ab91ef52-1216-4ed3-a174-466441c23e92" testListId="8c84fa94-04c1-424b-9868-57a2d4851a1d" />
    <TestEntry testId="dac69ede-b084-cf39-70be-7386e1c6de8b" executionId="658984c9-3a09-4b8c-be5d-1c0904e1107a" testListId="8c84fa94-04c1-424b-9868-57a2d4851a1d" />
    <TestEntry testId="ded0b5ef-d35f-ab8b-9fd3-c5fce5a0eca8" executionId="3dd94313-f20a-4179-902f-34b3d7ae8169" testListId="8c84fa94-04c1-424b-9868-57a2d4851a1d" />
    <TestEntry testId="e0a66f2a-5d66-e71d-92d0-aa09bfde9293" executionId="062c5246-22a7-4229-93fb-5b9bfec0d235" testListId="8c84fa94-04c1-424b-9868-57a2d4851a1d" />
    <TestEntry testId="e5d5ef2e-80f0-df9a-9ddf-32f550e0c198" executionId="d09386da-8fda-4321-8ab2-31ecfa412327" testListId="8c84fa94-04c1-424b-9868-57a2d4851a1d" />
    <TestEntry testId="f71a1a2a-41bb-6050-f8b6-052de32f7e3a" executionId="839a79e7-8dbd-4477-8b98-3d5de6c4be7e" testListId="8c84fa94-04c1-424b-9868-57a2d4851a1d" />
    <TestEntry testId="ff1f104e-2e4c-1d45-d3d0-490eeef60b4c" executionId="36ae93b4-adfe-48bb-905d-02963b227228" testListId="8c84fa94-04c1-424b-9868-57a2d4851a1d" />
  </TestEntries>
  <Results>
    <UnitTestResult executionId="67e29add-bde2-499a-97e6-c7b32f112d89" testId="02bd4a3d-ad0c-3461-3763-939df8167b38" testName="IsUnicodeTest" computerName="NU1NB2RSNIYL0VA" duration="00:00:00.0439922" startTime="2013-10-26T11:39:30.8676793+08:00" endTime="2013-10-26T11:39:31.0416892+08:00" testType="13cdc9d9-ddb5-4fa4-a97d-d965ccfc6d4b" outcome="Inconclusive" testListId="8c84fa94-04c1-424b-9868-57a2d4851a1d" relativeResultsDirectory="67e29add-bde2-499a-97e6-c7b32f112d89">
      <Output>
        <ErrorInfo>
          <Message>Assert.Inconclusive 失败。验证此测试方法的正确性。</Message>
          <StackTrace>   在 TestCRCLibrary.StringRegexExtensionTest.IsUnicodeTest() 位置 D:\Documents\Visual Studio 2010\Projects\Owner\Extension\TestCRCLibrary\Extension\StringRegexExtensionTest.cs:行号 205
</StackTrace>
        </ErrorInfo>
      </Output>
    </UnitTestResult>
    <UnitTestResult executionId="8fb86b9b-7538-44f7-a76b-4961b861d852" testId="07d9b3fb-20d2-e699-a6cb-d25fb1e29c5b" testName="GetIPAddressTest1" computerName="NU1NB2RSNIYL0VA" duration="00:00:00.0012402" startTime="2013-10-26T11:39:31.0426893+08:00" endTime="2013-10-26T11:39:31.0466895+08:00" testType="13cdc9d9-ddb5-4fa4-a97d-d965ccfc6d4b" outcome="Passed" testListId="8c84fa94-04c1-424b-9868-57a2d4851a1d" relativeResultsDirectory="8fb86b9b-7538-44f7-a76b-4961b861d852">
    </UnitTestResult>
    <UnitTestResult executionId="505e186f-b0b3-466d-bc52-77619fbdd7d1" testId="121e2e18-7197-e132-400e-708115b79e72" testName="ByteToBinaryTest" computerName="NU1NB2RSNIYL0VA" duration="00:00:00.0005734" startTime="2013-10-26T11:39:31.0466895+08:00" endTime="2013-10-26T11:39:31.0496897+08:00" testType="13cdc9d9-ddb5-4fa4-a97d-d965ccfc6d4b" outcome="Passed" testListId="8c84fa94-04c1-424b-9868-57a2d4851a1d" relativeResultsDirectory="505e186f-b0b3-466d-bc52-77619fbdd7d1">
    </UnitTestResult>
    <UnitTestResult executionId="2abb5537-a869-480b-a7de-3d978fd6d783" testId="125c65d5-dc65-e511-f6f8-d90e7a54cbce" testName="InvokeIfNeededTest2" computerName="NU1NB2RSNIYL0VA" duration="00:00:00.0049900" startTime="2013-10-26T11:39:31.0496897+08:00" endTime="2013-10-26T11:39:31.0566901+08:00" testType="13cdc9d9-ddb5-4fa4-a97d-d965ccfc6d4b" outcome="Passed" testListId="8c84fa94-04c1-424b-9868-57a2d4851a1d" relativeResultsDirectory="2abb5537-a869-480b-a7de-3d978fd6d783">
    </UnitTestResult>
    <UnitTestResult executionId="850b1bdc-e5c1-4275-9d39-89d85b000e39" testId="175c3708-dc6d-8a12-ecb0-7888e48314d2" testName="NextNumberTest" computerName="NU1NB2RSNIYL0VA" duration="00:00:00.0290720" startTime="2013-10-26T11:39:31.0576901+08:00" endTime="2013-10-26T11:39:31.0886919+08:00" testType="13cdc9d9-ddb5-4fa4-a97d-d965ccfc6d4b" outcome="Failed" testListId="8c84fa94-04c1-424b-9868-57a2d4851a1d" relativeResultsDirectory="850b1bdc-e5c1-4275-9d39-89d85b000e39">
      <Output>
        <ErrorInfo>
          <Message>测试方法 TestCRCLibrary.RandomExtensionTest.NextNumberTest 引发了异常: 
System.ArgumentNullException: 值不能为 null。
参数名: random</Message>
          <StackTrace>    在 CRC.Extension.RandomExtension.NextNumber(Random random, Int32 length) 位置 D:\Documents\Visual Studio 2010\Projects\Owner\Extension\Extension\Extension\RandomExtension.cs:行号 80
   在 TestCRCLibrary.RandomExtensionTest.NextNumberTest() 位置 D:\Documents\Visual Studio 2010\Projects\Owner\Extension\TestCRCLibrary\Extension\RandomExtensionTest.cs:行号 167
</StackTrace>
        </ErrorInfo>
      </Output>
    </UnitTestResult>
    <UnitTestResult executionId="597275dd-b0c3-4941-a406-6834cd5f4395" testId="1dcdf0b5-25a3-ae3d-3d8c-fe83664f5da0" testName="AddOrReplaceTest" computerName="NU1NB2RSNIYL0VA" duration="00:00:00.0015888" startTime="2013-10-26T11:39:31.0886919+08:00" endTime="2013-10-26T11:39:31.0926921+08:00" testType="13cdc9d9-ddb5-4fa4-a97d-d965ccfc6d4b" outcome="Passed" testListId="8c84fa94-04c1-424b-9868-57a2d4851a1d" relativeResultsDirectory="597275dd-b0c3-4941-a406-6834cd5f4395">
    </UnitTestResult>
    <UnitTestResult executionId="d234a978-84a0-402e-a712-e3b6e5bea4a3" testId="1df5b73e-5da6-5978-0024-87ffc851ad48" testName="IsMatchTest" computerName="NU1NB2RSNIYL0VA" duration="00:00:00.0010262" startTime="2013-10-26T11:39:31.0926921+08:00" endTime="2013-10-26T11:39:31.0956923+08:00" testType="13cdc9d9-ddb5-4fa4-a97d-d965ccfc6d4b" outcome="Passed" testListId="8c84fa94-04c1-424b-9868-57a2d4851a1d" relativeResultsDirectory="d234a978-84a0-402e-a712-e3b6e5bea4a3">
    </UnitTestResult>
    <UnitTestResult executionId="e0c7b62e-accc-4d2b-9187-afcb4f93e106" testId="2c4f8c6f-7382-072a-138c-88f64a2d9986" testName="GetBitTest" computerName="NU1NB2RSNIYL0VA" duration="00:00:00.0004336" startTime="2013-10-26T11:39:31.0966923+08:00" endTime="2013-10-26T11:39:31.0986925+08:00" testType="13cdc9d9-ddb5-4fa4-a97d-d965ccfc6d4b" outcome="Passed" testListId="8c84fa94-04c1-424b-9868-57a2d4851a1d" relativeResultsDirectory="e0c7b62e-accc-4d2b-9187-afcb4f93e106">
    </UnitTestResult>
    <UnitTestResult executionId="6997fcde-3285-4155-b1a1-008ad0db35cc" testId="327c79ba-a5c4-8647-6e58-09f9fecce10f" testName="ToHexTest1" computerName="NU1NB2RSNIYL0VA" duration="00:00:00.0004082" startTime="2013-10-26T11:39:31.0986925+08:00" endTime="2013-10-26T11:39:31.1006926+08:00" testType="13cdc9d9-ddb5-4fa4-a97d-d965ccfc6d4b" outcome="Passed" testListId="8c84fa94-04c1-424b-9868-57a2d4851a1d" relativeResultsDirectory="6997fcde-3285-4155-b1a1-008ad0db35cc">
    </UnitTestResult>
    <UnitTestResult executionId="85a55b32-45aa-4b06-bbff-4c1dd3b45384" testId="33486f68-c09a-a547-b356-093b5382f9f2" testName="GetPageTitleTest" computerName="NU1NB2RSNIYL0VA" duration="00:00:00.0007559" startTime="2013-10-26T11:39:31.1006926+08:00" endTime="2013-10-26T11:39:31.1036927+08:00" testType="13cdc9d9-ddb5-4fa4-a97d-d965ccfc6d4b" outcome="Inconclusive" testListId="8c84fa94-04c1-424b-9868-57a2d4851a1d" relativeResultsDirectory="85a55b32-45aa-4b06-bbff-4c1dd3b45384">
      <Output>
        <ErrorInfo>
          <Message>Assert.Inconclusive 失败。验证此测试方法的正确性。</Message>
          <StackTrace>   在 TestCRCLibrary.StringRegexExtensionTest.GetPageTitleTest() 位置 D:\Documents\Visual Studio 2010\Projects\Owner\Extension\TestCRCLibrary\Extension\StringRegexExtensionTest.cs:行号 78
</StackTrace>
        </ErrorInfo>
      </Output>
    </UnitTestResult>
    <UnitTestResult executionId="2f9efc44-f823-46b9-bc35-3953e522f766" testId="33a310f8-52e1-912a-ff33-502a73018d41" testName="ArrayAreEqualTest" computerName="NU1NB2RSNIYL0VA" duration="00:00:00.0003120" startTime="2013-10-26T11:39:31.1036927+08:00" endTime="2013-10-26T11:39:31.1056929+08:00" testType="13cdc9d9-ddb5-4fa4-a97d-d965ccfc6d4b" outcome="Passed" testListId="8c84fa94-04c1-424b-9868-57a2d4851a1d" relativeResultsDirectory="2f9efc44-f823-46b9-bc35-3953e522f766">
    </UnitTestResult>
    <UnitTestResult executionId="3cbdc175-bfe5-46fc-a298-9cbea44f8b70" testId="38f178a0-9c0d-04b6-a6e0-3b6095e18668" testName="IsMatchTest" computerName="NU1NB2RSNIYL0VA" duration="00:00:00.0011792" startTime="2013-10-26T11:39:31.1066929+08:00" endTime="2013-10-26T11:39:31.1096931+08:00" testType="13cdc9d9-ddb5-4fa4-a97d-d965ccfc6d4b" outcome="Failed" testListId="8c84fa94-04c1-424b-9868-57a2d4851a1d" relativeResultsDirectory="3cbdc175-bfe5-46fc-a298-9cbea44f8b70">
      <Output>
        <ErrorInfo>
          <Message>Assert.AreEqual 失败。应为: &lt;False&gt;，实际为: &lt;True&gt;。</Message>
          <StackTrace>   在 TestCRCLibrary.StringRegexExtensionTest.IsMatchTest() 位置 D:\Documents\Visual Studio 2010\Projects\Owner\Extension\TestCRCLibrary\Extension\StringRegexExtensionTest.cs:行号 162
</StackTrace>
        </ErrorInfo>
      </Output>
    </UnitTestResult>
    <UnitTestResult executionId="2794f4fe-388e-4ee7-b164-77a8046e2b50" testId="393ba492-8800-19bd-e638-130a15a9f641" testName="ReverseBitTest" computerName="NU1NB2RSNIYL0VA" duration="00:00:00.0011205" startTime="2013-10-26T11:39:31.1096931+08:00" endTime="2013-10-26T11:39:31.1126933+08:00" testType="13cdc9d9-ddb5-4fa4-a97d-d965ccfc6d4b" outcome="Failed" testListId="8c84fa94-04c1-424b-9868-57a2d4851a1d" relativeResultsDirectory="2794f4fe-388e-4ee7-b164-77a8046e2b50">
      <Output>
        <ErrorInfo>
          <Message>Assert.AreEqual 失败。应为: &lt;0&gt;，实际为: &lt;1&gt;。</Message>
          <StackTrace>   在 TestCRCLibrary.ByteExtensionTest.ReverseBitTest() 位置 D:\Documents\Visual Studio 2010\Projects\Owner\Extension\TestCRCLibrary\Extension\ByteExtensionTest.cs:行号 170
</StackTrace>
        </ErrorInfo>
      </Output>
    </UnitTestResult>
    <UnitTestResult executionId="6ec4d158-a988-4737-8937-93b5c55dd038" testId="3b0ee96d-c074-bb42-e2e2-6e5cc4548638" testName="SetBitTest" computerName="NU1NB2RSNIYL0VA" duration="00:00:00.0003191" startTime="2013-10-26T11:39:31.1126933+08:00" endTime="2013-10-26T11:39:31.1146934+08:00" testType="13cdc9d9-ddb5-4fa4-a97d-d965ccfc6d4b" outcome="Passed" testListId="8c84fa94-04c1-424b-9868-57a2d4851a1d" relativeResultsDirectory="6ec4d158-a988-4737-8937-93b5c55dd038">
    </UnitTestResult>
    <UnitTestResult executionId="45ddae83-57bc-481b-86c5-1b26ad412223" testId="45b35ea2-14c5-7dd5-0a1e-1ba1e5fc6700" testName="GetIPTextTest" computerName="NU1NB2RSNIYL0VA" duration="00:00:00.0004278" startTime="2013-10-26T11:39:31.1156934+08:00" endTime="2013-10-26T11:39:31.1176936+08:00" testType="13cdc9d9-ddb5-4fa4-a97d-d965ccfc6d4b" outcome="Passed" testListId="8c84fa94-04c1-424b-9868-57a2d4851a1d" relativeResultsDirectory="45ddae83-57bc-481b-86c5-1b26ad412223">
    </UnitTestResult>
    <UnitTestResult executionId="2d7d6169-c02f-48f4-a73b-d2bbf420b9e3" testId="46077f12-4f58-7911-6b76-b1224910c3e2" testName="ToBytesTest" computerName="NU1NB2RSNIYL0VA" duration="00:00:00.0010404" startTime="2013-10-26T11:39:31.1176936+08:00" endTime="2013-10-26T11:39:31.1206937+08:00" testType="13cdc9d9-ddb5-4fa4-a97d-d965ccfc6d4b" outcome="Passed" testListId="8c84fa94-04c1-424b-9868-57a2d4851a1d" relativeResultsDirectory="2d7d6169-c02f-48f4-a73b-d2bbf420b9e3">
    </UnitTestResult>
    <UnitTestResult executionId="6c6d6663-cd27-44e9-89a0-2c2b037805e3" testId="460e8c17-b29b-93fd-d06e-b486d1dc0a6c" testName="IsNumberTest" computerName="NU1NB2RSNIYL0VA" duration="00:00:00.0002504" startTime="2013-10-26T11:39:31.1206937+08:00" endTime="2013-10-26T11:39:31.1226938+08:00" testType="13cdc9d9-ddb5-4fa4-a97d-d965ccfc6d4b" outcome="Passed" testListId="8c84fa94-04c1-424b-9868-57a2d4851a1d" relativeResultsDirectory="6c6d6663-cd27-44e9-89a0-2c2b037805e3">
    </UnitTestResult>
    <UnitTestResult executionId="8707a58b-8be2-447b-90d9-5a616255792e" testId="46ccb8f7-f863-e0f6-f369-0cf8b9e2fab9" testName="BTest" computerName="NU1NB2RSNIYL0VA" duration="00:00:00.0003887" startTime="2013-10-26T11:39:31.1236939+08:00" endTime="2013-10-26T11:39:31.1256940+08:00" testType="13cdc9d9-ddb5-4fa4-a97d-d965ccfc6d4b" outcome="Passed" testListId="8c84fa94-04c1-424b-9868-57a2d4851a1d" relativeResultsDirectory="8707a58b-8be2-447b-90d9-5a616255792e">
    </UnitTestResult>
    <UnitTestResult executionId="2f60ad99-af12-4dff-a156-72e41ef07be6" testId="49f1990b-49db-5adf-5df3-07da899614c8" testName="AddSeparateTest" computerName="NU1NB2RSNIYL0VA" duration="00:00:00.0042238" startTime="2013-10-26T11:39:31.1266941+08:00" endTime="2013-10-26T11:39:31.1336945+08:00" testType="13cdc9d9-ddb5-4fa4-a97d-d965ccfc6d4b" outcome="Passed" testListId="8c84fa94-04c1-424b-9868-57a2d4851a1d" relativeResultsDirectory="2f60ad99-af12-4dff-a156-72e41ef07be6">
    </UnitTestResult>
    <UnitTestResult executionId="d65e86b9-6027-468e-ba1e-d076c08b370d" testId="4b4e61b3-635f-c9db-0d57-8ab0317c2763" testName="QueueInvokeTest1" computerName="NU1NB2RSNIYL0VA" duration="00:00:00.0001510" startTime="2013-10-26T11:39:31.1346945+08:00" endTime="2013-10-26T11:39:31.1356946+08:00" testType="13cdc9d9-ddb5-4fa4-a97d-d965ccfc6d4b" outcome="Passed" testListId="8c84fa94-04c1-424b-9868-57a2d4851a1d" relativeResultsDirectory="d65e86b9-6027-468e-ba1e-d076c08b370d">
    </UnitTestResult>
    <UnitTestResult executionId="193dda68-99b9-418e-9375-88799a0cb85f" testId="4db46510-3fb8-dd54-7592-7a984db69c5a" testName="InvokeIfNeededTest" computerName="NU1NB2RSNIYL0VA" duration="00:00:00.0012530" startTime="2013-10-26T11:39:31.1366946+08:00" endTime="2013-10-26T11:39:31.1386948+08:00" testType="13cdc9d9-ddb5-4fa4-a97d-d965ccfc6d4b" outcome="Passed" testListId="8c84fa94-04c1-424b-9868-57a2d4851a1d" relativeResultsDirectory="193dda68-99b9-418e-9375-88799a0cb85f">
    </UnitTestResult>
    <UnitTestResult executionId="ba7520df-9fe6-4db8-b811-30703f80b45b" testId="4e3e63f9-9021-3058-c1f5-02dcbf499abe" testName="GetPortTest" computerName="NU1NB2RSNIYL0VA" duration="00:00:00.0003393" startTime="2013-10-26T11:39:31.1396948+08:00" endTime="2013-10-26T11:39:31.1416949+08:00" testType="13cdc9d9-ddb5-4fa4-a97d-d965ccfc6d4b" outcome="Passed" testListId="8c84fa94-04c1-424b-9868-57a2d4851a1d" relativeResultsDirectory="ba7520df-9fe6-4db8-b811-30703f80b45b">
    </UnitTestResult>
    <UnitTestResult executionId="3b34d2e8-4cc2-43d1-89ec-2a50549112de" testId="50815036-d271-14ab-29ec-1149e9c95e57" testName="BytesToStringTest" computerName="NU1NB2RSNIYL0VA" duration="00:00:00.0012498" startTime="2013-10-26T11:39:31.1416949+08:00" endTime="2013-10-26T11:39:31.1446951+08:00" testType="13cdc9d9-ddb5-4fa4-a97d-d965ccfc6d4b" outcome="Passed" testListId="8c84fa94-04c1-424b-9868-57a2d4851a1d" relativeResultsDirectory="3b34d2e8-4cc2-43d1-89ec-2a50549112de">
    </UnitTestResult>
    <UnitTestResult executionId="3807bdc5-2d81-4682-a45d-6973d98e1f6a" testId="53b8deb8-659a-3ee4-6285-cbe99f511352" testName="BytesTo16Test" computerName="NU1NB2RSNIYL0VA" duration="00:00:00.0002530" startTime="2013-10-26T11:39:31.1446951+08:00" endTime="2013-10-26T11:39:31.1466952+08:00" testType="13cdc9d9-ddb5-4fa4-a97d-d965ccfc6d4b" outcome="Passed" testListId="8c84fa94-04c1-424b-9868-57a2d4851a1d" relativeResultsDirectory="3807bdc5-2d81-4682-a45d-6973d98e1f6a">
    </UnitTestResult>
    <UnitTestResult executionId="39e74bf4-21bb-48ad-8ee0-f11c76e9efa1" testId="55d3d927-b52b-031a-5932-fbc2845b3f5c" testName="QueueInvokeTest" computerName="NU1NB2RSNIYL0VA" duration="00:00:00.0000885" startTime="2013-10-26T11:39:31.1476953+08:00" endTime="2013-10-26T11:39:31.1486953+08:00" testType="13cdc9d9-ddb5-4fa4-a97d-d965ccfc6d4b" outcome="Passed" testListId="8c84fa94-04c1-424b-9868-57a2d4851a1d" relativeResultsDirectory="39e74bf4-21bb-48ad-8ee0-f11c76e9efa1">
    </UnitTestResult>
    <UnitTestResult executionId="1631c939-78e8-44d2-bfef-7aa3cf5dbc5e" testId="583c2501-b676-2920-2fe5-7febaa217f1c" testName="IsIPAddressTest" computerName="NU1NB2RSNIYL0VA" duration="00:00:00.0006032" startTime="2013-10-26T11:39:31.1496954+08:00" endTime="2013-10-26T11:39:31.1516955+08:00" testType="13cdc9d9-ddb5-4fa4-a97d-d965ccfc6d4b" outcome="Inconclusive" testListId="8c84fa94-04c1-424b-9868-57a2d4851a1d" relativeResultsDirectory="1631c939-78e8-44d2-bfef-7aa3cf5dbc5e">
      <Output>
        <ErrorInfo>
          <Message>Assert.Inconclusive 失败。验证此测试方法的正确性。</Message>
          <StackTrace>   在 TestCRCLibrary.StringRegexExtensionTest.IsIPAddressTest() 位置 D:\Documents\Visual Studio 2010\Projects\Owner\Extension\TestCRCLibrary\Extension\StringRegexExtensionTest.cs:行号 148
</StackTrace>
        </ErrorInfo>
      </Output>
    </UnitTestResult>
    <UnitTestResult executionId="4d647c04-1f6c-41ea-9ac8-6c35befc9ad0" testId="5a17964a-01fe-e5e1-fb05-e7fa6371984b" testName="IsNumberTest" computerName="NU1NB2RSNIYL0VA" duration="00:00:00.0006035" startTime="2013-10-26T11:39:31.1516955+08:00" endTime="2013-10-26T11:39:31.1546957+08:00" testType="13cdc9d9-ddb5-4fa4-a97d-d965ccfc6d4b" outcome="Inconclusive" testListId="8c84fa94-04c1-424b-9868-57a2d4851a1d" relativeResultsDirectory="4d647c04-1f6c-41ea-9ac8-6c35befc9ad0">
      <Output>
        <ErrorInfo>
          <Message>Assert.Inconclusive 失败。验证此测试方法的正确性。</Message>
          <StackTrace>   在 TestCRCLibrary.StringRegexExtensionTest.IsNumberTest() 位置 D:\Documents\Visual Studio 2010\Projects\Owner\Extension\TestCRCLibrary\Extension\StringRegexExtensionTest.cs:行号 177
</StackTrace>
        </ErrorInfo>
      </Output>
    </UnitTestResult>
    <UnitTestResult executionId="5ac6eb18-478c-49b3-a464-d10b0e59716d" testId="62a02849-4036-40f1-d8a6-e1a36ed10eb8" testName="ToBytesTest1" computerName="NU1NB2RSNIYL0VA" duration="00:00:00.0004650" startTime="2013-10-26T11:39:31.1546957+08:00" endTime="2013-10-26T11:39:31.1566958+08:00" testType="13cdc9d9-ddb5-4fa4-a97d-d965ccfc6d4b" outcome="Passed" testListId="8c84fa94-04c1-424b-9868-57a2d4851a1d" relativeResultsDirectory="5ac6eb18-478c-49b3-a464-d10b0e59716d">
    </UnitTestResult>
    <UnitTestResult executionId="d6d252f9-1bd1-418e-be56-37d256a60651" testId="64208872-23ce-1122-abe8-653bc9c9f952" testName="IsNumberMoreTest" computerName="NU1NB2RSNIYL0VA" duration="00:00:00.0002395" startTime="2013-10-26T11:39:31.1576958+08:00" endTime="2013-10-26T11:39:31.1586959+08:00" testType="13cdc9d9-ddb5-4fa4-a97d-d965ccfc6d4b" outcome="Passed" testListId="8c84fa94-04c1-424b-9868-57a2d4851a1d" relativeResultsDirectory="d6d252f9-1bd1-418e-be56-37d256a60651">
    </UnitTestResult>
    <UnitTestResult executionId="98669d33-ea0f-46ba-a638-9fcbdcb7c34e" testId="6807d594-c329-1403-acdd-bfc84223ce4f" testName="NextItemTest1" computerName="NU1NB2RSNIYL0VA" duration="00:00:00.0015054" startTime="2013-10-26T11:39:31.1596960+08:00" endTime="2013-10-26T11:39:31.1626961+08:00" testType="13cdc9d9-ddb5-4fa4-a97d-d965ccfc6d4b" outcome="Failed" testListId="8c84fa94-04c1-424b-9868-57a2d4851a1d" relativeResultsDirectory="98669d33-ea0f-46ba-a638-9fcbdcb7c34e">
      <Output>
        <ErrorInfo>
          <Message>测试方法 TestCRCLibrary.RandomExtensionTest.NextItemTest1 引发了异常: 
System.ArgumentNullException: 值不能为 null。
参数名: random</Message>
          <StackTrace>    在 CRC.Extension.RandomExtension.NextItem[T](Random random, T[] array) 位置 D:\Documents\Visual Studio 2010\Projects\Owner\Extension\Extension\Extension\RandomExtension.cs:行号 139
   在 TestCRCLibrary.RandomExtensionTest.NextItemTest1Helper[T]() 位置 D:\Documents\Visual Studio 2010\Projects\Owner\Extension\TestCRCLibrary\Extension\RandomExtensionTest.cs:行号 146
   在 TestCRCLibrary.RandomExtensionTest.NextItemTest1() 位置 D:\Documents\Visual Studio 2010\Projects\Owner\Extension\TestCRCLibrary\Extension\RandomExtensionTest.cs:行号 154
</StackTrace>
        </ErrorInfo>
      </Output>
    </UnitTestResult>
    <UnitTestResult executionId="c8c5ae15-a17e-4234-94c7-e900e3c0e7cc" testId="68688540-1196-bc66-bb89-c1a4d8d80f37" testName="GetParityTest1" computerName="NU1NB2RSNIYL0VA" duration="00:00:00.0006385" startTime="2013-10-26T11:39:31.1626961+08:00" endTime="2013-10-26T11:39:31.1656963+08:00" testType="13cdc9d9-ddb5-4fa4-a97d-d965ccfc6d4b" outcome="Passed" testListId="8c84fa94-04c1-424b-9868-57a2d4851a1d" relativeResultsDirectory="c8c5ae15-a17e-4234-94c7-e900e3c0e7cc">
    </UnitTestResult>
    <UnitTestResult executionId="7a77d084-0092-4436-89c1-f54eae38ddf1" testId="6c47274b-f203-1649-0358-f512b745feb6" testName="IsHTMLTest" computerName="NU1NB2RSNIYL0VA" duration="00:00:00.0005894" startTime="2013-10-26T11:39:31.1656963+08:00" endTime="2013-10-26T11:39:31.1676964+08:00" testType="13cdc9d9-ddb5-4fa4-a97d-d965ccfc6d4b" outcome="Inconclusive" testListId="8c84fa94-04c1-424b-9868-57a2d4851a1d" relativeResultsDirectory="7a77d084-0092-4436-89c1-f54eae38ddf1">
      <Output>
        <ErrorInfo>
          <Message>Assert.Inconclusive 失败。验证此测试方法的正确性。</Message>
          <StackTrace>   在 TestCRCLibrary.StringRegexExtensionTest.IsHTMLTest() 位置 D:\Documents\Visual Studio 2010\Projects\Owner\Extension\TestCRCLibrary\Extension\StringRegexExtensionTest.cs:行号 134
</StackTrace>
        </ErrorInfo>
      </Output>
    </UnitTestResult>
    <UnitTestResult executionId="c98aa2f9-e467-4922-b9c3-2f95c2d5342a" testId="7068c1e4-d70b-99b8-19a8-bd53b7c4cd67" testName="InvokeIfNeededTest1" computerName="NU1NB2RSNIYL0VA" duration="00:00:00.0008091" startTime="2013-10-26T11:39:31.1686965+08:00" endTime="2013-10-26T11:39:31.1736968+08:00" testType="13cdc9d9-ddb5-4fa4-a97d-d965ccfc6d4b" outcome="Passed" testListId="8c84fa94-04c1-424b-9868-57a2d4851a1d" relativeResultsDirectory="c98aa2f9-e467-4922-b9c3-2f95c2d5342a">
    </UnitTestResult>
    <UnitTestResult executionId="0d259a5e-d8da-4fb1-8da8-8fafa7c509c1" testId="733b86f2-ce5b-3ee2-8e4b-3734104b7bbd" testName="GetScriptTest" computerName="NU1NB2RSNIYL0VA" duration="00:00:00.0006427" startTime="2013-10-26T11:39:31.1736968+08:00" endTime="2013-10-26T11:39:31.1766969+08:00" testType="13cdc9d9-ddb5-4fa4-a97d-d965ccfc6d4b" outcome="Inconclusive" testListId="8c84fa94-04c1-424b-9868-57a2d4851a1d" relativeResultsDirectory="0d259a5e-d8da-4fb1-8da8-8fafa7c509c1">
      <Output>
        <ErrorInfo>
          <Message>Assert.Inconclusive 失败。验证此测试方法的正确性。</Message>
          <StackTrace>   在 TestCRCLibrary.StringRegexExtensionTest.GetScriptTest() 位置 D:\Documents\Visual Studio 2010\Projects\Owner\Extension\TestCRCLibrary\Extension\StringRegexExtensionTest.cs:行号 92
</StackTrace>
        </ErrorInfo>
      </Output>
    </UnitTestResult>
    <UnitTestResult executionId="0c7b7177-5418-413b-bf61-8040c56e068c" testId="7b169008-b208-c129-2b8f-95d0f8832d06" testName="GetIPAddressTest" computerName="NU1NB2RSNIYL0VA" duration="00:00:00.0003441" startTime="2013-10-26T11:39:31.1766969+08:00" endTime="2013-10-26T11:39:31.1786970+08:00" testType="13cdc9d9-ddb5-4fa4-a97d-d965ccfc6d4b" outcome="Passed" testListId="8c84fa94-04c1-424b-9868-57a2d4851a1d" relativeResultsDirectory="0c7b7177-5418-413b-bf61-8040c56e068c">
    </UnitTestResult>
    <UnitTestResult executionId="0a32838e-d51d-43d3-8a32-d8dbced28c58" testId="8184ceb8-5723-d229-7ffe-8100f3f04dc9" testName="TryAddTest" computerName="NU1NB2RSNIYL0VA" duration="00:00:00.0011529" startTime="2013-10-26T11:39:31.1796971+08:00" endTime="2013-10-26T11:39:31.1816972+08:00" testType="13cdc9d9-ddb5-4fa4-a97d-d965ccfc6d4b" outcome="Passed" testListId="8c84fa94-04c1-424b-9868-57a2d4851a1d" relativeResultsDirectory="0a32838e-d51d-43d3-8a32-d8dbced28c58">
    </UnitTestResult>
    <UnitTestResult executionId="da8f1375-c123-45df-b045-b27f35af4285" testId="8256d590-9eaa-4d30-09d3-d7f5ac8de980" testName="NextBoolTest" computerName="NU1NB2RSNIYL0VA" duration="00:00:00.0011808" startTime="2013-10-26T11:39:31.1826973+08:00" endTime="2013-10-26T11:39:31.1856974+08:00" testType="13cdc9d9-ddb5-4fa4-a97d-d965ccfc6d4b" outcome="Failed" testListId="8c84fa94-04c1-424b-9868-57a2d4851a1d" relativeResultsDirectory="da8f1375-c123-45df-b045-b27f35af4285">
      <Output>
        <ErrorInfo>
          <Message>测试方法 TestCRCLibrary.RandomExtensionTest.NextBoolTest 引发了异常: 
System.ArgumentNullException: 值不能为 null。
参数名: random</Message>
          <StackTrace>    在 CRC.Extension.RandomExtension.NextBool(Random random) 位置 D:\Documents\Visual Studio 2010\Projects\Owner\Extension\Extension\Extension\RandomExtension.cs:行号 28
   在 TestCRCLibrary.RandomExtensionTest.NextBoolTest() 位置 D:\Documents\Visual Studio 2010\Projects\Owner\Extension\TestCRCLibrary\Extension\RandomExtensionTest.cs:行号 77
</StackTrace>
        </ErrorInfo>
      </Output>
    </UnitTestResult>
    <UnitTestResult executionId="1c504422-c542-4c34-95a4-09c4a9acc072" testId="83a128aa-6bcf-b586-c689-9a4d045e8369" testName="GetIPTextTest1" computerName="NU1NB2RSNIYL0VA" duration="00:00:00.0002661" startTime="2013-10-26T11:39:31.1856974+08:00" endTime="2013-10-26T11:39:31.1876976+08:00" testType="13cdc9d9-ddb5-4fa4-a97d-d965ccfc6d4b" outcome="Passed" testListId="8c84fa94-04c1-424b-9868-57a2d4851a1d" relativeResultsDirectory="1c504422-c542-4c34-95a4-09c4a9acc072">
    </UnitTestResult>
    <UnitTestResult executionId="a1468087-d063-45d6-b15e-8ca4c292054f" testId="858c5542-3bd5-806b-9ecf-21e4deac21e9" testName="IsEmailTest" computerName="NU1NB2RSNIYL0VA" duration="00:00:00.0005686" startTime="2013-10-26T11:39:31.1886976+08:00" endTime="2013-10-26T11:39:31.1906977+08:00" testType="13cdc9d9-ddb5-4fa4-a97d-d965ccfc6d4b" outcome="Inconclusive" testListId="8c84fa94-04c1-424b-9868-57a2d4851a1d" relativeResultsDirectory="a1468087-d063-45d6-b15e-8ca4c292054f">
      <Output>
        <ErrorInfo>
          <Message>Assert.Inconclusive 失败。验证此测试方法的正确性。</Message>
          <StackTrace>   在 TestCRCLibrary.StringRegexExtensionTest.IsEmailTest() 位置 D:\Documents\Visual Studio 2010\Projects\Owner\Extension\TestCRCLibrary\Extension\StringRegexExtensionTest.cs:行号 120
</StackTrace>
        </ErrorInfo>
      </Output>
    </UnitTestResult>
    <UnitTestResult executionId="4e4f0bab-4f70-42b5-b8f3-e0b53768f8fc" testId="85c695a2-ca6e-7992-f241-b49d45f29974" testName="IsPhoneNumberTest" computerName="NU1NB2RSNIYL0VA" duration="00:00:00.0004948" startTime="2013-10-26T11:39:31.1916978+08:00" endTime="2013-10-26T11:39:31.1926978+08:00" testType="13cdc9d9-ddb5-4fa4-a97d-d965ccfc6d4b" outcome="Inconclusive" testListId="8c84fa94-04c1-424b-9868-57a2d4851a1d" relativeResultsDirectory="4e4f0bab-4f70-42b5-b8f3-e0b53768f8fc">
      <Output>
        <ErrorInfo>
          <Message>Assert.Inconclusive 失败。验证此测试方法的正确性。</Message>
          <StackTrace>   在 TestCRCLibrary.StringRegexExtensionTest.IsPhoneNumberTest() 位置 D:\Documents\Visual Studio 2010\Projects\Owner\Extension\TestCRCLibrary\Extension\StringRegexExtensionTest.cs:行号 191
</StackTrace>
        </ErrorInfo>
      </Output>
    </UnitTestResult>
    <UnitTestResult executionId="5b84816e-44b7-4383-a6c9-97e682794a20" testId="8717655f-3094-45df-df9c-8f70b76c5c46" testName="ToHexTest" computerName="NU1NB2RSNIYL0VA" duration="00:00:00.0001779" startTime="2013-10-26T11:39:31.1936979+08:00" endTime="2013-10-26T11:39:31.1946980+08:00" testType="13cdc9d9-ddb5-4fa4-a97d-d965ccfc6d4b" outcome="Passed" testListId="8c84fa94-04c1-424b-9868-57a2d4851a1d" relativeResultsDirectory="5b84816e-44b7-4383-a6c9-97e682794a20">
    </UnitTestResult>
    <UnitTestResult executionId="96ff3d39-2b50-4a15-869b-2e1ec99d2c55" testId="8883f062-7664-179d-c351-12273fc06189" testName="NextItemTest" computerName="NU1NB2RSNIYL0VA" duration="00:00:00.0015586" startTime="2013-10-26T11:39:31.1956980+08:00" endTime="2013-10-26T11:39:31.1976981+08:00" testType="13cdc9d9-ddb5-4fa4-a97d-d965ccfc6d4b" outcome="Failed" testListId="8c84fa94-04c1-424b-9868-57a2d4851a1d" relativeResultsDirectory="96ff3d39-2b50-4a15-869b-2e1ec99d2c55">
      <Output>
        <ErrorInfo>
          <Message>测试方法 TestCRCLibrary.RandomExtensionTest.NextItemTest 引发了异常: 
System.ArgumentNullException: 值不能为 null。
参数名: random</Message>
          <StackTrace>    在 CRC.Extension.RandomExtension.NextItem[T](Random random, IList`1 etor) 位置 D:\Documents\Visual Studio 2010\Projects\Owner\Extension\Extension\Extension\RandomExtension.cs:行号 124
   在 TestCRCLibrary.RandomExtensionTest.NextItemTestHelper[T]() 位置 D:\Documents\Visual Studio 2010\Projects\Owner\Extension\TestCRCLibrary\Extension\RandomExtensionTest.cs:行号 126
   在 TestCRCLibrary.RandomExtensionTest.NextItemTest() 位置 D:\Documents\Visual Studio 2010\Projects\Owner\Extension\TestCRCLibrary\Extension\RandomExtensionTest.cs:行号 134
</StackTrace>
        </ErrorInfo>
      </Output>
    </UnitTestResult>
    <UnitTestResult executionId="5413f65b-265a-44c7-89c7-ecf1879b9cba" testId="8a2de041-4637-bfd7-f42d-76b6f317f50b" testName="IsUrlTest" computerName="NU1NB2RSNIYL0VA" duration="00:00:00.0005862" startTime="2013-10-26T11:39:31.1986982+08:00" endTime="2013-10-26T11:39:31.2006983+08:00" testType="13cdc9d9-ddb5-4fa4-a97d-d965ccfc6d4b" outcome="Inconclusive" testListId="8c84fa94-04c1-424b-9868-57a2d4851a1d" relativeResultsDirectory="5413f65b-265a-44c7-89c7-ecf1879b9cba">
      <Output>
        <ErrorInfo>
          <Message>Assert.Inconclusive 失败。验证此测试方法的正确性。</Message>
          <StackTrace>   在 TestCRCLibrary.StringRegexExtensionTest.IsUrlTest() 位置 D:\Documents\Visual Studio 2010\Projects\Owner\Extension\TestCRCLibrary\Extension\StringRegexExtensionTest.cs:行号 219
</StackTrace>
        </ErrorInfo>
      </Output>
    </UnitTestResult>
    <UnitTestResult executionId="7b1218fb-05dc-4c7a-96ad-cec605ce5f07" testId="8bbf893e-2050-b878-bd67-9ede689d769b" testName="PortToBytesTest" computerName="NU1NB2RSNIYL0VA" duration="00:00:00.0008672" startTime="2013-10-26T11:39:31.2006983+08:00" endTime="2013-10-26T11:39:31.2026984+08:00" testType="13cdc9d9-ddb5-4fa4-a97d-d965ccfc6d4b" outcome="Passed" testListId="8c84fa94-04c1-424b-9868-57a2d4851a1d" relativeResultsDirectory="7b1218fb-05dc-4c7a-96ad-cec605ce5f07">
    </UnitTestResult>
    <UnitTestResult executionId="24e3ef03-4919-4cd3-bd69-9a6bdd213e90" testId="8c8b919d-f65b-81bb-fc57-ac40ce9d7ba6" testName="StringToBtyesTest" computerName="NU1NB2RSNIYL0VA" duration="00:00:00.0002087" startTime="2013-10-26T11:39:31.2036985+08:00" endTime="2013-10-26T11:39:31.2056986+08:00" testType="13cdc9d9-ddb5-4fa4-a97d-d965ccfc6d4b" outcome="Passed" testListId="8c84fa94-04c1-424b-9868-57a2d4851a1d" relativeResultsDirectory="24e3ef03-4919-4cd3-bd69-9a6bdd213e90">
    </UnitTestResult>
    <UnitTestResult executionId="03055823-546b-4099-92d3-23fa2b0c8fd9" testId="8d3e4694-4b7a-ce78-7199-63dab38d5ce2" testName="HexToStringTest" computerName="NU1NB2RSNIYL0VA" duration="00:00:00.0001610" startTime="2013-10-26T11:39:31.2066986+08:00" endTime="2013-10-26T11:39:31.2086988+08:00" testType="13cdc9d9-ddb5-4fa4-a97d-d965ccfc6d4b" outcome="Passed" testListId="8c84fa94-04c1-424b-9868-57a2d4851a1d" relativeResultsDirectory="03055823-546b-4099-92d3-23fa2b0c8fd9">
    </UnitTestResult>
    <UnitTestResult executionId="a795a00a-be71-4a56-bef2-5093a26e2571" testId="9843b028-3918-5b54-4642-44a0e6878b9a" testName="NextStringTest" computerName="NU1NB2RSNIYL0VA" duration="00:00:00.0011385" startTime="2013-10-26T11:39:31.2096988+08:00" endTime="2013-10-26T11:39:31.2126990+08:00" testType="13cdc9d9-ddb5-4fa4-a97d-d965ccfc6d4b" outcome="Failed" testListId="8c84fa94-04c1-424b-9868-57a2d4851a1d" relativeResultsDirectory="a795a00a-be71-4a56-bef2-5093a26e2571">
      <Output>
        <ErrorInfo>
          <Message>测试方法 TestCRCLibrary.RandomExtensionTest.NextStringTest 引发了异常: 
System.ArgumentNullException: 值不能为 null。
参数名: random</Message>
          <StackTrace>    在 CRC.Extension.RandomExtension.NextString(Random random, Int32 length) 位置 D:\Documents\Visual Studio 2010\Projects\Owner\Extension\Extension\Extension\RandomExtension.cs:行号 109
   在 TestCRCLibrary.RandomExtensionTest.NextStringTest() 位置 D:\Documents\Visual Studio 2010\Projects\Owner\Extension\TestCRCLibrary\Extension\RandomExtensionTest.cs:行号 182
</StackTrace>
        </ErrorInfo>
      </Output>
    </UnitTestResult>
    <UnitTestResult executionId="30747436-c708-4879-a15f-aca5f0d6c1f7" testId="9e3266c6-f6a7-e7ba-1802-395fd46e531f" testName="StringToBytesTest" computerName="NU1NB2RSNIYL0VA" duration="00:00:00.0000837" startTime="2013-10-26T11:39:31.2126990+08:00" endTime="2013-10-26T11:39:31.2146991+08:00" testType="13cdc9d9-ddb5-4fa4-a97d-d965ccfc6d4b" outcome="Passed" testListId="8c84fa94-04c1-424b-9868-57a2d4851a1d" relativeResultsDirectory="30747436-c708-4879-a15f-aca5f0d6c1f7">
    </UnitTestResult>
    <UnitTestResult executionId="4a0fe079-ad8d-4084-92eb-d5b1924d1792" testId="9e99c779-9cb0-2179-29a9-b3bb12b72086" testName="NextBytesTest" computerName="NU1NB2RSNIYL0VA" duration="00:00:00.0011193" startTime="2013-10-26T11:39:31.2146991+08:00" endTime="2013-10-26T11:39:31.2176993+08:00" testType="13cdc9d9-ddb5-4fa4-a97d-d965ccfc6d4b" outcome="Failed" testListId="8c84fa94-04c1-424b-9868-57a2d4851a1d" relativeResultsDirectory="4a0fe079-ad8d-4084-92eb-d5b1924d1792">
      <Output>
        <ErrorInfo>
          <Message>测试方法 TestCRCLibrary.RandomExtensionTest.NextBytesTest 引发了异常: 
System.ArgumentNullException: 值不能为 null。
参数名: random</Message>
          <StackTrace>    在 CRC.Extension.RandomExtension.NextBytes(Random random, Int32 length) 位置 D:\Documents\Visual Studio 2010\Projects\Owner\Extension\Extension\Extension\RandomExtension.cs:行号 64
   在 TestCRCLibrary.RandomExtensionTest.NextBytesTest() 位置 D:\Documents\Visual Studio 2010\Projects\Owner\Extension\TestCRCLibrary\Extension\RandomExtensionTest.cs:行号 92
</StackTrace>
        </ErrorInfo>
      </Output>
    </UnitTestResult>
    <UnitTestResult executionId="546e62a5-c1c1-4fb5-99eb-05b588263202" testId="9f2cfb3f-f386-3a8d-bc72-85c11fd50031" testName="ClearBitTest" computerName="NU1NB2RSNIYL0VA" duration="00:00:00.0002934" startTime="2013-10-26T11:39:31.2186993+08:00" endTime="2013-10-26T11:39:31.2206994+08:00" testType="13cdc9d9-ddb5-4fa4-a97d-d965ccfc6d4b" outcome="Passed" testListId="8c84fa94-04c1-424b-9868-57a2d4851a1d" relativeResultsDirectory="546e62a5-c1c1-4fb5-99eb-05b588263202">
    </UnitTestResult>
    <UnitTestResult executionId="83987178-2fce-4b94-986a-0e67f6acd72f" testId="ae30eb5e-99c2-3639-8e76-5328de3ee749" testName="GetParityTest2" computerName="NU1NB2RSNIYL0VA" duration="00:00:00.0003838" startTime="2013-10-26T11:39:31.2216995+08:00" endTime="2013-10-26T11:39:31.2236996+08:00" testType="13cdc9d9-ddb5-4fa4-a97d-d965ccfc6d4b" outcome="Passed" testListId="8c84fa94-04c1-424b-9868-57a2d4851a1d" relativeResultsDirectory="83987178-2fce-4b94-986a-0e67f6acd72f">
    </UnitTestResult>
    <UnitTestResult executionId="0ef6f708-1821-44f3-aa06-c4878da9a24e" testId="b0140be8-20d4-63df-0dff-f47dbbb28f77" testName="GetParityTest" computerName="NU1NB2RSNIYL0VA" duration="00:00:00.0005500" startTime="2013-10-26T11:39:31.2236996+08:00" endTime="2013-10-26T11:39:31.2256997+08:00" testType="13cdc9d9-ddb5-4fa4-a97d-d965ccfc6d4b" outcome="Passed" testListId="8c84fa94-04c1-424b-9868-57a2d4851a1d" relativeResultsDirectory="0ef6f708-1821-44f3-aa06-c4878da9a24e">
    </UnitTestResult>
    <UnitTestResult executionId="ccc60326-8891-4c21-a2bb-10741804b759" testId="b056cf59-8fa4-2601-3e07-22bbd4cdef7a" testName="HexToBtyesTest" computerName="NU1NB2RSNIYL0VA" duration="00:00:00.0001619" startTime="2013-10-26T11:39:31.2266998+08:00" endTime="2013-10-26T11:39:31.2286999+08:00" testType="13cdc9d9-ddb5-4fa4-a97d-d965ccfc6d4b" outcome="Passed" testListId="8c84fa94-04c1-424b-9868-57a2d4851a1d" relativeResultsDirectory="ccc60326-8891-4c21-a2bb-10741804b759">
    </UnitTestResult>
    <UnitTestResult executionId="073b162b-b55f-451f-81bc-16b48644aa13" testId="b2304fb9-e24c-d563-ee21-4345f8884f3b" testName="AddRangeTest" computerName="NU1NB2RSNIYL0VA" duration="00:00:00.0016286" startTime="2013-10-26T11:39:31.2286999+08:00" endTime="2013-10-26T11:39:31.2317001+08:00" testType="13cdc9d9-ddb5-4fa4-a97d-d965ccfc6d4b" outcome="Passed" testListId="8c84fa94-04c1-424b-9868-57a2d4851a1d" relativeResultsDirectory="073b162b-b55f-451f-81bc-16b48644aa13">
    </UnitTestResult>
    <UnitTestResult executionId="059f5a71-207b-42a3-9cfb-4f4f5e84be74" testId="b3d38d81-5db3-af13-19d8-3b66c9091b47" testName="ConvertCodeConstructorTest" computerName="NU1NB2RSNIYL0VA" duration="00:00:00.0001411" startTime="2013-10-26T11:39:31.2327001+08:00" endTime="2013-10-26T11:39:31.2337002+08:00" testType="13cdc9d9-ddb5-4fa4-a97d-d965ccfc6d4b" outcome="Passed" testListId="8c84fa94-04c1-424b-9868-57a2d4851a1d" relativeResultsDirectory="059f5a71-207b-42a3-9cfb-4f4f5e84be74">
    </UnitTestResult>
    <UnitTestResult executionId="26bd4009-a6ab-4a71-8187-b4f1606bf95c" testId="b42fda1c-6e73-03dc-6f44-1ee3a6833642" testName="NextEnumTest" computerName="NU1NB2RSNIYL0VA" duration="00:00:00.0004204" startTime="2013-10-26T11:39:31.2347002+08:00" endTime="2013-10-26T11:39:31.2367004+08:00" testType="13cdc9d9-ddb5-4fa4-a97d-d965ccfc6d4b" outcome="Inconclusive" testListId="8c84fa94-04c1-424b-9868-57a2d4851a1d" relativeResultsDirectory="26bd4009-a6ab-4a71-8187-b4f1606bf95c">
      <Output>
        <ErrorInfo>
          <Message>Assert.Inconclusive 失败。没有找到能够满足 T 的类型约束的相应类型参数。请以适当的类型参数来调用 NextEnumTestHelper&lt;T&gt;()。</Message>
          <StackTrace>   在 TestCRCLibrary.RandomExtensionTest.NextEnumTest() 位置 D:\Documents\Visual Studio 2010\Projects\Owner\Extension\TestCRCLibrary\Extension\RandomExtensionTest.cs:行号 114
</StackTrace>
        </ErrorInfo>
      </Output>
    </UnitTestResult>
    <UnitTestResult executionId="0f5a00ad-e725-436a-89ca-fabadaf2c658" testId="bc0f01b1-f1ba-51ef-7e65-566bd897ecf4" testName="StringToHexTest" computerName="NU1NB2RSNIYL0VA" duration="00:00:00.0001789" startTime="2013-10-26T11:39:31.2367004+08:00" endTime="2013-10-26T11:39:31.2387005+08:00" testType="13cdc9d9-ddb5-4fa4-a97d-d965ccfc6d4b" outcome="Passed" testListId="8c84fa94-04c1-424b-9868-57a2d4851a1d" relativeResultsDirectory="0f5a00ad-e725-436a-89ca-fabadaf2c658">
    </UnitTestResult>
    <UnitTestResult executionId="5f11b11c-9158-489c-8cf6-e8355a37ba3f" testId="c97e6a0d-3e80-4df5-30ec-d3bc8838ec4f" testName="IsNumberRangeTest" computerName="NU1NB2RSNIYL0VA" duration="00:00:00.0003050" startTime="2013-10-26T11:39:31.2387005+08:00" endTime="2013-10-26T11:39:31.2407006+08:00" testType="13cdc9d9-ddb5-4fa4-a97d-d965ccfc6d4b" outcome="Passed" testListId="8c84fa94-04c1-424b-9868-57a2d4851a1d" relativeResultsDirectory="5f11b11c-9158-489c-8cf6-e8355a37ba3f">
    </UnitTestResult>
    <UnitTestResult executionId="2a947ede-3179-4c58-9dfa-6445deb0b244" testId="c98abb5f-e545-1e8f-cc10-c61fc20bf6f3" testName="ToByteTest" computerName="NU1NB2RSNIYL0VA" duration="00:00:00.0001757" startTime="2013-10-26T11:39:31.2417006+08:00" endTime="2013-10-26T11:39:31.2437008+08:00" testType="13cdc9d9-ddb5-4fa4-a97d-d965ccfc6d4b" outcome="Passed" testListId="8c84fa94-04c1-424b-9868-57a2d4851a1d" relativeResultsDirectory="2a947ede-3179-4c58-9dfa-6445deb0b244">
    </UnitTestResult>
    <UnitTestResult executionId="bfd7d8f5-f14e-44ef-bcca-bc9da668013d" testId="ccf2adf8-8f7c-d69a-2689-285c1fe760c9" testName="ThrowIfNullTest" computerName="NU1NB2RSNIYL0VA" duration="00:00:00.0014339" startTime="2013-10-26T11:39:31.2437008+08:00" endTime="2013-10-26T11:39:31.2467009+08:00" testType="13cdc9d9-ddb5-4fa4-a97d-d965ccfc6d4b" outcome="Failed" testListId="8c84fa94-04c1-424b-9868-57a2d4851a1d" relativeResultsDirectory="bfd7d8f5-f14e-44ef-bcca-bc9da668013d">
      <Output>
        <ErrorInfo>
          <Message>测试方法 TestCRCLibrary.ObjectExtensionTest.ThrowIfNullTest 引发了异常: 
System.ArgumentNullException: 值不能为 null。</Message>
          <StackTrace>    在 CRC.Extension.ObjectExtension.ThrowIfNull[T](T obj, String message) 位置 D:\Documents\Visual Studio 2010\Projects\Owner\Extension\Extension\Extension\ExceptionExtension.cs:行号 41
   在 TestCRCLibrary.ObjectExtensionTest.ThrowIfNullTestHelper[T]() 位置 D:\Documents\Visual Studio 2010\Projects\Owner\Extension\TestCRCLibrary\Extension\ObjectExtensionTest.cs:行号 75
   在 TestCRCLibrary.ObjectExtensionTest.ThrowIfNullTest() 位置 D:\Documents\Visual Studio 2010\Projects\Owner\Extension\TestCRCLibrary\Extension\ObjectExtensionTest.cs:行号 82
</StackTrace>
        </ErrorInfo>
      </Output>
    </UnitTestResult>
    <UnitTestResult executionId="ab91ef52-1216-4ed3-a174-466441c23e92" testId="d0aaa9b0-68ea-9a3a-f2ab-fd75a2b80397" testName="IsChineseCharTest" computerName="NU1NB2RSNIYL0VA" duration="00:00:00.0005724" startTime="2013-10-26T11:39:31.2477010+08:00" endTime="2013-10-26T11:39:31.2497011+08:00" testType="13cdc9d9-ddb5-4fa4-a97d-d965ccfc6d4b" outcome="Inconclusive" testListId="8c84fa94-04c1-424b-9868-57a2d4851a1d" relativeResultsDirectory="ab91ef52-1216-4ed3-a174-466441c23e92">
      <Output>
        <ErrorInfo>
          <Message>Assert.Inconclusive 失败。验证此测试方法的正确性。</Message>
          <StackTrace>   在 TestCRCLibrary.StringRegexExtensionTest.IsChineseCharTest() 位置 D:\Documents\Visual Studio 2010\Projects\Owner\Extension\TestCRCLibrary\Extension\StringRegexExtensionTest.cs:行号 106
</StackTrace>
        </ErrorInfo>
      </Output>
    </UnitTestResult>
    <UnitTestResult executionId="658984c9-3a09-4b8c-be5d-1c0904e1107a" testId="dac69ede-b084-cf39-70be-7386e1c6de8b" testName="ToHexTest2" computerName="NU1NB2RSNIYL0VA" duration="00:00:00.0004393" startTime="2013-10-26T11:39:31.2507012+08:00" endTime="2013-10-26T11:39:31.2527013+08:00" testType="13cdc9d9-ddb5-4fa4-a97d-d965ccfc6d4b" outcome="Passed" testListId="8c84fa94-04c1-424b-9868-57a2d4851a1d" relativeResultsDirectory="658984c9-3a09-4b8c-be5d-1c0904e1107a">
    </UnitTestResult>
    <UnitTestResult executionId="3dd94313-f20a-4179-902f-34b3d7ae8169" testId="ded0b5ef-d35f-ab8b-9fd3-c5fce5a0eca8" testName="DelSeparateTest" computerName="NU1NB2RSNIYL0VA" duration="00:00:00.0003377" startTime="2013-10-26T11:39:31.2527013+08:00" endTime="2013-10-26T11:39:31.2557014+08:00" testType="13cdc9d9-ddb5-4fa4-a97d-d965ccfc6d4b" outcome="Passed" testListId="8c84fa94-04c1-424b-9868-57a2d4851a1d" relativeResultsDirectory="3dd94313-f20a-4179-902f-34b3d7ae8169">
    </UnitTestResult>
    <UnitTestResult executionId="062c5246-22a7-4229-93fb-5b9bfec0d235" testId="e0a66f2a-5d66-e71d-92d0-aa09bfde9293" testName="QueueInvokeTest2" computerName="NU1NB2RSNIYL0VA" duration="00:00:00.0001507" startTime="2013-10-26T11:39:31.2557014+08:00" endTime="2013-10-26T11:39:31.2577016+08:00" testType="13cdc9d9-ddb5-4fa4-a97d-d965ccfc6d4b" outcome="Passed" testListId="8c84fa94-04c1-424b-9868-57a2d4851a1d" relativeResultsDirectory="062c5246-22a7-4229-93fb-5b9bfec0d235">
    </UnitTestResult>
    <UnitTestResult executionId="d09386da-8fda-4321-8ab2-31ecfa412327" testId="e5d5ef2e-80f0-df9a-9ddf-32f550e0c198" testName="BytesToBinaryTest" computerName="NU1NB2RSNIYL0VA" duration="00:00:00.0004095" startTime="2013-10-26T11:39:31.2577016+08:00" endTime="2013-10-26T11:39:31.2597017+08:00" testType="13cdc9d9-ddb5-4fa4-a97d-d965ccfc6d4b" outcome="Passed" testListId="8c84fa94-04c1-424b-9868-57a2d4851a1d" relativeResultsDirectory="d09386da-8fda-4321-8ab2-31ecfa412327">
    </UnitTestResult>
    <UnitTestResult executionId="839a79e7-8dbd-4477-8b98-3d5de6c4be7e" testId="f71a1a2a-41bb-6050-f8b6-052de32f7e3a" testName="ParseIPEndPointTest" computerName="NU1NB2RSNIYL0VA" duration="00:00:00.0003787" startTime="2013-10-26T11:39:31.2607017+08:00" endTime="2013-10-26T11:39:31.2617018+08:00" testType="13cdc9d9-ddb5-4fa4-a97d-d965ccfc6d4b" outcome="Passed" testListId="8c84fa94-04c1-424b-9868-57a2d4851a1d" relativeResultsDirectory="839a79e7-8dbd-4477-8b98-3d5de6c4be7e">
    </UnitTestResult>
    <UnitTestResult executionId="36ae93b4-adfe-48bb-905d-02963b227228" testId="ff1f104e-2e4c-1d45-d3d0-490eeef60b4c" testName="MatchTest" computerName="NU1NB2RSNIYL0VA" duration="00:00:00.0005814" startTime="2013-10-26T11:39:31.2627018+08:00" endTime="2013-10-26T11:39:31.2647020+08:00" testType="13cdc9d9-ddb5-4fa4-a97d-d965ccfc6d4b" outcome="Inconclusive" testListId="8c84fa94-04c1-424b-9868-57a2d4851a1d" relativeResultsDirectory="36ae93b4-adfe-48bb-905d-02963b227228">
      <Output>
        <ErrorInfo>
          <Message>Assert.Inconclusive 失败。验证此测试方法的正确性。</Message>
          <StackTrace>   在 TestCRCLibrary.StringRegexExtensionTest.MatchTest() 位置 D:\Documents\Visual Studio 2010\Projects\Owner\Extension\TestCRCLibrary\Extension\StringRegexExtensionTest.cs:行号 234
</StackTrace>
        </ErrorInfo>
      </Output>
    </UnitTestResult>
  </Results>
</TestRun>