<?xml version="1.0" encoding="UTF-8"?>
<TestRun id="8c0300e7-608a-41bf-ae36-9f552ee6b6f0" name="Administrator@NU1NB2RSNIYL0VA 2013-11-21 15:18:51" runUser="NU1NB2RSNIYL0VA\Administrator" xmlns="http://microsoft.com/schemas/VisualStudio/TeamTest/2010">
  <TestSettings name="本地" id="32b136b7-6e41-488e-8fd0-005393bbd4f8">
    <Description>这些设置为本地测试运行的默认测试设置。</Description>
    <Deployment enabled="false" runDeploymentRoot="Administrator_NU1NB2RSNIYL0VA 2013-11-21 15_18_51">
      <DeploymentItem filename="D:\Documents\GitHub\Library\Extension\bin\Debug\CRCLibrary.dll" />
    </Deployment>
    <Execution>
      <TestTypeSpecific />
      <AgentRule name="Execution Agents">
      </AgentRule>
    </Execution>
  </TestSettings>
  <Times creation="2013-11-21T15:18:51.1791144+08:00" queuing="2013-11-21T15:18:52.2261743+08:00" start="2013-11-21T15:18:52.3191796+08:00" finish="2013-11-21T15:18:53.0772230+08:00" />
  <ResultSummary outcome="Completed">
    <Counters total="19" executed="19" passed="19" error="0" failed="0" timeout="0" aborted="0" inconclusive="0" passedButRunAborted="0" notRunnable="0" notExecuted="0" disconnected="0" warning="0" completed="0" inProgress="0" pending="0" />
  </ResultSummary>
  <TestDefinitions>
    <UnitTest name="GetEnumeratorOneTest" storage="d:\documents\github\library\testcrclibrary\bin\debug\testcrclibrary.dll" id="3a310c4f-f79c-b2c6-77f5-19ee42eb9a46">
      <Execution id="61afa1e7-6298-48ad-8222-3c05f4bb012f" />
      <TestMethod codeBase="D:/Documents/GitHub/Library/TestCRCLibrary/bin/Debug/TestCRCLibrary.DLL" adapterTypeName="Microsoft.VisualStudio.TestTools.TestTypes.Unit.UnitTestAdapter, Microsoft.VisualStudio.QualityTools.Tips.UnitTest.Adapter, Version=10.0.0.0, Culture=neutral, PublicKeyToken=b03f5f7f11d50a3a" className="TestCRCLibrary.DoubleKeyDictionaryTest, TestCRCLibrary, Version=1.0.0.0, Culture=neutral, PublicKeyToken=null" name="GetEnumeratorOneTest" />
    </UnitTest>
    <UnitTest name="AddTest" storage="d:\documents\github\library\testcrclibrary\bin\debug\testcrclibrary.dll" id="4e487412-a84f-5407-14fb-b97267209e13">
      <Execution id="58583ae1-a60c-4398-863b-631e918a0526" />
      <TestMethod codeBase="D:/Documents/GitHub/Library/TestCRCLibrary/bin/Debug/TestCRCLibrary.DLL" adapterTypeName="Microsoft.VisualStudio.TestTools.TestTypes.Unit.UnitTestAdapter, Microsoft.VisualStudio.QualityTools.Tips.UnitTest.Adapter, Version=10.0.0.0, Culture=neutral, PublicKeyToken=b03f5f7f11d50a3a" className="TestCRCLibrary.DoubleKeyDictionaryTest, TestCRCLibrary, Version=1.0.0.0, Culture=neutral, PublicKeyToken=null" name="AddTest" />
    </UnitTest>
    <UnitTest name="SetOneValueTest" storage="d:\documents\github\library\testcrclibrary\bin\debug\testcrclibrary.dll" id="2b4ef174-c462-097c-6a3e-1aa16ce8aa1f">
      <Execution id="21edcfa1-055c-4689-8e0f-bdc301efbb9c" />
      <TestMethod codeBase="D:/Documents/GitHub/Library/TestCRCLibrary/bin/Debug/TestCRCLibrary.DLL" adapterTypeName="Microsoft.VisualStudio.TestTools.TestTypes.Unit.UnitTestAdapter, Microsoft.VisualStudio.QualityTools.Tips.UnitTest.Adapter, Version=10.0.0.0, Culture=neutral, PublicKeyToken=b03f5f7f11d50a3a" className="TestCRCLibrary.DoubleKeyDictionaryTest, TestCRCLibrary, Version=1.0.0.0, Culture=neutral, PublicKeyToken=null" name="SetOneValueTest" />
    </UnitTest>
    <UnitTest name="KeysOneTest" storage="d:\documents\github\library\testcrclibrary\bin\debug\testcrclibrary.dll" id="91e03d4a-dcf5-2ebb-028c-a5f44700fe4c">
      <Execution id="d32aef61-835f-4541-ae24-796eb17d5277" />
      <TestMethod codeBase="D:/Documents/GitHub/Library/TestCRCLibrary/bin/Debug/TestCRCLibrary.DLL" adapterTypeName="Microsoft.VisualStudio.TestTools.TestTypes.Unit.UnitTestAdapter, Microsoft.VisualStudio.QualityTools.Tips.UnitTest.Adapter, Version=10.0.0.0, Culture=neutral, PublicKeyToken=b03f5f7f11d50a3a" className="TestCRCLibrary.DoubleKeyDictionaryTest, TestCRCLibrary, Version=1.0.0.0, Culture=neutral, PublicKeyToken=null" name="KeysOneTest" />
    </UnitTest>
    <UnitTest name="ClearTest" storage="d:\documents\github\library\testcrclibrary\bin\debug\testcrclibrary.dll" id="5eb80387-92b2-640e-e81d-00d44d8d438c">
      <Execution id="4f595c69-ef42-44a1-9c9c-635af440ab80" />
      <TestMethod codeBase="D:/Documents/GitHub/Library/TestCRCLibrary/bin/Debug/TestCRCLibrary.DLL" adapterTypeName="Microsoft.VisualStudio.TestTools.TestTypes.Unit.UnitTestAdapter, Microsoft.VisualStudio.QualityTools.Tips.UnitTest.Adapter, Version=10.0.0.0, Culture=neutral, PublicKeyToken=b03f5f7f11d50a3a" className="TestCRCLibrary.DoubleKeyDictionaryTest, TestCRCLibrary, Version=1.0.0.0, Culture=neutral, PublicKeyToken=null" name="ClearTest" />
    </UnitTest>
    <UnitTest name="GetTwoValueTest" storage="d:\documents\github\library\testcrclibrary\bin\debug\testcrclibrary.dll" id="c0f12b05-9fcc-a16b-8cc9-7357b1f8ed6a">
      <Execution id="ab47976b-2a89-4549-8b18-21843f2742ae" />
      <TestMethod codeBase="D:/Documents/GitHub/Library/TestCRCLibrary/bin/Debug/TestCRCLibrary.DLL" adapterTypeName="Microsoft.VisualStudio.TestTools.TestTypes.Unit.UnitTestAdapter, Microsoft.VisualStudio.QualityTools.Tips.UnitTest.Adapter, Version=10.0.0.0, Culture=neutral, PublicKeyToken=b03f5f7f11d50a3a" className="TestCRCLibrary.DoubleKeyDictionaryTest, TestCRCLibrary, Version=1.0.0.0, Culture=neutral, PublicKeyToken=null" name="GetTwoValueTest" />
    </UnitTest>
    <UnitTest name="KeysTwoTest" storage="d:\documents\github\library\testcrclibrary\bin\debug\testcrclibrary.dll" id="50994e70-9b7e-e7e4-d350-1886cc4d90f0">
      <Execution id="a3e50a81-2440-42f6-8dca-2f415fd7e899" />
      <TestMethod codeBase="D:/Documents/GitHub/Library/TestCRCLibrary/bin/Debug/TestCRCLibrary.DLL" adapterTypeName="Microsoft.VisualStudio.TestTools.TestTypes.Unit.UnitTestAdapter, Microsoft.VisualStudio.QualityTools.Tips.UnitTest.Adapter, Version=10.0.0.0, Culture=neutral, PublicKeyToken=b03f5f7f11d50a3a" className="TestCRCLibrary.DoubleKeyDictionaryTest, TestCRCLibrary, Version=1.0.0.0, Culture=neutral, PublicKeyToken=null" name="KeysTwoTest" />
    </UnitTest>
    <UnitTest name="DoubleKeyDictionaryConstructorTest" storage="d:\documents\github\library\testcrclibrary\bin\debug\testcrclibrary.dll" id="1f6f77c7-2d47-0710-4dcb-b0145b30ebaa">
      <Execution id="4e3495e1-22bb-408b-b595-f22aa4bdef59" />
      <TestMethod codeBase="D:/Documents/GitHub/Library/TestCRCLibrary/bin/Debug/TestCRCLibrary.DLL" adapterTypeName="Microsoft.VisualStudio.TestTools.TestTypes.Unit.UnitTestAdapter, Microsoft.VisualStudio.QualityTools.Tips.UnitTest.Adapter, Version=10.0.0.0, Culture=neutral, PublicKeyToken=b03f5f7f11d50a3a" className="TestCRCLibrary.DoubleKeyDictionaryTest, TestCRCLibrary, Version=1.0.0.0, Culture=neutral, PublicKeyToken=null" name="DoubleKeyDictionaryConstructorTest" />
    </UnitTest>
    <UnitTest name="SetTwoValueTest" storage="d:\documents\github\library\testcrclibrary\bin\debug\testcrclibrary.dll" id="fba52ecd-62a0-929d-d202-df2156b8bb48">
      <Execution id="743a37c0-0e56-44bf-84ae-422ee359fc4f" />
      <TestMethod codeBase="D:/Documents/GitHub/Library/TestCRCLibrary/bin/Debug/TestCRCLibrary.DLL" adapterTypeName="Microsoft.VisualStudio.TestTools.TestTypes.Unit.UnitTestAdapter, Microsoft.VisualStudio.QualityTools.Tips.UnitTest.Adapter, Version=10.0.0.0, Culture=neutral, PublicKeyToken=b03f5f7f11d50a3a" className="TestCRCLibrary.DoubleKeyDictionaryTest, TestCRCLibrary, Version=1.0.0.0, Culture=neutral, PublicKeyToken=null" name="SetTwoValueTest" />
    </UnitTest>
    <UnitTest name="IsReadOnlyTest" storage="d:\documents\github\library\testcrclibrary\bin\debug\testcrclibrary.dll" id="f4360abe-b907-39a7-f9a0-9c7f29962bbf">
      <Execution id="eea8495a-264a-42ec-8fd9-76f15ec5bb37" />
      <TestMethod codeBase="D:/Documents/GitHub/Library/TestCRCLibrary/bin/Debug/TestCRCLibrary.DLL" adapterTypeName="Microsoft.VisualStudio.TestTools.TestTypes.Unit.UnitTestAdapter, Microsoft.VisualStudio.QualityTools.Tips.UnitTest.Adapter, Version=10.0.0.0, Culture=neutral, PublicKeyToken=b03f5f7f11d50a3a" className="TestCRCLibrary.DoubleKeyDictionaryTest, TestCRCLibrary, Version=1.0.0.0, Culture=neutral, PublicKeyToken=null" name="IsReadOnlyTest" />
    </UnitTest>
    <UnitTest name="RemoveTwoTest" storage="d:\documents\github\library\testcrclibrary\bin\debug\testcrclibrary.dll" id="fc5d65be-c4b7-c7ac-9c58-54d23110da25">
      <Execution id="7a0a7851-c009-4172-9a14-9e15fab3fe70" />
      <TestMethod codeBase="D:/Documents/GitHub/Library/TestCRCLibrary/bin/Debug/TestCRCLibrary.DLL" adapterTypeName="Microsoft.VisualStudio.TestTools.TestTypes.Unit.UnitTestAdapter, Microsoft.VisualStudio.QualityTools.Tips.UnitTest.Adapter, Version=10.0.0.0, Culture=neutral, PublicKeyToken=b03f5f7f11d50a3a" className="TestCRCLibrary.DoubleKeyDictionaryTest, TestCRCLibrary, Version=1.0.0.0, Culture=neutral, PublicKeyToken=null" name="RemoveTwoTest" />
    </UnitTest>
    <UnitTest name="CountTest" storage="d:\documents\github\library\testcrclibrary\bin\debug\testcrclibrary.dll" id="a7fe6c26-0623-e44e-31b8-ef7a5b9a4a08">
      <Execution id="5cc4846b-87f2-4282-a510-daf54325997d" />
      <TestMethod codeBase="D:/Documents/GitHub/Library/TestCRCLibrary/bin/Debug/TestCRCLibrary.DLL" adapterTypeName="Microsoft.VisualStudio.TestTools.TestTypes.Unit.UnitTestAdapter, Microsoft.VisualStudio.QualityTools.Tips.UnitTest.Adapter, Version=10.0.0.0, Culture=neutral, PublicKeyToken=b03f5f7f11d50a3a" className="TestCRCLibrary.DoubleKeyDictionaryTest, TestCRCLibrary, Version=1.0.0.0, Culture=neutral, PublicKeyToken=null" name="CountTest" />
    </UnitTest>
    <UnitTest name="ContainsKeyTwoTest" storage="d:\documents\github\library\testcrclibrary\bin\debug\testcrclibrary.dll" id="e42fed48-875f-4a9e-0345-fba3f0f9e432">
      <Execution id="d79fefc8-08e1-491b-92b2-9db9684125cc" />
      <TestMethod codeBase="D:/Documents/GitHub/Library/TestCRCLibrary/bin/Debug/TestCRCLibrary.DLL" adapterTypeName="Microsoft.VisualStudio.TestTools.TestTypes.Unit.UnitTestAdapter, Microsoft.VisualStudio.QualityTools.Tips.UnitTest.Adapter, Version=10.0.0.0, Culture=neutral, PublicKeyToken=b03f5f7f11d50a3a" className="TestCRCLibrary.DoubleKeyDictionaryTest, TestCRCLibrary, Version=1.0.0.0, Culture=neutral, PublicKeyToken=null" name="ContainsKeyTwoTest" />
    </UnitTest>
    <UnitTest name="GetOneValueTest" storage="d:\documents\github\library\testcrclibrary\bin\debug\testcrclibrary.dll" id="9f0c02c1-741c-d76d-91c9-6c941adee950">
      <Execution id="f815d5a4-fdf7-4b5d-8700-674152e5ea4d" />
      <TestMethod codeBase="D:/Documents/GitHub/Library/TestCRCLibrary/bin/Debug/TestCRCLibrary.DLL" adapterTypeName="Microsoft.VisualStudio.TestTools.TestTypes.Unit.UnitTestAdapter, Microsoft.VisualStudio.QualityTools.Tips.UnitTest.Adapter, Version=10.0.0.0, Culture=neutral, PublicKeyToken=b03f5f7f11d50a3a" className="TestCRCLibrary.DoubleKeyDictionaryTest, TestCRCLibrary, Version=1.0.0.0, Culture=neutral, PublicKeyToken=null" name="GetOneValueTest" />
    </UnitTest>
    <UnitTest name="GetEnumeratorTwoTest" storage="d:\documents\github\library\testcrclibrary\bin\debug\testcrclibrary.dll" id="420229dc-f827-00be-7908-75d0f1ca5dfe">
      <Execution id="4d557f19-8567-4f36-a858-5c6ce378c9a8" />
      <TestMethod codeBase="D:/Documents/GitHub/Library/TestCRCLibrary/bin/Debug/TestCRCLibrary.DLL" adapterTypeName="Microsoft.VisualStudio.TestTools.TestTypes.Unit.UnitTestAdapter, Microsoft.VisualStudio.QualityTools.Tips.UnitTest.Adapter, Version=10.0.0.0, Culture=neutral, PublicKeyToken=b03f5f7f11d50a3a" className="TestCRCLibrary.DoubleKeyDictionaryTest, TestCRCLibrary, Version=1.0.0.0, Culture=neutral, PublicKeyToken=null" name="GetEnumeratorTwoTest" />
    </UnitTest>
    <UnitTest name="TryGetValueTest" storage="d:\documents\github\library\testcrclibrary\bin\debug\testcrclibrary.dll" id="fc2a6da0-65b6-eca3-2187-e2d86fe1c25f">
      <Execution id="1baaa116-c1f7-4ddb-8799-5322b79a5194" />
      <TestMethod codeBase="D:/Documents/GitHub/Library/TestCRCLibrary/bin/Debug/TestCRCLibrary.DLL" adapterTypeName="Microsoft.VisualStudio.TestTools.TestTypes.Unit.UnitTestAdapter, Microsoft.VisualStudio.QualityTools.Tips.UnitTest.Adapter, Version=10.0.0.0, Culture=neutral, PublicKeyToken=b03f5f7f11d50a3a" className="TestCRCLibrary.DoubleKeyDictionaryTest, TestCRCLibrary, Version=1.0.0.0, Culture=neutral, PublicKeyToken=null" name="TryGetValueTest" />
    </UnitTest>
    <UnitTest name="ValuesTest" storage="d:\documents\github\library\testcrclibrary\bin\debug\testcrclibrary.dll" id="1bf91859-540c-b7cc-00cc-23d58f8ae5af">
      <Execution id="f124dbb2-1e87-4167-b09d-e87fff801242" />
      <TestMethod codeBase="D:/Documents/GitHub/Library/TestCRCLibrary/bin/Debug/TestCRCLibrary.DLL" adapterTypeName="Microsoft.VisualStudio.TestTools.TestTypes.Unit.UnitTestAdapter, Microsoft.VisualStudio.QualityTools.Tips.UnitTest.Adapter, Version=10.0.0.0, Culture=neutral, PublicKeyToken=b03f5f7f11d50a3a" className="TestCRCLibrary.DoubleKeyDictionaryTest, TestCRCLibrary, Version=1.0.0.0, Culture=neutral, PublicKeyToken=null" name="ValuesTest" />
    </UnitTest>
    <UnitTest name="RemoveOneTest" storage="d:\documents\github\library\testcrclibrary\bin\debug\testcrclibrary.dll" id="33ecc17f-8c6a-bd99-526f-af623d0e9aca">
      <Execution id="0bfd1551-f583-42f0-ab31-c39380948152" />
      <TestMethod codeBase="D:/Documents/GitHub/Library/TestCRCLibrary/bin/Debug/TestCRCLibrary.DLL" adapterTypeName="Microsoft.VisualStudio.TestTools.TestTypes.Unit.UnitTestAdapter, Microsoft.VisualStudio.QualityTools.Tips.UnitTest.Adapter, Version=10.0.0.0, Culture=neutral, PublicKeyToken=b03f5f7f11d50a3a" className="TestCRCLibrary.DoubleKeyDictionaryTest, TestCRCLibrary, Version=1.0.0.0, Culture=neutral, PublicKeyToken=null" name="RemoveOneTest" />
    </UnitTest>
    <UnitTest name="ContainsKeyOneTest" storage="d:\documents\github\library\testcrclibrary\bin\debug\testcrclibrary.dll" id="c6e5ebb2-9be5-8a2b-b22e-2aa0aa232ad9">
      <Execution id="e83b934d-b0b9-43c9-bd92-50862f667d25" />
      <TestMethod codeBase="D:/Documents/GitHub/Library/TestCRCLibrary/bin/Debug/TestCRCLibrary.DLL" adapterTypeName="Microsoft.VisualStudio.TestTools.TestTypes.Unit.UnitTestAdapter, Microsoft.VisualStudio.QualityTools.Tips.UnitTest.Adapter, Version=10.0.0.0, Culture=neutral, PublicKeyToken=b03f5f7f11d50a3a" className="TestCRCLibrary.DoubleKeyDictionaryTest, TestCRCLibrary, Version=1.0.0.0, Culture=neutral, PublicKeyToken=null" name="ContainsKeyOneTest" />
    </UnitTest>
  </TestDefinitions>
  <TestLists>
    <TestList name="列表中未列出的结果" id="8c84fa94-04c1-424b-9868-57a2d4851a1d" />
    <TestList name="所有已加载的结果" id="19431567-8539-422a-85d7-44ee4e166bda" />
  </TestLists>
  <TestEntries>
    <TestEntry testId="1bf91859-540c-b7cc-00cc-23d58f8ae5af" executionId="f124dbb2-1e87-4167-b09d-e87fff801242" testListId="8c84fa94-04c1-424b-9868-57a2d4851a1d" />
    <TestEntry testId="1f6f77c7-2d47-0710-4dcb-b0145b30ebaa" executionId="4e3495e1-22bb-408b-b595-f22aa4bdef59" testListId="8c84fa94-04c1-424b-9868-57a2d4851a1d" />
    <TestEntry testId="2b4ef174-c462-097c-6a3e-1aa16ce8aa1f" executionId="21edcfa1-055c-4689-8e0f-bdc301efbb9c" testListId="8c84fa94-04c1-424b-9868-57a2d4851a1d" />
    <TestEntry testId="33ecc17f-8c6a-bd99-526f-af623d0e9aca" executionId="0bfd1551-f583-42f0-ab31-c39380948152" testListId="8c84fa94-04c1-424b-9868-57a2d4851a1d" />
    <TestEntry testId="3a310c4f-f79c-b2c6-77f5-19ee42eb9a46" executionId="61afa1e7-6298-48ad-8222-3c05f4bb012f" testListId="8c84fa94-04c1-424b-9868-57a2d4851a1d" />
    <TestEntry testId="420229dc-f827-00be-7908-75d0f1ca5dfe" executionId="4d557f19-8567-4f36-a858-5c6ce378c9a8" testListId="8c84fa94-04c1-424b-9868-57a2d4851a1d" />
    <TestEntry testId="4e487412-a84f-5407-14fb-b97267209e13" executionId="58583ae1-a60c-4398-863b-631e918a0526" testListId="8c84fa94-04c1-424b-9868-57a2d4851a1d" />
    <TestEntry testId="50994e70-9b7e-e7e4-d350-1886cc4d90f0" executionId="a3e50a81-2440-42f6-8dca-2f415fd7e899" testListId="8c84fa94-04c1-424b-9868-57a2d4851a1d" />
    <TestEntry testId="5eb80387-92b2-640e-e81d-00d44d8d438c" executionId="4f595c69-ef42-44a1-9c9c-635af440ab80" testListId="8c84fa94-04c1-424b-9868-57a2d4851a1d" />
    <TestEntry testId="91e03d4a-dcf5-2ebb-028c-a5f44700fe4c" executionId="d32aef61-835f-4541-ae24-796eb17d5277" testListId="8c84fa94-04c1-424b-9868-57a2d4851a1d" />
    <TestEntry testId="9f0c02c1-741c-d76d-91c9-6c941adee950" executionId="f815d5a4-fdf7-4b5d-8700-674152e5ea4d" testListId="8c84fa94-04c1-424b-9868-57a2d4851a1d" />
    <TestEntry testId="a7fe6c26-0623-e44e-31b8-ef7a5b9a4a08" executionId="5cc4846b-87f2-4282-a510-daf54325997d" testListId="8c84fa94-04c1-424b-9868-57a2d4851a1d" />
    <TestEntry testId="c0f12b05-9fcc-a16b-8cc9-7357b1f8ed6a" executionId="ab47976b-2a89-4549-8b18-21843f2742ae" testListId="8c84fa94-04c1-424b-9868-57a2d4851a1d" />
    <TestEntry testId="c6e5ebb2-9be5-8a2b-b22e-2aa0aa232ad9" executionId="e83b934d-b0b9-43c9-bd92-50862f667d25" testListId="8c84fa94-04c1-424b-9868-57a2d4851a1d" />
    <TestEntry testId="e42fed48-875f-4a9e-0345-fba3f0f9e432" executionId="d79fefc8-08e1-491b-92b2-9db9684125cc" testListId="8c84fa94-04c1-424b-9868-57a2d4851a1d" />
    <TestEntry testId="f4360abe-b907-39a7-f9a0-9c7f29962bbf" executionId="eea8495a-264a-42ec-8fd9-76f15ec5bb37" testListId="8c84fa94-04c1-424b-9868-57a2d4851a1d" />
    <TestEntry testId="fba52ecd-62a0-929d-d202-df2156b8bb48" executionId="743a37c0-0e56-44bf-84ae-422ee359fc4f" testListId="8c84fa94-04c1-424b-9868-57a2d4851a1d" />
    <TestEntry testId="fc2a6da0-65b6-eca3-2187-e2d86fe1c25f" executionId="1baaa116-c1f7-4ddb-8799-5322b79a5194" testListId="8c84fa94-04c1-424b-9868-57a2d4851a1d" />
    <TestEntry testId="fc5d65be-c4b7-c7ac-9c58-54d23110da25" executionId="7a0a7851-c009-4172-9a14-9e15fab3fe70" testListId="8c84fa94-04c1-424b-9868-57a2d4851a1d" />
  </TestEntries>
  <Results>
    <UnitTestResult executionId="f124dbb2-1e87-4167-b09d-e87fff801242" testId="1bf91859-540c-b7cc-00cc-23d58f8ae5af" testName="ValuesTest" computerName="NU1NB2RSNIYL0VA" duration="00:00:00.0133502" startTime="2013-11-21T15:18:52.4031844+08:00" endTime="2013-11-21T15:18:52.9122135+08:00" testType="13cdc9d9-ddb5-4fa4-a97d-d965ccfc6d4b" outcome="Passed" testListId="8c84fa94-04c1-424b-9868-57a2d4851a1d" relativeResultsDirectory="f124dbb2-1e87-4167-b09d-e87fff801242">
    </UnitTestResult>
    <UnitTestResult executionId="4e3495e1-22bb-408b-b595-f22aa4bdef59" testId="1f6f77c7-2d47-0710-4dcb-b0145b30ebaa" testName="DoubleKeyDictionaryConstructorTest" computerName="NU1NB2RSNIYL0VA" duration="00:00:00.0002774" startTime="2013-11-21T15:18:52.9282144+08:00" endTime="2013-11-21T15:18:52.9322147+08:00" testType="13cdc9d9-ddb5-4fa4-a97d-d965ccfc6d4b" outcome="Passed" testListId="8c84fa94-04c1-424b-9868-57a2d4851a1d" relativeResultsDirectory="4e3495e1-22bb-408b-b595-f22aa4bdef59">
    </UnitTestResult>
    <UnitTestResult executionId="21edcfa1-055c-4689-8e0f-bdc301efbb9c" testId="2b4ef174-c462-097c-6a3e-1aa16ce8aa1f" testName="SetOneValueTest" computerName="NU1NB2RSNIYL0VA" duration="00:00:00.0012139" startTime="2013-11-21T15:18:52.9372150+08:00" endTime="2013-11-21T15:18:52.9412152+08:00" testType="13cdc9d9-ddb5-4fa4-a97d-d965ccfc6d4b" outcome="Passed" testListId="8c84fa94-04c1-424b-9868-57a2d4851a1d" relativeResultsDirectory="21edcfa1-055c-4689-8e0f-bdc301efbb9c">
    </UnitTestResult>
    <UnitTestResult executionId="0bfd1551-f583-42f0-ab31-c39380948152" testId="33ecc17f-8c6a-bd99-526f-af623d0e9aca" testName="RemoveOneTest" computerName="NU1NB2RSNIYL0VA" duration="00:00:00.0006991" startTime="2013-11-21T15:18:52.9462155+08:00" endTime="2013-11-21T15:18:52.9492156+08:00" testType="13cdc9d9-ddb5-4fa4-a97d-d965ccfc6d4b" outcome="Passed" testListId="8c84fa94-04c1-424b-9868-57a2d4851a1d" relativeResultsDirectory="0bfd1551-f583-42f0-ab31-c39380948152">
    </UnitTestResult>
    <UnitTestResult executionId="61afa1e7-6298-48ad-8222-3c05f4bb012f" testId="3a310c4f-f79c-b2c6-77f5-19ee42eb9a46" testName="GetEnumeratorOneTest" computerName="NU1NB2RSNIYL0VA" duration="00:00:00.0012020" startTime="2013-11-21T15:18:52.9532159+08:00" endTime="2013-11-21T15:18:52.9582162+08:00" testType="13cdc9d9-ddb5-4fa4-a97d-d965ccfc6d4b" outcome="Passed" testListId="8c84fa94-04c1-424b-9868-57a2d4851a1d" relativeResultsDirectory="61afa1e7-6298-48ad-8222-3c05f4bb012f">
    </UnitTestResult>
    <UnitTestResult executionId="4d557f19-8567-4f36-a858-5c6ce378c9a8" testId="420229dc-f827-00be-7908-75d0f1ca5dfe" testName="GetEnumeratorTwoTest" computerName="NU1NB2RSNIYL0VA" duration="00:00:00.0001193" startTime="2013-11-21T15:18:52.9612163+08:00" endTime="2013-11-21T15:18:52.9642165+08:00" testType="13cdc9d9-ddb5-4fa4-a97d-d965ccfc6d4b" outcome="Passed" testListId="8c84fa94-04c1-424b-9868-57a2d4851a1d" relativeResultsDirectory="4d557f19-8567-4f36-a858-5c6ce378c9a8">
    </UnitTestResult>
    <UnitTestResult executionId="58583ae1-a60c-4398-863b-631e918a0526" testId="4e487412-a84f-5407-14fb-b97267209e13" testName="AddTest" computerName="NU1NB2RSNIYL0VA" duration="00:00:00.0004143" startTime="2013-11-21T15:18:52.9672167+08:00" endTime="2013-11-21T15:18:52.9702168+08:00" testType="13cdc9d9-ddb5-4fa4-a97d-d965ccfc6d4b" outcome="Passed" testListId="8c84fa94-04c1-424b-9868-57a2d4851a1d" relativeResultsDirectory="58583ae1-a60c-4398-863b-631e918a0526">
    </UnitTestResult>
    <UnitTestResult executionId="a3e50a81-2440-42f6-8dca-2f415fd7e899" testId="50994e70-9b7e-e7e4-d350-1886cc4d90f0" testName="KeysTwoTest" computerName="NU1NB2RSNIYL0VA" duration="00:00:00.0004175" startTime="2013-11-21T15:18:52.9742171+08:00" endTime="2013-11-21T15:18:52.9772172+08:00" testType="13cdc9d9-ddb5-4fa4-a97d-d965ccfc6d4b" outcome="Passed" testListId="8c84fa94-04c1-424b-9868-57a2d4851a1d" relativeResultsDirectory="a3e50a81-2440-42f6-8dca-2f415fd7e899">
    </UnitTestResult>
    <UnitTestResult executionId="4f595c69-ef42-44a1-9c9c-635af440ab80" testId="5eb80387-92b2-640e-e81d-00d44d8d438c" testName="ClearTest" computerName="NU1NB2RSNIYL0VA" duration="00:00:00.0004544" startTime="2013-11-21T15:18:52.9812175+08:00" endTime="2013-11-21T15:18:52.9852177+08:00" testType="13cdc9d9-ddb5-4fa4-a97d-d965ccfc6d4b" outcome="Passed" testListId="8c84fa94-04c1-424b-9868-57a2d4851a1d" relativeResultsDirectory="4f595c69-ef42-44a1-9c9c-635af440ab80">
    </UnitTestResult>
    <UnitTestResult executionId="d32aef61-835f-4541-ae24-796eb17d5277" testId="91e03d4a-dcf5-2ebb-028c-a5f44700fe4c" testName="KeysOneTest" computerName="NU1NB2RSNIYL0VA" duration="00:00:00.0004191" startTime="2013-11-21T15:18:52.9892179+08:00" endTime="2013-11-21T15:18:52.9922181+08:00" testType="13cdc9d9-ddb5-4fa4-a97d-d965ccfc6d4b" outcome="Passed" testListId="8c84fa94-04c1-424b-9868-57a2d4851a1d" relativeResultsDirectory="d32aef61-835f-4541-ae24-796eb17d5277">
    </UnitTestResult>
    <UnitTestResult executionId="f815d5a4-fdf7-4b5d-8700-674152e5ea4d" testId="9f0c02c1-741c-d76d-91c9-6c941adee950" testName="GetOneValueTest" computerName="NU1NB2RSNIYL0VA" duration="00:00:00.0002148" startTime="2013-11-21T15:18:52.9942182+08:00" endTime="2013-11-21T15:18:52.9982184+08:00" testType="13cdc9d9-ddb5-4fa4-a97d-d965ccfc6d4b" outcome="Passed" testListId="8c84fa94-04c1-424b-9868-57a2d4851a1d" relativeResultsDirectory="f815d5a4-fdf7-4b5d-8700-674152e5ea4d">
    </UnitTestResult>
    <UnitTestResult executionId="5cc4846b-87f2-4282-a510-daf54325997d" testId="a7fe6c26-0623-e44e-31b8-ef7a5b9a4a08" testName="CountTest" computerName="NU1NB2RSNIYL0VA" duration="00:00:00.0001779" startTime="2013-11-21T15:18:53.0012186+08:00" endTime="2013-11-21T15:18:53.0052188+08:00" testType="13cdc9d9-ddb5-4fa4-a97d-d965ccfc6d4b" outcome="Passed" testListId="8c84fa94-04c1-424b-9868-57a2d4851a1d" relativeResultsDirectory="5cc4846b-87f2-4282-a510-daf54325997d">
    </UnitTestResult>
    <UnitTestResult executionId="ab47976b-2a89-4549-8b18-21843f2742ae" testId="c0f12b05-9fcc-a16b-8cc9-7357b1f8ed6a" testName="GetTwoValueTest" computerName="NU1NB2RSNIYL0VA" duration="00:00:00.0002026" startTime="2013-11-21T15:18:53.0082190+08:00" endTime="2013-11-21T15:18:53.0112192+08:00" testType="13cdc9d9-ddb5-4fa4-a97d-d965ccfc6d4b" outcome="Passed" testListId="8c84fa94-04c1-424b-9868-57a2d4851a1d" relativeResultsDirectory="ab47976b-2a89-4549-8b18-21843f2742ae">
    </UnitTestResult>
    <UnitTestResult executionId="e83b934d-b0b9-43c9-bd92-50862f667d25" testId="c6e5ebb2-9be5-8a2b-b22e-2aa0aa232ad9" testName="ContainsKeyOneTest" computerName="NU1NB2RSNIYL0VA" duration="00:00:00.0001901" startTime="2013-11-21T15:18:53.0142194+08:00" endTime="2013-11-21T15:18:53.0172195+08:00" testType="13cdc9d9-ddb5-4fa4-a97d-d965ccfc6d4b" outcome="Passed" testListId="8c84fa94-04c1-424b-9868-57a2d4851a1d" relativeResultsDirectory="e83b934d-b0b9-43c9-bd92-50862f667d25">
    </UnitTestResult>
    <UnitTestResult executionId="d79fefc8-08e1-491b-92b2-9db9684125cc" testId="e42fed48-875f-4a9e-0345-fba3f0f9e432" testName="ContainsKeyTwoTest" computerName="NU1NB2RSNIYL0VA" duration="00:00:00.0001940" startTime="2013-11-21T15:18:53.0202197+08:00" endTime="2013-11-21T15:18:53.0232199+08:00" testType="13cdc9d9-ddb5-4fa4-a97d-d965ccfc6d4b" outcome="Passed" testListId="8c84fa94-04c1-424b-9868-57a2d4851a1d" relativeResultsDirectory="d79fefc8-08e1-491b-92b2-9db9684125cc">
    </UnitTestResult>
    <UnitTestResult executionId="eea8495a-264a-42ec-8fd9-76f15ec5bb37" testId="f4360abe-b907-39a7-f9a0-9c7f29962bbf" testName="IsReadOnlyTest" computerName="NU1NB2RSNIYL0VA" duration="00:00:00.0002370" startTime="2013-11-21T15:18:53.0262200+08:00" endTime="2013-11-21T15:18:53.0292202+08:00" testType="13cdc9d9-ddb5-4fa4-a97d-d965ccfc6d4b" outcome="Passed" testListId="8c84fa94-04c1-424b-9868-57a2d4851a1d" relativeResultsDirectory="eea8495a-264a-42ec-8fd9-76f15ec5bb37">
    </UnitTestResult>
    <UnitTestResult executionId="743a37c0-0e56-44bf-84ae-422ee359fc4f" testId="fba52ecd-62a0-929d-d202-df2156b8bb48" testName="SetTwoValueTest" computerName="NU1NB2RSNIYL0VA" duration="00:00:00.0007799" startTime="2013-11-21T15:18:53.0322204+08:00" endTime="2013-11-21T15:18:53.0352206+08:00" testType="13cdc9d9-ddb5-4fa4-a97d-d965ccfc6d4b" outcome="Passed" testListId="8c84fa94-04c1-424b-9868-57a2d4851a1d" relativeResultsDirectory="743a37c0-0e56-44bf-84ae-422ee359fc4f">
    </UnitTestResult>
    <UnitTestResult executionId="1baaa116-c1f7-4ddb-8799-5322b79a5194" testId="fc2a6da0-65b6-eca3-2187-e2d86fe1c25f" testName="TryGetValueTest" computerName="NU1NB2RSNIYL0VA" duration="00:00:00.0006292" startTime="2013-11-21T15:18:53.0392208+08:00" endTime="2013-11-21T15:18:53.0422210+08:00" testType="13cdc9d9-ddb5-4fa4-a97d-d965ccfc6d4b" outcome="Passed" testListId="8c84fa94-04c1-424b-9868-57a2d4851a1d" relativeResultsDirectory="1baaa116-c1f7-4ddb-8799-5322b79a5194">
    </UnitTestResult>
    <UnitTestResult executionId="7a0a7851-c009-4172-9a14-9e15fab3fe70" testId="fc5d65be-c4b7-c7ac-9c58-54d23110da25" testName="RemoveTwoTest" computerName="NU1NB2RSNIYL0VA" duration="00:00:00.0005333" startTime="2013-11-21T15:18:53.0452211+08:00" endTime="2013-11-21T15:18:53.0482213+08:00" testType="13cdc9d9-ddb5-4fa4-a97d-d965ccfc6d4b" outcome="Passed" testListId="8c84fa94-04c1-424b-9868-57a2d4851a1d" relativeResultsDirectory="7a0a7851-c009-4172-9a14-9e15fab3fe70">
    </UnitTestResult>
  </Results>
</TestRun>