<?xml version="1.0" encoding="UTF-8"?>
<TestRun id="07ef124b-a113-4534-8f23-ee737c8a1213" name="Administrator@NU1NB2RSNIYL0VA 2013-12-02 15:52:40" runUser="NU1NB2RSNIYL0VA\Administrator" xmlns="http://microsoft.com/schemas/VisualStudio/TeamTest/2010">
  <TestSettings name="本地" id="32b136b7-6e41-488e-8fd0-005393bbd4f8">
    <Description>这些设置为本地测试运行的默认测试设置。</Description>
    <Deployment enabled="false" runDeploymentRoot="Administrator_NU1NB2RSNIYL0VA 2013-12-02 15_52_40">
      <DeploymentItem filename="D:\Documents\GitHub\Library\Extension\bin\Debug\CRCLibrary.dll" />
    </Deployment>
    <Execution>
      <TestTypeSpecific />
      <AgentRule name="Execution Agents">
      </AgentRule>
    </Execution>
  </TestSettings>
  <Times creation="2013-12-02T15:52:40.0240651+08:00" queuing="2013-12-02T15:52:40.0620673+08:00" start="2013-12-02T15:52:40.0660675+08:00" finish="2013-12-02T15:52:40.3700849+08:00" />
  <ResultSummary outcome="Failed">
    <Counters total="1" executed="1" error="0" failed="1" timeout="0" aborted="0" inconclusive="0" passedButRunAborted="0" notRunnable="0" notExecuted="0" disconnected="0" warning="0" passed="0" completed="0" inProgress="0" pending="0" />
  </ResultSummary>
  <TestDefinitions>
    <UnitTest name="ExtractToNoCaseTest" storage="d:\documents\github\library\testcrclibrary\bin\debug\testcrclibrary.dll" id="1813d271-e2b5-db38-4571-b7fc178b1cc0">
      <Execution id="c16f91cf-c094-4645-b898-6d52773bbbd7" />
      <TestMethod codeBase="D:/Documents/GitHub/Library/TestCRCLibrary/bin/Debug/TestCRCLibrary.DLL" adapterTypeName="Microsoft.VisualStudio.TestTools.TestTypes.Unit.UnitTestAdapter, Microsoft.VisualStudio.QualityTools.Tips.UnitTest.Adapter, Version=10.0.0.0, Culture=neutral, PublicKeyToken=b03f5f7f11d50a3a" className="TestCRCLibrary.StringParserTest, TestCRCLibrary, Version=1.0.0.0, Culture=neutral, PublicKeyToken=null" name="ExtractToNoCaseTest" />
    </UnitTest>
  </TestDefinitions>
  <TestLists>
    <TestList name="列表中未列出的结果" id="8c84fa94-04c1-424b-9868-57a2d4851a1d" />
    <TestList name="所有已加载的结果" id="19431567-8539-422a-85d7-44ee4e166bda" />
  </TestLists>
  <TestEntries>
    <TestEntry testId="1813d271-e2b5-db38-4571-b7fc178b1cc0" executionId="c16f91cf-c094-4645-b898-6d52773bbbd7" testListId="8c84fa94-04c1-424b-9868-57a2d4851a1d" />
  </TestEntries>
  <Results>
    <UnitTestResult executionId="c16f91cf-c094-4645-b898-6d52773bbbd7" testId="1813d271-e2b5-db38-4571-b7fc178b1cc0" testName="ExtractToNoCaseTest" computerName="NU1NB2RSNIYL0VA" duration="00:00:00.1452056" startTime="2013-12-02T15:52:40.0740680+08:00" endTime="2013-12-02T15:52:40.3530839+08:00" testType="13cdc9d9-ddb5-4fa4-a97d-d965ccfc6d4b" outcome="Failed" testListId="8c84fa94-04c1-424b-9868-57a2d4851a1d" relativeResultsDirectory="c16f91cf-c094-4645-b898-6d52773bbbd7">
      <Output>
        <ErrorInfo>
          <Message>Assert.IsTrue 失败。</Message>
          <StackTrace>   在 TestCRCLibrary.AssertExtension.IsTrue(Boolean obj) 位置 D:\Documents\GitHub\Library\TestCRCLibrary\Util\AssertExtension.cs:行号 118
   在 TestCRCLibrary.StringParserTest.ExtractToNoCaseTest() 位置 D:\Documents\GitHub\Library\TestCRCLibrary\StringParserTest.cs:行号 114
</StackTrace>
        </ErrorInfo>
      </Output>
    </UnitTestResult>
  </Results>
</TestRun>