<?xml version="1.0" encoding="UTF-8"?>
<TestRun id="12a502d6-079d-4aa5-98d0-b8fc80610940" name="Administrator@NU1NB2RSNIYL0VA 2013-11-09 09:26:04" runUser="NU1NB2RSNIYL0VA\Administrator" xmlns="http://microsoft.com/schemas/VisualStudio/TeamTest/2010">
  <TestSettings name="本地" id="32b136b7-6e41-488e-8fd0-005393bbd4f8">
    <Description>这些设置为本地测试运行的默认测试设置。</Description>
    <Deployment enabled="false" runDeploymentRoot="Administrator_NU1NB2RSNIYL0VA 2013-11-09 09_26_04">
      <DeploymentItem filename="D:\Documents\Visual Studio 2010\Projects\library\Extension\Extension\bin\Debug\CRCLibrary.dll" />
    </Deployment>
    <Execution>
      <TestTypeSpecific />
      <AgentRule name="Execution Agents">
      </AgentRule>
    </Execution>
  </TestSettings>
  <Times creation="2013-11-09T09:26:04.2582574+08:00" queuing="2013-11-09T09:26:04.3132605+08:00" start="2013-11-09T09:26:04.3172608+08:00" finish="2013-11-09T09:26:04.4772699+08:00" />
  <ResultSummary outcome="Completed">
    <Counters total="1" executed="1" passed="1" error="0" failed="0" timeout="0" aborted="0" inconclusive="0" passedButRunAborted="0" notRunnable="0" notExecuted="0" disconnected="0" warning="0" completed="0" inProgress="0" pending="0" />
  </ResultSummary>
  <TestDefinitions>
    <UnitTest name="TestRetriveExistingItem" storage="d:\documents\visual studio 2010\projects\library\extension\testcrclibrary\bin\debug\testcrclibrary.dll" id="68468ee5-c95d-f829-29bb-2f96d5c49b86">
      <Execution id="09a98fbb-fdb8-4120-be8a-774856c0fe96" />
      <TestMethod codeBase="D:/Documents/Visual Studio 2010/Projects/library/Extension/TestCRCLibrary/bin/Debug/TestCRCLibrary.DLL" adapterTypeName="Microsoft.VisualStudio.TestTools.TestTypes.Unit.UnitTestAdapter, Microsoft.VisualStudio.QualityTools.Tips.UnitTest.Adapter, Version=10.0.0.0, Culture=neutral, PublicKeyToken=b03f5f7f11d50a3a" className="TestCRCLibrary.SortedSplitListTest, TestCRCLibrary, Version=1.0.0.0, Culture=neutral, PublicKeyToken=null" name="TestRetriveExistingItem" />
    </UnitTest>
  </TestDefinitions>
  <TestLists>
    <TestList name="列表中未列出的结果" id="8c84fa94-04c1-424b-9868-57a2d4851a1d" />
    <TestList name="所有已加载的结果" id="19431567-8539-422a-85d7-44ee4e166bda" />
  </TestLists>
  <TestEntries>
    <TestEntry testId="68468ee5-c95d-f829-29bb-2f96d5c49b86" executionId="09a98fbb-fdb8-4120-be8a-774856c0fe96" testListId="8c84fa94-04c1-424b-9868-57a2d4851a1d" />
  </TestEntries>
  <Results>
    <UnitTestResult executionId="09a98fbb-fdb8-4120-be8a-774856c0fe96" testId="68468ee5-c95d-f829-29bb-2f96d5c49b86" testName="TestRetriveExistingItem" computerName="NU1NB2RSNIYL0VA" duration="00:00:00.0158897" startTime="2013-11-09T09:26:04.3262613+08:00" endTime="2013-11-09T09:26:04.4682694+08:00" testType="13cdc9d9-ddb5-4fa4-a97d-d965ccfc6d4b" outcome="Passed" testListId="8c84fa94-04c1-424b-9868-57a2d4851a1d" relativeResultsDirectory="09a98fbb-fdb8-4120-be8a-774856c0fe96">
    </UnitTestResult>
  </Results>
</TestRun>