<?xml version="1.0" encoding="UTF-8"?>
<TestRun id="c0908d7c-0132-44cd-80e5-d45ff2d73561" name="Administrator@NU1NB2RSNIYL0VA 2014-01-15 09:22:53" runUser="NU1NB2RSNIYL0VA\Administrator" xmlns="http://microsoft.com/schemas/VisualStudio/TeamTest/2010">
  <TestSettings name="本地" id="32b136b7-6e41-488e-8fd0-005393bbd4f8">
    <Description>这些设置为本地测试运行的默认测试设置。</Description>
    <Deployment enabled="false" runDeploymentRoot="Administrator_NU1NB2RSNIYL0VA 2014-01-15 09_22_53">
      <DeploymentItem filename="C:\Program Files (x86)\Microsoft ASP.NET\ASP.NET MVC 4\Assemblies\System.Web.Http.dll" />
      <DeploymentItem filename="D:\Documents\GitHub\Library\Extension\bin\Debug\CRCLibrary.dll" />
    </Deployment>
    <Execution>
      <TestTypeSpecific />
      <AgentRule name="Execution Agents">
      </AgentRule>
    </Execution>
  </TestSettings>
  <Times creation="2014-01-15T09:22:53.9525237+08:00" queuing="2014-01-15T09:22:54.0175274+08:00" start="2014-01-15T09:22:54.0205275+08:00" finish="2014-01-15T09:22:54.1705361+08:00" />
  <ResultSummary outcome="Failed">
    <Counters total="1" executed="1" error="0" failed="1" timeout="0" aborted="0" inconclusive="0" passedButRunAborted="0" notRunnable="0" notExecuted="0" disconnected="0" warning="0" passed="0" completed="0" inProgress="0" pending="0" />
  </ResultSummary>
  <TestDefinitions>
    <UnitTest name="ConvertTest1" storage="d:\documents\github\library\testcrclibrary\bin\debug\testcrclibrary.dll" id="e6603af9-bba2-03aa-6fe6-18bddeb02677">
      <Execution id="47f4fd43-ff39-4c46-a839-9114f2ef2474" />
      <TestMethod codeBase="D:/Documents/GitHub/Library/TestCRCLibrary/bin/Debug/TestCRCLibrary.DLL" adapterTypeName="Microsoft.VisualStudio.TestTools.TestTypes.Unit.UnitTestAdapter, Microsoft.VisualStudio.QualityTools.Tips.UnitTest.Adapter, Version=10.0.0.0, Culture=neutral, PublicKeyToken=b03f5f7f11d50a3a" className="TestCRCLibrary.ConvertRmbTest, TestCRCLibrary, Version=1.0.0.0, Culture=neutral, PublicKeyToken=null" name="ConvertTest1" />
    </UnitTest>
  </TestDefinitions>
  <TestLists>
    <TestList name="列表中未列出的结果" id="8c84fa94-04c1-424b-9868-57a2d4851a1d" />
    <TestList name="所有已加载的结果" id="19431567-8539-422a-85d7-44ee4e166bda" />
  </TestLists>
  <TestEntries>
    <TestEntry testId="e6603af9-bba2-03aa-6fe6-18bddeb02677" executionId="47f4fd43-ff39-4c46-a839-9114f2ef2474" testListId="8c84fa94-04c1-424b-9868-57a2d4851a1d" />
  </TestEntries>
  <Results>
    <UnitTestResult executionId="47f4fd43-ff39-4c46-a839-9114f2ef2474" testId="e6603af9-bba2-03aa-6fe6-18bddeb02677" testName="ConvertTest1" computerName="NU1NB2RSNIYL0VA" duration="00:00:00.0250397" startTime="2014-01-15T09:22:54.0225277+08:00" endTime="2014-01-15T09:22:54.1615356+08:00" testType="13cdc9d9-ddb5-4fa4-a97d-d965ccfc6d4b" outcome="Failed" testListId="8c84fa94-04c1-424b-9868-57a2d4851a1d" relativeResultsDirectory="47f4fd43-ff39-4c46-a839-9114f2ef2474">
      <Output>
        <ErrorInfo>
          <Message>Assert.AreEqual 失败。应为: &lt;壹拾伍万贰仟壹佰肆拾贰&gt;，实际为: &lt;壹拾伍万贰仟壹佰肆拾贰元贰分&gt;。</Message>
          <StackTrace>   在 TestCRCLibrary.ConvertRmbTest.ConvertTest1() 位置 D:\Documents\GitHub\Library\TestCRCLibrary\ConvertRmbTest.cs:行号 88
</StackTrace>
        </ErrorInfo>
      </Output>
    </UnitTestResult>
  </Results>
</TestRun>