<?xml version="1.0" encoding="UTF-8"?>
<TestRun id="e61e1d9c-12e5-4be4-8018-b4e298c730e0" name="Administrator@NU1NB2RSNIYL0VA 2013-12-14 16:45:50" runUser="NU1NB2RSNIYL0VA\Administrator" xmlns="http://microsoft.com/schemas/VisualStudio/TeamTest/2010">
  <TestSettings name="本地" id="32b136b7-6e41-488e-8fd0-005393bbd4f8">
    <Description>这些设置为本地测试运行的默认测试设置。</Description>
    <Deployment enabled="false" runDeploymentRoot="Administrator_NU1NB2RSNIYL0VA 2013-12-14 16_45_50">
      <DeploymentItem filename="D:\Documents\GitHub\Library\Extension\bin\Debug\CRCLibrary.dll" />
    </Deployment>
    <Execution>
      <TestTypeSpecific />
      <AgentRule name="Execution Agents">
      </AgentRule>
    </Execution>
  </TestSettings>
  <Times creation="2013-12-14T16:45:50.4260951+08:00" queuing="2013-12-14T16:45:50.4560968+08:00" start="2013-12-14T16:45:50.4590969+08:00" finish="2013-12-14T16:45:50.6161059+08:00" />
  <ResultSummary outcome="Completed">
    <Counters total="7" executed="7" passed="7" error="0" failed="0" timeout="0" aborted="0" inconclusive="0" passedButRunAborted="0" notRunnable="0" notExecuted="0" disconnected="0" warning="0" completed="0" inProgress="0" pending="0" />
  </ResultSummary>
  <TestDefinitions>
    <UnitTest name="GetPortTest" storage="d:\documents\github\library\testcrclibrary\bin\debug\testcrclibrary.dll" id="4e3e63f9-9021-3058-c1f5-02dcbf499abe">
      <Execution id="30e9c4d2-0283-497b-a9c5-83cafe90f39b" />
      <TestMethod codeBase="D:/Documents/GitHub/Library/TestCRCLibrary/bin/Debug/TestCRCLibrary.DLL" adapterTypeName="Microsoft.VisualStudio.TestTools.TestTypes.Unit.UnitTestAdapter, Microsoft.VisualStudio.QualityTools.Tips.UnitTest.Adapter, Version=10.0.0.0, Culture=neutral, PublicKeyToken=b03f5f7f11d50a3a" className="TestCRCLibrary.IPUtilTest, TestCRCLibrary, Version=1.0.0.0, Culture=neutral, PublicKeyToken=null" name="GetPortTest" />
    </UnitTest>
    <UnitTest name="GetIPAddressTest1" storage="d:\documents\github\library\testcrclibrary\bin\debug\testcrclibrary.dll" id="07d9b3fb-20d2-e699-a6cb-d25fb1e29c5b">
      <Execution id="b518bb38-6591-4b86-9322-5026d5d23a7c" />
      <TestMethod codeBase="D:/Documents/GitHub/Library/TestCRCLibrary/bin/Debug/TestCRCLibrary.DLL" adapterTypeName="Microsoft.VisualStudio.TestTools.TestTypes.Unit.UnitTestAdapter, Microsoft.VisualStudio.QualityTools.Tips.UnitTest.Adapter, Version=10.0.0.0, Culture=neutral, PublicKeyToken=b03f5f7f11d50a3a" className="TestCRCLibrary.IPUtilTest, TestCRCLibrary, Version=1.0.0.0, Culture=neutral, PublicKeyToken=null" name="GetIPAddressTest1" />
    </UnitTest>
    <UnitTest name="GetIPTextTest1" storage="d:\documents\github\library\testcrclibrary\bin\debug\testcrclibrary.dll" id="83a128aa-6bcf-b586-c689-9a4d045e8369">
      <Execution id="d86e8513-2c1a-44f2-a89c-c928a957fae2" />
      <TestMethod codeBase="D:/Documents/GitHub/Library/TestCRCLibrary/bin/Debug/TestCRCLibrary.DLL" adapterTypeName="Microsoft.VisualStudio.TestTools.TestTypes.Unit.UnitTestAdapter, Microsoft.VisualStudio.QualityTools.Tips.UnitTest.Adapter, Version=10.0.0.0, Culture=neutral, PublicKeyToken=b03f5f7f11d50a3a" className="TestCRCLibrary.IPUtilTest, TestCRCLibrary, Version=1.0.0.0, Culture=neutral, PublicKeyToken=null" name="GetIPTextTest1" />
    </UnitTest>
    <UnitTest name="ParseIPEndPointTest" storage="d:\documents\github\library\testcrclibrary\bin\debug\testcrclibrary.dll" id="f71a1a2a-41bb-6050-f8b6-052de32f7e3a">
      <Execution id="a27447bb-89ab-403a-b99a-422e769ea045" />
      <TestMethod codeBase="D:/Documents/GitHub/Library/TestCRCLibrary/bin/Debug/TestCRCLibrary.DLL" adapterTypeName="Microsoft.VisualStudio.TestTools.TestTypes.Unit.UnitTestAdapter, Microsoft.VisualStudio.QualityTools.Tips.UnitTest.Adapter, Version=10.0.0.0, Culture=neutral, PublicKeyToken=b03f5f7f11d50a3a" className="TestCRCLibrary.IPUtilTest, TestCRCLibrary, Version=1.0.0.0, Culture=neutral, PublicKeyToken=null" name="ParseIPEndPointTest" />
    </UnitTest>
    <UnitTest name="GetIPTextTest" storage="d:\documents\github\library\testcrclibrary\bin\debug\testcrclibrary.dll" id="45b35ea2-14c5-7dd5-0a1e-1ba1e5fc6700">
      <Execution id="67141a1c-115a-4ef3-8880-b4d191a87a06" />
      <TestMethod codeBase="D:/Documents/GitHub/Library/TestCRCLibrary/bin/Debug/TestCRCLibrary.DLL" adapterTypeName="Microsoft.VisualStudio.TestTools.TestTypes.Unit.UnitTestAdapter, Microsoft.VisualStudio.QualityTools.Tips.UnitTest.Adapter, Version=10.0.0.0, Culture=neutral, PublicKeyToken=b03f5f7f11d50a3a" className="TestCRCLibrary.IPUtilTest, TestCRCLibrary, Version=1.0.0.0, Culture=neutral, PublicKeyToken=null" name="GetIPTextTest" />
    </UnitTest>
    <UnitTest name="GetIPAddressTest" storage="d:\documents\github\library\testcrclibrary\bin\debug\testcrclibrary.dll" id="7b169008-b208-c129-2b8f-95d0f8832d06">
      <Execution id="2f204c62-73b4-466c-b77b-cee1242471cf" />
      <TestMethod codeBase="D:/Documents/GitHub/Library/TestCRCLibrary/bin/Debug/TestCRCLibrary.DLL" adapterTypeName="Microsoft.VisualStudio.TestTools.TestTypes.Unit.UnitTestAdapter, Microsoft.VisualStudio.QualityTools.Tips.UnitTest.Adapter, Version=10.0.0.0, Culture=neutral, PublicKeyToken=b03f5f7f11d50a3a" className="TestCRCLibrary.IPUtilTest, TestCRCLibrary, Version=1.0.0.0, Culture=neutral, PublicKeyToken=null" name="GetIPAddressTest" />
    </UnitTest>
    <UnitTest name="PortToBytesTest" storage="d:\documents\github\library\testcrclibrary\bin\debug\testcrclibrary.dll" id="8bbf893e-2050-b878-bd67-9ede689d769b">
      <Execution id="91ccce9e-1064-4167-a3ce-4ce9b728f920" />
      <TestMethod codeBase="D:/Documents/GitHub/Library/TestCRCLibrary/bin/Debug/TestCRCLibrary.DLL" adapterTypeName="Microsoft.VisualStudio.TestTools.TestTypes.Unit.UnitTestAdapter, Microsoft.VisualStudio.QualityTools.Tips.UnitTest.Adapter, Version=10.0.0.0, Culture=neutral, PublicKeyToken=b03f5f7f11d50a3a" className="TestCRCLibrary.IPUtilTest, TestCRCLibrary, Version=1.0.0.0, Culture=neutral, PublicKeyToken=null" name="PortToBytesTest" />
    </UnitTest>
  </TestDefinitions>
  <TestLists>
    <TestList name="列表中未列出的结果" id="8c84fa94-04c1-424b-9868-57a2d4851a1d" />
    <TestList name="所有已加载的结果" id="19431567-8539-422a-85d7-44ee4e166bda" />
  </TestLists>
  <TestEntries>
    <TestEntry testId="07d9b3fb-20d2-e699-a6cb-d25fb1e29c5b" executionId="b518bb38-6591-4b86-9322-5026d5d23a7c" testListId="8c84fa94-04c1-424b-9868-57a2d4851a1d" />
    <TestEntry testId="45b35ea2-14c5-7dd5-0a1e-1ba1e5fc6700" executionId="67141a1c-115a-4ef3-8880-b4d191a87a06" testListId="8c84fa94-04c1-424b-9868-57a2d4851a1d" />
    <TestEntry testId="4e3e63f9-9021-3058-c1f5-02dcbf499abe" executionId="30e9c4d2-0283-497b-a9c5-83cafe90f39b" testListId="8c84fa94-04c1-424b-9868-57a2d4851a1d" />
    <TestEntry testId="7b169008-b208-c129-2b8f-95d0f8832d06" executionId="2f204c62-73b4-466c-b77b-cee1242471cf" testListId="8c84fa94-04c1-424b-9868-57a2d4851a1d" />
    <TestEntry testId="83a128aa-6bcf-b586-c689-9a4d045e8369" executionId="d86e8513-2c1a-44f2-a89c-c928a957fae2" testListId="8c84fa94-04c1-424b-9868-57a2d4851a1d" />
    <TestEntry testId="8bbf893e-2050-b878-bd67-9ede689d769b" executionId="91ccce9e-1064-4167-a3ce-4ce9b728f920" testListId="8c84fa94-04c1-424b-9868-57a2d4851a1d" />
    <TestEntry testId="f71a1a2a-41bb-6050-f8b6-052de32f7e3a" executionId="a27447bb-89ab-403a-b99a-422e769ea045" testListId="8c84fa94-04c1-424b-9868-57a2d4851a1d" />
  </TestEntries>
  <Results>
    <UnitTestResult executionId="b518bb38-6591-4b86-9322-5026d5d23a7c" testId="07d9b3fb-20d2-e699-a6cb-d25fb1e29c5b" testName="GetIPAddressTest1" computerName="NU1NB2RSNIYL0VA" duration="00:00:00.0099243" startTime="2013-12-14T16:45:50.4600970+08:00" endTime="2013-12-14T16:45:50.5861042+08:00" testType="13cdc9d9-ddb5-4fa4-a97d-d965ccfc6d4b" outcome="Passed" testListId="8c84fa94-04c1-424b-9868-57a2d4851a1d" relativeResultsDirectory="b518bb38-6591-4b86-9322-5026d5d23a7c">
    </UnitTestResult>
    <UnitTestResult executionId="67141a1c-115a-4ef3-8880-b4d191a87a06" testId="45b35ea2-14c5-7dd5-0a1e-1ba1e5fc6700" testName="GetIPTextTest" computerName="NU1NB2RSNIYL0VA" duration="00:00:00.0004666" startTime="2013-12-14T16:45:50.5871043+08:00" endTime="2013-12-14T16:45:50.5891044+08:00" testType="13cdc9d9-ddb5-4fa4-a97d-d965ccfc6d4b" outcome="Passed" testListId="8c84fa94-04c1-424b-9868-57a2d4851a1d" relativeResultsDirectory="67141a1c-115a-4ef3-8880-b4d191a87a06">
    </UnitTestResult>
    <UnitTestResult executionId="30e9c4d2-0283-497b-a9c5-83cafe90f39b" testId="4e3e63f9-9021-3058-c1f5-02dcbf499abe" testName="GetPortTest" computerName="NU1NB2RSNIYL0VA" duration="00:00:00.0003508" startTime="2013-12-14T16:45:50.5891044+08:00" endTime="2013-12-14T16:45:50.5911045+08:00" testType="13cdc9d9-ddb5-4fa4-a97d-d965ccfc6d4b" outcome="Passed" testListId="8c84fa94-04c1-424b-9868-57a2d4851a1d" relativeResultsDirectory="30e9c4d2-0283-497b-a9c5-83cafe90f39b">
    </UnitTestResult>
    <UnitTestResult executionId="2f204c62-73b4-466c-b77b-cee1242471cf" testId="7b169008-b208-c129-2b8f-95d0f8832d06" testName="GetIPAddressTest" computerName="NU1NB2RSNIYL0VA" duration="00:00:00.0003216" startTime="2013-12-14T16:45:50.5911045+08:00" endTime="2013-12-14T16:45:50.5931046+08:00" testType="13cdc9d9-ddb5-4fa4-a97d-d965ccfc6d4b" outcome="Passed" testListId="8c84fa94-04c1-424b-9868-57a2d4851a1d" relativeResultsDirectory="2f204c62-73b4-466c-b77b-cee1242471cf">
    </UnitTestResult>
    <UnitTestResult executionId="d86e8513-2c1a-44f2-a89c-c928a957fae2" testId="83a128aa-6bcf-b586-c689-9a4d045e8369" testName="GetIPTextTest1" computerName="NU1NB2RSNIYL0VA" duration="00:00:00.0002517" startTime="2013-12-14T16:45:50.5931046+08:00" endTime="2013-12-14T16:45:50.5951047+08:00" testType="13cdc9d9-ddb5-4fa4-a97d-d965ccfc6d4b" outcome="Passed" testListId="8c84fa94-04c1-424b-9868-57a2d4851a1d" relativeResultsDirectory="d86e8513-2c1a-44f2-a89c-c928a957fae2">
    </UnitTestResult>
    <UnitTestResult executionId="91ccce9e-1064-4167-a3ce-4ce9b728f920" testId="8bbf893e-2050-b878-bd67-9ede689d769b" testName="PortToBytesTest" computerName="NU1NB2RSNIYL0VA" duration="00:00:00.0100112" startTime="2013-12-14T16:45:50.5951047+08:00" endTime="2013-12-14T16:45:50.6071054+08:00" testType="13cdc9d9-ddb5-4fa4-a97d-d965ccfc6d4b" outcome="Passed" testListId="8c84fa94-04c1-424b-9868-57a2d4851a1d" relativeResultsDirectory="91ccce9e-1064-4167-a3ce-4ce9b728f920">
    </UnitTestResult>
    <UnitTestResult executionId="a27447bb-89ab-403a-b99a-422e769ea045" testId="f71a1a2a-41bb-6050-f8b6-052de32f7e3a" testName="ParseIPEndPointTest" computerName="NU1NB2RSNIYL0VA" duration="00:00:00.0004262" startTime="2013-12-14T16:45:50.6071054+08:00" endTime="2013-12-14T16:45:50.6091055+08:00" testType="13cdc9d9-ddb5-4fa4-a97d-d965ccfc6d4b" outcome="Passed" testListId="8c84fa94-04c1-424b-9868-57a2d4851a1d" relativeResultsDirectory="a27447bb-89ab-403a-b99a-422e769ea045">
    </UnitTestResult>
  </Results>
</TestRun>