<?xml version="1.0" encoding="UTF-8"?>
<TestRun id="5046a67e-d3c3-4032-866a-2f4e49fd5c68" name="Administrator@NU1NB2RSNIYL0VA 2013-10-26 11:35:24" runUser="NU1NB2RSNIYL0VA\Administrator" xmlns="http://microsoft.com/schemas/VisualStudio/TeamTest/2010">
  <TestSettings name="本地" id="32b136b7-6e41-488e-8fd0-005393bbd4f8">
    <Description>这些设置为本地测试运行的默认测试设置。</Description>
    <Deployment enabled="false" runDeploymentRoot="Administrator_NU1NB2RSNIYL0VA 2013-10-26 11_35_24">
      <DeploymentItem filename="D:\Documents\Visual Studio 2010\Projects\Owner\Extension\Extension\bin\Debug\CRCLibrary.dll" />
    </Deployment>
    <Execution>
      <TestTypeSpecific />
      <AgentRule name="Execution Agents">
      </AgentRule>
    </Execution>
  </TestSettings>
  <Times creation="2013-10-26T11:35:24.0965647+08:00" queuing="2013-10-26T11:35:24.1535680+08:00" start="2013-10-26T11:35:24.1575682+08:00" finish="2013-10-26T11:35:24.3145772+08:00" />
  <ResultSummary outcome="Completed">
    <Counters total="3" executed="3" passed="3" error="0" failed="0" timeout="0" aborted="0" inconclusive="0" passedButRunAborted="0" notRunnable="0" notExecuted="0" disconnected="0" warning="0" completed="0" inProgress="0" pending="0" />
  </ResultSummary>
  <TestDefinitions>
    <UnitTest name="GetParityTest" storage="d:\documents\visual studio 2010\projects\owner\extension\testcrclibrary\bin\debug\testcrclibrary.dll" id="b0140be8-20d4-63df-0dff-f47dbbb28f77">
      <Execution id="5032b9d6-23b2-41a6-a63a-11a9349afeed" />
      <TestMethod codeBase="D:/Documents/Visual Studio 2010/Projects/Owner/Extension/TestCRCLibrary/bin/Debug/TestCRCLibrary.DLL" adapterTypeName="Microsoft.VisualStudio.TestTools.TestTypes.Unit.UnitTestAdapter, Microsoft.VisualStudio.QualityTools.Tips.UnitTest.Adapter, Version=10.0.0.0, Culture=neutral, PublicKeyToken=b03f5f7f11d50a3a" className="TestCRCLibrary.XORParityTest, TestCRCLibrary, Version=1.0.0.0, Culture=neutral, PublicKeyToken=null" name="GetParityTest" />
    </UnitTest>
    <UnitTest name="GetParityTest1" storage="d:\documents\visual studio 2010\projects\owner\extension\testcrclibrary\bin\debug\testcrclibrary.dll" id="68688540-1196-bc66-bb89-c1a4d8d80f37">
      <Execution id="c274e9da-1994-430f-b4cd-2a0e91e85fb3" />
      <TestMethod codeBase="D:/Documents/Visual Studio 2010/Projects/Owner/Extension/TestCRCLibrary/bin/Debug/TestCRCLibrary.DLL" adapterTypeName="Microsoft.VisualStudio.TestTools.TestTypes.Unit.UnitTestAdapter, Microsoft.VisualStudio.QualityTools.Tips.UnitTest.Adapter, Version=10.0.0.0, Culture=neutral, PublicKeyToken=b03f5f7f11d50a3a" className="TestCRCLibrary.XORParityTest, TestCRCLibrary, Version=1.0.0.0, Culture=neutral, PublicKeyToken=null" name="GetParityTest1" />
    </UnitTest>
    <UnitTest name="GetParityTest2" storage="d:\documents\visual studio 2010\projects\owner\extension\testcrclibrary\bin\debug\testcrclibrary.dll" id="ae30eb5e-99c2-3639-8e76-5328de3ee749">
      <Execution id="e1e44c8f-5620-474d-bfea-4be33c4dc6e1" />
      <TestMethod codeBase="D:/Documents/Visual Studio 2010/Projects/Owner/Extension/TestCRCLibrary/bin/Debug/TestCRCLibrary.DLL" adapterTypeName="Microsoft.VisualStudio.TestTools.TestTypes.Unit.UnitTestAdapter, Microsoft.VisualStudio.QualityTools.Tips.UnitTest.Adapter, Version=10.0.0.0, Culture=neutral, PublicKeyToken=b03f5f7f11d50a3a" className="TestCRCLibrary.XORParityTest, TestCRCLibrary, Version=1.0.0.0, Culture=neutral, PublicKeyToken=null" name="GetParityTest2" />
    </UnitTest>
  </TestDefinitions>
  <TestLists>
    <TestList name="列表中未列出的结果" id="8c84fa94-04c1-424b-9868-57a2d4851a1d" />
    <TestList name="所有已加载的结果" id="19431567-8539-422a-85d7-44ee4e166bda" />
  </TestLists>
  <TestEntries>
    <TestEntry testId="68688540-1196-bc66-bb89-c1a4d8d80f37" executionId="c274e9da-1994-430f-b4cd-2a0e91e85fb3" testListId="8c84fa94-04c1-424b-9868-57a2d4851a1d" />
    <TestEntry testId="ae30eb5e-99c2-3639-8e76-5328de3ee749" executionId="e1e44c8f-5620-474d-bfea-4be33c4dc6e1" testListId="8c84fa94-04c1-424b-9868-57a2d4851a1d" />
    <TestEntry testId="b0140be8-20d4-63df-0dff-f47dbbb28f77" executionId="5032b9d6-23b2-41a6-a63a-11a9349afeed" testListId="8c84fa94-04c1-424b-9868-57a2d4851a1d" />
  </TestEntries>
  <Results>
    <UnitTestResult executionId="c274e9da-1994-430f-b4cd-2a0e91e85fb3" testId="68688540-1196-bc66-bb89-c1a4d8d80f37" testName="GetParityTest1" computerName="NU1NB2RSNIYL0VA" duration="00:00:00.0119531" startTime="2013-10-26T11:35:24.1585683+08:00" endTime="2013-10-26T11:35:24.3005764+08:00" testType="13cdc9d9-ddb5-4fa4-a97d-d965ccfc6d4b" outcome="Passed" testListId="8c84fa94-04c1-424b-9868-57a2d4851a1d" relativeResultsDirectory="c274e9da-1994-430f-b4cd-2a0e91e85fb3">
    </UnitTestResult>
    <UnitTestResult executionId="e1e44c8f-5620-474d-bfea-4be33c4dc6e1" testId="ae30eb5e-99c2-3639-8e76-5328de3ee749" testName="GetParityTest2" computerName="NU1NB2RSNIYL0VA" duration="00:00:00.0003550" startTime="2013-10-26T11:35:24.3015765+08:00" endTime="2013-10-26T11:35:24.3035766+08:00" testType="13cdc9d9-ddb5-4fa4-a97d-d965ccfc6d4b" outcome="Passed" testListId="8c84fa94-04c1-424b-9868-57a2d4851a1d" relativeResultsDirectory="e1e44c8f-5620-474d-bfea-4be33c4dc6e1">
    </UnitTestResult>
    <UnitTestResult executionId="5032b9d6-23b2-41a6-a63a-11a9349afeed" testId="b0140be8-20d4-63df-0dff-f47dbbb28f77" testName="GetParityTest" computerName="NU1NB2RSNIYL0VA" duration="00:00:00.0005542" startTime="2013-10-26T11:35:24.3035766+08:00" endTime="2013-10-26T11:35:24.3055767+08:00" testType="13cdc9d9-ddb5-4fa4-a97d-d965ccfc6d4b" outcome="Passed" testListId="8c84fa94-04c1-424b-9868-57a2d4851a1d" relativeResultsDirectory="5032b9d6-23b2-41a6-a63a-11a9349afeed">
    </UnitTestResult>
  </Results>
</TestRun>