<?xml version="1.0" encoding="UTF-8"?>
<TestRun id="8acaeb88-4adc-41ca-a01d-8d0091d598ae" name="Administrator@NU1NB2RSNIYL0VA 2013-11-09 09:23:02" runUser="NU1NB2RSNIYL0VA\Administrator" xmlns="http://microsoft.com/schemas/VisualStudio/TeamTest/2010">
  <TestSettings name="本地" id="32b136b7-6e41-488e-8fd0-005393bbd4f8">
    <Description>这些设置为本地测试运行的默认测试设置。</Description>
    <Deployment enabled="false" runDeploymentRoot="Administrator_NU1NB2RSNIYL0VA 2013-11-09 09_23_02">
      <DeploymentItem filename="D:\Documents\Visual Studio 2010\Projects\library\Extension\Extension\bin\Debug\CRCLibrary.dll" />
    </Deployment>
    <Execution>
      <TestTypeSpecific />
      <AgentRule name="Execution Agents">
      </AgentRule>
    </Execution>
  </TestSettings>
  <Times creation="2013-11-09T09:23:02.3128507+08:00" queuing="2013-11-09T09:23:02.3928553+08:00" start="2013-11-09T09:23:02.3978556+08:00" finish="2013-11-09T09:23:02.6178681+08:00" />
  <ResultSummary outcome="Failed">
    <Counters total="16" executed="16" passed="1" error="0" failed="15" timeout="0" aborted="0" inconclusive="0" passedButRunAborted="0" notRunnable="0" notExecuted="0" disconnected="0" warning="0" completed="0" inProgress="0" pending="0" />
  </ResultSummary>
  <TestDefinitions>
    <UnitTest name="RemoveTest" storage="d:\documents\visual studio 2010\projects\library\extension\testcrclibrary\bin\debug\testcrclibrary.dll" id="4535dfc6-2f85-f1a9-56ff-f81e28bb9924">
      <Execution id="da42501a-1c96-468f-9c8a-8926957c22c2" />
      <TestMethod codeBase="D:/Documents/Visual Studio 2010/Projects/library/Extension/TestCRCLibrary/bin/Debug/TestCRCLibrary.DLL" adapterTypeName="Microsoft.VisualStudio.TestTools.TestTypes.Unit.UnitTestAdapter, Microsoft.VisualStudio.QualityTools.Tips.UnitTest.Adapter, Version=10.0.0.0, Culture=neutral, PublicKeyToken=b03f5f7f11d50a3a" className="TestCRCLibrary.SortedSplitListTest, TestCRCLibrary, Version=1.0.0.0, Culture=neutral, PublicKeyToken=null" name="RemoveTest" />
    </UnitTest>
    <UnitTest name="GetHorizontalTableTest" storage="d:\documents\visual studio 2010\projects\library\extension\testcrclibrary\bin\debug\testcrclibrary.dll" id="17efa5e9-5489-7bd3-b9d6-a32f0ad6d26a">
      <DeploymentItems>
        <DeploymentItem filename="CRCLibrary.dll" />
      </DeploymentItems>
      <Execution id="8d999bf1-2f27-4f7d-b063-39029b491acd" />
      <TestMethod codeBase="D:/Documents/Visual Studio 2010/Projects/library/Extension/TestCRCLibrary/bin/Debug/TestCRCLibrary.DLL" adapterTypeName="Microsoft.VisualStudio.TestTools.TestTypes.Unit.UnitTestAdapter, Microsoft.VisualStudio.QualityTools.Tips.UnitTest.Adapter, Version=10.0.0.0, Culture=neutral, PublicKeyToken=b03f5f7f11d50a3a" className="TestCRCLibrary.SortedSplitListTest, TestCRCLibrary, Version=1.0.0.0, Culture=neutral, PublicKeyToken=null" name="GetHorizontalTableTest" />
    </UnitTest>
    <UnitTest name="SortedSplitListConstructorTest" storage="d:\documents\visual studio 2010\projects\library\extension\testcrclibrary\bin\debug\testcrclibrary.dll" id="3dffe941-9590-47ae-8884-6ba2eda81f86">
      <Execution id="a468084c-d005-4b55-8014-b4625d72d4fe" />
      <TestMethod codeBase="D:/Documents/Visual Studio 2010/Projects/library/Extension/TestCRCLibrary/bin/Debug/TestCRCLibrary.DLL" adapterTypeName="Microsoft.VisualStudio.TestTools.TestTypes.Unit.UnitTestAdapter, Microsoft.VisualStudio.QualityTools.Tips.UnitTest.Adapter, Version=10.0.0.0, Culture=neutral, PublicKeyToken=b03f5f7f11d50a3a" className="TestCRCLibrary.SortedSplitListTest, TestCRCLibrary, Version=1.0.0.0, Culture=neutral, PublicKeyToken=null" name="SortedSplitListConstructorTest" />
    </UnitTest>
    <UnitTest name="ClearTest" storage="d:\documents\visual studio 2010\projects\library\extension\testcrclibrary\bin\debug\testcrclibrary.dll" id="c303c48a-128e-44e2-ca78-26b79cb054e2">
      <Execution id="a1a7588e-6b66-4f24-960c-ef3d218f97b4" />
      <TestMethod codeBase="D:/Documents/Visual Studio 2010/Projects/library/Extension/TestCRCLibrary/bin/Debug/TestCRCLibrary.DLL" adapterTypeName="Microsoft.VisualStudio.TestTools.TestTypes.Unit.UnitTestAdapter, Microsoft.VisualStudio.QualityTools.Tips.UnitTest.Adapter, Version=10.0.0.0, Culture=neutral, PublicKeyToken=b03f5f7f11d50a3a" className="TestCRCLibrary.SortedSplitListTest, TestCRCLibrary, Version=1.0.0.0, Culture=neutral, PublicKeyToken=null" name="ClearTest" />
    </UnitTest>
    <UnitTest name="GetEnumeratorTest" storage="d:\documents\visual studio 2010\projects\library\extension\testcrclibrary\bin\debug\testcrclibrary.dll" id="891d0bf4-6d12-5c5b-f91a-c08de795a9f4">
      <Execution id="4d0604f7-4880-4dd1-b2ea-2967ff801f6f" />
      <TestMethod codeBase="D:/Documents/Visual Studio 2010/Projects/library/Extension/TestCRCLibrary/bin/Debug/TestCRCLibrary.DLL" adapterTypeName="Microsoft.VisualStudio.TestTools.TestTypes.Unit.UnitTestAdapter, Microsoft.VisualStudio.QualityTools.Tips.UnitTest.Adapter, Version=10.0.0.0, Culture=neutral, PublicKeyToken=b03f5f7f11d50a3a" className="TestCRCLibrary.SortedSplitListTest, TestCRCLibrary, Version=1.0.0.0, Culture=neutral, PublicKeyToken=null" name="GetEnumeratorTest" />
    </UnitTest>
    <UnitTest name="RetrieveTest" storage="d:\documents\visual studio 2010\projects\library\extension\testcrclibrary\bin\debug\testcrclibrary.dll" id="1223f517-47f7-7e4a-bec2-91e233396c5c">
      <Execution id="c11e2e96-a2bf-431a-b574-9cf869267eb4" />
      <TestMethod codeBase="D:/Documents/Visual Studio 2010/Projects/library/Extension/TestCRCLibrary/bin/Debug/TestCRCLibrary.DLL" adapterTypeName="Microsoft.VisualStudio.TestTools.TestTypes.Unit.UnitTestAdapter, Microsoft.VisualStudio.QualityTools.Tips.UnitTest.Adapter, Version=10.0.0.0, Culture=neutral, PublicKeyToken=b03f5f7f11d50a3a" className="TestCRCLibrary.SortedSplitListTest, TestCRCLibrary, Version=1.0.0.0, Culture=neutral, PublicKeyToken=null" name="RetrieveTest" />
    </UnitTest>
    <UnitTest name="ItemTest" storage="d:\documents\visual studio 2010\projects\library\extension\testcrclibrary\bin\debug\testcrclibrary.dll" id="62279c9c-2f3b-3cbf-01f9-584447c8c2ba">
      <Execution id="e2b91096-6aa9-4d3c-8efb-8c0c871924c1" />
      <TestMethod codeBase="D:/Documents/Visual Studio 2010/Projects/library/Extension/TestCRCLibrary/bin/Debug/TestCRCLibrary.DLL" adapterTypeName="Microsoft.VisualStudio.TestTools.TestTypes.Unit.UnitTestAdapter, Microsoft.VisualStudio.QualityTools.Tips.UnitTest.Adapter, Version=10.0.0.0, Culture=neutral, PublicKeyToken=b03f5f7f11d50a3a" className="TestCRCLibrary.SortedSplitListTest, TestCRCLibrary, Version=1.0.0.0, Culture=neutral, PublicKeyToken=null" name="ItemTest" />
    </UnitTest>
    <UnitTest name="AddTest" storage="d:\documents\visual studio 2010\projects\library\extension\testcrclibrary\bin\debug\testcrclibrary.dll" id="2ec44781-b858-6da1-c689-1c6db9d29b5b">
      <Execution id="0ad877bc-2b8c-448c-8f02-29d1cddd6a4c" />
      <TestMethod codeBase="D:/Documents/Visual Studio 2010/Projects/library/Extension/TestCRCLibrary/bin/Debug/TestCRCLibrary.DLL" adapterTypeName="Microsoft.VisualStudio.TestTools.TestTypes.Unit.UnitTestAdapter, Microsoft.VisualStudio.QualityTools.Tips.UnitTest.Adapter, Version=10.0.0.0, Culture=neutral, PublicKeyToken=b03f5f7f11d50a3a" className="TestCRCLibrary.SortedSplitListTest, TestCRCLibrary, Version=1.0.0.0, Culture=neutral, PublicKeyToken=null" name="AddTest" />
    </UnitTest>
    <UnitTest name="RecalcIndexerIfDirtyTest" storage="d:\documents\visual studio 2010\projects\library\extension\testcrclibrary\bin\debug\testcrclibrary.dll" id="114ca872-dc94-ffc9-f5b4-302b48321694">
      <DeploymentItems>
        <DeploymentItem filename="CRCLibrary.dll" />
      </DeploymentItems>
      <Execution id="0d261a90-3d81-4f91-8acd-39ba7d86e39c" />
      <TestMethod codeBase="D:/Documents/Visual Studio 2010/Projects/library/Extension/TestCRCLibrary/bin/Debug/TestCRCLibrary.DLL" adapterTypeName="Microsoft.VisualStudio.TestTools.TestTypes.Unit.UnitTestAdapter, Microsoft.VisualStudio.QualityTools.Tips.UnitTest.Adapter, Version=10.0.0.0, Culture=neutral, PublicKeyToken=b03f5f7f11d50a3a" className="TestCRCLibrary.SortedSplitListTest, TestCRCLibrary, Version=1.0.0.0, Culture=neutral, PublicKeyToken=null" name="RecalcIndexerIfDirtyTest" />
    </UnitTest>
    <UnitTest name="RemoveAllTest" storage="d:\documents\visual studio 2010\projects\library\extension\testcrclibrary\bin\debug\testcrclibrary.dll" id="553b421b-08c7-42fb-ee6d-f632c8d6262f">
      <Execution id="4a29c8bf-db8c-41ae-9b04-c86fb1410361" />
      <TestMethod codeBase="D:/Documents/Visual Studio 2010/Projects/library/Extension/TestCRCLibrary/bin/Debug/TestCRCLibrary.DLL" adapterTypeName="Microsoft.VisualStudio.TestTools.TestTypes.Unit.UnitTestAdapter, Microsoft.VisualStudio.QualityTools.Tips.UnitTest.Adapter, Version=10.0.0.0, Culture=neutral, PublicKeyToken=b03f5f7f11d50a3a" className="TestCRCLibrary.SortedSplitListTest, TestCRCLibrary, Version=1.0.0.0, Culture=neutral, PublicKeyToken=null" name="RemoveAllTest" />
    </UnitTest>
    <UnitTest name="CountTest" storage="d:\documents\visual studio 2010\projects\library\extension\testcrclibrary\bin\debug\testcrclibrary.dll" id="ff52900e-92a4-fb52-cac7-f293b905ad1e">
      <Execution id="ea781bc8-ab30-4532-a449-963af55aa4b2" />
      <TestMethod codeBase="D:/Documents/Visual Studio 2010/Projects/library/Extension/TestCRCLibrary/bin/Debug/TestCRCLibrary.DLL" adapterTypeName="Microsoft.VisualStudio.TestTools.TestTypes.Unit.UnitTestAdapter, Microsoft.VisualStudio.QualityTools.Tips.UnitTest.Adapter, Version=10.0.0.0, Culture=neutral, PublicKeyToken=b03f5f7f11d50a3a" className="TestCRCLibrary.SortedSplitListTest, TestCRCLibrary, Version=1.0.0.0, Culture=neutral, PublicKeyToken=null" name="CountTest" />
    </UnitTest>
    <UnitTest name="PartiallyEnumerateTest" storage="d:\documents\visual studio 2010\projects\library\extension\testcrclibrary\bin\debug\testcrclibrary.dll" id="0409576c-48a9-b759-192b-7995e47a9d0a">
      <Execution id="5de78f7d-161e-4a62-adf7-6d170580c47e" />
      <TestMethod codeBase="D:/Documents/Visual Studio 2010/Projects/library/Extension/TestCRCLibrary/bin/Debug/TestCRCLibrary.DLL" adapterTypeName="Microsoft.VisualStudio.TestTools.TestTypes.Unit.UnitTestAdapter, Microsoft.VisualStudio.QualityTools.Tips.UnitTest.Adapter, Version=10.0.0.0, Culture=neutral, PublicKeyToken=b03f5f7f11d50a3a" className="TestCRCLibrary.SortedSplitListTest, TestCRCLibrary, Version=1.0.0.0, Culture=neutral, PublicKeyToken=null" name="PartiallyEnumerateTest" />
    </UnitTest>
    <UnitTest name="BinarySearchTest" storage="d:\documents\visual studio 2010\projects\library\extension\testcrclibrary\bin\debug\testcrclibrary.dll" id="9428732d-5752-a5b2-8a6c-c8d6aabe4dbd">
      <Execution id="9a9e33ec-b8ce-4aca-8f94-6ee9874667cd" />
      <TestMethod codeBase="D:/Documents/Visual Studio 2010/Projects/library/Extension/TestCRCLibrary/bin/Debug/TestCRCLibrary.DLL" adapterTypeName="Microsoft.VisualStudio.TestTools.TestTypes.Unit.UnitTestAdapter, Microsoft.VisualStudio.QualityTools.Tips.UnitTest.Adapter, Version=10.0.0.0, Culture=neutral, PublicKeyToken=b03f5f7f11d50a3a" className="TestCRCLibrary.SortedSplitListTest, TestCRCLibrary, Version=1.0.0.0, Culture=neutral, PublicKeyToken=null" name="BinarySearchTest" />
    </UnitTest>
    <UnitTest name="InternalAddTest" storage="d:\documents\visual studio 2010\projects\library\extension\testcrclibrary\bin\debug\testcrclibrary.dll" id="9dd2f0e9-3bc8-640e-b71c-98fea39e9177">
      <DeploymentItems>
        <DeploymentItem filename="CRCLibrary.dll" />
      </DeploymentItems>
      <Execution id="6839cfe6-940c-46dc-bc67-3950841b9638" />
      <TestMethod codeBase="D:/Documents/Visual Studio 2010/Projects/library/Extension/TestCRCLibrary/bin/Debug/TestCRCLibrary.DLL" adapterTypeName="Microsoft.VisualStudio.TestTools.TestTypes.Unit.UnitTestAdapter, Microsoft.VisualStudio.QualityTools.Tips.UnitTest.Adapter, Version=10.0.0.0, Culture=neutral, PublicKeyToken=b03f5f7f11d50a3a" className="TestCRCLibrary.SortedSplitListTest, TestCRCLibrary, Version=1.0.0.0, Culture=neutral, PublicKeyToken=null" name="InternalAddTest" />
    </UnitTest>
    <UnitTest name="GetEnumeratorTest1" storage="d:\documents\visual studio 2010\projects\library\extension\testcrclibrary\bin\debug\testcrclibrary.dll" id="9414211b-e0f5-0c59-fecc-37e847124379">
      <DeploymentItems>
        <DeploymentItem filename="CRCLibrary.dll" />
      </DeploymentItems>
      <Execution id="b2b51392-51b2-4820-ac1a-77e6f30f446b" />
      <TestMethod codeBase="D:/Documents/Visual Studio 2010/Projects/library/Extension/TestCRCLibrary/bin/Debug/TestCRCLibrary.DLL" adapterTypeName="Microsoft.VisualStudio.TestTools.TestTypes.Unit.UnitTestAdapter, Microsoft.VisualStudio.QualityTools.Tips.UnitTest.Adapter, Version=10.0.0.0, Culture=neutral, PublicKeyToken=b03f5f7f11d50a3a" className="TestCRCLibrary.SortedSplitListTest, TestCRCLibrary, Version=1.0.0.0, Culture=neutral, PublicKeyToken=null" name="GetEnumeratorTest1" />
    </UnitTest>
    <UnitTest name="FastBinarySearchTest" storage="d:\documents\visual studio 2010\projects\library\extension\testcrclibrary\bin\debug\testcrclibrary.dll" id="c74c937e-9909-9609-65f9-50cdebb8e2ad">
      <DeploymentItems>
        <DeploymentItem filename="CRCLibrary.dll" />
      </DeploymentItems>
      <Execution id="5d0525a5-8f4d-4cea-9f9a-ee0561c011e4" />
      <TestMethod codeBase="D:/Documents/Visual Studio 2010/Projects/library/Extension/TestCRCLibrary/bin/Debug/TestCRCLibrary.DLL" adapterTypeName="Microsoft.VisualStudio.TestTools.TestTypes.Unit.UnitTestAdapter, Microsoft.VisualStudio.QualityTools.Tips.UnitTest.Adapter, Version=10.0.0.0, Culture=neutral, PublicKeyToken=b03f5f7f11d50a3a" className="TestCRCLibrary.SortedSplitListTest, TestCRCLibrary, Version=1.0.0.0, Culture=neutral, PublicKeyToken=null" name="FastBinarySearchTest" />
    </UnitTest>
  </TestDefinitions>
  <TestLists>
    <TestList name="列表中未列出的结果" id="8c84fa94-04c1-424b-9868-57a2d4851a1d" />
    <TestList name="所有已加载的结果" id="19431567-8539-422a-85d7-44ee4e166bda" />
  </TestLists>
  <TestEntries>
    <TestEntry testId="0409576c-48a9-b759-192b-7995e47a9d0a" executionId="5de78f7d-161e-4a62-adf7-6d170580c47e" testListId="8c84fa94-04c1-424b-9868-57a2d4851a1d" />
    <TestEntry testId="114ca872-dc94-ffc9-f5b4-302b48321694" executionId="0d261a90-3d81-4f91-8acd-39ba7d86e39c" testListId="8c84fa94-04c1-424b-9868-57a2d4851a1d" />
    <TestEntry testId="1223f517-47f7-7e4a-bec2-91e233396c5c" executionId="c11e2e96-a2bf-431a-b574-9cf869267eb4" testListId="8c84fa94-04c1-424b-9868-57a2d4851a1d" />
    <TestEntry testId="17efa5e9-5489-7bd3-b9d6-a32f0ad6d26a" executionId="8d999bf1-2f27-4f7d-b063-39029b491acd" testListId="8c84fa94-04c1-424b-9868-57a2d4851a1d" />
    <TestEntry testId="2ec44781-b858-6da1-c689-1c6db9d29b5b" executionId="0ad877bc-2b8c-448c-8f02-29d1cddd6a4c" testListId="8c84fa94-04c1-424b-9868-57a2d4851a1d" />
    <TestEntry testId="3dffe941-9590-47ae-8884-6ba2eda81f86" executionId="a468084c-d005-4b55-8014-b4625d72d4fe" testListId="8c84fa94-04c1-424b-9868-57a2d4851a1d" />
    <TestEntry testId="4535dfc6-2f85-f1a9-56ff-f81e28bb9924" executionId="da42501a-1c96-468f-9c8a-8926957c22c2" testListId="8c84fa94-04c1-424b-9868-57a2d4851a1d" />
    <TestEntry testId="553b421b-08c7-42fb-ee6d-f632c8d6262f" executionId="4a29c8bf-db8c-41ae-9b04-c86fb1410361" testListId="8c84fa94-04c1-424b-9868-57a2d4851a1d" />
    <TestEntry testId="62279c9c-2f3b-3cbf-01f9-584447c8c2ba" executionId="e2b91096-6aa9-4d3c-8efb-8c0c871924c1" testListId="8c84fa94-04c1-424b-9868-57a2d4851a1d" />
    <TestEntry testId="891d0bf4-6d12-5c5b-f91a-c08de795a9f4" executionId="4d0604f7-4880-4dd1-b2ea-2967ff801f6f" testListId="8c84fa94-04c1-424b-9868-57a2d4851a1d" />
    <TestEntry testId="9414211b-e0f5-0c59-fecc-37e847124379" executionId="b2b51392-51b2-4820-ac1a-77e6f30f446b" testListId="8c84fa94-04c1-424b-9868-57a2d4851a1d" />
    <TestEntry testId="9428732d-5752-a5b2-8a6c-c8d6aabe4dbd" executionId="9a9e33ec-b8ce-4aca-8f94-6ee9874667cd" testListId="8c84fa94-04c1-424b-9868-57a2d4851a1d" />
    <TestEntry testId="9dd2f0e9-3bc8-640e-b71c-98fea39e9177" executionId="6839cfe6-940c-46dc-bc67-3950841b9638" testListId="8c84fa94-04c1-424b-9868-57a2d4851a1d" />
    <TestEntry testId="c303c48a-128e-44e2-ca78-26b79cb054e2" executionId="a1a7588e-6b66-4f24-960c-ef3d218f97b4" testListId="8c84fa94-04c1-424b-9868-57a2d4851a1d" />
    <TestEntry testId="c74c937e-9909-9609-65f9-50cdebb8e2ad" executionId="5d0525a5-8f4d-4cea-9f9a-ee0561c011e4" testListId="8c84fa94-04c1-424b-9868-57a2d4851a1d" />
    <TestEntry testId="ff52900e-92a4-fb52-cac7-f293b905ad1e" executionId="ea781bc8-ab30-4532-a449-963af55aa4b2" testListId="8c84fa94-04c1-424b-9868-57a2d4851a1d" />
  </TestEntries>
  <Results>
    <UnitTestResult executionId="5de78f7d-161e-4a62-adf7-6d170580c47e" testId="0409576c-48a9-b759-192b-7995e47a9d0a" testName="PartiallyEnumerateTest" computerName="NU1NB2RSNIYL0VA" duration="00:00:00.0217269" startTime="2013-11-09T09:23:02.3988556+08:00" endTime="2013-11-09T09:23:02.5448640+08:00" testType="13cdc9d9-ddb5-4fa4-a97d-d965ccfc6d4b" outcome="Failed" testListId="8c84fa94-04c1-424b-9868-57a2d4851a1d" relativeResultsDirectory="5de78f7d-161e-4a62-adf7-6d170580c47e">
      <Output>
        <ErrorInfo>
          <Message>测试方法 TestCRCLibrary.SortedSplitListTest.PartiallyEnumerateTest 引发了异常: 
System.ArgumentNullException: 值不能为 null。</Message>
          <StackTrace>    在 CRC.Collections.SortedSplitList`1..ctor(IComparer`1 defaultComparer, Int32 deepness) 位置 D:\Documents\Visual Studio 2010\Projects\library\Extension\Extension\Collections\SortedSplitList.cs:行号 134
   在 TestCRCLibrary.SortedSplitListTest.PartiallyEnumerateTestHelper[T]() 位置 D:\Documents\Visual Studio 2010\Projects\library\Extension\TestCRCLibrary\Collections\SortedSplitListTest.cs:行号 266
   在 TestCRCLibrary.SortedSplitListTest.PartiallyEnumerateTest() 位置 D:\Documents\Visual Studio 2010\Projects\library\Extension\TestCRCLibrary\Collections\SortedSplitListTest.cs:行号 279
</StackTrace>
        </ErrorInfo>
      </Output>
    </UnitTestResult>
    <UnitTestResult executionId="0d261a90-3d81-4f91-8acd-39ba7d86e39c" testId="114ca872-dc94-ffc9-f5b4-302b48321694" testName="RecalcIndexerIfDirtyTest" computerName="NU1NB2RSNIYL0VA" duration="00:00:00.0044782" startTime="2013-11-09T09:23:02.5458640+08:00" endTime="2013-11-09T09:23:02.5518644+08:00" testType="13cdc9d9-ddb5-4fa4-a97d-d965ccfc6d4b" outcome="Failed" testListId="8c84fa94-04c1-424b-9868-57a2d4851a1d" relativeResultsDirectory="0d261a90-3d81-4f91-8acd-39ba7d86e39c">
      <Output>
        <ErrorInfo>
          <Message>测试方法 TestCRCLibrary.SortedSplitListTest.RecalcIndexerIfDirtyTest 引发了异常: 
System.NullReferenceException: 未将对象引用设置到对象的实例。</Message>
          <StackTrace>   在 CRC.Collections.SortedSplitList_Accessor`1.RecalcIndexerIfDirty()
   在 TestCRCLibrary.SortedSplitListTest.RecalcIndexerIfDirtyTestHelper[T]() 位置 D:\Documents\Visual Studio 2010\Projects\library\Extension\TestCRCLibrary\Collections\SortedSplitListTest.cs:行号 289
   在 TestCRCLibrary.SortedSplitListTest.RecalcIndexerIfDirtyTest() 位置 D:\Documents\Visual Studio 2010\Projects\library\Extension\TestCRCLibrary\Collections\SortedSplitListTest.cs:行号 297
</StackTrace>
        </ErrorInfo>
      </Output>
    </UnitTestResult>
    <UnitTestResult executionId="c11e2e96-a2bf-431a-b574-9cf869267eb4" testId="1223f517-47f7-7e4a-bec2-91e233396c5c" testName="RetrieveTest" computerName="NU1NB2RSNIYL0VA" duration="00:00:00.0014275" startTime="2013-11-09T09:23:02.5528644+08:00" endTime="2013-11-09T09:23:02.5558646+08:00" testType="13cdc9d9-ddb5-4fa4-a97d-d965ccfc6d4b" outcome="Failed" testListId="8c84fa94-04c1-424b-9868-57a2d4851a1d" relativeResultsDirectory="c11e2e96-a2bf-431a-b574-9cf869267eb4">
      <Output>
        <ErrorInfo>
          <Message>测试方法 TestCRCLibrary.SortedSplitListTest.RetrieveTest 引发了异常: 
System.ArgumentNullException: 值不能为 null。</Message>
          <StackTrace>    在 CRC.Collections.SortedSplitList`1..ctor(IComparer`1 defaultComparer, Int32 deepness) 位置 D:\Documents\Visual Studio 2010\Projects\library\Extension\Extension\Collections\SortedSplitList.cs:行号 134
   在 TestCRCLibrary.SortedSplitListTest.RetrieveTestHelper[T]() 位置 D:\Documents\Visual Studio 2010\Projects\library\Extension\TestCRCLibrary\Collections\SortedSplitListTest.cs:行号 349
   在 TestCRCLibrary.SortedSplitListTest.RetrieveTest() 位置 D:\Documents\Visual Studio 2010\Projects\library\Extension\TestCRCLibrary\Collections\SortedSplitListTest.cs:行号 362
</StackTrace>
        </ErrorInfo>
      </Output>
    </UnitTestResult>
    <UnitTestResult executionId="8d999bf1-2f27-4f7d-b063-39029b491acd" testId="17efa5e9-5489-7bd3-b9d6-a32f0ad6d26a" testName="GetHorizontalTableTest" computerName="NU1NB2RSNIYL0VA" duration="00:00:00.0020105" startTime="2013-11-09T09:23:02.5568647+08:00" endTime="2013-11-09T09:23:02.5608649+08:00" testType="13cdc9d9-ddb5-4fa4-a97d-d965ccfc6d4b" outcome="Failed" testListId="8c84fa94-04c1-424b-9868-57a2d4851a1d" relativeResultsDirectory="8d999bf1-2f27-4f7d-b063-39029b491acd">
      <Output>
        <ErrorInfo>
          <Message>测试方法 TestCRCLibrary.SortedSplitListTest.GetHorizontalTableTest 引发了异常: 
System.NullReferenceException: 未将对象引用设置到对象的实例。</Message>
          <StackTrace>   在 CRC.Collections.SortedSplitList_Accessor`1.GetHorizontalTable(T containItem, Int32 containIndex, IComparer`1 comparer)
   在 TestCRCLibrary.SortedSplitListTest.GetHorizontalTableTestHelper[T]() 位置 D:\Documents\Visual Studio 2010\Projects\library\Extension\TestCRCLibrary\Collections\SortedSplitListTest.cs:行号 228
   在 TestCRCLibrary.SortedSplitListTest.GetHorizontalTableTest() 位置 D:\Documents\Visual Studio 2010\Projects\library\Extension\TestCRCLibrary\Collections\SortedSplitListTest.cs:行号 237
</StackTrace>
        </ErrorInfo>
      </Output>
    </UnitTestResult>
    <UnitTestResult executionId="0ad877bc-2b8c-448c-8f02-29d1cddd6a4c" testId="2ec44781-b858-6da1-c689-1c6db9d29b5b" testName="AddTest" computerName="NU1NB2RSNIYL0VA" duration="00:00:00.0013457" startTime="2013-11-09T09:23:02.5618649+08:00" endTime="2013-11-09T09:23:02.5648651+08:00" testType="13cdc9d9-ddb5-4fa4-a97d-d965ccfc6d4b" outcome="Failed" testListId="8c84fa94-04c1-424b-9868-57a2d4851a1d" relativeResultsDirectory="0ad877bc-2b8c-448c-8f02-29d1cddd6a4c">
      <Output>
        <ErrorInfo>
          <Message>测试方法 TestCRCLibrary.SortedSplitListTest.AddTest 引发了异常: 
System.ArgumentNullException: 值不能为 null。</Message>
          <StackTrace>    在 CRC.Collections.SortedSplitList`1..ctor(IComparer`1 defaultComparer, Int32 deepness) 位置 D:\Documents\Visual Studio 2010\Projects\library\Extension\Extension\Collections\SortedSplitList.cs:行号 134
   在 TestCRCLibrary.SortedSplitListTest.AddTestHelper[T]() 位置 D:\Documents\Visual Studio 2010\Projects\library\Extension\TestCRCLibrary\Collections\SortedSplitListTest.cs:行号 118
   在 TestCRCLibrary.SortedSplitListTest.AddTest() 位置 D:\Documents\Visual Studio 2010\Projects\library\Extension\TestCRCLibrary\Collections\SortedSplitListTest.cs:行号 127
</StackTrace>
        </ErrorInfo>
      </Output>
    </UnitTestResult>
    <UnitTestResult executionId="a468084c-d005-4b55-8014-b4625d72d4fe" testId="3dffe941-9590-47ae-8884-6ba2eda81f86" testName="SortedSplitListConstructorTest" computerName="NU1NB2RSNIYL0VA" duration="00:00:00.0012139" startTime="2013-11-09T09:23:02.5658652+08:00" endTime="2013-11-09T09:23:02.5678653+08:00" testType="13cdc9d9-ddb5-4fa4-a97d-d965ccfc6d4b" outcome="Failed" testListId="8c84fa94-04c1-424b-9868-57a2d4851a1d" relativeResultsDirectory="a468084c-d005-4b55-8014-b4625d72d4fe">
      <Output>
        <ErrorInfo>
          <Message>测试方法 TestCRCLibrary.SortedSplitListTest.SortedSplitListConstructorTest 引发了异常: 
System.ArgumentNullException: 值不能为 null。</Message>
          <StackTrace>    在 CRC.Collections.SortedSplitList`1..ctor(IComparer`1 defaultComparer, Int32 deepness) 位置 D:\Documents\Visual Studio 2010\Projects\library\Extension\Extension\Collections\SortedSplitList.cs:行号 134
   在 TestCRCLibrary.SortedSplitListTest.SortedSplitListConstructorTestHelper[T]() 位置 D:\Documents\Visual Studio 2010\Projects\library\Extension\TestCRCLibrary\Collections\SortedSplitListTest.cs:行号 101
   在 TestCRCLibrary.SortedSplitListTest.SortedSplitListConstructorTest() 位置 D:\Documents\Visual Studio 2010\Projects\library\Extension\TestCRCLibrary\Collections\SortedSplitListTest.cs:行号 108
</StackTrace>
        </ErrorInfo>
      </Output>
    </UnitTestResult>
    <UnitTestResult executionId="da42501a-1c96-468f-9c8a-8926957c22c2" testId="4535dfc6-2f85-f1a9-56ff-f81e28bb9924" testName="RemoveTest" computerName="NU1NB2RSNIYL0VA" duration="00:00:00.0065022" startTime="2013-11-09T09:23:02.5688653+08:00" endTime="2013-11-09T09:23:02.5768658+08:00" testType="13cdc9d9-ddb5-4fa4-a97d-d965ccfc6d4b" outcome="Passed" testListId="8c84fa94-04c1-424b-9868-57a2d4851a1d" relativeResultsDirectory="da42501a-1c96-468f-9c8a-8926957c22c2">
    </UnitTestResult>
    <UnitTestResult executionId="4a29c8bf-db8c-41ae-9b04-c86fb1410361" testId="553b421b-08c7-42fb-ee6d-f632c8d6262f" testName="RemoveAllTest" computerName="NU1NB2RSNIYL0VA" duration="00:00:00.0012722" startTime="2013-11-09T09:23:02.5768658+08:00" endTime="2013-11-09T09:23:02.5798660+08:00" testType="13cdc9d9-ddb5-4fa4-a97d-d965ccfc6d4b" outcome="Failed" testListId="8c84fa94-04c1-424b-9868-57a2d4851a1d" relativeResultsDirectory="4a29c8bf-db8c-41ae-9b04-c86fb1410361">
      <Output>
        <ErrorInfo>
          <Message>测试方法 TestCRCLibrary.SortedSplitListTest.RemoveAllTest 引发了异常: 
System.ArgumentNullException: 值不能为 null。</Message>
          <StackTrace>    在 CRC.Collections.SortedSplitList`1..ctor(IComparer`1 defaultComparer, Int32 deepness) 位置 D:\Documents\Visual Studio 2010\Projects\library\Extension\Extension\Collections\SortedSplitList.cs:行号 134
   在 TestCRCLibrary.SortedSplitListTest.RemoveAllTestHelper[T]() 位置 D:\Documents\Visual Studio 2010\Projects\library\Extension\TestCRCLibrary\Collections\SortedSplitListTest.cs:行号 330
   在 TestCRCLibrary.SortedSplitListTest.RemoveAllTest() 位置 D:\Documents\Visual Studio 2010\Projects\library\Extension\TestCRCLibrary\Collections\SortedSplitListTest.cs:行号 339
</StackTrace>
        </ErrorInfo>
      </Output>
    </UnitTestResult>
    <UnitTestResult executionId="e2b91096-6aa9-4d3c-8efb-8c0c871924c1" testId="62279c9c-2f3b-3cbf-01f9-584447c8c2ba" testName="ItemTest" computerName="NU1NB2RSNIYL0VA" duration="00:00:00.0012652" startTime="2013-11-09T09:23:02.5808660+08:00" endTime="2013-11-09T09:23:02.5838662+08:00" testType="13cdc9d9-ddb5-4fa4-a97d-d965ccfc6d4b" outcome="Failed" testListId="8c84fa94-04c1-424b-9868-57a2d4851a1d" relativeResultsDirectory="e2b91096-6aa9-4d3c-8efb-8c0c871924c1">
      <Output>
        <ErrorInfo>
          <Message>测试方法 TestCRCLibrary.SortedSplitListTest.ItemTest 引发了异常: 
System.ArgumentNullException: 值不能为 null。</Message>
          <StackTrace>    在 CRC.Collections.SortedSplitList`1..ctor(IComparer`1 defaultComparer, Int32 deepness) 位置 D:\Documents\Visual Studio 2010\Projects\library\Extension\Extension\Collections\SortedSplitList.cs:行号 134
   在 TestCRCLibrary.SortedSplitListTest.ItemTestHelper[T]() 位置 D:\Documents\Visual Studio 2010\Projects\library\Extension\TestCRCLibrary\Collections\SortedSplitListTest.cs:行号 413
   在 TestCRCLibrary.SortedSplitListTest.ItemTest() 位置 D:\Documents\Visual Studio 2010\Projects\library\Extension\TestCRCLibrary\Collections\SortedSplitListTest.cs:行号 423
</StackTrace>
        </ErrorInfo>
      </Output>
    </UnitTestResult>
    <UnitTestResult executionId="4d0604f7-4880-4dd1-b2ea-2967ff801f6f" testId="891d0bf4-6d12-5c5b-f91a-c08de795a9f4" testName="GetEnumeratorTest" computerName="NU1NB2RSNIYL0VA" duration="00:00:00.0013707" startTime="2013-11-09T09:23:02.5838662+08:00" endTime="2013-11-09T09:23:02.5868664+08:00" testType="13cdc9d9-ddb5-4fa4-a97d-d965ccfc6d4b" outcome="Failed" testListId="8c84fa94-04c1-424b-9868-57a2d4851a1d" relativeResultsDirectory="4d0604f7-4880-4dd1-b2ea-2967ff801f6f">
      <Output>
        <ErrorInfo>
          <Message>测试方法 TestCRCLibrary.SortedSplitListTest.GetEnumeratorTest 引发了异常: 
System.ArgumentNullException: 值不能为 null。</Message>
          <StackTrace>    在 CRC.Collections.SortedSplitList`1..ctor(IComparer`1 defaultComparer, Int32 deepness) 位置 D:\Documents\Visual Studio 2010\Projects\library\Extension\Extension\Collections\SortedSplitList.cs:行号 134
   在 TestCRCLibrary.SortedSplitListTest.GetEnumeratorTestHelper[T]() 位置 D:\Documents\Visual Studio 2010\Projects\library\Extension\TestCRCLibrary\Collections\SortedSplitListTest.cs:行号 202
   在 TestCRCLibrary.SortedSplitListTest.GetEnumeratorTest() 位置 D:\Documents\Visual Studio 2010\Projects\library\Extension\TestCRCLibrary\Collections\SortedSplitListTest.cs:行号 213
</StackTrace>
        </ErrorInfo>
      </Output>
    </UnitTestResult>
    <UnitTestResult executionId="b2b51392-51b2-4820-ac1a-77e6f30f446b" testId="9414211b-e0f5-0c59-fecc-37e847124379" testName="GetEnumeratorTest1" computerName="NU1NB2RSNIYL0VA" duration="00:00:00.0013890" startTime="2013-11-09T09:23:02.5878664+08:00" endTime="2013-11-09T09:23:02.5908666+08:00" testType="13cdc9d9-ddb5-4fa4-a97d-d965ccfc6d4b" outcome="Failed" testListId="8c84fa94-04c1-424b-9868-57a2d4851a1d" relativeResultsDirectory="b2b51392-51b2-4820-ac1a-77e6f30f446b">
      <Output>
        <ErrorInfo>
          <Message>测试方法 TestCRCLibrary.SortedSplitListTest.GetEnumeratorTest1 引发了异常: 
System.ArgumentNullException: 值不能为 null。</Message>
          <StackTrace>    在 CRC.Collections.SortedSplitList`1..ctor(IComparer`1 defaultComparer, Int32 deepness) 位置 D:\Documents\Visual Studio 2010\Projects\library\Extension\Extension\Collections\SortedSplitList.cs:行号 134
   在 TestCRCLibrary.SortedSplitListTest.GetEnumeratorTest1Helper[T]() 位置 D:\Documents\Visual Studio 2010\Projects\library\Extension\TestCRCLibrary\Collections\SortedSplitListTest.cs:行号 372
   在 TestCRCLibrary.SortedSplitListTest.GetEnumeratorTest1() 位置 D:\Documents\Visual Studio 2010\Projects\library\Extension\TestCRCLibrary\Collections\SortedSplitListTest.cs:行号 384
</StackTrace>
        </ErrorInfo>
      </Output>
    </UnitTestResult>
    <UnitTestResult executionId="9a9e33ec-b8ce-4aca-8f94-6ee9874667cd" testId="9428732d-5752-a5b2-8a6c-c8d6aabe4dbd" testName="BinarySearchTest" computerName="NU1NB2RSNIYL0VA" duration="00:00:00.0014435" startTime="2013-11-09T09:23:02.5908666+08:00" endTime="2013-11-09T09:23:02.5938668+08:00" testType="13cdc9d9-ddb5-4fa4-a97d-d965ccfc6d4b" outcome="Failed" testListId="8c84fa94-04c1-424b-9868-57a2d4851a1d" relativeResultsDirectory="9a9e33ec-b8ce-4aca-8f94-6ee9874667cd">
      <Output>
        <ErrorInfo>
          <Message>测试方法 TestCRCLibrary.SortedSplitListTest.BinarySearchTest 引发了异常: 
System.ArgumentNullException: 值不能为 null。</Message>
          <StackTrace>    在 CRC.Collections.SortedSplitList`1..ctor(IComparer`1 defaultComparer, Int32 deepness) 位置 D:\Documents\Visual Studio 2010\Projects\library\Extension\Extension\Collections\SortedSplitList.cs:行号 134
   在 TestCRCLibrary.SortedSplitListTest.BinarySearchTestHelper[T]() 位置 D:\Documents\Visual Studio 2010\Projects\library\Extension\TestCRCLibrary\Collections\SortedSplitListTest.cs:行号 137
   在 TestCRCLibrary.SortedSplitListTest.BinarySearchTest() 位置 D:\Documents\Visual Studio 2010\Projects\library\Extension\TestCRCLibrary\Collections\SortedSplitListTest.cs:行号 150
</StackTrace>
        </ErrorInfo>
      </Output>
    </UnitTestResult>
    <UnitTestResult executionId="6839cfe6-940c-46dc-bc67-3950841b9638" testId="9dd2f0e9-3bc8-640e-b71c-98fea39e9177" testName="InternalAddTest" computerName="NU1NB2RSNIYL0VA" duration="00:00:00.0016642" startTime="2013-11-09T09:23:02.5948668+08:00" endTime="2013-11-09T09:23:02.5978670+08:00" testType="13cdc9d9-ddb5-4fa4-a97d-d965ccfc6d4b" outcome="Failed" testListId="8c84fa94-04c1-424b-9868-57a2d4851a1d" relativeResultsDirectory="6839cfe6-940c-46dc-bc67-3950841b9638">
      <Output>
        <ErrorInfo>
          <Message>测试方法 TestCRCLibrary.SortedSplitListTest.InternalAddTest 引发了异常: 
System.NullReferenceException: 未将对象引用设置到对象的实例。</Message>
          <StackTrace>   在 CRC.Collections.SortedSplitList_Accessor`1.InternalAdd(T item)
   在 TestCRCLibrary.SortedSplitListTest.InternalAddTestHelper[T]() 位置 D:\Documents\Visual Studio 2010\Projects\library\Extension\TestCRCLibrary\Collections\SortedSplitListTest.cs:行号 248
   在 TestCRCLibrary.SortedSplitListTest.InternalAddTest() 位置 D:\Documents\Visual Studio 2010\Projects\library\Extension\TestCRCLibrary\Collections\SortedSplitListTest.cs:行号 256
</StackTrace>
        </ErrorInfo>
      </Output>
    </UnitTestResult>
    <UnitTestResult executionId="a1a7588e-6b66-4f24-960c-ef3d218f97b4" testId="c303c48a-128e-44e2-ca78-26b79cb054e2" testName="ClearTest" computerName="NU1NB2RSNIYL0VA" duration="00:00:00.0012848" startTime="2013-11-09T09:23:02.5988671+08:00" endTime="2013-11-09T09:23:02.6008672+08:00" testType="13cdc9d9-ddb5-4fa4-a97d-d965ccfc6d4b" outcome="Failed" testListId="8c84fa94-04c1-424b-9868-57a2d4851a1d" relativeResultsDirectory="a1a7588e-6b66-4f24-960c-ef3d218f97b4">
      <Output>
        <ErrorInfo>
          <Message>测试方法 TestCRCLibrary.SortedSplitListTest.ClearTest 引发了异常: 
System.ArgumentNullException: 值不能为 null。</Message>
          <StackTrace>    在 CRC.Collections.SortedSplitList`1..ctor(IComparer`1 defaultComparer, Int32 deepness) 位置 D:\Documents\Visual Studio 2010\Projects\library\Extension\Extension\Collections\SortedSplitList.cs:行号 134
   在 TestCRCLibrary.SortedSplitListTest.ClearTestHelper[T]() 位置 D:\Documents\Visual Studio 2010\Projects\library\Extension\TestCRCLibrary\Collections\SortedSplitListTest.cs:行号 160
   在 TestCRCLibrary.SortedSplitListTest.ClearTest() 位置 D:\Documents\Visual Studio 2010\Projects\library\Extension\TestCRCLibrary\Collections\SortedSplitListTest.cs:行号 168
</StackTrace>
        </ErrorInfo>
      </Output>
    </UnitTestResult>
    <UnitTestResult executionId="5d0525a5-8f4d-4cea-9f9a-ee0561c011e4" testId="c74c937e-9909-9609-65f9-50cdebb8e2ad" testName="FastBinarySearchTest" computerName="NU1NB2RSNIYL0VA" duration="00:00:00.0025070" startTime="2013-11-09T09:23:02.6018672+08:00" endTime="2013-11-09T09:23:02.6058675+08:00" testType="13cdc9d9-ddb5-4fa4-a97d-d965ccfc6d4b" outcome="Failed" testListId="8c84fa94-04c1-424b-9868-57a2d4851a1d" relativeResultsDirectory="5d0525a5-8f4d-4cea-9f9a-ee0561c011e4">
      <Output>
        <ErrorInfo>
          <Message>测试方法 TestCRCLibrary.SortedSplitListTest.FastBinarySearchTest 引发了异常: 
System.NullReferenceException: 未将对象引用设置到对象的实例。</Message>
          <StackTrace>   在 CRC.Collections.SortedSplitList_Accessor`1.FastBinarySearch(List`1 array, T value, IComparer`1 comparer)
   在 TestCRCLibrary.SortedSplitListTest.FastBinarySearchTestHelper[T]() 位置 D:\Documents\Visual Studio 2010\Projects\library\Extension\TestCRCLibrary\Collections\SortedSplitListTest.cs:行号 183
   在 TestCRCLibrary.SortedSplitListTest.FastBinarySearchTest() 位置 D:\Documents\Visual Studio 2010\Projects\library\Extension\TestCRCLibrary\Collections\SortedSplitListTest.cs:行号 192
</StackTrace>
        </ErrorInfo>
      </Output>
    </UnitTestResult>
    <UnitTestResult executionId="ea781bc8-ab30-4532-a449-963af55aa4b2" testId="ff52900e-92a4-fb52-cac7-f293b905ad1e" testName="CountTest" computerName="NU1NB2RSNIYL0VA" duration="00:00:00.0013409" startTime="2013-11-09T09:23:02.6068675+08:00" endTime="2013-11-09T09:23:02.6098677+08:00" testType="13cdc9d9-ddb5-4fa4-a97d-d965ccfc6d4b" outcome="Failed" testListId="8c84fa94-04c1-424b-9868-57a2d4851a1d" relativeResultsDirectory="ea781bc8-ab30-4532-a449-963af55aa4b2">
      <Output>
        <ErrorInfo>
          <Message>测试方法 TestCRCLibrary.SortedSplitListTest.CountTest 引发了异常: 
System.ArgumentNullException: 值不能为 null。</Message>
          <StackTrace>    在 CRC.Collections.SortedSplitList`1..ctor(IComparer`1 defaultComparer, Int32 deepness) 位置 D:\Documents\Visual Studio 2010\Projects\library\Extension\Extension\Collections\SortedSplitList.cs:行号 134
   在 TestCRCLibrary.SortedSplitListTest.CountTestHelper[T]() 位置 D:\Documents\Visual Studio 2010\Projects\library\Extension\TestCRCLibrary\Collections\SortedSplitListTest.cs:行号 394
   在 TestCRCLibrary.SortedSplitListTest.CountTest() 位置 D:\Documents\Visual Studio 2010\Projects\library\Extension\TestCRCLibrary\Collections\SortedSplitListTest.cs:行号 403
</StackTrace>
        </ErrorInfo>
      </Output>
    </UnitTestResult>
  </Results>
</TestRun>