<?xml version="1.0" encoding="UTF-8"?>
<TestRun id="a70a1af9-64cc-4aee-9b6e-c7bf8fe78e9f" name="Administrator@NU1NB2RSNIYL0VA 2013-11-09 09:30:30" runUser="NU1NB2RSNIYL0VA\Administrator" xmlns="http://microsoft.com/schemas/VisualStudio/TeamTest/2010">
  <TestSettings name="本地" id="32b136b7-6e41-488e-8fd0-005393bbd4f8">
    <Description>这些设置为本地测试运行的默认测试设置。</Description>
    <Deployment enabled="false" runDeploymentRoot="Administrator_NU1NB2RSNIYL0VA 2013-11-09 09_30_30">
      <DeploymentItem filename="D:\Documents\Visual Studio 2010\Projects\library\Extension\Extension\bin\Debug\CRCLibrary.dll" />
    </Deployment>
    <Execution>
      <TestTypeSpecific />
      <AgentRule name="Execution Agents">
      </AgentRule>
    </Execution>
  </TestSettings>
  <Times creation="2013-11-09T09:30:30.8975083+08:00" queuing="2013-11-09T09:30:31.0385163+08:00" start="2013-11-09T09:30:31.0435166+08:00" finish="2013-11-09T09:30:31.2955310+08:00" />
  <ResultSummary outcome="Completed">
    <Counters total="9" executed="9" passed="9" error="0" failed="0" timeout="0" aborted="0" inconclusive="0" passedButRunAborted="0" notRunnable="0" notExecuted="0" disconnected="0" warning="0" completed="0" inProgress="0" pending="0" />
  </ResultSummary>
  <TestDefinitions>
    <UnitTest name="TestRetriveExistingItem" storage="d:\documents\visual studio 2010\projects\library\extension\testcrclibrary\bin\debug\testcrclibrary.dll" id="68468ee5-c95d-f829-29bb-2f96d5c49b86">
      <Execution id="1da2f9ee-10bc-4bdc-9a57-60bd83e5b7bd" />
      <TestMethod codeBase="D:/Documents/Visual Studio 2010/Projects/library/Extension/TestCRCLibrary/bin/Debug/TestCRCLibrary.DLL" adapterTypeName="Microsoft.VisualStudio.TestTools.TestTypes.Unit.UnitTestAdapter, Microsoft.VisualStudio.QualityTools.Tips.UnitTest.Adapter, Version=10.0.0.0, Culture=neutral, PublicKeyToken=b03f5f7f11d50a3a" className="TestCRCLibrary.SortedSplitListTest, TestCRCLibrary, Version=1.0.0.0, Culture=neutral, PublicKeyToken=null" name="TestRetriveExistingItem" />
    </UnitTest>
    <UnitTest name="RemoveTest" storage="d:\documents\visual studio 2010\projects\library\extension\testcrclibrary\bin\debug\testcrclibrary.dll" id="4535dfc6-2f85-f1a9-56ff-f81e28bb9924">
      <Execution id="ee6a08f9-5dd2-4746-bd68-40d79f7032c0" />
      <TestMethod codeBase="D:/Documents/Visual Studio 2010/Projects/library/Extension/TestCRCLibrary/bin/Debug/TestCRCLibrary.DLL" adapterTypeName="Microsoft.VisualStudio.TestTools.TestTypes.Unit.UnitTestAdapter, Microsoft.VisualStudio.QualityTools.Tips.UnitTest.Adapter, Version=10.0.0.0, Culture=neutral, PublicKeyToken=b03f5f7f11d50a3a" className="TestCRCLibrary.SortedSplitListTest, TestCRCLibrary, Version=1.0.0.0, Culture=neutral, PublicKeyToken=null" name="RemoveTest" />
    </UnitTest>
    <UnitTest name="TestBinarySearchFound" storage="d:\documents\visual studio 2010\projects\library\extension\testcrclibrary\bin\debug\testcrclibrary.dll" id="02553865-07ce-72d3-9b2c-c15d1b0c4181">
      <Execution id="6de2ed32-5659-4197-a07c-c06c43f4ccf2" />
      <TestMethod codeBase="D:/Documents/Visual Studio 2010/Projects/library/Extension/TestCRCLibrary/bin/Debug/TestCRCLibrary.DLL" adapterTypeName="Microsoft.VisualStudio.TestTools.TestTypes.Unit.UnitTestAdapter, Microsoft.VisualStudio.QualityTools.Tips.UnitTest.Adapter, Version=10.0.0.0, Culture=neutral, PublicKeyToken=b03f5f7f11d50a3a" className="TestCRCLibrary.SortedSplitListTest, TestCRCLibrary, Version=1.0.0.0, Culture=neutral, PublicKeyToken=null" name="TestBinarySearchFound" />
    </UnitTest>
    <UnitTest name="ClearTest" storage="d:\documents\visual studio 2010\projects\library\extension\testcrclibrary\bin\debug\testcrclibrary.dll" id="c303c48a-128e-44e2-ca78-26b79cb054e2">
      <Execution id="f65f1217-1b94-444e-bf9f-e62adb445fce" />
      <TestMethod codeBase="D:/Documents/Visual Studio 2010/Projects/library/Extension/TestCRCLibrary/bin/Debug/TestCRCLibrary.DLL" adapterTypeName="Microsoft.VisualStudio.TestTools.TestTypes.Unit.UnitTestAdapter, Microsoft.VisualStudio.QualityTools.Tips.UnitTest.Adapter, Version=10.0.0.0, Culture=neutral, PublicKeyToken=b03f5f7f11d50a3a" className="TestCRCLibrary.SortedSplitListTest, TestCRCLibrary, Version=1.0.0.0, Culture=neutral, PublicKeyToken=null" name="ClearTest" />
    </UnitTest>
    <UnitTest name="TestBinarySearchLowNotFound" storage="d:\documents\visual studio 2010\projects\library\extension\testcrclibrary\bin\debug\testcrclibrary.dll" id="c7a3a5e1-ab79-fabd-92b1-1602d749596f">
      <Execution id="68999d98-bb52-4901-a78c-f1c8ad0bc6d3" />
      <TestMethod codeBase="D:/Documents/Visual Studio 2010/Projects/library/Extension/TestCRCLibrary/bin/Debug/TestCRCLibrary.DLL" adapterTypeName="Microsoft.VisualStudio.TestTools.TestTypes.Unit.UnitTestAdapter, Microsoft.VisualStudio.QualityTools.Tips.UnitTest.Adapter, Version=10.0.0.0, Culture=neutral, PublicKeyToken=b03f5f7f11d50a3a" className="TestCRCLibrary.SortedSplitListTest, TestCRCLibrary, Version=1.0.0.0, Culture=neutral, PublicKeyToken=null" name="TestBinarySearchLowNotFound" />
    </UnitTest>
    <UnitTest name="RemoveAllTest" storage="d:\documents\visual studio 2010\projects\library\extension\testcrclibrary\bin\debug\testcrclibrary.dll" id="553b421b-08c7-42fb-ee6d-f632c8d6262f">
      <Execution id="ed8eb9ba-bffa-41ad-be70-4d78155bf055" />
      <TestMethod codeBase="D:/Documents/Visual Studio 2010/Projects/library/Extension/TestCRCLibrary/bin/Debug/TestCRCLibrary.DLL" adapterTypeName="Microsoft.VisualStudio.TestTools.TestTypes.Unit.UnitTestAdapter, Microsoft.VisualStudio.QualityTools.Tips.UnitTest.Adapter, Version=10.0.0.0, Culture=neutral, PublicKeyToken=b03f5f7f11d50a3a" className="TestCRCLibrary.SortedSplitListTest, TestCRCLibrary, Version=1.0.0.0, Culture=neutral, PublicKeyToken=null" name="RemoveAllTest" />
    </UnitTest>
    <UnitTest name="TestRetrieveNotExistingItem" storage="d:\documents\visual studio 2010\projects\library\extension\testcrclibrary\bin\debug\testcrclibrary.dll" id="76ebe7d2-5203-383d-1c2a-2c6215e718db">
      <Execution id="98441d94-29e2-47a2-a219-861c70a06005" />
      <TestMethod codeBase="D:/Documents/Visual Studio 2010/Projects/library/Extension/TestCRCLibrary/bin/Debug/TestCRCLibrary.DLL" adapterTypeName="Microsoft.VisualStudio.TestTools.TestTypes.Unit.UnitTestAdapter, Microsoft.VisualStudio.QualityTools.Tips.UnitTest.Adapter, Version=10.0.0.0, Culture=neutral, PublicKeyToken=b03f5f7f11d50a3a" className="TestCRCLibrary.SortedSplitListTest, TestCRCLibrary, Version=1.0.0.0, Culture=neutral, PublicKeyToken=null" name="TestRetrieveNotExistingItem" />
    </UnitTest>
    <UnitTest name="TestPartiallyEnumerate" storage="d:\documents\visual studio 2010\projects\library\extension\testcrclibrary\bin\debug\testcrclibrary.dll" id="2fec98aa-4d83-1647-7423-e7f0cd3a4451">
      <Execution id="85ed699f-30e1-4a71-9a46-cc0008e75d78" />
      <TestMethod codeBase="D:/Documents/Visual Studio 2010/Projects/library/Extension/TestCRCLibrary/bin/Debug/TestCRCLibrary.DLL" adapterTypeName="Microsoft.VisualStudio.TestTools.TestTypes.Unit.UnitTestAdapter, Microsoft.VisualStudio.QualityTools.Tips.UnitTest.Adapter, Version=10.0.0.0, Culture=neutral, PublicKeyToken=b03f5f7f11d50a3a" className="TestCRCLibrary.SortedSplitListTest, TestCRCLibrary, Version=1.0.0.0, Culture=neutral, PublicKeyToken=null" name="TestPartiallyEnumerate" />
    </UnitTest>
    <UnitTest name="TestBinarySearchHightNotFound" storage="d:\documents\visual studio 2010\projects\library\extension\testcrclibrary\bin\debug\testcrclibrary.dll" id="c731f2cf-c4f1-21e7-a069-32909b776f12">
      <Execution id="be4ec0a3-6949-426f-adef-7d6b0b9547c6" />
      <TestMethod codeBase="D:/Documents/Visual Studio 2010/Projects/library/Extension/TestCRCLibrary/bin/Debug/TestCRCLibrary.DLL" adapterTypeName="Microsoft.VisualStudio.TestTools.TestTypes.Unit.UnitTestAdapter, Microsoft.VisualStudio.QualityTools.Tips.UnitTest.Adapter, Version=10.0.0.0, Culture=neutral, PublicKeyToken=b03f5f7f11d50a3a" className="TestCRCLibrary.SortedSplitListTest, TestCRCLibrary, Version=1.0.0.0, Culture=neutral, PublicKeyToken=null" name="TestBinarySearchHightNotFound" />
    </UnitTest>
  </TestDefinitions>
  <TestLists>
    <TestList name="列表中未列出的结果" id="8c84fa94-04c1-424b-9868-57a2d4851a1d" />
    <TestList name="所有已加载的结果" id="19431567-8539-422a-85d7-44ee4e166bda" />
  </TestLists>
  <TestEntries>
    <TestEntry testId="02553865-07ce-72d3-9b2c-c15d1b0c4181" executionId="6de2ed32-5659-4197-a07c-c06c43f4ccf2" testListId="8c84fa94-04c1-424b-9868-57a2d4851a1d" />
    <TestEntry testId="2fec98aa-4d83-1647-7423-e7f0cd3a4451" executionId="85ed699f-30e1-4a71-9a46-cc0008e75d78" testListId="8c84fa94-04c1-424b-9868-57a2d4851a1d" />
    <TestEntry testId="4535dfc6-2f85-f1a9-56ff-f81e28bb9924" executionId="ee6a08f9-5dd2-4746-bd68-40d79f7032c0" testListId="8c84fa94-04c1-424b-9868-57a2d4851a1d" />
    <TestEntry testId="553b421b-08c7-42fb-ee6d-f632c8d6262f" executionId="ed8eb9ba-bffa-41ad-be70-4d78155bf055" testListId="8c84fa94-04c1-424b-9868-57a2d4851a1d" />
    <TestEntry testId="68468ee5-c95d-f829-29bb-2f96d5c49b86" executionId="1da2f9ee-10bc-4bdc-9a57-60bd83e5b7bd" testListId="8c84fa94-04c1-424b-9868-57a2d4851a1d" />
    <TestEntry testId="76ebe7d2-5203-383d-1c2a-2c6215e718db" executionId="98441d94-29e2-47a2-a219-861c70a06005" testListId="8c84fa94-04c1-424b-9868-57a2d4851a1d" />
    <TestEntry testId="c303c48a-128e-44e2-ca78-26b79cb054e2" executionId="f65f1217-1b94-444e-bf9f-e62adb445fce" testListId="8c84fa94-04c1-424b-9868-57a2d4851a1d" />
    <TestEntry testId="c731f2cf-c4f1-21e7-a069-32909b776f12" executionId="be4ec0a3-6949-426f-adef-7d6b0b9547c6" testListId="8c84fa94-04c1-424b-9868-57a2d4851a1d" />
    <TestEntry testId="c7a3a5e1-ab79-fabd-92b1-1602d749596f" executionId="68999d98-bb52-4901-a78c-f1c8ad0bc6d3" testListId="8c84fa94-04c1-424b-9868-57a2d4851a1d" />
  </TestEntries>
  <Results>
    <UnitTestResult executionId="6de2ed32-5659-4197-a07c-c06c43f4ccf2" testId="02553865-07ce-72d3-9b2c-c15d1b0c4181" testName="TestBinarySearchFound" computerName="NU1NB2RSNIYL0VA" duration="00:00:00.0154487" startTime="2013-11-09T09:30:31.0455167+08:00" endTime="2013-11-09T09:30:31.1905250+08:00" testType="13cdc9d9-ddb5-4fa4-a97d-d965ccfc6d4b" outcome="Passed" testListId="8c84fa94-04c1-424b-9868-57a2d4851a1d" relativeResultsDirectory="6de2ed32-5659-4197-a07c-c06c43f4ccf2">
    </UnitTestResult>
    <UnitTestResult executionId="85ed699f-30e1-4a71-9a46-cc0008e75d78" testId="2fec98aa-4d83-1647-7423-e7f0cd3a4451" testName="TestPartiallyEnumerate" computerName="NU1NB2RSNIYL0VA" duration="00:00:00.0046725" startTime="2013-11-09T09:30:31.1915251+08:00" endTime="2013-11-09T09:30:31.1975254+08:00" testType="13cdc9d9-ddb5-4fa4-a97d-d965ccfc6d4b" outcome="Passed" testListId="8c84fa94-04c1-424b-9868-57a2d4851a1d" relativeResultsDirectory="85ed699f-30e1-4a71-9a46-cc0008e75d78">
      <Output>
        <StdOut>1
2
3
4</StdOut>
      </Output>
    </UnitTestResult>
    <UnitTestResult executionId="ee6a08f9-5dd2-4746-bd68-40d79f7032c0" testId="4535dfc6-2f85-f1a9-56ff-f81e28bb9924" testName="RemoveTest" computerName="NU1NB2RSNIYL0VA" duration="00:00:00.0008393" startTime="2013-11-09T09:30:31.1985255+08:00" endTime="2013-11-09T09:30:31.2005256+08:00" testType="13cdc9d9-ddb5-4fa4-a97d-d965ccfc6d4b" outcome="Passed" testListId="8c84fa94-04c1-424b-9868-57a2d4851a1d" relativeResultsDirectory="ee6a08f9-5dd2-4746-bd68-40d79f7032c0">
    </UnitTestResult>
    <UnitTestResult executionId="ed8eb9ba-bffa-41ad-be70-4d78155bf055" testId="553b421b-08c7-42fb-ee6d-f632c8d6262f" testName="RemoveAllTest" computerName="NU1NB2RSNIYL0VA" duration="00:00:00.0005885" startTime="2013-11-09T09:30:31.2015257+08:00" endTime="2013-11-09T09:30:31.2035258+08:00" testType="13cdc9d9-ddb5-4fa4-a97d-d965ccfc6d4b" outcome="Passed" testListId="8c84fa94-04c1-424b-9868-57a2d4851a1d" relativeResultsDirectory="ed8eb9ba-bffa-41ad-be70-4d78155bf055">
    </UnitTestResult>
    <UnitTestResult executionId="1da2f9ee-10bc-4bdc-9a57-60bd83e5b7bd" testId="68468ee5-c95d-f829-29bb-2f96d5c49b86" testName="TestRetriveExistingItem" computerName="NU1NB2RSNIYL0VA" duration="00:00:00.0003088" startTime="2013-11-09T09:30:31.2035258+08:00" endTime="2013-11-09T09:30:31.2055259+08:00" testType="13cdc9d9-ddb5-4fa4-a97d-d965ccfc6d4b" outcome="Passed" testListId="8c84fa94-04c1-424b-9868-57a2d4851a1d" relativeResultsDirectory="1da2f9ee-10bc-4bdc-9a57-60bd83e5b7bd">
    </UnitTestResult>
    <UnitTestResult executionId="98441d94-29e2-47a2-a219-861c70a06005" testId="76ebe7d2-5203-383d-1c2a-2c6215e718db" testName="TestRetrieveNotExistingItem" computerName="NU1NB2RSNIYL0VA" duration="00:00:00.0001456" startTime="2013-11-09T09:30:31.2065259+08:00" endTime="2013-11-09T09:30:31.2075260+08:00" testType="13cdc9d9-ddb5-4fa4-a97d-d965ccfc6d4b" outcome="Passed" testListId="8c84fa94-04c1-424b-9868-57a2d4851a1d" relativeResultsDirectory="98441d94-29e2-47a2-a219-861c70a06005">
    </UnitTestResult>
    <UnitTestResult executionId="f65f1217-1b94-444e-bf9f-e62adb445fce" testId="c303c48a-128e-44e2-ca78-26b79cb054e2" testName="ClearTest" computerName="NU1NB2RSNIYL0VA" duration="00:00:00.0004945" startTime="2013-11-09T09:30:31.2085261+08:00" endTime="2013-11-09T09:30:31.2105262+08:00" testType="13cdc9d9-ddb5-4fa4-a97d-d965ccfc6d4b" outcome="Passed" testListId="8c84fa94-04c1-424b-9868-57a2d4851a1d" relativeResultsDirectory="f65f1217-1b94-444e-bf9f-e62adb445fce">
    </UnitTestResult>
    <UnitTestResult executionId="be4ec0a3-6949-426f-adef-7d6b0b9547c6" testId="c731f2cf-c4f1-21e7-a069-32909b776f12" testName="TestBinarySearchHightNotFound" computerName="NU1NB2RSNIYL0VA" duration="00:00:00.0001645" startTime="2013-11-09T09:30:31.2105262+08:00" endTime="2013-11-09T09:30:31.2125263+08:00" testType="13cdc9d9-ddb5-4fa4-a97d-d965ccfc6d4b" outcome="Passed" testListId="8c84fa94-04c1-424b-9868-57a2d4851a1d" relativeResultsDirectory="be4ec0a3-6949-426f-adef-7d6b0b9547c6">
    </UnitTestResult>
    <UnitTestResult executionId="68999d98-bb52-4901-a78c-f1c8ad0bc6d3" testId="c7a3a5e1-ab79-fabd-92b1-1602d749596f" testName="TestBinarySearchLowNotFound" computerName="NU1NB2RSNIYL0VA" duration="00:00:00.0001770" startTime="2013-11-09T09:30:31.2135263+08:00" endTime="2013-11-09T09:30:31.2155265+08:00" testType="13cdc9d9-ddb5-4fa4-a97d-d965ccfc6d4b" outcome="Passed" testListId="8c84fa94-04c1-424b-9868-57a2d4851a1d" relativeResultsDirectory="68999d98-bb52-4901-a78c-f1c8ad0bc6d3">
    </UnitTestResult>
  </Results>
</TestRun>