<?xml version="1.0" encoding="UTF-8"?>
<TestRun id="62cce076-d9b0-456f-b22f-e97c11c75946" name="Administrator@NU1NB2RSNIYL0VA 2013-12-14 16:25:39" runUser="NU1NB2RSNIYL0VA\Administrator" xmlns="http://microsoft.com/schemas/VisualStudio/TeamTest/2010">
  <TestSettings name="本地" id="32b136b7-6e41-488e-8fd0-005393bbd4f8">
    <Description>这些设置为本地测试运行的默认测试设置。</Description>
    <Deployment enabled="false" runDeploymentRoot="Administrator_NU1NB2RSNIYL0VA 2013-12-14 16_25_39">
      <DeploymentItem filename="D:\Documents\GitHub\Library\Extension\bin\Debug\CRCLibrary.dll" />
    </Deployment>
    <Execution>
      <TestTypeSpecific />
      <AgentRule name="Execution Agents">
      </AgentRule>
    </Execution>
  </TestSettings>
  <Times creation="2013-12-14T16:25:39.5618376+08:00" queuing="2013-12-14T16:25:39.5848389+08:00" start="2013-12-14T16:25:39.5898392+08:00" finish="2013-12-14T16:25:39.7628491+08:00" />
  <ResultSummary outcome="Failed">
    <Counters total="11" executed="11" passed="9" error="0" failed="2" timeout="0" aborted="0" inconclusive="0" passedButRunAborted="0" notRunnable="0" notExecuted="0" disconnected="0" warning="0" completed="0" inProgress="0" pending="0" />
  </ResultSummary>
  <TestDefinitions>
    <UnitTest name="Sha1EncodeTest" storage="d:\documents\github\library\testcrclibrary\bin\debug\testcrclibrary.dll" id="aff7361b-78ec-03f9-b2c7-9758e8b3539d">
      <Execution id="4b2f02e5-5e3f-47b4-811b-e92ded6876bd" />
      <TestMethod codeBase="D:/Documents/GitHub/Library/TestCRCLibrary/bin/Debug/TestCRCLibrary.DLL" adapterTypeName="Microsoft.VisualStudio.TestTools.TestTypes.Unit.UnitTestAdapter, Microsoft.VisualStudio.QualityTools.Tips.UnitTest.Adapter, Version=10.0.0.0, Culture=neutral, PublicKeyToken=b03f5f7f11d50a3a" className="TestCRCLibrary.EncodeUtilTest, TestCRCLibrary, Version=1.0.0.0, Culture=neutral, PublicKeyToken=null" name="Sha1EncodeTest" />
    </UnitTest>
    <UnitTest name="MD5EncodeTest" storage="d:\documents\github\library\testcrclibrary\bin\debug\testcrclibrary.dll" id="839cb4fe-95bf-5533-59dc-4e85e0aecad5">
      <Execution id="51beb4cf-4437-4234-863a-fa84fd403d20" />
      <TestMethod codeBase="D:/Documents/GitHub/Library/TestCRCLibrary/bin/Debug/TestCRCLibrary.DLL" adapterTypeName="Microsoft.VisualStudio.TestTools.TestTypes.Unit.UnitTestAdapter, Microsoft.VisualStudio.QualityTools.Tips.UnitTest.Adapter, Version=10.0.0.0, Culture=neutral, PublicKeyToken=b03f5f7f11d50a3a" className="TestCRCLibrary.EncodeUtilTest, TestCRCLibrary, Version=1.0.0.0, Culture=neutral, PublicKeyToken=null" name="MD5EncodeTest" />
    </UnitTest>
    <UnitTest name="EncodeUnicodeTest" storage="d:\documents\github\library\testcrclibrary\bin\debug\testcrclibrary.dll" id="1ab71655-d750-bbe7-38f0-46df6f88b5ae">
      <Execution id="bad7f253-ea0a-4c90-9fca-5a204356ca7c" />
      <TestMethod codeBase="D:/Documents/GitHub/Library/TestCRCLibrary/bin/Debug/TestCRCLibrary.DLL" adapterTypeName="Microsoft.VisualStudio.TestTools.TestTypes.Unit.UnitTestAdapter, Microsoft.VisualStudio.QualityTools.Tips.UnitTest.Adapter, Version=10.0.0.0, Culture=neutral, PublicKeyToken=b03f5f7f11d50a3a" className="TestCRCLibrary.EncodeUtilTest, TestCRCLibrary, Version=1.0.0.0, Culture=neutral, PublicKeyToken=null" name="EncodeUnicodeTest" />
    </UnitTest>
    <UnitTest name="IsHexTest1" storage="d:\documents\github\library\testcrclibrary\bin\debug\testcrclibrary.dll" id="87aaae1d-42ec-0f30-0091-c3267d04fb65">
      <Execution id="3588a9f2-b70d-47e6-ba0d-7b5cefe451ad" />
      <TestMethod codeBase="D:/Documents/GitHub/Library/TestCRCLibrary/bin/Debug/TestCRCLibrary.DLL" adapterTypeName="Microsoft.VisualStudio.TestTools.TestTypes.Unit.UnitTestAdapter, Microsoft.VisualStudio.QualityTools.Tips.UnitTest.Adapter, Version=10.0.0.0, Culture=neutral, PublicKeyToken=b03f5f7f11d50a3a" className="TestCRCLibrary.EncodeUtilTest, TestCRCLibrary, Version=1.0.0.0, Culture=neutral, PublicKeyToken=null" name="IsHexTest1" />
    </UnitTest>
    <UnitTest name="IsHexTest" storage="d:\documents\github\library\testcrclibrary\bin\debug\testcrclibrary.dll" id="ff595f81-fb6a-86d3-e6ea-cb3345c666a2">
      <Execution id="9af17c58-b643-46c4-952a-554db26074a5" />
      <TestMethod codeBase="D:/Documents/GitHub/Library/TestCRCLibrary/bin/Debug/TestCRCLibrary.DLL" adapterTypeName="Microsoft.VisualStudio.TestTools.TestTypes.Unit.UnitTestAdapter, Microsoft.VisualStudio.QualityTools.Tips.UnitTest.Adapter, Version=10.0.0.0, Culture=neutral, PublicKeyToken=b03f5f7f11d50a3a" className="TestCRCLibrary.EncodeUtilTest, TestCRCLibrary, Version=1.0.0.0, Culture=neutral, PublicKeyToken=null" name="IsHexTest" />
    </UnitTest>
    <UnitTest name="EncodeUnicodeTest1" storage="d:\documents\github\library\testcrclibrary\bin\debug\testcrclibrary.dll" id="1f33f71a-0513-36d0-08f6-39743667d914">
      <Execution id="1976d137-9797-4dc1-8cfa-8d72e03e1708" />
      <TestMethod codeBase="D:/Documents/GitHub/Library/TestCRCLibrary/bin/Debug/TestCRCLibrary.DLL" adapterTypeName="Microsoft.VisualStudio.TestTools.TestTypes.Unit.UnitTestAdapter, Microsoft.VisualStudio.QualityTools.Tips.UnitTest.Adapter, Version=10.0.0.0, Culture=neutral, PublicKeyToken=b03f5f7f11d50a3a" className="TestCRCLibrary.EncodeUtilTest, TestCRCLibrary, Version=1.0.0.0, Culture=neutral, PublicKeyToken=null" name="EncodeUnicodeTest1" />
    </UnitTest>
    <UnitTest name="ToBase64Test" storage="d:\documents\github\library\testcrclibrary\bin\debug\testcrclibrary.dll" id="b75e7473-103d-5751-3def-99b3a17a5073">
      <Execution id="823727a7-4cac-4b42-996a-46b28906bf13" />
      <TestMethod codeBase="D:/Documents/GitHub/Library/TestCRCLibrary/bin/Debug/TestCRCLibrary.DLL" adapterTypeName="Microsoft.VisualStudio.TestTools.TestTypes.Unit.UnitTestAdapter, Microsoft.VisualStudio.QualityTools.Tips.UnitTest.Adapter, Version=10.0.0.0, Culture=neutral, PublicKeyToken=b03f5f7f11d50a3a" className="TestCRCLibrary.EncodeUtilTest, TestCRCLibrary, Version=1.0.0.0, Culture=neutral, PublicKeyToken=null" name="ToBase64Test" />
    </UnitTest>
    <UnitTest name="DeBase64Test" storage="d:\documents\github\library\testcrclibrary\bin\debug\testcrclibrary.dll" id="862e6268-ff9e-7617-5e4e-26de30325928">
      <Execution id="a47b8dc7-9c89-47ef-8079-fdcec706ba1e" />
      <TestMethod codeBase="D:/Documents/GitHub/Library/TestCRCLibrary/bin/Debug/TestCRCLibrary.DLL" adapterTypeName="Microsoft.VisualStudio.TestTools.TestTypes.Unit.UnitTestAdapter, Microsoft.VisualStudio.QualityTools.Tips.UnitTest.Adapter, Version=10.0.0.0, Culture=neutral, PublicKeyToken=b03f5f7f11d50a3a" className="TestCRCLibrary.EncodeUtilTest, TestCRCLibrary, Version=1.0.0.0, Culture=neutral, PublicKeyToken=null" name="DeBase64Test" />
    </UnitTest>
    <UnitTest name="DecodeUnicodeTest" storage="d:\documents\github\library\testcrclibrary\bin\debug\testcrclibrary.dll" id="1b1ea453-509d-3f12-42e0-07a425263b03">
      <Execution id="314dcc45-d196-4af1-963c-06f7cb532d77" />
      <TestMethod codeBase="D:/Documents/GitHub/Library/TestCRCLibrary/bin/Debug/TestCRCLibrary.DLL" adapterTypeName="Microsoft.VisualStudio.TestTools.TestTypes.Unit.UnitTestAdapter, Microsoft.VisualStudio.QualityTools.Tips.UnitTest.Adapter, Version=10.0.0.0, Culture=neutral, PublicKeyToken=b03f5f7f11d50a3a" className="TestCRCLibrary.EncodeUtilTest, TestCRCLibrary, Version=1.0.0.0, Culture=neutral, PublicKeyToken=null" name="DecodeUnicodeTest" />
    </UnitTest>
    <UnitTest name="MD5EncodeTest1" storage="d:\documents\github\library\testcrclibrary\bin\debug\testcrclibrary.dll" id="24dca1a5-af2f-1d7c-e220-7d26b7299ef6">
      <Execution id="796276f1-30d9-4ec5-a952-0e1029571723" />
      <TestMethod codeBase="D:/Documents/GitHub/Library/TestCRCLibrary/bin/Debug/TestCRCLibrary.DLL" adapterTypeName="Microsoft.VisualStudio.TestTools.TestTypes.Unit.UnitTestAdapter, Microsoft.VisualStudio.QualityTools.Tips.UnitTest.Adapter, Version=10.0.0.0, Culture=neutral, PublicKeyToken=b03f5f7f11d50a3a" className="TestCRCLibrary.EncodeUtilTest, TestCRCLibrary, Version=1.0.0.0, Culture=neutral, PublicKeyToken=null" name="MD5EncodeTest1" />
    </UnitTest>
    <UnitTest name="GetHexLengthTest" storage="d:\documents\github\library\testcrclibrary\bin\debug\testcrclibrary.dll" id="be59e77b-8391-52ef-65f7-7dbcdca4b10d">
      <Execution id="948909ae-7b43-463c-9b8d-897b9f74c7ce" />
      <TestMethod codeBase="D:/Documents/GitHub/Library/TestCRCLibrary/bin/Debug/TestCRCLibrary.DLL" adapterTypeName="Microsoft.VisualStudio.TestTools.TestTypes.Unit.UnitTestAdapter, Microsoft.VisualStudio.QualityTools.Tips.UnitTest.Adapter, Version=10.0.0.0, Culture=neutral, PublicKeyToken=b03f5f7f11d50a3a" className="TestCRCLibrary.EncodeUtilTest, TestCRCLibrary, Version=1.0.0.0, Culture=neutral, PublicKeyToken=null" name="GetHexLengthTest" />
    </UnitTest>
  </TestDefinitions>
  <TestLists>
    <TestList name="列表中未列出的结果" id="8c84fa94-04c1-424b-9868-57a2d4851a1d" />
    <TestList name="所有已加载的结果" id="19431567-8539-422a-85d7-44ee4e166bda" />
  </TestLists>
  <TestEntries>
    <TestEntry testId="1ab71655-d750-bbe7-38f0-46df6f88b5ae" executionId="bad7f253-ea0a-4c90-9fca-5a204356ca7c" testListId="8c84fa94-04c1-424b-9868-57a2d4851a1d" />
    <TestEntry testId="1b1ea453-509d-3f12-42e0-07a425263b03" executionId="314dcc45-d196-4af1-963c-06f7cb532d77" testListId="8c84fa94-04c1-424b-9868-57a2d4851a1d" />
    <TestEntry testId="1f33f71a-0513-36d0-08f6-39743667d914" executionId="1976d137-9797-4dc1-8cfa-8d72e03e1708" testListId="8c84fa94-04c1-424b-9868-57a2d4851a1d" />
    <TestEntry testId="24dca1a5-af2f-1d7c-e220-7d26b7299ef6" executionId="796276f1-30d9-4ec5-a952-0e1029571723" testListId="8c84fa94-04c1-424b-9868-57a2d4851a1d" />
    <TestEntry testId="839cb4fe-95bf-5533-59dc-4e85e0aecad5" executionId="51beb4cf-4437-4234-863a-fa84fd403d20" testListId="8c84fa94-04c1-424b-9868-57a2d4851a1d" />
    <TestEntry testId="862e6268-ff9e-7617-5e4e-26de30325928" executionId="a47b8dc7-9c89-47ef-8079-fdcec706ba1e" testListId="8c84fa94-04c1-424b-9868-57a2d4851a1d" />
    <TestEntry testId="87aaae1d-42ec-0f30-0091-c3267d04fb65" executionId="3588a9f2-b70d-47e6-ba0d-7b5cefe451ad" testListId="8c84fa94-04c1-424b-9868-57a2d4851a1d" />
    <TestEntry testId="aff7361b-78ec-03f9-b2c7-9758e8b3539d" executionId="4b2f02e5-5e3f-47b4-811b-e92ded6876bd" testListId="8c84fa94-04c1-424b-9868-57a2d4851a1d" />
    <TestEntry testId="b75e7473-103d-5751-3def-99b3a17a5073" executionId="823727a7-4cac-4b42-996a-46b28906bf13" testListId="8c84fa94-04c1-424b-9868-57a2d4851a1d" />
    <TestEntry testId="be59e77b-8391-52ef-65f7-7dbcdca4b10d" executionId="948909ae-7b43-463c-9b8d-897b9f74c7ce" testListId="8c84fa94-04c1-424b-9868-57a2d4851a1d" />
    <TestEntry testId="ff595f81-fb6a-86d3-e6ea-cb3345c666a2" executionId="9af17c58-b643-46c4-952a-554db26074a5" testListId="8c84fa94-04c1-424b-9868-57a2d4851a1d" />
  </TestEntries>
  <Results>
    <UnitTestResult executionId="bad7f253-ea0a-4c90-9fca-5a204356ca7c" testId="1ab71655-d750-bbe7-38f0-46df6f88b5ae" testName="EncodeUnicodeTest" computerName="NU1NB2RSNIYL0VA" duration="00:00:00.0104727" startTime="2013-12-14T16:25:39.5908392+08:00" endTime="2013-12-14T16:25:39.7178465+08:00" testType="13cdc9d9-ddb5-4fa4-a97d-d965ccfc6d4b" outcome="Passed" testListId="8c84fa94-04c1-424b-9868-57a2d4851a1d" relativeResultsDirectory="bad7f253-ea0a-4c90-9fca-5a204356ca7c">
    </UnitTestResult>
    <UnitTestResult executionId="314dcc45-d196-4af1-963c-06f7cb532d77" testId="1b1ea453-509d-3f12-42e0-07a425263b03" testName="DecodeUnicodeTest" computerName="NU1NB2RSNIYL0VA" duration="00:00:00.0002267" startTime="2013-12-14T16:25:39.7178465+08:00" endTime="2013-12-14T16:25:39.7198466+08:00" testType="13cdc9d9-ddb5-4fa4-a97d-d965ccfc6d4b" outcome="Passed" testListId="8c84fa94-04c1-424b-9868-57a2d4851a1d" relativeResultsDirectory="314dcc45-d196-4af1-963c-06f7cb532d77">
    </UnitTestResult>
    <UnitTestResult executionId="1976d137-9797-4dc1-8cfa-8d72e03e1708" testId="1f33f71a-0513-36d0-08f6-39743667d914" testName="EncodeUnicodeTest1" computerName="NU1NB2RSNIYL0VA" duration="00:00:00.0001330" startTime="2013-12-14T16:25:39.7198466+08:00" endTime="2013-12-14T16:25:39.7218467+08:00" testType="13cdc9d9-ddb5-4fa4-a97d-d965ccfc6d4b" outcome="Passed" testListId="8c84fa94-04c1-424b-9868-57a2d4851a1d" relativeResultsDirectory="1976d137-9797-4dc1-8cfa-8d72e03e1708">
    </UnitTestResult>
    <UnitTestResult executionId="796276f1-30d9-4ec5-a952-0e1029571723" testId="24dca1a5-af2f-1d7c-e220-7d26b7299ef6" testName="MD5EncodeTest1" computerName="NU1NB2RSNIYL0VA" duration="00:00:00.0017001" startTime="2013-12-14T16:25:39.7218467+08:00" endTime="2013-12-14T16:25:39.7248469+08:00" testType="13cdc9d9-ddb5-4fa4-a97d-d965ccfc6d4b" outcome="Passed" testListId="8c84fa94-04c1-424b-9868-57a2d4851a1d" relativeResultsDirectory="796276f1-30d9-4ec5-a952-0e1029571723">
    </UnitTestResult>
    <UnitTestResult executionId="51beb4cf-4437-4234-863a-fa84fd403d20" testId="839cb4fe-95bf-5533-59dc-4e85e0aecad5" testName="MD5EncodeTest" computerName="NU1NB2RSNIYL0VA" duration="00:00:00.0004361" startTime="2013-12-14T16:25:39.7258470+08:00" endTime="2013-12-14T16:25:39.7278471+08:00" testType="13cdc9d9-ddb5-4fa4-a97d-d965ccfc6d4b" outcome="Passed" testListId="8c84fa94-04c1-424b-9868-57a2d4851a1d" relativeResultsDirectory="51beb4cf-4437-4234-863a-fa84fd403d20">
    </UnitTestResult>
    <UnitTestResult executionId="a47b8dc7-9c89-47ef-8079-fdcec706ba1e" testId="862e6268-ff9e-7617-5e4e-26de30325928" testName="DeBase64Test" computerName="NU1NB2RSNIYL0VA" duration="00:00:00.0003499" startTime="2013-12-14T16:25:39.7278471+08:00" endTime="2013-12-14T16:25:39.7298472+08:00" testType="13cdc9d9-ddb5-4fa4-a97d-d965ccfc6d4b" outcome="Passed" testListId="8c84fa94-04c1-424b-9868-57a2d4851a1d" relativeResultsDirectory="a47b8dc7-9c89-47ef-8079-fdcec706ba1e">
    </UnitTestResult>
    <UnitTestResult executionId="3588a9f2-b70d-47e6-ba0d-7b5cefe451ad" testId="87aaae1d-42ec-0f30-0091-c3267d04fb65" testName="IsHexTest1" computerName="NU1NB2RSNIYL0VA" duration="00:00:00.0001433" startTime="2013-12-14T16:25:39.7298472+08:00" endTime="2013-12-14T16:25:39.7318473+08:00" testType="13cdc9d9-ddb5-4fa4-a97d-d965ccfc6d4b" outcome="Passed" testListId="8c84fa94-04c1-424b-9868-57a2d4851a1d" relativeResultsDirectory="3588a9f2-b70d-47e6-ba0d-7b5cefe451ad">
    </UnitTestResult>
    <UnitTestResult executionId="4b2f02e5-5e3f-47b4-811b-e92ded6876bd" testId="aff7361b-78ec-03f9-b2c7-9758e8b3539d" testName="Sha1EncodeTest" computerName="NU1NB2RSNIYL0VA" duration="00:00:00.0128980" startTime="2013-12-14T16:25:39.7328474+08:00" endTime="2013-12-14T16:25:39.7468482+08:00" testType="13cdc9d9-ddb5-4fa4-a97d-d965ccfc6d4b" outcome="Failed" testListId="8c84fa94-04c1-424b-9868-57a2d4851a1d" relativeResultsDirectory="4b2f02e5-5e3f-47b4-811b-e92ded6876bd">
      <Output>
        <ErrorInfo>
          <Message>Assert.AreEqual 失败。应为: &lt;&gt;，实际为: &lt;B9-B3-B1-18-B6-DC-E1-E9-14-E4-97-97-A6-E1-CC-B5-8E-26-F9-9A&gt;。</Message>
          <StackTrace>   在 TestCRCLibrary.EncodeUtilTest.Sha1EncodeTest() 位置 D:\Documents\GitHub\Library\TestCRCLibrary\Util\EncodeUtilTest.cs:行号 173
</StackTrace>
        </ErrorInfo>
      </Output>
    </UnitTestResult>
    <UnitTestResult executionId="823727a7-4cac-4b42-996a-46b28906bf13" testId="b75e7473-103d-5751-3def-99b3a17a5073" testName="ToBase64Test" computerName="NU1NB2RSNIYL0VA" duration="00:00:00.0001533" startTime="2013-12-14T16:25:39.7478482+08:00" endTime="2013-12-14T16:25:39.7498483+08:00" testType="13cdc9d9-ddb5-4fa4-a97d-d965ccfc6d4b" outcome="Passed" testListId="8c84fa94-04c1-424b-9868-57a2d4851a1d" relativeResultsDirectory="823727a7-4cac-4b42-996a-46b28906bf13">
    </UnitTestResult>
    <UnitTestResult executionId="948909ae-7b43-463c-9b8d-897b9f74c7ce" testId="be59e77b-8391-52ef-65f7-7dbcdca4b10d" testName="GetHexLengthTest" computerName="NU1NB2RSNIYL0VA" duration="00:00:00.0001966" startTime="2013-12-14T16:25:39.7498483+08:00" endTime="2013-12-14T16:25:39.7518485+08:00" testType="13cdc9d9-ddb5-4fa4-a97d-d965ccfc6d4b" outcome="Passed" testListId="8c84fa94-04c1-424b-9868-57a2d4851a1d" relativeResultsDirectory="948909ae-7b43-463c-9b8d-897b9f74c7ce">
    </UnitTestResult>
    <UnitTestResult executionId="9af17c58-b643-46c4-952a-554db26074a5" testId="ff595f81-fb6a-86d3-e6ea-cb3345c666a2" testName="IsHexTest" computerName="NU1NB2RSNIYL0VA" duration="00:00:00.0012790" startTime="2013-12-14T16:25:39.7518485+08:00" endTime="2013-12-14T16:25:39.7548486+08:00" testType="13cdc9d9-ddb5-4fa4-a97d-d965ccfc6d4b" outcome="Failed" testListId="8c84fa94-04c1-424b-9868-57a2d4851a1d" relativeResultsDirectory="9af17c58-b643-46c4-952a-554db26074a5">
      <Output>
        <ErrorInfo>
          <Message>Assert.AreEqual 失败。应为: &lt;True&gt;，实际为: &lt;False&gt;。</Message>
          <StackTrace>   在 TestCRCLibrary.EncodeUtilTest.IsHexTest() 位置 D:\Documents\GitHub\Library\TestCRCLibrary\Util\EncodeUtilTest.cs:行号 129
</StackTrace>
        </ErrorInfo>
      </Output>
    </UnitTestResult>
  </Results>
</TestRun>