<?xml version="1.0" encoding="UTF-8"?>
<TestRun id="79b1c2db-3e77-4b99-9e5d-c76ce196cf4c" name="Administrator@NU1NB2RSNIYL0VA 2014-01-15 09:34:51" runUser="NU1NB2RSNIYL0VA\Administrator" xmlns="http://microsoft.com/schemas/VisualStudio/TeamTest/2010">
  <TestSettings name="本地" id="32b136b7-6e41-488e-8fd0-005393bbd4f8">
    <Description>这些设置为本地测试运行的默认测试设置。</Description>
    <Deployment enabled="false" runDeploymentRoot="Administrator_NU1NB2RSNIYL0VA 2014-01-15 09_34_51">
      <DeploymentItem filename="C:\Program Files (x86)\Microsoft ASP.NET\ASP.NET MVC 4\Assemblies\System.Web.Http.dll" />
      <DeploymentItem filename="D:\Documents\GitHub\Library\Extension\bin\Debug\CRCLibrary.dll" />
    </Deployment>
    <Execution>
      <TestTypeSpecific />
      <AgentRule name="Execution Agents">
      </AgentRule>
    </Execution>
  </TestSettings>
  <Times creation="2014-01-15T09:34:51.5865700+08:00" queuing="2014-01-15T09:34:51.6495736+08:00" start="2014-01-15T09:34:51.6525737+08:00" finish="2014-01-15T09:34:51.7935818+08:00" />
  <ResultSummary outcome="Warning">
    <Counters total="1" executed="1" passed="1" error="0" failed="0" timeout="0" aborted="0" inconclusive="0" passedButRunAborted="0" notRunnable="0" notExecuted="0" disconnected="0" warning="0" completed="0" inProgress="0" pending="0" />
    <RunInfos>
      <RunInfo computerName="NU1NB2RSNIYL0VA" outcome="Warning" timestamp="2014-01-15T09:34:51.6495736+08:00">
        <Text>当前已禁用部署。未部署测试“TestCRCLibrary.ConvertRmbTest.CheckNumber_Min_RmbExceptionTest”中的部署项“CRCLibrary.dll”。</Text>
      </RunInfo>
    </RunInfos>
  </ResultSummary>
  <TestDefinitions>
    <UnitTest name="CheckNumber_Min_RmbExceptionTest" storage="d:\documents\github\library\testcrclibrary\bin\debug\testcrclibrary.dll" id="839e3f8c-5de0-2572-cba4-c8fa60b1ce27">
      <DeploymentItems>
        <DeploymentItem filename="CRCLibrary.dll" />
      </DeploymentItems>
      <Execution id="f34a550c-ce4b-4ac8-b4c0-816c8fb253cb" />
      <TestMethod codeBase="D:/Documents/GitHub/Library/TestCRCLibrary/bin/Debug/TestCRCLibrary.DLL" adapterTypeName="Microsoft.VisualStudio.TestTools.TestTypes.Unit.UnitTestAdapter, Microsoft.VisualStudio.QualityTools.Tips.UnitTest.Adapter, Version=10.0.0.0, Culture=neutral, PublicKeyToken=b03f5f7f11d50a3a" className="TestCRCLibrary.ConvertRmbTest, TestCRCLibrary, Version=1.0.0.0, Culture=neutral, PublicKeyToken=null" name="CheckNumber_Min_RmbExceptionTest" />
    </UnitTest>
  </TestDefinitions>
  <TestLists>
    <TestList name="列表中未列出的结果" id="8c84fa94-04c1-424b-9868-57a2d4851a1d" />
    <TestList name="所有已加载的结果" id="19431567-8539-422a-85d7-44ee4e166bda" />
  </TestLists>
  <TestEntries>
    <TestEntry testId="839e3f8c-5de0-2572-cba4-c8fa60b1ce27" executionId="f34a550c-ce4b-4ac8-b4c0-816c8fb253cb" testListId="8c84fa94-04c1-424b-9868-57a2d4851a1d" />
  </TestEntries>
  <Results>
    <UnitTestResult executionId="f34a550c-ce4b-4ac8-b4c0-816c8fb253cb" testId="839e3f8c-5de0-2572-cba4-c8fa60b1ce27" testName="CheckNumber_Min_RmbExceptionTest" computerName="NU1NB2RSNIYL0VA" duration="00:00:00.0140419" startTime="2014-01-15T09:34:51.6535738+08:00" endTime="2014-01-15T09:34:51.7835812+08:00" testType="13cdc9d9-ddb5-4fa4-a97d-d965ccfc6d4b" outcome="Passed" testListId="8c84fa94-04c1-424b-9868-57a2d4851a1d" relativeResultsDirectory="f34a550c-ce4b-4ac8-b4c0-816c8fb253cb">
    </UnitTestResult>
  </Results>
</TestRun>