<?xml version="1.0" encoding="UTF-8"?>
<TestRun id="5e42294e-e898-4d32-9deb-9ccfe1d4b1e2" name="Administrator@NU1NB2RSNIYL0VA 2014-01-11 11:48:11" runUser="NU1NB2RSNIYL0VA\Administrator" xmlns="http://microsoft.com/schemas/VisualStudio/TeamTest/2010">
  <TestSettings name="本地" id="32b136b7-6e41-488e-8fd0-005393bbd4f8">
    <Description>这些设置为本地测试运行的默认测试设置。</Description>
    <Deployment enabled="false" runDeploymentRoot="Administrator_NU1NB2RSNIYL0VA 2014-01-11 11_48_11">
      <DeploymentItem filename="D:\Documents\GitHub\Library\Extension\bin\Debug\CRCLibrary.dll" />
      <DeploymentItem filename="C:\Program Files (x86)\Microsoft ASP.NET\ASP.NET MVC 4\Assemblies\System.Web.Http.dll" />
    </Deployment>
    <Execution>
      <TestTypeSpecific />
      <AgentRule name="Execution Agents">
      </AgentRule>
    </Execution>
  </TestSettings>
  <Times creation="2014-01-11T11:48:11.3451345+08:00" queuing="2014-01-11T11:48:11.3971375+08:00" start="2014-01-11T11:48:11.4011377+08:00" finish="2014-01-11T11:48:11.5801480+08:00" />
  <ResultSummary outcome="Failed">
    <Counters total="1" executed="1" error="0" failed="1" timeout="0" aborted="0" inconclusive="0" passedButRunAborted="0" notRunnable="0" notExecuted="0" disconnected="0" warning="0" passed="0" completed="0" inProgress="0" pending="0" />
  </ResultSummary>
  <TestDefinitions>
    <UnitTest name="GetDayOfWeekTest" storage="d:\documents\github\library\testcrclibrary\bin\debug\testcrclibrary.dll" id="c4d37093-8976-e575-d0c8-2e61a2bddd7d">
      <Execution id="394b744e-673b-4da8-8b64-61fc29a09e76" />
      <TestMethod codeBase="D:/Documents/GitHub/Library/TestCRCLibrary/bin/Debug/TestCRCLibrary.DLL" adapterTypeName="Microsoft.VisualStudio.TestTools.TestTypes.Unit.UnitTestAdapter, Microsoft.VisualStudio.QualityTools.Tips.UnitTest.Adapter, Version=10.0.0.0, Culture=neutral, PublicKeyToken=b03f5f7f11d50a3a" className="TestCRCLibrary.DateTimeUtilTest, TestCRCLibrary, Version=1.0.0.0, Culture=neutral, PublicKeyToken=null" name="GetDayOfWeekTest" />
    </UnitTest>
  </TestDefinitions>
  <TestLists>
    <TestList name="列表中未列出的结果" id="8c84fa94-04c1-424b-9868-57a2d4851a1d" />
    <TestList name="所有已加载的结果" id="19431567-8539-422a-85d7-44ee4e166bda" />
  </TestLists>
  <TestEntries>
    <TestEntry testId="c4d37093-8976-e575-d0c8-2e61a2bddd7d" executionId="394b744e-673b-4da8-8b64-61fc29a09e76" testListId="8c84fa94-04c1-424b-9868-57a2d4851a1d" />
  </TestEntries>
  <Results>
    <UnitTestResult executionId="394b744e-673b-4da8-8b64-61fc29a09e76" testId="c4d37093-8976-e575-d0c8-2e61a2bddd7d" testName="GetDayOfWeekTest" computerName="NU1NB2RSNIYL0VA" duration="00:00:00.0290600" startTime="2014-01-11T11:48:11.4071381+08:00" endTime="2014-01-11T11:48:11.5701474+08:00" testType="13cdc9d9-ddb5-4fa4-a97d-d965ccfc6d4b" outcome="Failed" testListId="8c84fa94-04c1-424b-9868-57a2d4851a1d" relativeResultsDirectory="394b744e-673b-4da8-8b64-61fc29a09e76">
      <Output>
        <ErrorInfo>
          <Message>Assert.AreEqual 失败。应为: &lt;星期六&gt;，实际为: &lt;周六&gt;。</Message>
          <StackTrace>   在 TestCRCLibrary.DateTimeUtilTest.GetDayOfWeekTest() 位置 D:\Documents\GitHub\Library\TestCRCLibrary\DateTimeUtilTest.cs:行号 161
</StackTrace>
        </ErrorInfo>
      </Output>
    </UnitTestResult>
  </Results>
</TestRun>