<?xml version="1.0" encoding="UTF-8"?>
<TestRun id="1b21718e-c262-420f-8d60-3e33132d2eba" name="Administrator@NU1NB2RSNIYL0VA 2014-01-15 10:20:14" runUser="NU1NB2RSNIYL0VA\Administrator" xmlns="http://microsoft.com/schemas/VisualStudio/TeamTest/2010">
  <TestSettings name="本地" id="32b136b7-6e41-488e-8fd0-005393bbd4f8">
    <Description>这些设置为本地测试运行的默认测试设置。</Description>
    <Deployment enabled="false" runDeploymentRoot="Administrator_NU1NB2RSNIYL0VA 2014-01-15 10_20_14">
      <DeploymentItem filename="C:\Program Files (x86)\Microsoft ASP.NET\ASP.NET MVC 4\Assemblies\System.Web.Http.dll" />
      <DeploymentItem filename="D:\Documents\GitHub\Library\Extension\bin\Debug\CRCLibrary.dll" />
    </Deployment>
    <Execution>
      <TestTypeSpecific />
      <AgentRule name="Execution Agents">
      </AgentRule>
    </Execution>
  </TestSettings>
  <Times creation="2014-01-15T10:20:14.5503146+08:00" queuing="2014-01-15T10:20:14.6643211+08:00" start="2014-01-15T10:20:14.6673213+08:00" finish="2014-01-15T10:20:14.8043291+08:00" />
  <ResultSummary outcome="Warning">
    <Counters total="1" executed="1" passed="1" error="0" failed="0" timeout="0" aborted="0" inconclusive="0" passedButRunAborted="0" notRunnable="0" notExecuted="0" disconnected="0" warning="0" completed="0" inProgress="0" pending="0" />
    <RunInfos>
      <RunInfo computerName="NU1NB2RSNIYL0VA" outcome="Warning" timestamp="2014-01-15T10:20:14.6633211+08:00">
        <Text>当前已禁用部署。未部署测试“TestCRCLibrary.ConvertRmbTest.ConvertDecimalTest”中的部署项“CRCLibrary.dll”。</Text>
      </RunInfo>
    </RunInfos>
  </ResultSummary>
  <TestDefinitions>
    <UnitTest name="ConvertDecimalTest" storage="d:\documents\github\library\testcrclibrary\bin\debug\testcrclibrary.dll" id="0858e4c8-69fa-d4a0-ce0b-38e7f9361944">
      <DeploymentItems>
        <DeploymentItem filename="CRCLibrary.dll" />
      </DeploymentItems>
      <Execution id="c8430e1d-037f-450d-8e95-aa84380ad3cf" />
      <TestMethod codeBase="D:/Documents/GitHub/Library/TestCRCLibrary/bin/Debug/TestCRCLibrary.DLL" adapterTypeName="Microsoft.VisualStudio.TestTools.TestTypes.Unit.UnitTestAdapter, Microsoft.VisualStudio.QualityTools.Tips.UnitTest.Adapter, Version=10.0.0.0, Culture=neutral, PublicKeyToken=b03f5f7f11d50a3a" className="TestCRCLibrary.ConvertRmbTest, TestCRCLibrary, Version=1.0.0.0, Culture=neutral, PublicKeyToken=null" name="ConvertDecimalTest" />
    </UnitTest>
  </TestDefinitions>
  <TestLists>
    <TestList name="列表中未列出的结果" id="8c84fa94-04c1-424b-9868-57a2d4851a1d" />
    <TestList name="所有已加载的结果" id="19431567-8539-422a-85d7-44ee4e166bda" />
  </TestLists>
  <TestEntries>
    <TestEntry testId="0858e4c8-69fa-d4a0-ce0b-38e7f9361944" executionId="c8430e1d-037f-450d-8e95-aa84380ad3cf" testListId="8c84fa94-04c1-424b-9868-57a2d4851a1d" />
  </TestEntries>
  <Results>
    <UnitTestResult executionId="c8430e1d-037f-450d-8e95-aa84380ad3cf" testId="0858e4c8-69fa-d4a0-ce0b-38e7f9361944" testName="ConvertDecimalTest" computerName="NU1NB2RSNIYL0VA" duration="00:00:00.0111648" startTime="2014-01-15T10:20:14.6693214+08:00" endTime="2014-01-15T10:20:14.7953286+08:00" testType="13cdc9d9-ddb5-4fa4-a97d-d965ccfc6d4b" outcome="Passed" testListId="8c84fa94-04c1-424b-9868-57a2d4851a1d" relativeResultsDirectory="c8430e1d-037f-450d-8e95-aa84380ad3cf">
    </UnitTestResult>
  </Results>
</TestRun>