<?xml version="1.0" encoding="UTF-8"?>
<TestRun id="c5c7e2f2-71bd-492e-ad8b-628196eb5d2d" name="Administrator@NU1NB2RSNIYL0VA 2013-11-21 15:10:28" runUser="NU1NB2RSNIYL0VA\Administrator" xmlns="http://microsoft.com/schemas/VisualStudio/TeamTest/2010">
  <TestSettings name="本地" id="32b136b7-6e41-488e-8fd0-005393bbd4f8">
    <Description>这些设置为本地测试运行的默认测试设置。</Description>
    <Deployment enabled="false" runDeploymentRoot="Administrator_NU1NB2RSNIYL0VA 2013-11-21 15_10_28">
      <DeploymentItem filename="D:\Documents\GitHub\Library\Extension\bin\Debug\CRCLibrary.dll" />
    </Deployment>
    <Execution>
      <TestTypeSpecific />
      <AgentRule name="Execution Agents">
      </AgentRule>
    </Execution>
  </TestSettings>
  <Times creation="2013-11-21T15:10:28.5583661+08:00" queuing="2013-11-21T15:10:28.5913680+08:00" start="2013-11-21T15:10:28.5943682+08:00" finish="2013-11-21T15:10:28.7433767+08:00" />
  <ResultSummary outcome="Completed">
    <Counters total="1" executed="1" passed="1" error="0" failed="0" timeout="0" aborted="0" inconclusive="0" passedButRunAborted="0" notRunnable="0" notExecuted="0" disconnected="0" warning="0" completed="0" inProgress="0" pending="0" />
  </ResultSummary>
  <TestDefinitions>
    <UnitTest name="ContainsKeyTwoTest" storage="d:\documents\github\library\testcrclibrary\bin\debug\testcrclibrary.dll" id="e42fed48-875f-4a9e-0345-fba3f0f9e432">
      <Execution id="7e5eb200-be0d-49a6-855d-7ed0efc2b9ab" />
      <TestMethod codeBase="D:/Documents/GitHub/Library/TestCRCLibrary/bin/Debug/TestCRCLibrary.DLL" adapterTypeName="Microsoft.VisualStudio.TestTools.TestTypes.Unit.UnitTestAdapter, Microsoft.VisualStudio.QualityTools.Tips.UnitTest.Adapter, Version=10.0.0.0, Culture=neutral, PublicKeyToken=b03f5f7f11d50a3a" className="TestCRCLibrary.DoubleKeyDictionaryTest, TestCRCLibrary, Version=1.0.0.0, Culture=neutral, PublicKeyToken=null" name="ContainsKeyTwoTest" />
    </UnitTest>
  </TestDefinitions>
  <TestLists>
    <TestList name="列表中未列出的结果" id="8c84fa94-04c1-424b-9868-57a2d4851a1d" />
    <TestList name="所有已加载的结果" id="19431567-8539-422a-85d7-44ee4e166bda" />
  </TestLists>
  <TestEntries>
    <TestEntry testId="e42fed48-875f-4a9e-0345-fba3f0f9e432" executionId="7e5eb200-be0d-49a6-855d-7ed0efc2b9ab" testListId="8c84fa94-04c1-424b-9868-57a2d4851a1d" />
  </TestEntries>
  <Results>
    <UnitTestResult executionId="7e5eb200-be0d-49a6-855d-7ed0efc2b9ab" testId="e42fed48-875f-4a9e-0345-fba3f0f9e432" testName="ContainsKeyTwoTest" computerName="NU1NB2RSNIYL0VA" duration="00:00:00.0116840" startTime="2013-11-21T15:10:28.5963683+08:00" endTime="2013-11-21T15:10:28.7343762+08:00" testType="13cdc9d9-ddb5-4fa4-a97d-d965ccfc6d4b" outcome="Passed" testListId="8c84fa94-04c1-424b-9868-57a2d4851a1d" relativeResultsDirectory="7e5eb200-be0d-49a6-855d-7ed0efc2b9ab">
    </UnitTestResult>
  </Results>
</TestRun>