<?xml version="1.0" encoding="UTF-8"?>
<TestRun id="5d4920f6-7ad9-4713-aa4b-0dab60bcc006" name="Administrator@NU1NB2RSNIYL0VA 2013-10-24 15:07:49" runUser="NU1NB2RSNIYL0VA\Administrator" xmlns="http://microsoft.com/schemas/VisualStudio/TeamTest/2010">
  <TestSettings name="本地" id="32b136b7-6e41-488e-8fd0-005393bbd4f8">
    <Description>这些设置为本地测试运行的默认测试设置。</Description>
    <Deployment enabled="false" runDeploymentRoot="Administrator_NU1NB2RSNIYL0VA 2013-10-24 15_07_49">
      <DeploymentItem filename="D:\Documents\Visual Studio 2010\Projects\Owner\Extension\Extension\bin\Debug\CRCLibrary.dll" />
    </Deployment>
    <Execution>
      <TestTypeSpecific />
      <AgentRule name="Execution Agents">
      </AgentRule>
    </Execution>
  </TestSettings>
  <Times creation="2013-10-24T15:07:49.1952938+08:00" queuing="2013-10-24T15:07:49.2372962+08:00" start="2013-10-24T15:07:49.2412964+08:00" finish="2013-10-24T15:07:49.3873048+08:00" />
  <ResultSummary outcome="Completed">
    <Counters total="1" executed="1" passed="1" error="0" failed="0" timeout="0" aborted="0" inconclusive="0" passedButRunAborted="0" notRunnable="0" notExecuted="0" disconnected="0" warning="0" completed="0" inProgress="0" pending="0" />
  </ResultSummary>
  <TestDefinitions>
    <UnitTest name="AddRangeTest" storage="d:\documents\visual studio 2010\projects\owner\extension\testcrclibrary\bin\debug\testcrclibrary.dll" id="b2304fb9-e24c-d563-ee21-4345f8884f3b">
      <Execution id="59266291-e2c0-4f3e-a1ad-399b38a877f3" />
      <TestMethod codeBase="D:/Documents/Visual Studio 2010/Projects/Owner/Extension/TestCRCLibrary/bin/Debug/TestCRCLibrary.DLL" adapterTypeName="Microsoft.VisualStudio.TestTools.TestTypes.Unit.UnitTestAdapter, Microsoft.VisualStudio.QualityTools.Tips.UnitTest.Adapter, Version=10.0.0.0, Culture=neutral, PublicKeyToken=b03f5f7f11d50a3a" className="TestCRCLibrary.DictionaryExtensionTest, TestCRCLibrary, Version=1.0.0.0, Culture=neutral, PublicKeyToken=null" name="AddRangeTest" />
    </UnitTest>
  </TestDefinitions>
  <TestLists>
    <TestList name="列表中未列出的结果" id="8c84fa94-04c1-424b-9868-57a2d4851a1d" />
    <TestList name="所有已加载的结果" id="19431567-8539-422a-85d7-44ee4e166bda" />
  </TestLists>
  <TestEntries>
    <TestEntry testId="b2304fb9-e24c-d563-ee21-4345f8884f3b" executionId="59266291-e2c0-4f3e-a1ad-399b38a877f3" testListId="8c84fa94-04c1-424b-9868-57a2d4851a1d" />
  </TestEntries>
  <Results>
    <UnitTestResult executionId="59266291-e2c0-4f3e-a1ad-399b38a877f3" testId="b2304fb9-e24c-d563-ee21-4345f8884f3b" testName="AddRangeTest" computerName="NU1NB2RSNIYL0VA" duration="00:00:00.0110982" startTime="2013-10-24T15:07:49.2422965+08:00" endTime="2013-10-24T15:07:49.3783043+08:00" testType="13cdc9d9-ddb5-4fa4-a97d-d965ccfc6d4b" outcome="Passed" testListId="8c84fa94-04c1-424b-9868-57a2d4851a1d" relativeResultsDirectory="59266291-e2c0-4f3e-a1ad-399b38a877f3">
    </UnitTestResult>
  </Results>
</TestRun>