<?xml version="1.0" encoding="UTF-8"?>
<TestRun id="9aa8391d-4aa1-4354-acdc-48268b064045" name="Administrator@NU1NB2RSNIYL0VA 2013-10-24 14:48:21" runUser="NU1NB2RSNIYL0VA\Administrator" xmlns="http://microsoft.com/schemas/VisualStudio/TeamTest/2010">
  <TestSettings name="本地" id="32b136b7-6e41-488e-8fd0-005393bbd4f8">
    <Description>这些设置为本地测试运行的默认测试设置。</Description>
    <Deployment enabled="false" runDeploymentRoot="Administrator_NU1NB2RSNIYL0VA 2013-10-24 14_48_21">
      <DeploymentItem filename="D:\Documents\Visual Studio 2010\Projects\Owner\Extension\Extension\bin\Debug\CRCLibrary.dll" />
    </Deployment>
    <Execution>
      <TestTypeSpecific />
      <AgentRule name="Execution Agents">
      </AgentRule>
    </Execution>
  </TestSettings>
  <Times creation="2013-10-24T14:48:21.7745211+08:00" queuing="2013-10-24T14:48:21.8025227+08:00" start="2013-10-24T14:48:21.8065230+08:00" finish="2013-10-24T14:48:22.0035342+08:00" />
  <ResultSummary outcome="Failed">
    <Counters total="6" executed="6" passed="3" error="0" failed="3" timeout="0" aborted="0" inconclusive="0" passedButRunAborted="0" notRunnable="0" notExecuted="0" disconnected="0" warning="0" completed="0" inProgress="0" pending="0" />
  </ResultSummary>
  <TestDefinitions>
    <UnitTest name="InvokeIfNeededTest2" storage="d:\documents\visual studio 2010\projects\owner\extension\testcrclibrary\bin\debug\testcrclibrary.dll" id="125c65d5-dc65-e511-f6f8-d90e7a54cbce">
      <Execution id="7309822e-71cf-48ac-981a-203af6e66f26" />
      <TestMethod codeBase="D:/Documents/Visual Studio 2010/Projects/Owner/Extension/TestCRCLibrary/bin/Debug/TestCRCLibrary.DLL" adapterTypeName="Microsoft.VisualStudio.TestTools.TestTypes.Unit.UnitTestAdapter, Microsoft.VisualStudio.QualityTools.Tips.UnitTest.Adapter, Version=10.0.0.0, Culture=neutral, PublicKeyToken=b03f5f7f11d50a3a" className="TestCRCLibrary.InvokeExtensionTest, TestCRCLibrary, Version=1.0.0.0, Culture=neutral, PublicKeyToken=null" name="InvokeIfNeededTest2" />
    </UnitTest>
    <UnitTest name="InvokeIfNeededTest" storage="d:\documents\visual studio 2010\projects\owner\extension\testcrclibrary\bin\debug\testcrclibrary.dll" id="4db46510-3fb8-dd54-7592-7a984db69c5a">
      <Execution id="5b28b884-ab67-4dda-9a34-7c98cf24adce" />
      <TestMethod codeBase="D:/Documents/Visual Studio 2010/Projects/Owner/Extension/TestCRCLibrary/bin/Debug/TestCRCLibrary.DLL" adapterTypeName="Microsoft.VisualStudio.TestTools.TestTypes.Unit.UnitTestAdapter, Microsoft.VisualStudio.QualityTools.Tips.UnitTest.Adapter, Version=10.0.0.0, Culture=neutral, PublicKeyToken=b03f5f7f11d50a3a" className="TestCRCLibrary.InvokeExtensionTest, TestCRCLibrary, Version=1.0.0.0, Culture=neutral, PublicKeyToken=null" name="InvokeIfNeededTest" />
    </UnitTest>
    <UnitTest name="QueueInvokeTest" storage="d:\documents\visual studio 2010\projects\owner\extension\testcrclibrary\bin\debug\testcrclibrary.dll" id="55d3d927-b52b-031a-5932-fbc2845b3f5c">
      <Execution id="58e99c6e-e865-4963-8197-5d301186edc0" />
      <TestMethod codeBase="D:/Documents/Visual Studio 2010/Projects/Owner/Extension/TestCRCLibrary/bin/Debug/TestCRCLibrary.DLL" adapterTypeName="Microsoft.VisualStudio.TestTools.TestTypes.Unit.UnitTestAdapter, Microsoft.VisualStudio.QualityTools.Tips.UnitTest.Adapter, Version=10.0.0.0, Culture=neutral, PublicKeyToken=b03f5f7f11d50a3a" className="TestCRCLibrary.InvokeExtensionTest, TestCRCLibrary, Version=1.0.0.0, Culture=neutral, PublicKeyToken=null" name="QueueInvokeTest" />
    </UnitTest>
    <UnitTest name="QueueInvokeTest1" storage="d:\documents\visual studio 2010\projects\owner\extension\testcrclibrary\bin\debug\testcrclibrary.dll" id="4b4e61b3-635f-c9db-0d57-8ab0317c2763">
      <Execution id="8c3d92d2-b22f-4752-8657-12349c8a9c92" />
      <TestMethod codeBase="D:/Documents/Visual Studio 2010/Projects/Owner/Extension/TestCRCLibrary/bin/Debug/TestCRCLibrary.DLL" adapterTypeName="Microsoft.VisualStudio.TestTools.TestTypes.Unit.UnitTestAdapter, Microsoft.VisualStudio.QualityTools.Tips.UnitTest.Adapter, Version=10.0.0.0, Culture=neutral, PublicKeyToken=b03f5f7f11d50a3a" className="TestCRCLibrary.InvokeExtensionTest, TestCRCLibrary, Version=1.0.0.0, Culture=neutral, PublicKeyToken=null" name="QueueInvokeTest1" />
    </UnitTest>
    <UnitTest name="QueueInvokeTest2" storage="d:\documents\visual studio 2010\projects\owner\extension\testcrclibrary\bin\debug\testcrclibrary.dll" id="e0a66f2a-5d66-e71d-92d0-aa09bfde9293">
      <Execution id="28374086-efbe-4e49-b111-21bb79e467a7" />
      <TestMethod codeBase="D:/Documents/Visual Studio 2010/Projects/Owner/Extension/TestCRCLibrary/bin/Debug/TestCRCLibrary.DLL" adapterTypeName="Microsoft.VisualStudio.TestTools.TestTypes.Unit.UnitTestAdapter, Microsoft.VisualStudio.QualityTools.Tips.UnitTest.Adapter, Version=10.0.0.0, Culture=neutral, PublicKeyToken=b03f5f7f11d50a3a" className="TestCRCLibrary.InvokeExtensionTest, TestCRCLibrary, Version=1.0.0.0, Culture=neutral, PublicKeyToken=null" name="QueueInvokeTest2" />
    </UnitTest>
    <UnitTest name="InvokeIfNeededTest1" storage="d:\documents\visual studio 2010\projects\owner\extension\testcrclibrary\bin\debug\testcrclibrary.dll" id="7068c1e4-d70b-99b8-19a8-bd53b7c4cd67">
      <Execution id="453ff378-6a06-4e56-b4b4-deefa18fce9d" />
      <TestMethod codeBase="D:/Documents/Visual Studio 2010/Projects/Owner/Extension/TestCRCLibrary/bin/Debug/TestCRCLibrary.DLL" adapterTypeName="Microsoft.VisualStudio.TestTools.TestTypes.Unit.UnitTestAdapter, Microsoft.VisualStudio.QualityTools.Tips.UnitTest.Adapter, Version=10.0.0.0, Culture=neutral, PublicKeyToken=b03f5f7f11d50a3a" className="TestCRCLibrary.InvokeExtensionTest, TestCRCLibrary, Version=1.0.0.0, Culture=neutral, PublicKeyToken=null" name="InvokeIfNeededTest1" />
    </UnitTest>
  </TestDefinitions>
  <TestLists>
    <TestList name="列表中未列出的结果" id="8c84fa94-04c1-424b-9868-57a2d4851a1d" />
    <TestList name="所有已加载的结果" id="19431567-8539-422a-85d7-44ee4e166bda" />
  </TestLists>
  <TestEntries>
    <TestEntry testId="125c65d5-dc65-e511-f6f8-d90e7a54cbce" executionId="7309822e-71cf-48ac-981a-203af6e66f26" testListId="8c84fa94-04c1-424b-9868-57a2d4851a1d" />
    <TestEntry testId="4b4e61b3-635f-c9db-0d57-8ab0317c2763" executionId="8c3d92d2-b22f-4752-8657-12349c8a9c92" testListId="8c84fa94-04c1-424b-9868-57a2d4851a1d" />
    <TestEntry testId="4db46510-3fb8-dd54-7592-7a984db69c5a" executionId="5b28b884-ab67-4dda-9a34-7c98cf24adce" testListId="8c84fa94-04c1-424b-9868-57a2d4851a1d" />
    <TestEntry testId="55d3d927-b52b-031a-5932-fbc2845b3f5c" executionId="58e99c6e-e865-4963-8197-5d301186edc0" testListId="8c84fa94-04c1-424b-9868-57a2d4851a1d" />
    <TestEntry testId="7068c1e4-d70b-99b8-19a8-bd53b7c4cd67" executionId="453ff378-6a06-4e56-b4b4-deefa18fce9d" testListId="8c84fa94-04c1-424b-9868-57a2d4851a1d" />
    <TestEntry testId="e0a66f2a-5d66-e71d-92d0-aa09bfde9293" executionId="28374086-efbe-4e49-b111-21bb79e467a7" testListId="8c84fa94-04c1-424b-9868-57a2d4851a1d" />
  </TestEntries>
  <Results>
    <UnitTestResult executionId="7309822e-71cf-48ac-981a-203af6e66f26" testId="125c65d5-dc65-e511-f6f8-d90e7a54cbce" testName="InvokeIfNeededTest2" computerName="NU1NB2RSNIYL0VA" duration="00:00:00.0116915" startTime="2013-10-24T14:48:21.8225239+08:00" endTime="2013-10-24T14:48:21.9585317+08:00" testType="13cdc9d9-ddb5-4fa4-a97d-d965ccfc6d4b" outcome="Passed" testListId="8c84fa94-04c1-424b-9868-57a2d4851a1d" relativeResultsDirectory="7309822e-71cf-48ac-981a-203af6e66f26">
    </UnitTestResult>
    <UnitTestResult executionId="8c3d92d2-b22f-4752-8657-12349c8a9c92" testId="4b4e61b3-635f-c9db-0d57-8ab0317c2763" testName="QueueInvokeTest1" computerName="NU1NB2RSNIYL0VA" duration="00:00:00.0152265" startTime="2013-10-24T14:48:21.9585317+08:00" endTime="2013-10-24T14:48:21.9765327+08:00" testType="13cdc9d9-ddb5-4fa4-a97d-d965ccfc6d4b" outcome="Failed" testListId="8c84fa94-04c1-424b-9868-57a2d4851a1d" relativeResultsDirectory="8c3d92d2-b22f-4752-8657-12349c8a9c92">
      <Output>
        <ErrorInfo>
          <Message>测试方法 TestCRCLibrary.InvokeExtensionTest.QueueInvokeTest1 引发了异常: 
System.InvalidOperationException: 在创建窗口句柄之前，不能在控件上调用 Invoke 或 BeginInvoke。</Message>
          <StackTrace>    在 System.Windows.Forms.Control.MarshaledInvoke(Control caller, Delegate method, Object[] args, Boolean synchronous)
   在 System.Windows.Forms.Control.BeginInvoke(Delegate method, Object[] args)
   在 CRC.Extension.InvokeExtension.QueueInvoke[T,S](Control ctl, Action`2 doit, T arg1, S arg2) 位置 D:\Documents\Visual Studio 2010\Projects\Owner\Extension\Extension\Extension\InvokeExtension.cs:行号 44
   在 TestCRCLibrary.InvokeExtensionTest.QueueInvokeTest1Helper[T,S]() 位置 D:\Documents\Visual Studio 2010\Projects\Owner\Extension\TestCRCLibrary\Extension\InvokeExtensionTest.cs:行号 143
   在 TestCRCLibrary.InvokeExtensionTest.QueueInvokeTest1() 位置 D:\Documents\Visual Studio 2010\Projects\Owner\Extension\TestCRCLibrary\Extension\InvokeExtensionTest.cs:行号 149
</StackTrace>
        </ErrorInfo>
      </Output>
    </UnitTestResult>
    <UnitTestResult executionId="5b28b884-ab67-4dda-9a34-7c98cf24adce" testId="4db46510-3fb8-dd54-7592-7a984db69c5a" testName="InvokeIfNeededTest" computerName="NU1NB2RSNIYL0VA" duration="00:00:00.0012716" startTime="2013-10-24T14:48:21.9765327+08:00" endTime="2013-10-24T14:48:21.9795329+08:00" testType="13cdc9d9-ddb5-4fa4-a97d-d965ccfc6d4b" outcome="Passed" testListId="8c84fa94-04c1-424b-9868-57a2d4851a1d" relativeResultsDirectory="5b28b884-ab67-4dda-9a34-7c98cf24adce">
    </UnitTestResult>
    <UnitTestResult executionId="58e99c6e-e865-4963-8197-5d301186edc0" testId="55d3d927-b52b-031a-5932-fbc2845b3f5c" testName="QueueInvokeTest" computerName="NU1NB2RSNIYL0VA" duration="00:00:00.0015721" startTime="2013-10-24T14:48:21.9805329+08:00" endTime="2013-10-24T14:48:21.9835331+08:00" testType="13cdc9d9-ddb5-4fa4-a97d-d965ccfc6d4b" outcome="Failed" testListId="8c84fa94-04c1-424b-9868-57a2d4851a1d" relativeResultsDirectory="58e99c6e-e865-4963-8197-5d301186edc0">
      <Output>
        <ErrorInfo>
          <Message>测试方法 TestCRCLibrary.InvokeExtensionTest.QueueInvokeTest 引发了异常: 
System.InvalidOperationException: 在创建窗口句柄之前，不能在控件上调用 Invoke 或 BeginInvoke。</Message>
          <StackTrace>    在 System.Windows.Forms.Control.MarshaledInvoke(Control caller, Delegate method, Object[] args, Boolean synchronous)
   在 System.Windows.Forms.Control.BeginInvoke(Delegate method, Object[] args)
   在 System.Windows.Forms.Control.BeginInvoke(Delegate method)
   在 CRC.Extension.InvokeExtension.QueueInvoke(Control ctl, Action doit) 位置 D:\Documents\Visual Studio 2010\Projects\Owner\Extension\Extension\Extension\InvokeExtension.cs:行号 30
   在 TestCRCLibrary.InvokeExtensionTest.QueueInvokeTest() 位置 D:\Documents\Visual Studio 2010\Projects\Owner\Extension\TestCRCLibrary\Extension\InvokeExtensionTest.cs:行号 127
</StackTrace>
        </ErrorInfo>
      </Output>
    </UnitTestResult>
    <UnitTestResult executionId="453ff378-6a06-4e56-b4b4-deefa18fce9d" testId="7068c1e4-d70b-99b8-19a8-bd53b7c4cd67" testName="InvokeIfNeededTest1" computerName="NU1NB2RSNIYL0VA" duration="00:00:00.0008159" startTime="2013-10-24T14:48:21.9845331+08:00" endTime="2013-10-24T14:48:21.9875333+08:00" testType="13cdc9d9-ddb5-4fa4-a97d-d965ccfc6d4b" outcome="Passed" testListId="8c84fa94-04c1-424b-9868-57a2d4851a1d" relativeResultsDirectory="453ff378-6a06-4e56-b4b4-deefa18fce9d">
    </UnitTestResult>
    <UnitTestResult executionId="28374086-efbe-4e49-b111-21bb79e467a7" testId="e0a66f2a-5d66-e71d-92d0-aa09bfde9293" testName="QueueInvokeTest2" computerName="NU1NB2RSNIYL0VA" duration="00:00:00.0021193" startTime="2013-10-24T14:48:21.9885334+08:00" endTime="2013-10-24T14:48:21.9915335+08:00" testType="13cdc9d9-ddb5-4fa4-a97d-d965ccfc6d4b" outcome="Failed" testListId="8c84fa94-04c1-424b-9868-57a2d4851a1d" relativeResultsDirectory="28374086-efbe-4e49-b111-21bb79e467a7">
      <Output>
        <ErrorInfo>
          <Message>测试方法 TestCRCLibrary.InvokeExtensionTest.QueueInvokeTest2 引发了异常: 
System.InvalidOperationException: 在创建窗口句柄之前，不能在控件上调用 Invoke 或 BeginInvoke。</Message>
          <StackTrace>    在 System.Windows.Forms.Control.MarshaledInvoke(Control caller, Delegate method, Object[] args, Boolean synchronous)
   在 System.Windows.Forms.Control.BeginInvoke(Delegate method, Object[] args)
   在 CRC.Extension.InvokeExtension.QueueInvoke[T](Control ctl, Action`1 doit, T aras) 位置 D:\Documents\Visual Studio 2010\Projects\Owner\Extension\Extension\Extension\InvokeExtension.cs:行号 57
   在 TestCRCLibrary.InvokeExtensionTest.QueueInvokeTest2Helper[T]() 位置 D:\Documents\Visual Studio 2010\Projects\Owner\Extension\TestCRCLibrary\Extension\InvokeExtensionTest.cs:行号 160
   在 TestCRCLibrary.InvokeExtensionTest.QueueInvokeTest2() 位置 D:\Documents\Visual Studio 2010\Projects\Owner\Extension\TestCRCLibrary\Extension\InvokeExtensionTest.cs:行号 166
</StackTrace>
        </ErrorInfo>
      </Output>
    </UnitTestResult>
  </Results>
</TestRun>