<?xml version="1.0" encoding="UTF-8"?>
<TestRun id="a81eb4b1-eef1-48e6-8386-51035b422756" name="Administrator@NU1NB2RSNIYL0VA 2014-01-15 09:32:28" runUser="NU1NB2RSNIYL0VA\Administrator" xmlns="http://microsoft.com/schemas/VisualStudio/TeamTest/2010">
  <TestSettings name="本地" id="32b136b7-6e41-488e-8fd0-005393bbd4f8">
    <Description>这些设置为本地测试运行的默认测试设置。</Description>
    <Deployment enabled="false" runDeploymentRoot="Administrator_NU1NB2RSNIYL0VA 2014-01-15 09_32_28">
      <DeploymentItem filename="C:\Program Files (x86)\Microsoft ASP.NET\ASP.NET MVC 4\Assemblies\System.Web.Http.dll" />
      <DeploymentItem filename="D:\Documents\GitHub\Library\Extension\bin\Debug\CRCLibrary.dll" />
    </Deployment>
    <Execution>
      <TestTypeSpecific />
      <AgentRule name="Execution Agents">
      </AgentRule>
    </Execution>
  </TestSettings>
  <Times creation="2014-01-15T09:32:28.4293818+08:00" queuing="2014-01-15T09:32:28.5193870+08:00" start="2014-01-15T09:32:28.5363880+08:00" finish="2014-01-15T09:32:28.7944027+08:00" />
  <ResultSummary outcome="Failed">
    <Counters total="8" executed="8" passed="2" error="0" failed="5" timeout="0" aborted="0" inconclusive="1" passedButRunAborted="0" notRunnable="0" notExecuted="0" disconnected="0" warning="0" completed="0" inProgress="0" pending="0" />
  </ResultSummary>
  <TestDefinitions>
    <UnitTest name="ConvertTest" storage="d:\documents\github\library\testcrclibrary\bin\debug\testcrclibrary.dll" id="a899c629-2e75-b1cc-6916-c7aa32b982cc">
      <Execution id="6fb9bf88-6737-413e-b36c-fd58e5942016" />
      <TestMethod codeBase="D:/Documents/GitHub/Library/TestCRCLibrary/bin/Debug/TestCRCLibrary.DLL" adapterTypeName="Microsoft.VisualStudio.TestTools.TestTypes.Unit.UnitTestAdapter, Microsoft.VisualStudio.QualityTools.Tips.UnitTest.Adapter, Version=10.0.0.0, Culture=neutral, PublicKeyToken=b03f5f7f11d50a3a" className="TestCRCLibrary.ConvertRmbTest, TestCRCLibrary, Version=1.0.0.0, Culture=neutral, PublicKeyToken=null" name="ConvertTest" />
    </UnitTest>
    <UnitTest name="CombinUnitTest" storage="d:\documents\github\library\testcrclibrary\bin\debug\testcrclibrary.dll" id="17debb2f-7e32-3f4d-6c47-d4e46def01e3">
      <DeploymentItems>
        <DeploymentItem filename="CRCLibrary.dll" />
      </DeploymentItems>
      <Execution id="0cf78afd-51ef-47f2-a2ad-8078e2d80665" />
      <TestMethod codeBase="D:/Documents/GitHub/Library/TestCRCLibrary/bin/Debug/TestCRCLibrary.DLL" adapterTypeName="Microsoft.VisualStudio.TestTools.TestTypes.Unit.UnitTestAdapter, Microsoft.VisualStudio.QualityTools.Tips.UnitTest.Adapter, Version=10.0.0.0, Culture=neutral, PublicKeyToken=b03f5f7f11d50a3a" className="TestCRCLibrary.ConvertRmbTest, TestCRCLibrary, Version=1.0.0.0, Culture=neutral, PublicKeyToken=null" name="CombinUnitTest" />
    </UnitTest>
    <UnitTest name="CheckNumberLimitTest" storage="d:\documents\github\library\testcrclibrary\bin\debug\testcrclibrary.dll" id="80d21abb-0c59-539c-a7a9-f3570f8e19d1">
      <DeploymentItems>
        <DeploymentItem filename="CRCLibrary.dll" />
      </DeploymentItems>
      <Execution id="ceb2c5c6-07e1-471b-ae18-856683151ed2" />
      <TestMethod codeBase="D:/Documents/GitHub/Library/TestCRCLibrary/bin/Debug/TestCRCLibrary.DLL" adapterTypeName="Microsoft.VisualStudio.TestTools.TestTypes.Unit.UnitTestAdapter, Microsoft.VisualStudio.QualityTools.Tips.UnitTest.Adapter, Version=10.0.0.0, Culture=neutral, PublicKeyToken=b03f5f7f11d50a3a" className="TestCRCLibrary.ConvertRmbTest, TestCRCLibrary, Version=1.0.0.0, Culture=neutral, PublicKeyToken=null" name="CheckNumberLimitTest" />
    </UnitTest>
    <UnitTest name="ConvertIntTest" storage="d:\documents\github\library\testcrclibrary\bin\debug\testcrclibrary.dll" id="c063abdd-5618-0174-fe8d-e9a53c34642a">
      <DeploymentItems>
        <DeploymentItem filename="CRCLibrary.dll" />
      </DeploymentItems>
      <Execution id="b8ff31e3-8692-474d-aedf-6ff0566cafb8" />
      <TestMethod codeBase="D:/Documents/GitHub/Library/TestCRCLibrary/bin/Debug/TestCRCLibrary.DLL" adapterTypeName="Microsoft.VisualStudio.TestTools.TestTypes.Unit.UnitTestAdapter, Microsoft.VisualStudio.QualityTools.Tips.UnitTest.Adapter, Version=10.0.0.0, Culture=neutral, PublicKeyToken=b03f5f7f11d50a3a" className="TestCRCLibrary.ConvertRmbTest, TestCRCLibrary, Version=1.0.0.0, Culture=neutral, PublicKeyToken=null" name="ConvertIntTest" />
    </UnitTest>
    <UnitTest name="ConvertTest1" storage="d:\documents\github\library\testcrclibrary\bin\debug\testcrclibrary.dll" id="e6603af9-bba2-03aa-6fe6-18bddeb02677">
      <Execution id="a82e9a08-3c63-4501-a77d-b22ca061a51b" />
      <TestMethod codeBase="D:/Documents/GitHub/Library/TestCRCLibrary/bin/Debug/TestCRCLibrary.DLL" adapterTypeName="Microsoft.VisualStudio.TestTools.TestTypes.Unit.UnitTestAdapter, Microsoft.VisualStudio.QualityTools.Tips.UnitTest.Adapter, Version=10.0.0.0, Culture=neutral, PublicKeyToken=b03f5f7f11d50a3a" className="TestCRCLibrary.ConvertRmbTest, TestCRCLibrary, Version=1.0.0.0, Culture=neutral, PublicKeyToken=null" name="ConvertTest1" />
    </UnitTest>
    <UnitTest name="ConvertDecimalTest" storage="d:\documents\github\library\testcrclibrary\bin\debug\testcrclibrary.dll" id="0858e4c8-69fa-d4a0-ce0b-38e7f9361944">
      <DeploymentItems>
        <DeploymentItem filename="CRCLibrary.dll" />
      </DeploymentItems>
      <Execution id="ef05e676-0cf0-4cb7-be69-95910c775b17" />
      <TestMethod codeBase="D:/Documents/GitHub/Library/TestCRCLibrary/bin/Debug/TestCRCLibrary.DLL" adapterTypeName="Microsoft.VisualStudio.TestTools.TestTypes.Unit.UnitTestAdapter, Microsoft.VisualStudio.QualityTools.Tips.UnitTest.Adapter, Version=10.0.0.0, Culture=neutral, PublicKeyToken=b03f5f7f11d50a3a" className="TestCRCLibrary.ConvertRmbTest, TestCRCLibrary, Version=1.0.0.0, Culture=neutral, PublicKeyToken=null" name="ConvertDecimalTest" />
    </UnitTest>
    <UnitTest name="DigToCCTest" storage="d:\documents\github\library\testcrclibrary\bin\debug\testcrclibrary.dll" id="3d085ff4-b758-8c11-6e4b-28c168bb3d0b">
      <DeploymentItems>
        <DeploymentItem filename="CRCLibrary.dll" />
      </DeploymentItems>
      <Execution id="79933c86-36ff-4b4b-96e2-ac71ecffefee" />
      <TestMethod codeBase="D:/Documents/GitHub/Library/TestCRCLibrary/bin/Debug/TestCRCLibrary.DLL" adapterTypeName="Microsoft.VisualStudio.TestTools.TestTypes.Unit.UnitTestAdapter, Microsoft.VisualStudio.QualityTools.Tips.UnitTest.Adapter, Version=10.0.0.0, Culture=neutral, PublicKeyToken=b03f5f7f11d50a3a" className="TestCRCLibrary.ConvertRmbTest, TestCRCLibrary, Version=1.0.0.0, Culture=neutral, PublicKeyToken=null" name="DigToCCTest" />
    </UnitTest>
    <UnitTest name="GetUnitTest" storage="d:\documents\github\library\testcrclibrary\bin\debug\testcrclibrary.dll" id="893405fe-ae42-f18d-4d5d-485c6d7b7aef">
      <DeploymentItems>
        <DeploymentItem filename="CRCLibrary.dll" />
      </DeploymentItems>
      <Execution id="5924683c-7aeb-4143-bc02-b51e9e8e2354" />
      <TestMethod codeBase="D:/Documents/GitHub/Library/TestCRCLibrary/bin/Debug/TestCRCLibrary.DLL" adapterTypeName="Microsoft.VisualStudio.TestTools.TestTypes.Unit.UnitTestAdapter, Microsoft.VisualStudio.QualityTools.Tips.UnitTest.Adapter, Version=10.0.0.0, Culture=neutral, PublicKeyToken=b03f5f7f11d50a3a" className="TestCRCLibrary.ConvertRmbTest, TestCRCLibrary, Version=1.0.0.0, Culture=neutral, PublicKeyToken=null" name="GetUnitTest" />
    </UnitTest>
  </TestDefinitions>
  <TestLists>
    <TestList name="列表中未列出的结果" id="8c84fa94-04c1-424b-9868-57a2d4851a1d" />
    <TestList name="所有已加载的结果" id="19431567-8539-422a-85d7-44ee4e166bda" />
  </TestLists>
  <TestEntries>
    <TestEntry testId="0858e4c8-69fa-d4a0-ce0b-38e7f9361944" executionId="ef05e676-0cf0-4cb7-be69-95910c775b17" testListId="8c84fa94-04c1-424b-9868-57a2d4851a1d" />
    <TestEntry testId="17debb2f-7e32-3f4d-6c47-d4e46def01e3" executionId="0cf78afd-51ef-47f2-a2ad-8078e2d80665" testListId="8c84fa94-04c1-424b-9868-57a2d4851a1d" />
    <TestEntry testId="3d085ff4-b758-8c11-6e4b-28c168bb3d0b" executionId="79933c86-36ff-4b4b-96e2-ac71ecffefee" testListId="8c84fa94-04c1-424b-9868-57a2d4851a1d" />
    <TestEntry testId="80d21abb-0c59-539c-a7a9-f3570f8e19d1" executionId="ceb2c5c6-07e1-471b-ae18-856683151ed2" testListId="8c84fa94-04c1-424b-9868-57a2d4851a1d" />
    <TestEntry testId="893405fe-ae42-f18d-4d5d-485c6d7b7aef" executionId="5924683c-7aeb-4143-bc02-b51e9e8e2354" testListId="8c84fa94-04c1-424b-9868-57a2d4851a1d" />
    <TestEntry testId="a899c629-2e75-b1cc-6916-c7aa32b982cc" executionId="6fb9bf88-6737-413e-b36c-fd58e5942016" testListId="8c84fa94-04c1-424b-9868-57a2d4851a1d" />
    <TestEntry testId="c063abdd-5618-0174-fe8d-e9a53c34642a" executionId="b8ff31e3-8692-474d-aedf-6ff0566cafb8" testListId="8c84fa94-04c1-424b-9868-57a2d4851a1d" />
    <TestEntry testId="e6603af9-bba2-03aa-6fe6-18bddeb02677" executionId="a82e9a08-3c63-4501-a77d-b22ca061a51b" testListId="8c84fa94-04c1-424b-9868-57a2d4851a1d" />
  </TestEntries>
  <Results>
    <UnitTestResult executionId="ef05e676-0cf0-4cb7-be69-95910c775b17" testId="0858e4c8-69fa-d4a0-ce0b-38e7f9361944" testName="ConvertDecimalTest" computerName="NU1NB2RSNIYL0VA" duration="00:00:00.0247841" startTime="2014-01-15T09:32:28.5373880+08:00" endTime="2014-01-15T09:32:28.6803962+08:00" testType="13cdc9d9-ddb5-4fa4-a97d-d965ccfc6d4b" outcome="Failed" testListId="8c84fa94-04c1-424b-9868-57a2d4851a1d" relativeResultsDirectory="ef05e676-0cf0-4cb7-be69-95910c775b17">
      <Output>
        <ErrorInfo>
          <Message>测试方法 TestCRCLibrary.ConvertRmbTest.ConvertDecimalTest 引发了异常: 
System.IndexOutOfRangeException: 索引超出了数组界限。</Message>
          <StackTrace>   在 CRC.Util.ConvertRmb_Accessor.ConvertDecimal(String decPart)
   在 TestCRCLibrary.ConvertRmbTest.ConvertDecimalTest() 位置 D:\Documents\GitHub\Library\TestCRCLibrary\ConvertRmbTest.cs:行号 182
</StackTrace>
        </ErrorInfo>
      </Output>
    </UnitTestResult>
    <UnitTestResult executionId="0cf78afd-51ef-47f2-a2ad-8078e2d80665" testId="17debb2f-7e32-3f4d-6c47-d4e46def01e3" testName="CombinUnitTest" computerName="NU1NB2RSNIYL0VA" duration="00:00:00.0057270" startTime="2014-01-15T09:32:28.6823963+08:00" endTime="2014-01-15T09:32:28.6893967+08:00" testType="13cdc9d9-ddb5-4fa4-a97d-d965ccfc6d4b" outcome="Inconclusive" testListId="8c84fa94-04c1-424b-9868-57a2d4851a1d" relativeResultsDirectory="0cf78afd-51ef-47f2-a2ad-8078e2d80665">
      <Output>
        <ErrorInfo>
          <Message>Assert.Inconclusive 失败。验证此测试方法的正确性。</Message>
          <StackTrace>   在 TestCRCLibrary.ConvertRmbTest.CombinUnitTest() 位置 D:\Documents\GitHub\Library\TestCRCLibrary\ConvertRmbTest.cs:行号 124
</StackTrace>
        </ErrorInfo>
      </Output>
    </UnitTestResult>
    <UnitTestResult executionId="79933c86-36ff-4b4b-96e2-ac71ecffefee" testId="3d085ff4-b758-8c11-6e4b-28c168bb3d0b" testName="DigToCCTest" computerName="NU1NB2RSNIYL0VA" duration="00:00:00.0121872" startTime="2014-01-15T09:32:28.6943970+08:00" endTime="2014-01-15T09:32:28.7083978+08:00" testType="13cdc9d9-ddb5-4fa4-a97d-d965ccfc6d4b" outcome="Failed" testListId="8c84fa94-04c1-424b-9868-57a2d4851a1d" relativeResultsDirectory="79933c86-36ff-4b4b-96e2-ac71ecffefee">
      <Output>
        <ErrorInfo>
          <Message>测试方法 TestCRCLibrary.ConvertRmbTest.DigToCCTest 引发了异常: 
System.IndexOutOfRangeException: 索引超出了数组界限。</Message>
          <StackTrace>   在 CRC.Util.ConvertRmb_Accessor.DigToCC(Char c)
   在 TestCRCLibrary.ConvertRmbTest.DigToCCTest() 位置 D:\Documents\GitHub\Library\TestCRCLibrary\ConvertRmbTest.cs:行号 152
</StackTrace>
        </ErrorInfo>
      </Output>
    </UnitTestResult>
    <UnitTestResult executionId="ceb2c5c6-07e1-471b-ae18-856683151ed2" testId="80d21abb-0c59-539c-a7a9-f3570f8e19d1" testName="CheckNumberLimitTest" computerName="NU1NB2RSNIYL0VA" duration="00:00:00.0005458" startTime="2014-01-15T09:32:28.7093979+08:00" endTime="2014-01-15T09:32:28.7113980+08:00" testType="13cdc9d9-ddb5-4fa4-a97d-d965ccfc6d4b" outcome="Passed" testListId="8c84fa94-04c1-424b-9868-57a2d4851a1d" relativeResultsDirectory="ceb2c5c6-07e1-471b-ae18-856683151ed2">
    </UnitTestResult>
    <UnitTestResult executionId="5924683c-7aeb-4143-bc02-b51e9e8e2354" testId="893405fe-ae42-f18d-4d5d-485c6d7b7aef" testName="GetUnitTest" computerName="NU1NB2RSNIYL0VA" duration="00:00:00.0015541" startTime="2014-01-15T09:32:28.7123980+08:00" endTime="2014-01-15T09:32:28.7143981+08:00" testType="13cdc9d9-ddb5-4fa4-a97d-d965ccfc6d4b" outcome="Failed" testListId="8c84fa94-04c1-424b-9868-57a2d4851a1d" relativeResultsDirectory="5924683c-7aeb-4143-bc02-b51e9e8e2354">
      <Output>
        <ErrorInfo>
          <Message>Assert.AreEqual 失败。应为: &lt;&gt;，实际为: &lt;元&gt;。</Message>
          <StackTrace>   在 TestCRCLibrary.ConvertRmbTest.GetUnitTest() 位置 D:\Documents\GitHub\Library\TestCRCLibrary\ConvertRmbTest.cs:行号 138
</StackTrace>
        </ErrorInfo>
      </Output>
    </UnitTestResult>
    <UnitTestResult executionId="6fb9bf88-6737-413e-b36c-fd58e5942016" testId="a899c629-2e75-b1cc-6916-c7aa32b982cc" testName="ConvertTest" computerName="NU1NB2RSNIYL0VA" duration="00:00:00.0007187" startTime="2014-01-15T09:32:28.7153982+08:00" endTime="2014-01-15T09:32:28.7173983+08:00" testType="13cdc9d9-ddb5-4fa4-a97d-d965ccfc6d4b" outcome="Passed" testListId="8c84fa94-04c1-424b-9868-57a2d4851a1d" relativeResultsDirectory="6fb9bf88-6737-413e-b36c-fd58e5942016">
    </UnitTestResult>
    <UnitTestResult executionId="b8ff31e3-8692-474d-aedf-6ff0566cafb8" testId="c063abdd-5618-0174-fe8d-e9a53c34642a" testName="ConvertIntTest" computerName="NU1NB2RSNIYL0VA" duration="00:00:00.0020320" startTime="2014-01-15T09:32:28.7173983+08:00" endTime="2014-01-15T09:32:28.7203985+08:00" testType="13cdc9d9-ddb5-4fa4-a97d-d965ccfc6d4b" outcome="Failed" testListId="8c84fa94-04c1-424b-9868-57a2d4851a1d" relativeResultsDirectory="b8ff31e3-8692-474d-aedf-6ff0566cafb8">
      <Output>
        <ErrorInfo>
          <Message>测试方法 TestCRCLibrary.ConvertRmbTest.ConvertIntTest 引发了异常: 
System.IndexOutOfRangeException: 索引超出了数组界限。</Message>
          <StackTrace>   在 CRC.Util.ConvertRmb_Accessor.ConvertInt(String intPart)
   在 TestCRCLibrary.ConvertRmbTest.ConvertIntTest() 位置 D:\Documents\GitHub\Library\TestCRCLibrary\ConvertRmbTest.cs:行号 167
</StackTrace>
        </ErrorInfo>
      </Output>
    </UnitTestResult>
    <UnitTestResult executionId="a82e9a08-3c63-4501-a77d-b22ca061a51b" testId="e6603af9-bba2-03aa-6fe6-18bddeb02677" testName="ConvertTest1" computerName="NU1NB2RSNIYL0VA" duration="00:00:00.0012697" startTime="2014-01-15T09:32:28.7213985+08:00" endTime="2014-01-15T09:32:28.7233987+08:00" testType="13cdc9d9-ddb5-4fa4-a97d-d965ccfc6d4b" outcome="Failed" testListId="8c84fa94-04c1-424b-9868-57a2d4851a1d" relativeResultsDirectory="a82e9a08-3c63-4501-a77d-b22ca061a51b">
      <Output>
        <ErrorInfo>
          <Message>Assert.AreEqual 失败。应为: &lt;壹拾伍万贰仟壹佰肆拾贰元壹分&gt;，实际为: &lt;壹拾伍万贰仟壹佰肆拾贰元贰分&gt;。</Message>
          <StackTrace>   在 TestCRCLibrary.ConvertRmbTest.ConvertTest1() 位置 D:\Documents\GitHub\Library\TestCRCLibrary\ConvertRmbTest.cs:行号 88
</StackTrace>
        </ErrorInfo>
      </Output>
    </UnitTestResult>
  </Results>
</TestRun>