<?xml version="1.0" encoding="UTF-8"?>
<TestRun id="10e8cfd5-d64b-4d4c-920d-c9872f1256c8" name="Administrator@NU1NB2RSNIYL0VA 2013-12-14 16:27:26" runUser="NU1NB2RSNIYL0VA\Administrator" xmlns="http://microsoft.com/schemas/VisualStudio/TeamTest/2010">
  <TestSettings name="本地" id="32b136b7-6e41-488e-8fd0-005393bbd4f8">
    <Description>这些设置为本地测试运行的默认测试设置。</Description>
    <Deployment enabled="false" runDeploymentRoot="Administrator_NU1NB2RSNIYL0VA 2013-12-14 16_27_26">
      <DeploymentItem filename="D:\Documents\GitHub\Library\Extension\bin\Debug\CRCLibrary.dll" />
    </Deployment>
    <Execution>
      <TestTypeSpecific />
      <AgentRule name="Execution Agents">
      </AgentRule>
    </Execution>
  </TestSettings>
  <Times creation="2013-12-14T16:27:26.5689580+08:00" queuing="2013-12-14T16:27:26.6079603+08:00" start="2013-12-14T16:27:26.6229611+08:00" finish="2013-12-14T16:45:49.5280437+08:00" />
  <ResultSummary outcome="Failed">
    <Counters total="146" executed="10" error="0" failed="2" timeout="0" aborted="1" inconclusive="1" passedButRunAborted="6" notRunnable="0" notExecuted="136" disconnected="0" warning="0" passed="0" completed="0" inProgress="0" pending="0" />
  </ResultSummary>
  <TestDefinitions>
    <UnitTest name="RemoveHtmlTest" storage="d:\documents\github\library\testcrclibrary\bin\debug\testcrclibrary.dll" id="2565bfc3-8dc5-03b1-f1bb-d70fc36fb776">
      <Execution id="c2ec5d6a-998c-4984-be26-797e0dd3372f" />
      <TestMethod codeBase="D:/Documents/GitHub/Library/TestCRCLibrary/bin/Debug/TestCRCLibrary.DLL" adapterTypeName="Microsoft.VisualStudio.TestTools.TestTypes.Unit.UnitTestAdapter, Microsoft.VisualStudio.QualityTools.Tips.UnitTest.Adapter, Version=10.0.0.0, Culture=neutral, PublicKeyToken=b03f5f7f11d50a3a" className="TestCRCLibrary.StringParserTest, TestCRCLibrary, Version=1.0.0.0, Culture=neutral, PublicKeyToken=null" name="RemoveHtmlTest" />
    </UnitTest>
    <UnitTest name="TripleDESDecryptTest" storage="d:\documents\github\library\testcrclibrary\bin\debug\testcrclibrary.dll" id="11d2da99-ec69-83a7-ad7d-a4730a745c3e">
      <Execution id="d3affdc6-7ce5-4709-a43f-224fce222ac1" />
      <TestMethod codeBase="D:/Documents/GitHub/Library/TestCRCLibrary/bin/Debug/TestCRCLibrary.DLL" adapterTypeName="Microsoft.VisualStudio.TestTools.TestTypes.Unit.UnitTestAdapter, Microsoft.VisualStudio.QualityTools.Tips.UnitTest.Adapter, Version=10.0.0.0, Culture=neutral, PublicKeyToken=b03f5f7f11d50a3a" className="TestCRCLibrary.EncryptUtilTest, TestCRCLibrary, Version=1.0.0.0, Culture=neutral, PublicKeyToken=null" name="TripleDESDecryptTest" />
    </UnitTest>
    <UnitTest name="EncryptTest2" storage="d:\documents\github\library\testcrclibrary\bin\debug\testcrclibrary.dll" id="525cd58d-2c2f-12dc-5f43-cf1895933132">
      <Execution id="b3ea4b0b-d7a5-42c3-9b11-26342a6ebc90" />
      <TestMethod codeBase="D:/Documents/GitHub/Library/TestCRCLibrary/bin/Debug/TestCRCLibrary.DLL" adapterTypeName="Microsoft.VisualStudio.TestTools.TestTypes.Unit.UnitTestAdapter, Microsoft.VisualStudio.QualityTools.Tips.UnitTest.Adapter, Version=10.0.0.0, Culture=neutral, PublicKeyToken=b03f5f7f11d50a3a" className="TestCRCLibrary.JhEncryptTest, TestCRCLibrary, Version=1.0.0.0, Culture=neutral, PublicKeyToken=null" name="EncryptTest2" />
    </UnitTest>
    <UnitTest name="SkipToStartOfTest" storage="d:\documents\github\library\testcrclibrary\bin\debug\testcrclibrary.dll" id="2b830eeb-d46b-92c5-a8af-8bf5bf8899b3">
      <Execution id="08b9a95a-1e22-4d8e-965b-8ee3052a60ba" />
      <TestMethod codeBase="D:/Documents/GitHub/Library/TestCRCLibrary/bin/Debug/TestCRCLibrary.DLL" adapterTypeName="Microsoft.VisualStudio.TestTools.TestTypes.Unit.UnitTestAdapter, Microsoft.VisualStudio.QualityTools.Tips.UnitTest.Adapter, Version=10.0.0.0, Culture=neutral, PublicKeyToken=b03f5f7f11d50a3a" className="TestCRCLibrary.StringParserTest, TestCRCLibrary, Version=1.0.0.0, Culture=neutral, PublicKeyToken=null" name="SkipToStartOfTest" />
    </UnitTest>
    <UnitTest name="GetLinksTest" storage="d:\documents\github\library\testcrclibrary\bin\debug\testcrclibrary.dll" id="76ba8a35-1457-aa5c-7f9c-d7566b471d0a">
      <Execution id="dcc4cb1f-68ec-4064-9ee2-ff6fb8c34336" />
      <TestMethod codeBase="D:/Documents/GitHub/Library/TestCRCLibrary/bin/Debug/TestCRCLibrary.DLL" adapterTypeName="Microsoft.VisualStudio.TestTools.TestTypes.Unit.UnitTestAdapter, Microsoft.VisualStudio.QualityTools.Tips.UnitTest.Adapter, Version=10.0.0.0, Culture=neutral, PublicKeyToken=b03f5f7f11d50a3a" className="TestCRCLibrary.StringParserTest, TestCRCLibrary, Version=1.0.0.0, Culture=neutral, PublicKeyToken=null" name="GetLinksTest" />
    </UnitTest>
    <UnitTest name="MatchTest" storage="d:\documents\github\library\testcrclibrary\bin\debug\testcrclibrary.dll" id="ff1f104e-2e4c-1d45-d3d0-490eeef60b4c">
      <Execution id="2dc0e022-4016-4799-b7ad-d7401551309f" />
      <TestMethod codeBase="D:/Documents/GitHub/Library/TestCRCLibrary/bin/Debug/TestCRCLibrary.DLL" adapterTypeName="Microsoft.VisualStudio.TestTools.TestTypes.Unit.UnitTestAdapter, Microsoft.VisualStudio.QualityTools.Tips.UnitTest.Adapter, Version=10.0.0.0, Culture=neutral, PublicKeyToken=b03f5f7f11d50a3a" className="TestCRCLibrary.StringRegexExtensionTest, TestCRCLibrary, Version=1.0.0.0, Culture=neutral, PublicKeyToken=null" name="MatchTest" />
    </UnitTest>
    <UnitTest name="GetIPTextTest1" storage="d:\documents\github\library\testcrclibrary\bin\debug\testcrclibrary.dll" id="83a128aa-6bcf-b586-c689-9a4d045e8369">
      <Execution id="02252cc7-4070-46eb-a055-eaab60c1cb5a" />
      <TestMethod codeBase="D:/Documents/GitHub/Library/TestCRCLibrary/bin/Debug/TestCRCLibrary.DLL" adapterTypeName="Microsoft.VisualStudio.TestTools.TestTypes.Unit.UnitTestAdapter, Microsoft.VisualStudio.QualityTools.Tips.UnitTest.Adapter, Version=10.0.0.0, Culture=neutral, PublicKeyToken=b03f5f7f11d50a3a" className="TestCRCLibrary.IPUtilTest, TestCRCLibrary, Version=1.0.0.0, Culture=neutral, PublicKeyToken=null" name="GetIPTextTest1" />
    </UnitTest>
    <UnitTest name="RemoveTwoTest" storage="d:\documents\github\library\testcrclibrary\bin\debug\testcrclibrary.dll" id="fc5d65be-c4b7-c7ac-9c58-54d23110da25">
      <Execution id="7ce4fb63-8eb0-4450-abeb-197aba78056e" />
      <TestMethod codeBase="D:/Documents/GitHub/Library/TestCRCLibrary/bin/Debug/TestCRCLibrary.DLL" adapterTypeName="Microsoft.VisualStudio.TestTools.TestTypes.Unit.UnitTestAdapter, Microsoft.VisualStudio.QualityTools.Tips.UnitTest.Adapter, Version=10.0.0.0, Culture=neutral, PublicKeyToken=b03f5f7f11d50a3a" className="TestCRCLibrary.DoubleKeyDictionaryTest, TestCRCLibrary, Version=1.0.0.0, Culture=neutral, PublicKeyToken=null" name="RemoveTwoTest" />
    </UnitTest>
    <UnitTest name="GetEnumeratorTwoTest" storage="d:\documents\github\library\testcrclibrary\bin\debug\testcrclibrary.dll" id="420229dc-f827-00be-7908-75d0f1ca5dfe">
      <Execution id="8e396f6b-6d03-48eb-ae6c-89bdc8afedbd" />
      <TestMethod codeBase="D:/Documents/GitHub/Library/TestCRCLibrary/bin/Debug/TestCRCLibrary.DLL" adapterTypeName="Microsoft.VisualStudio.TestTools.TestTypes.Unit.UnitTestAdapter, Microsoft.VisualStudio.QualityTools.Tips.UnitTest.Adapter, Version=10.0.0.0, Culture=neutral, PublicKeyToken=b03f5f7f11d50a3a" className="TestCRCLibrary.DoubleKeyDictionaryTest, TestCRCLibrary, Version=1.0.0.0, Culture=neutral, PublicKeyToken=null" name="GetEnumeratorTwoTest" />
    </UnitTest>
    <UnitTest name="ToHexTest1" storage="d:\documents\github\library\testcrclibrary\bin\debug\testcrclibrary.dll" id="327c79ba-a5c4-8647-6e58-09f9fecce10f">
      <Execution id="44c18a37-9702-40aa-9597-0edaef0fe8cb" />
      <TestMethod codeBase="D:/Documents/GitHub/Library/TestCRCLibrary/bin/Debug/TestCRCLibrary.DLL" adapterTypeName="Microsoft.VisualStudio.TestTools.TestTypes.Unit.UnitTestAdapter, Microsoft.VisualStudio.QualityTools.Tips.UnitTest.Adapter, Version=10.0.0.0, Culture=neutral, PublicKeyToken=b03f5f7f11d50a3a" className="TestCRCLibrary.ByteExtensionTest, TestCRCLibrary, Version=1.0.0.0, Culture=neutral, PublicKeyToken=null" name="ToHexTest1" />
    </UnitTest>
    <UnitTest name="IsNumberRangeTest" storage="d:\documents\github\library\testcrclibrary\bin\debug\testcrclibrary.dll" id="c97e6a0d-3e80-4df5-30ec-d3bc8838ec4f">
      <Execution id="27642117-bdb6-4070-8bbe-71a46a5be3f6" />
      <TestMethod codeBase="D:/Documents/GitHub/Library/TestCRCLibrary/bin/Debug/TestCRCLibrary.DLL" adapterTypeName="Microsoft.VisualStudio.TestTools.TestTypes.Unit.UnitTestAdapter, Microsoft.VisualStudio.QualityTools.Tips.UnitTest.Adapter, Version=10.0.0.0, Culture=neutral, PublicKeyToken=b03f5f7f11d50a3a" className="TestCRCLibrary.RegenPatternTest, TestCRCLibrary, Version=1.0.0.0, Culture=neutral, PublicKeyToken=null" name="IsNumberRangeTest" />
    </UnitTest>
    <UnitTest name="AddOrReplaceTest" storage="d:\documents\github\library\testcrclibrary\bin\debug\testcrclibrary.dll" id="1dcdf0b5-25a3-ae3d-3d8c-fe83664f5da0">
      <Execution id="925fd230-89b0-4245-8151-10c74b225765" />
      <TestMethod codeBase="D:/Documents/GitHub/Library/TestCRCLibrary/bin/Debug/TestCRCLibrary.DLL" adapterTypeName="Microsoft.VisualStudio.TestTools.TestTypes.Unit.UnitTestAdapter, Microsoft.VisualStudio.QualityTools.Tips.UnitTest.Adapter, Version=10.0.0.0, Culture=neutral, PublicKeyToken=b03f5f7f11d50a3a" className="TestCRCLibrary.DictionaryExtensionTest, TestCRCLibrary, Version=1.0.0.0, Culture=neutral, PublicKeyToken=null" name="AddOrReplaceTest" />
    </UnitTest>
    <UnitTest name="EncryptTest3" storage="d:\documents\github\library\testcrclibrary\bin\debug\testcrclibrary.dll" id="4d89edcd-83a9-9190-c8bf-1dafe35d73dd">
      <Execution id="cf1ce3c3-7524-4404-8d78-8e1e32b362d8" />
      <TestMethod codeBase="D:/Documents/GitHub/Library/TestCRCLibrary/bin/Debug/TestCRCLibrary.DLL" adapterTypeName="Microsoft.VisualStudio.TestTools.TestTypes.Unit.UnitTestAdapter, Microsoft.VisualStudio.QualityTools.Tips.UnitTest.Adapter, Version=10.0.0.0, Culture=neutral, PublicKeyToken=b03f5f7f11d50a3a" className="TestCRCLibrary.JhEncryptTest, TestCRCLibrary, Version=1.0.0.0, Culture=neutral, PublicKeyToken=null" name="EncryptTest3" />
    </UnitTest>
    <UnitTest name="SetBitTest" storage="d:\documents\github\library\testcrclibrary\bin\debug\testcrclibrary.dll" id="3b0ee96d-c074-bb42-e2e2-6e5cc4548638">
      <Execution id="f5141583-59e7-4935-aaaf-f961f767779e" />
      <TestMethod codeBase="D:/Documents/GitHub/Library/TestCRCLibrary/bin/Debug/TestCRCLibrary.DLL" adapterTypeName="Microsoft.VisualStudio.TestTools.TestTypes.Unit.UnitTestAdapter, Microsoft.VisualStudio.QualityTools.Tips.UnitTest.Adapter, Version=10.0.0.0, Culture=neutral, PublicKeyToken=b03f5f7f11d50a3a" className="TestCRCLibrary.ByteExtensionTest, TestCRCLibrary, Version=1.0.0.0, Culture=neutral, PublicKeyToken=null" name="SetBitTest" />
    </UnitTest>
    <UnitTest name="DecodeUnicodeTest" storage="d:\documents\github\library\testcrclibrary\bin\debug\testcrclibrary.dll" id="1b1ea453-509d-3f12-42e0-07a425263b03">
      <Execution id="86352f11-262a-4445-ae16-e6ad5a5372c1" />
      <TestMethod codeBase="D:/Documents/GitHub/Library/TestCRCLibrary/bin/Debug/TestCRCLibrary.DLL" adapterTypeName="Microsoft.VisualStudio.TestTools.TestTypes.Unit.UnitTestAdapter, Microsoft.VisualStudio.QualityTools.Tips.UnitTest.Adapter, Version=10.0.0.0, Culture=neutral, PublicKeyToken=b03f5f7f11d50a3a" className="TestCRCLibrary.EncodeUtilTest, TestCRCLibrary, Version=1.0.0.0, Culture=neutral, PublicKeyToken=null" name="DecodeUnicodeTest" />
    </UnitTest>
    <UnitTest name="NextItemTest" storage="d:\documents\github\library\testcrclibrary\bin\debug\testcrclibrary.dll" id="8883f062-7664-179d-c351-12273fc06189">
      <Execution id="b1efb51f-2991-42e3-bfc0-efada006d252" />
      <TestMethod codeBase="D:/Documents/GitHub/Library/TestCRCLibrary/bin/Debug/TestCRCLibrary.DLL" adapterTypeName="Microsoft.VisualStudio.TestTools.TestTypes.Unit.UnitTestAdapter, Microsoft.VisualStudio.QualityTools.Tips.UnitTest.Adapter, Version=10.0.0.0, Culture=neutral, PublicKeyToken=b03f5f7f11d50a3a" className="TestCRCLibrary.RandomExtensionTest, TestCRCLibrary, Version=1.0.0.0, Culture=neutral, PublicKeyToken=null" name="NextItemTest" />
    </UnitTest>
    <UnitTest name="AtNoCaseTest" storage="d:\documents\github\library\testcrclibrary\bin\debug\testcrclibrary.dll" id="d9083d83-ee1b-d730-ac08-396e904a3ac8">
      <Execution id="0160327d-6e47-4387-99ee-823e7530e8fc" />
      <TestMethod codeBase="D:/Documents/GitHub/Library/TestCRCLibrary/bin/Debug/TestCRCLibrary.DLL" adapterTypeName="Microsoft.VisualStudio.TestTools.TestTypes.Unit.UnitTestAdapter, Microsoft.VisualStudio.QualityTools.Tips.UnitTest.Adapter, Version=10.0.0.0, Culture=neutral, PublicKeyToken=b03f5f7f11d50a3a" className="TestCRCLibrary.StringParserTest, TestCRCLibrary, Version=1.0.0.0, Culture=neutral, PublicKeyToken=null" name="AtNoCaseTest" />
    </UnitTest>
    <UnitTest name="RemoveTest" storage="d:\documents\github\library\testcrclibrary\bin\debug\testcrclibrary.dll" id="4535dfc6-2f85-f1a9-56ff-f81e28bb9924">
      <Execution id="39dcd27b-481b-486c-b98d-7e4c5f7b6038" />
      <TestMethod codeBase="D:/Documents/GitHub/Library/TestCRCLibrary/bin/Debug/TestCRCLibrary.DLL" adapterTypeName="Microsoft.VisualStudio.TestTools.TestTypes.Unit.UnitTestAdapter, Microsoft.VisualStudio.QualityTools.Tips.UnitTest.Adapter, Version=10.0.0.0, Culture=neutral, PublicKeyToken=b03f5f7f11d50a3a" className="TestCRCLibrary.SortedSplitListTest, TestCRCLibrary, Version=1.0.0.0, Culture=neutral, PublicKeyToken=null" name="RemoveTest" />
    </UnitTest>
    <UnitTest name="IsMatchTest" storage="d:\documents\github\library\testcrclibrary\bin\debug\testcrclibrary.dll" id="38f178a0-9c0d-04b6-a6e0-3b6095e18668">
      <Execution id="201b86cb-9378-46e4-9930-9f5e0af64333" />
      <TestMethod codeBase="D:/Documents/GitHub/Library/TestCRCLibrary/bin/Debug/TestCRCLibrary.DLL" adapterTypeName="Microsoft.VisualStudio.TestTools.TestTypes.Unit.UnitTestAdapter, Microsoft.VisualStudio.QualityTools.Tips.UnitTest.Adapter, Version=10.0.0.0, Culture=neutral, PublicKeyToken=b03f5f7f11d50a3a" className="TestCRCLibrary.StringRegexExtensionTest, TestCRCLibrary, Version=1.0.0.0, Culture=neutral, PublicKeyToken=null" name="IsMatchTest" />
    </UnitTest>
    <UnitTest name="BytesToBinaryTest" storage="d:\documents\github\library\testcrclibrary\bin\debug\testcrclibrary.dll" id="e5d5ef2e-80f0-df9a-9ddf-32f550e0c198">
      <Execution id="1252e159-8f81-44f9-9acc-1a5423a39d73" />
      <TestMethod codeBase="D:/Documents/GitHub/Library/TestCRCLibrary/bin/Debug/TestCRCLibrary.DLL" adapterTypeName="Microsoft.VisualStudio.TestTools.TestTypes.Unit.UnitTestAdapter, Microsoft.VisualStudio.QualityTools.Tips.UnitTest.Adapter, Version=10.0.0.0, Culture=neutral, PublicKeyToken=b03f5f7f11d50a3a" className="TestCRCLibrary.ConvertCodeTest, TestCRCLibrary, Version=1.0.0.0, Culture=neutral, PublicKeyToken=null" name="BytesToBinaryTest" />
    </UnitTest>
    <UnitTest name="StringToHexTest" storage="d:\documents\github\library\testcrclibrary\bin\debug\testcrclibrary.dll" id="bc0f01b1-f1ba-51ef-7e65-566bd897ecf4">
      <Execution id="b70957d7-5cbd-46b2-ae99-ecf151661b8f" />
      <TestMethod codeBase="D:/Documents/GitHub/Library/TestCRCLibrary/bin/Debug/TestCRCLibrary.DLL" adapterTypeName="Microsoft.VisualStudio.TestTools.TestTypes.Unit.UnitTestAdapter, Microsoft.VisualStudio.QualityTools.Tips.UnitTest.Adapter, Version=10.0.0.0, Culture=neutral, PublicKeyToken=b03f5f7f11d50a3a" className="TestCRCLibrary.ConvertCodeTest, TestCRCLibrary, Version=1.0.0.0, Culture=neutral, PublicKeyToken=null" name="StringToHexTest" />
    </UnitTest>
    <UnitTest name="BytesTo16Test" storage="d:\documents\github\library\testcrclibrary\bin\debug\testcrclibrary.dll" id="53b8deb8-659a-3ee4-6285-cbe99f511352">
      <Execution id="64a496b0-5d20-487d-b2ae-904fc8985f46" />
      <TestMethod codeBase="D:/Documents/GitHub/Library/TestCRCLibrary/bin/Debug/TestCRCLibrary.DLL" adapterTypeName="Microsoft.VisualStudio.TestTools.TestTypes.Unit.UnitTestAdapter, Microsoft.VisualStudio.QualityTools.Tips.UnitTest.Adapter, Version=10.0.0.0, Culture=neutral, PublicKeyToken=b03f5f7f11d50a3a" className="TestCRCLibrary.ConvertCodeTest, TestCRCLibrary, Version=1.0.0.0, Culture=neutral, PublicKeyToken=null" name="BytesTo16Test" />
    </UnitTest>
    <UnitTest name="StringToBytesTest" storage="d:\documents\github\library\testcrclibrary\bin\debug\testcrclibrary.dll" id="9e3266c6-f6a7-e7ba-1802-395fd46e531f">
      <Execution id="ea56f10c-d75f-461d-b255-f43c8bb6c4f6" />
      <TestMethod codeBase="D:/Documents/GitHub/Library/TestCRCLibrary/bin/Debug/TestCRCLibrary.DLL" adapterTypeName="Microsoft.VisualStudio.TestTools.TestTypes.Unit.UnitTestAdapter, Microsoft.VisualStudio.QualityTools.Tips.UnitTest.Adapter, Version=10.0.0.0, Culture=neutral, PublicKeyToken=b03f5f7f11d50a3a" className="TestCRCLibrary.ConvertCodeTest, TestCRCLibrary, Version=1.0.0.0, Culture=neutral, PublicKeyToken=null" name="StringToBytesTest" />
    </UnitTest>
    <UnitTest name="EncodeUnicodeTest1" storage="d:\documents\github\library\testcrclibrary\bin\debug\testcrclibrary.dll" id="1f33f71a-0513-36d0-08f6-39743667d914">
      <Execution id="d205b30f-3a55-424a-a473-332c63fe8ef8" />
      <TestMethod codeBase="D:/Documents/GitHub/Library/TestCRCLibrary/bin/Debug/TestCRCLibrary.DLL" adapterTypeName="Microsoft.VisualStudio.TestTools.TestTypes.Unit.UnitTestAdapter, Microsoft.VisualStudio.QualityTools.Tips.UnitTest.Adapter, Version=10.0.0.0, Culture=neutral, PublicKeyToken=b03f5f7f11d50a3a" className="TestCRCLibrary.EncodeUtilTest, TestCRCLibrary, Version=1.0.0.0, Culture=neutral, PublicKeyToken=null" name="EncodeUnicodeTest1" />
    </UnitTest>
    <UnitTest name="EncryptWithKeyTest" storage="d:\documents\github\library\testcrclibrary\bin\debug\testcrclibrary.dll" id="b6741f64-98ee-ab33-030d-985cc225d3a3">
      <Execution id="464cb7b3-7e52-4178-a9bf-dd75d11c567a" />
      <TestMethod codeBase="D:/Documents/GitHub/Library/TestCRCLibrary/bin/Debug/TestCRCLibrary.DLL" adapterTypeName="Microsoft.VisualStudio.TestTools.TestTypes.Unit.UnitTestAdapter, Microsoft.VisualStudio.QualityTools.Tips.UnitTest.Adapter, Version=10.0.0.0, Culture=neutral, PublicKeyToken=b03f5f7f11d50a3a" className="TestCRCLibrary.EncryptUtilTest, TestCRCLibrary, Version=1.0.0.0, Culture=neutral, PublicKeyToken=null" name="EncryptWithKeyTest" />
    </UnitTest>
    <UnitTest name="IsEmailTest" storage="d:\documents\github\library\testcrclibrary\bin\debug\testcrclibrary.dll" id="858c5542-3bd5-806b-9ecf-21e4deac21e9">
      <Execution id="73ed6bc7-53a9-41bc-b0f5-39d48c965fa7" />
      <TestMethod codeBase="D:/Documents/GitHub/Library/TestCRCLibrary/bin/Debug/TestCRCLibrary.DLL" adapterTypeName="Microsoft.VisualStudio.TestTools.TestTypes.Unit.UnitTestAdapter, Microsoft.VisualStudio.QualityTools.Tips.UnitTest.Adapter, Version=10.0.0.0, Culture=neutral, PublicKeyToken=b03f5f7f11d50a3a" className="TestCRCLibrary.StringRegexExtensionTest, TestCRCLibrary, Version=1.0.0.0, Culture=neutral, PublicKeyToken=null" name="IsEmailTest" />
    </UnitTest>
    <UnitTest name="TestBinarySearchLowNotFound" storage="d:\documents\github\library\testcrclibrary\bin\debug\testcrclibrary.dll" id="c7a3a5e1-ab79-fabd-92b1-1602d749596f">
      <Execution id="f399f0e7-cfdb-40f6-9f6e-e4591dc3ef83" />
      <TestMethod codeBase="D:/Documents/GitHub/Library/TestCRCLibrary/bin/Debug/TestCRCLibrary.DLL" adapterTypeName="Microsoft.VisualStudio.TestTools.TestTypes.Unit.UnitTestAdapter, Microsoft.VisualStudio.QualityTools.Tips.UnitTest.Adapter, Version=10.0.0.0, Culture=neutral, PublicKeyToken=b03f5f7f11d50a3a" className="TestCRCLibrary.SortedSplitListTest, TestCRCLibrary, Version=1.0.0.0, Culture=neutral, PublicKeyToken=null" name="TestBinarySearchLowNotFound" />
    </UnitTest>
    <UnitTest name="IsNumberMoreTest" storage="d:\documents\github\library\testcrclibrary\bin\debug\testcrclibrary.dll" id="64208872-23ce-1122-abe8-653bc9c9f952">
      <Execution id="1fbac387-456d-47b8-ba84-519e6fb5746c" />
      <TestMethod codeBase="D:/Documents/GitHub/Library/TestCRCLibrary/bin/Debug/TestCRCLibrary.DLL" adapterTypeName="Microsoft.VisualStudio.TestTools.TestTypes.Unit.UnitTestAdapter, Microsoft.VisualStudio.QualityTools.Tips.UnitTest.Adapter, Version=10.0.0.0, Culture=neutral, PublicKeyToken=b03f5f7f11d50a3a" className="TestCRCLibrary.RegenPatternTest, TestCRCLibrary, Version=1.0.0.0, Culture=neutral, PublicKeyToken=null" name="IsNumberMoreTest" />
    </UnitTest>
    <UnitTest name="NextItemTest1" storage="d:\documents\github\library\testcrclibrary\bin\debug\testcrclibrary.dll" id="6807d594-c329-1403-acdd-bfc84223ce4f">
      <Execution id="3ec3898e-a828-4fb0-8dff-ab5ef6e1d499" />
      <TestMethod codeBase="D:/Documents/GitHub/Library/TestCRCLibrary/bin/Debug/TestCRCLibrary.DLL" adapterTypeName="Microsoft.VisualStudio.TestTools.TestTypes.Unit.UnitTestAdapter, Microsoft.VisualStudio.QualityTools.Tips.UnitTest.Adapter, Version=10.0.0.0, Culture=neutral, PublicKeyToken=b03f5f7f11d50a3a" className="TestCRCLibrary.RandomExtensionTest, TestCRCLibrary, Version=1.0.0.0, Culture=neutral, PublicKeyToken=null" name="NextItemTest1" />
    </UnitTest>
    <UnitTest name="ExtractToEndTest" storage="d:\documents\github\library\testcrclibrary\bin\debug\testcrclibrary.dll" id="88e04da1-8af3-2f5f-d5ad-d6984fc32a4e">
      <Execution id="777590f2-dab6-453c-8bce-413b24726f23" />
      <TestMethod codeBase="D:/Documents/GitHub/Library/TestCRCLibrary/bin/Debug/TestCRCLibrary.DLL" adapterTypeName="Microsoft.VisualStudio.TestTools.TestTypes.Unit.UnitTestAdapter, Microsoft.VisualStudio.QualityTools.Tips.UnitTest.Adapter, Version=10.0.0.0, Culture=neutral, PublicKeyToken=b03f5f7f11d50a3a" className="TestCRCLibrary.StringParserTest, TestCRCLibrary, Version=1.0.0.0, Culture=neutral, PublicKeyToken=null" name="ExtractToEndTest" />
    </UnitTest>
    <UnitTest name="DecryptTest2" storage="d:\documents\github\library\testcrclibrary\bin\debug\testcrclibrary.dll" id="b5f0cc1e-7061-c0a9-24d5-e05a49895e88">
      <Execution id="dd2b0f0e-e76d-4aca-8ad0-d0c95a1579ce" />
      <TestMethod codeBase="D:/Documents/GitHub/Library/TestCRCLibrary/bin/Debug/TestCRCLibrary.DLL" adapterTypeName="Microsoft.VisualStudio.TestTools.TestTypes.Unit.UnitTestAdapter, Microsoft.VisualStudio.QualityTools.Tips.UnitTest.Adapter, Version=10.0.0.0, Culture=neutral, PublicKeyToken=b03f5f7f11d50a3a" className="TestCRCLibrary.JhEncryptTest, TestCRCLibrary, Version=1.0.0.0, Culture=neutral, PublicKeyToken=null" name="DecryptTest2" />
    </UnitTest>
    <UnitTest name="SkipToStartOfNoCaseTest" storage="d:\documents\github\library\testcrclibrary\bin\debug\testcrclibrary.dll" id="bbf80d7f-60f4-5c7d-a5ff-81eb90f5b0fa">
      <Execution id="f8ea78bc-7f06-4c4d-8082-02e9f76416cf" />
      <TestMethod codeBase="D:/Documents/GitHub/Library/TestCRCLibrary/bin/Debug/TestCRCLibrary.DLL" adapterTypeName="Microsoft.VisualStudio.TestTools.TestTypes.Unit.UnitTestAdapter, Microsoft.VisualStudio.QualityTools.Tips.UnitTest.Adapter, Version=10.0.0.0, Culture=neutral, PublicKeyToken=b03f5f7f11d50a3a" className="TestCRCLibrary.StringParserTest, TestCRCLibrary, Version=1.0.0.0, Culture=neutral, PublicKeyToken=null" name="SkipToStartOfNoCaseTest" />
    </UnitTest>
    <UnitTest name="ExtractUntilTest" storage="d:\documents\github\library\testcrclibrary\bin\debug\testcrclibrary.dll" id="7d644f7e-881f-f3fc-c733-9b3320c965d0">
      <Execution id="30a2f716-fdc3-460d-bbf5-6d2f5b820379" />
      <TestMethod codeBase="D:/Documents/GitHub/Library/TestCRCLibrary/bin/Debug/TestCRCLibrary.DLL" adapterTypeName="Microsoft.VisualStudio.TestTools.TestTypes.Unit.UnitTestAdapter, Microsoft.VisualStudio.QualityTools.Tips.UnitTest.Adapter, Version=10.0.0.0, Culture=neutral, PublicKeyToken=b03f5f7f11d50a3a" className="TestCRCLibrary.StringParserTest, TestCRCLibrary, Version=1.0.0.0, Culture=neutral, PublicKeyToken=null" name="ExtractUntilTest" />
    </UnitTest>
    <UnitTest name="GetOneValueTest" storage="d:\documents\github\library\testcrclibrary\bin\debug\testcrclibrary.dll" id="9f0c02c1-741c-d76d-91c9-6c941adee950">
      <Execution id="152f1b84-7f3e-48db-8acb-63501c028dbf" />
      <TestMethod codeBase="D:/Documents/GitHub/Library/TestCRCLibrary/bin/Debug/TestCRCLibrary.DLL" adapterTypeName="Microsoft.VisualStudio.TestTools.TestTypes.Unit.UnitTestAdapter, Microsoft.VisualStudio.QualityTools.Tips.UnitTest.Adapter, Version=10.0.0.0, Culture=neutral, PublicKeyToken=b03f5f7f11d50a3a" className="TestCRCLibrary.DoubleKeyDictionaryTest, TestCRCLibrary, Version=1.0.0.0, Culture=neutral, PublicKeyToken=null" name="GetOneValueTest" />
    </UnitTest>
    <UnitTest name="IsMatchTest" storage="d:\documents\github\library\testcrclibrary\bin\debug\testcrclibrary.dll" id="1df5b73e-5da6-5978-0024-87ffc851ad48">
      <Execution id="017b0b4d-088c-4a85-b90a-6729549cee16" />
      <TestMethod codeBase="D:/Documents/GitHub/Library/TestCRCLibrary/bin/Debug/TestCRCLibrary.DLL" adapterTypeName="Microsoft.VisualStudio.TestTools.TestTypes.Unit.UnitTestAdapter, Microsoft.VisualStudio.QualityTools.Tips.UnitTest.Adapter, Version=10.0.0.0, Culture=neutral, PublicKeyToken=b03f5f7f11d50a3a" className="TestCRCLibrary.RegenPatternTest, TestCRCLibrary, Version=1.0.0.0, Culture=neutral, PublicKeyToken=null" name="IsMatchTest" />
    </UnitTest>
    <UnitTest name="AddRangeTest" storage="d:\documents\github\library\testcrclibrary\bin\debug\testcrclibrary.dll" id="b2304fb9-e24c-d563-ee21-4345f8884f3b">
      <Execution id="326caea1-d33a-44bc-b1ed-e8784e839cb0" />
      <TestMethod codeBase="D:/Documents/GitHub/Library/TestCRCLibrary/bin/Debug/TestCRCLibrary.DLL" adapterTypeName="Microsoft.VisualStudio.TestTools.TestTypes.Unit.UnitTestAdapter, Microsoft.VisualStudio.QualityTools.Tips.UnitTest.Adapter, Version=10.0.0.0, Culture=neutral, PublicKeyToken=b03f5f7f11d50a3a" className="TestCRCLibrary.DictionaryExtensionTest, TestCRCLibrary, Version=1.0.0.0, Culture=neutral, PublicKeyToken=null" name="AddRangeTest" />
    </UnitTest>
    <UnitTest name="ConvertCodeConstructorTest" storage="d:\documents\github\library\testcrclibrary\bin\debug\testcrclibrary.dll" id="b3d38d81-5db3-af13-19d8-3b66c9091b47">
      <Execution id="e961d26d-891b-4803-bb12-b137be762cf3" />
      <TestMethod codeBase="D:/Documents/GitHub/Library/TestCRCLibrary/bin/Debug/TestCRCLibrary.DLL" adapterTypeName="Microsoft.VisualStudio.TestTools.TestTypes.Unit.UnitTestAdapter, Microsoft.VisualStudio.QualityTools.Tips.UnitTest.Adapter, Version=10.0.0.0, Culture=neutral, PublicKeyToken=b03f5f7f11d50a3a" className="TestCRCLibrary.ConvertCodeTest, TestCRCLibrary, Version=1.0.0.0, Culture=neutral, PublicKeyToken=null" name="ConvertCodeConstructorTest" />
    </UnitTest>
    <UnitTest name="QueueInvokeTest2" storage="d:\documents\github\library\testcrclibrary\bin\debug\testcrclibrary.dll" id="e0a66f2a-5d66-e71d-92d0-aa09bfde9293">
      <Execution id="880a1476-53ba-411b-8c27-39cef6f4eadd" />
      <TestMethod codeBase="D:/Documents/GitHub/Library/TestCRCLibrary/bin/Debug/TestCRCLibrary.DLL" adapterTypeName="Microsoft.VisualStudio.TestTools.TestTypes.Unit.UnitTestAdapter, Microsoft.VisualStudio.QualityTools.Tips.UnitTest.Adapter, Version=10.0.0.0, Culture=neutral, PublicKeyToken=b03f5f7f11d50a3a" className="TestCRCLibrary.InvokeExtensionTest, TestCRCLibrary, Version=1.0.0.0, Culture=neutral, PublicKeyToken=null" name="QueueInvokeTest2" />
    </UnitTest>
    <UnitTest name="IsUrlTest" storage="d:\documents\github\library\testcrclibrary\bin\debug\testcrclibrary.dll" id="8a2de041-4637-bfd7-f42d-76b6f317f50b">
      <Execution id="f54cc671-5d09-4e2b-aabf-a592888f49c2" />
      <TestMethod codeBase="D:/Documents/GitHub/Library/TestCRCLibrary/bin/Debug/TestCRCLibrary.DLL" adapterTypeName="Microsoft.VisualStudio.TestTools.TestTypes.Unit.UnitTestAdapter, Microsoft.VisualStudio.QualityTools.Tips.UnitTest.Adapter, Version=10.0.0.0, Culture=neutral, PublicKeyToken=b03f5f7f11d50a3a" className="TestCRCLibrary.StringRegexExtensionTest, TestCRCLibrary, Version=1.0.0.0, Culture=neutral, PublicKeyToken=null" name="IsUrlTest" />
    </UnitTest>
    <UnitTest name="NextBytesTest" storage="d:\documents\github\library\testcrclibrary\bin\debug\testcrclibrary.dll" id="9e99c779-9cb0-2179-29a9-b3bb12b72086">
      <Execution id="ae345117-a4d7-44fb-9b80-004667c04b9d" />
      <TestMethod codeBase="D:/Documents/GitHub/Library/TestCRCLibrary/bin/Debug/TestCRCLibrary.DLL" adapterTypeName="Microsoft.VisualStudio.TestTools.TestTypes.Unit.UnitTestAdapter, Microsoft.VisualStudio.QualityTools.Tips.UnitTest.Adapter, Version=10.0.0.0, Culture=neutral, PublicKeyToken=b03f5f7f11d50a3a" className="TestCRCLibrary.RandomExtensionTest, TestCRCLibrary, Version=1.0.0.0, Culture=neutral, PublicKeyToken=null" name="NextBytesTest" />
    </UnitTest>
    <UnitTest name="KeysOneTest" storage="d:\documents\github\library\testcrclibrary\bin\debug\testcrclibrary.dll" id="91e03d4a-dcf5-2ebb-028c-a5f44700fe4c">
      <Execution id="7c9ebaf8-0409-4276-8ff3-6f63a820f96c" />
      <TestMethod codeBase="D:/Documents/GitHub/Library/TestCRCLibrary/bin/Debug/TestCRCLibrary.DLL" adapterTypeName="Microsoft.VisualStudio.TestTools.TestTypes.Unit.UnitTestAdapter, Microsoft.VisualStudio.QualityTools.Tips.UnitTest.Adapter, Version=10.0.0.0, Culture=neutral, PublicKeyToken=b03f5f7f11d50a3a" className="TestCRCLibrary.DoubleKeyDictionaryTest, TestCRCLibrary, Version=1.0.0.0, Culture=neutral, PublicKeyToken=null" name="KeysOneTest" />
    </UnitTest>
    <UnitTest name="ContainsKeyOneTest" storage="d:\documents\github\library\testcrclibrary\bin\debug\testcrclibrary.dll" id="c6e5ebb2-9be5-8a2b-b22e-2aa0aa232ad9">
      <Execution id="a8486f1d-7fdd-4792-aa6c-02cc3a7e5803" />
      <TestMethod codeBase="D:/Documents/GitHub/Library/TestCRCLibrary/bin/Debug/TestCRCLibrary.DLL" adapterTypeName="Microsoft.VisualStudio.TestTools.TestTypes.Unit.UnitTestAdapter, Microsoft.VisualStudio.QualityTools.Tips.UnitTest.Adapter, Version=10.0.0.0, Culture=neutral, PublicKeyToken=b03f5f7f11d50a3a" className="TestCRCLibrary.DoubleKeyDictionaryTest, TestCRCLibrary, Version=1.0.0.0, Culture=neutral, PublicKeyToken=null" name="ContainsKeyOneTest" />
    </UnitTest>
    <UnitTest name="ThrowIfNullTest" storage="d:\documents\github\library\testcrclibrary\bin\debug\testcrclibrary.dll" id="ccf2adf8-8f7c-d69a-2689-285c1fe760c9">
      <Execution id="45da21b4-111e-4d5c-8e5d-5e237937fdc1" />
      <TestMethod codeBase="D:/Documents/GitHub/Library/TestCRCLibrary/bin/Debug/TestCRCLibrary.DLL" adapterTypeName="Microsoft.VisualStudio.TestTools.TestTypes.Unit.UnitTestAdapter, Microsoft.VisualStudio.QualityTools.Tips.UnitTest.Adapter, Version=10.0.0.0, Culture=neutral, PublicKeyToken=b03f5f7f11d50a3a" className="TestCRCLibrary.ObjectExtensionTest, TestCRCLibrary, Version=1.0.0.0, Culture=neutral, PublicKeyToken=null" name="ThrowIfNullTest" />
    </UnitTest>
    <UnitTest name="SetOneValueTest" storage="d:\documents\github\library\testcrclibrary\bin\debug\testcrclibrary.dll" id="2b4ef174-c462-097c-6a3e-1aa16ce8aa1f">
      <Execution id="ff514df5-8c47-44d5-a13d-ea516ecc4464" />
      <TestMethod codeBase="D:/Documents/GitHub/Library/TestCRCLibrary/bin/Debug/TestCRCLibrary.DLL" adapterTypeName="Microsoft.VisualStudio.TestTools.TestTypes.Unit.UnitTestAdapter, Microsoft.VisualStudio.QualityTools.Tips.UnitTest.Adapter, Version=10.0.0.0, Culture=neutral, PublicKeyToken=b03f5f7f11d50a3a" className="TestCRCLibrary.DoubleKeyDictionaryTest, TestCRCLibrary, Version=1.0.0.0, Culture=neutral, PublicKeyToken=null" name="SetOneValueTest" />
    </UnitTest>
    <UnitTest name="ToByteTest" storage="d:\documents\github\library\testcrclibrary\bin\debug\testcrclibrary.dll" id="c98abb5f-e545-1e8f-cc10-c61fc20bf6f3">
      <Execution id="b55c5dec-151f-4485-8efd-0c427dffa110" />
      <TestMethod codeBase="D:/Documents/GitHub/Library/TestCRCLibrary/bin/Debug/TestCRCLibrary.DLL" adapterTypeName="Microsoft.VisualStudio.TestTools.TestTypes.Unit.UnitTestAdapter, Microsoft.VisualStudio.QualityTools.Tips.UnitTest.Adapter, Version=10.0.0.0, Culture=neutral, PublicKeyToken=b03f5f7f11d50a3a" className="TestCRCLibrary.ByteExtensionTest, TestCRCLibrary, Version=1.0.0.0, Culture=neutral, PublicKeyToken=null" name="ToByteTest" />
    </UnitTest>
    <UnitTest name="TripleDESEncryptTest" storage="d:\documents\github\library\testcrclibrary\bin\debug\testcrclibrary.dll" id="a63c6f91-a982-ddd4-4cb2-302a43c87c3d">
      <Execution id="e6354f45-4bd8-4820-8b42-891634ab2cd4" />
      <TestMethod codeBase="D:/Documents/GitHub/Library/TestCRCLibrary/bin/Debug/TestCRCLibrary.DLL" adapterTypeName="Microsoft.VisualStudio.TestTools.TestTypes.Unit.UnitTestAdapter, Microsoft.VisualStudio.QualityTools.Tips.UnitTest.Adapter, Version=10.0.0.0, Culture=neutral, PublicKeyToken=b03f5f7f11d50a3a" className="TestCRCLibrary.EncryptUtilTest, TestCRCLibrary, Version=1.0.0.0, Culture=neutral, PublicKeyToken=null" name="TripleDESEncryptTest" />
    </UnitTest>
    <UnitTest name="KeysTwoTest" storage="d:\documents\github\library\testcrclibrary\bin\debug\testcrclibrary.dll" id="50994e70-9b7e-e7e4-d350-1886cc4d90f0">
      <Execution id="75584e13-e667-4a75-8a2d-455cf4febb34" />
      <TestMethod codeBase="D:/Documents/GitHub/Library/TestCRCLibrary/bin/Debug/TestCRCLibrary.DLL" adapterTypeName="Microsoft.VisualStudio.TestTools.TestTypes.Unit.UnitTestAdapter, Microsoft.VisualStudio.QualityTools.Tips.UnitTest.Adapter, Version=10.0.0.0, Culture=neutral, PublicKeyToken=b03f5f7f11d50a3a" className="TestCRCLibrary.DoubleKeyDictionaryTest, TestCRCLibrary, Version=1.0.0.0, Culture=neutral, PublicKeyToken=null" name="KeysTwoTest" />
    </UnitTest>
    <UnitTest name="AddTest" storage="d:\documents\github\library\testcrclibrary\bin\debug\testcrclibrary.dll" id="4e487412-a84f-5407-14fb-b97267209e13">
      <Execution id="46f145af-bc22-4090-9819-8341545336e5" />
      <TestMethod codeBase="D:/Documents/GitHub/Library/TestCRCLibrary/bin/Debug/TestCRCLibrary.DLL" adapterTypeName="Microsoft.VisualStudio.TestTools.TestTypes.Unit.UnitTestAdapter, Microsoft.VisualStudio.QualityTools.Tips.UnitTest.Adapter, Version=10.0.0.0, Culture=neutral, PublicKeyToken=b03f5f7f11d50a3a" className="TestCRCLibrary.DoubleKeyDictionaryTest, TestCRCLibrary, Version=1.0.0.0, Culture=neutral, PublicKeyToken=null" name="AddTest" />
    </UnitTest>
    <UnitTest name="TryGetValueTest" storage="d:\documents\github\library\testcrclibrary\bin\debug\testcrclibrary.dll" id="fc2a6da0-65b6-eca3-2187-e2d86fe1c25f">
      <Execution id="24e6e995-718d-41a6-b10b-f2b91bd8da8a" />
      <TestMethod codeBase="D:/Documents/GitHub/Library/TestCRCLibrary/bin/Debug/TestCRCLibrary.DLL" adapterTypeName="Microsoft.VisualStudio.TestTools.TestTypes.Unit.UnitTestAdapter, Microsoft.VisualStudio.QualityTools.Tips.UnitTest.Adapter, Version=10.0.0.0, Culture=neutral, PublicKeyToken=b03f5f7f11d50a3a" className="TestCRCLibrary.DoubleKeyDictionaryTest, TestCRCLibrary, Version=1.0.0.0, Culture=neutral, PublicKeyToken=null" name="TryGetValueTest" />
    </UnitTest>
    <UnitTest name="AtTest" storage="d:\documents\github\library\testcrclibrary\bin\debug\testcrclibrary.dll" id="6b4c6481-be40-82ba-22f3-640831fed344">
      <Execution id="0dd4833f-c3a4-45d2-811d-4267cf012f7c" />
      <TestMethod codeBase="D:/Documents/GitHub/Library/TestCRCLibrary/bin/Debug/TestCRCLibrary.DLL" adapterTypeName="Microsoft.VisualStudio.TestTools.TestTypes.Unit.UnitTestAdapter, Microsoft.VisualStudio.QualityTools.Tips.UnitTest.Adapter, Version=10.0.0.0, Culture=neutral, PublicKeyToken=b03f5f7f11d50a3a" className="TestCRCLibrary.StringParserTest, TestCRCLibrary, Version=1.0.0.0, Culture=neutral, PublicKeyToken=null" name="AtTest" />
    </UnitTest>
    <UnitTest name="GetBitTest" storage="d:\documents\github\library\testcrclibrary\bin\debug\testcrclibrary.dll" id="2c4f8c6f-7382-072a-138c-88f64a2d9986">
      <Execution id="7c5b5993-54a2-42f6-a784-7a7989c3728f" />
      <TestMethod codeBase="D:/Documents/GitHub/Library/TestCRCLibrary/bin/Debug/TestCRCLibrary.DLL" adapterTypeName="Microsoft.VisualStudio.TestTools.TestTypes.Unit.UnitTestAdapter, Microsoft.VisualStudio.QualityTools.Tips.UnitTest.Adapter, Version=10.0.0.0, Culture=neutral, PublicKeyToken=b03f5f7f11d50a3a" className="TestCRCLibrary.ByteExtensionTest, TestCRCLibrary, Version=1.0.0.0, Culture=neutral, PublicKeyToken=null" name="GetBitTest" />
    </UnitTest>
    <UnitTest name="DelSeparateTest" storage="d:\documents\github\library\testcrclibrary\bin\debug\testcrclibrary.dll" id="ded0b5ef-d35f-ab8b-9fd3-c5fce5a0eca8">
      <DeploymentItems>
        <DeploymentItem filename="CRCLibrary.dll" />
      </DeploymentItems>
      <Execution id="6a571a79-b6dd-4bec-af64-284a6a0724c4" />
      <TestMethod codeBase="D:/Documents/GitHub/Library/TestCRCLibrary/bin/Debug/TestCRCLibrary.DLL" adapterTypeName="Microsoft.VisualStudio.TestTools.TestTypes.Unit.UnitTestAdapter, Microsoft.VisualStudio.QualityTools.Tips.UnitTest.Adapter, Version=10.0.0.0, Culture=neutral, PublicKeyToken=b03f5f7f11d50a3a" className="TestCRCLibrary.ConvertCodeTest, TestCRCLibrary, Version=1.0.0.0, Culture=neutral, PublicKeyToken=null" name="DelSeparateTest" />
    </UnitTest>
    <UnitTest name="IsHTMLTest" storage="d:\documents\github\library\testcrclibrary\bin\debug\testcrclibrary.dll" id="6c47274b-f203-1649-0358-f512b745feb6">
      <Execution id="f7d732c1-ed3a-40b6-94fb-36383f9f7c3e" />
      <TestMethod codeBase="D:/Documents/GitHub/Library/TestCRCLibrary/bin/Debug/TestCRCLibrary.DLL" adapterTypeName="Microsoft.VisualStudio.TestTools.TestTypes.Unit.UnitTestAdapter, Microsoft.VisualStudio.QualityTools.Tips.UnitTest.Adapter, Version=10.0.0.0, Culture=neutral, PublicKeyToken=b03f5f7f11d50a3a" className="TestCRCLibrary.StringRegexExtensionTest, TestCRCLibrary, Version=1.0.0.0, Culture=neutral, PublicKeyToken=null" name="IsHTMLTest" />
    </UnitTest>
    <UnitTest name="Sha1EncodeTest" storage="d:\documents\github\library\testcrclibrary\bin\debug\testcrclibrary.dll" id="aff7361b-78ec-03f9-b2c7-9758e8b3539d">
      <Execution id="c1379ecf-3cae-481a-a5dc-2b3d5b7f3989" />
      <TestMethod codeBase="D:/Documents/GitHub/Library/TestCRCLibrary/bin/Debug/TestCRCLibrary.DLL" adapterTypeName="Microsoft.VisualStudio.TestTools.TestTypes.Unit.UnitTestAdapter, Microsoft.VisualStudio.QualityTools.Tips.UnitTest.Adapter, Version=10.0.0.0, Culture=neutral, PublicKeyToken=b03f5f7f11d50a3a" className="TestCRCLibrary.EncodeUtilTest, TestCRCLibrary, Version=1.0.0.0, Culture=neutral, PublicKeyToken=null" name="Sha1EncodeTest" />
    </UnitTest>
    <UnitTest name="GetTwoValueTest" storage="d:\documents\github\library\testcrclibrary\bin\debug\testcrclibrary.dll" id="c0f12b05-9fcc-a16b-8cc9-7357b1f8ed6a">
      <Execution id="a8551eb4-28aa-4237-997a-e028caf6ae5c" />
      <TestMethod codeBase="D:/Documents/GitHub/Library/TestCRCLibrary/bin/Debug/TestCRCLibrary.DLL" adapterTypeName="Microsoft.VisualStudio.TestTools.TestTypes.Unit.UnitTestAdapter, Microsoft.VisualStudio.QualityTools.Tips.UnitTest.Adapter, Version=10.0.0.0, Culture=neutral, PublicKeyToken=b03f5f7f11d50a3a" className="TestCRCLibrary.DoubleKeyDictionaryTest, TestCRCLibrary, Version=1.0.0.0, Culture=neutral, PublicKeyToken=null" name="GetTwoValueTest" />
    </UnitTest>
    <UnitTest name="ParseIPEndPointTest" storage="d:\documents\github\library\testcrclibrary\bin\debug\testcrclibrary.dll" id="f71a1a2a-41bb-6050-f8b6-052de32f7e3a">
      <Execution id="205f51e6-dfd4-4aa0-8d2b-1570ecc8bcb5" />
      <TestMethod codeBase="D:/Documents/GitHub/Library/TestCRCLibrary/bin/Debug/TestCRCLibrary.DLL" adapterTypeName="Microsoft.VisualStudio.TestTools.TestTypes.Unit.UnitTestAdapter, Microsoft.VisualStudio.QualityTools.Tips.UnitTest.Adapter, Version=10.0.0.0, Culture=neutral, PublicKeyToken=b03f5f7f11d50a3a" className="TestCRCLibrary.IPUtilTest, TestCRCLibrary, Version=1.0.0.0, Culture=neutral, PublicKeyToken=null" name="ParseIPEndPointTest" />
    </UnitTest>
    <UnitTest name="SeekToTest" storage="d:\documents\github\library\testcrclibrary\bin\debug\testcrclibrary.dll" id="ac588fc4-f887-1904-86df-28b966cc127a">
      <DeploymentItems>
        <DeploymentItem filename="CRCLibrary.dll" />
      </DeploymentItems>
      <Execution id="5935ab03-f598-4b22-9e4e-d1dbd41a8017" />
      <TestMethod codeBase="D:/Documents/GitHub/Library/TestCRCLibrary/bin/Debug/TestCRCLibrary.DLL" adapterTypeName="Microsoft.VisualStudio.TestTools.TestTypes.Unit.UnitTestAdapter, Microsoft.VisualStudio.QualityTools.Tips.UnitTest.Adapter, Version=10.0.0.0, Culture=neutral, PublicKeyToken=b03f5f7f11d50a3a" className="TestCRCLibrary.StringParserTest, TestCRCLibrary, Version=1.0.0.0, Culture=neutral, PublicKeyToken=null" name="SeekToTest" />
    </UnitTest>
    <UnitTest name="GetScriptTest" storage="d:\documents\github\library\testcrclibrary\bin\debug\testcrclibrary.dll" id="733b86f2-ce5b-3ee2-8e4b-3734104b7bbd">
      <Execution id="5b35606d-62b1-463b-9b31-1bad8e4f2310" />
      <TestMethod codeBase="D:/Documents/GitHub/Library/TestCRCLibrary/bin/Debug/TestCRCLibrary.DLL" adapterTypeName="Microsoft.VisualStudio.TestTools.TestTypes.Unit.UnitTestAdapter, Microsoft.VisualStudio.QualityTools.Tips.UnitTest.Adapter, Version=10.0.0.0, Culture=neutral, PublicKeyToken=b03f5f7f11d50a3a" className="TestCRCLibrary.StringRegexExtensionTest, TestCRCLibrary, Version=1.0.0.0, Culture=neutral, PublicKeyToken=null" name="GetScriptTest" />
    </UnitTest>
    <UnitTest name="ResetPositionTest" storage="d:\documents\github\library\testcrclibrary\bin\debug\testcrclibrary.dll" id="d7b4dd2e-6b1b-03aa-2bb8-5c92f57c2a4b">
      <Execution id="99ebe82f-a2b2-423f-b0ac-64a89615e629" />
      <TestMethod codeBase="D:/Documents/GitHub/Library/TestCRCLibrary/bin/Debug/TestCRCLibrary.DLL" adapterTypeName="Microsoft.VisualStudio.TestTools.TestTypes.Unit.UnitTestAdapter, Microsoft.VisualStudio.QualityTools.Tips.UnitTest.Adapter, Version=10.0.0.0, Culture=neutral, PublicKeyToken=b03f5f7f11d50a3a" className="TestCRCLibrary.StringParserTest, TestCRCLibrary, Version=1.0.0.0, Culture=neutral, PublicKeyToken=null" name="ResetPositionTest" />
    </UnitTest>
    <UnitTest name="SkipToEndOfTest" storage="d:\documents\github\library\testcrclibrary\bin\debug\testcrclibrary.dll" id="a739a369-362d-473d-a559-bcd593eb04a5">
      <Execution id="6441aaf1-39d5-4c07-b711-5ca4f2114520" />
      <TestMethod codeBase="D:/Documents/GitHub/Library/TestCRCLibrary/bin/Debug/TestCRCLibrary.DLL" adapterTypeName="Microsoft.VisualStudio.TestTools.TestTypes.Unit.UnitTestAdapter, Microsoft.VisualStudio.QualityTools.Tips.UnitTest.Adapter, Version=10.0.0.0, Culture=neutral, PublicKeyToken=b03f5f7f11d50a3a" className="TestCRCLibrary.StringParserTest, TestCRCLibrary, Version=1.0.0.0, Culture=neutral, PublicKeyToken=null" name="SkipToEndOfTest" />
    </UnitTest>
    <UnitTest name="GetPortTest" storage="d:\documents\github\library\testcrclibrary\bin\debug\testcrclibrary.dll" id="4e3e63f9-9021-3058-c1f5-02dcbf499abe">
      <Execution id="a136d21e-fd00-4806-8a0a-73dc3bb9b547" />
      <TestMethod codeBase="D:/Documents/GitHub/Library/TestCRCLibrary/bin/Debug/TestCRCLibrary.DLL" adapterTypeName="Microsoft.VisualStudio.TestTools.TestTypes.Unit.UnitTestAdapter, Microsoft.VisualStudio.QualityTools.Tips.UnitTest.Adapter, Version=10.0.0.0, Culture=neutral, PublicKeyToken=b03f5f7f11d50a3a" className="TestCRCLibrary.IPUtilTest, TestCRCLibrary, Version=1.0.0.0, Culture=neutral, PublicKeyToken=null" name="GetPortTest" />
    </UnitTest>
    <UnitTest name="ClearTest" storage="d:\documents\github\library\testcrclibrary\bin\debug\testcrclibrary.dll" id="c303c48a-128e-44e2-ca78-26b79cb054e2">
      <Execution id="0d8fb7f4-f9d2-429b-acb8-fdc2b236cbfe" />
      <TestMethod codeBase="D:/Documents/GitHub/Library/TestCRCLibrary/bin/Debug/TestCRCLibrary.DLL" adapterTypeName="Microsoft.VisualStudio.TestTools.TestTypes.Unit.UnitTestAdapter, Microsoft.VisualStudio.QualityTools.Tips.UnitTest.Adapter, Version=10.0.0.0, Culture=neutral, PublicKeyToken=b03f5f7f11d50a3a" className="TestCRCLibrary.SortedSplitListTest, TestCRCLibrary, Version=1.0.0.0, Culture=neutral, PublicKeyToken=null" name="ClearTest" />
    </UnitTest>
    <UnitTest name="ExtractToNoCaseTest" storage="d:\documents\github\library\testcrclibrary\bin\debug\testcrclibrary.dll" id="1813d271-e2b5-db38-4571-b7fc178b1cc0">
      <Execution id="9441be46-0795-4868-88ad-0ef48ba43d09" />
      <TestMethod codeBase="D:/Documents/GitHub/Library/TestCRCLibrary/bin/Debug/TestCRCLibrary.DLL" adapterTypeName="Microsoft.VisualStudio.TestTools.TestTypes.Unit.UnitTestAdapter, Microsoft.VisualStudio.QualityTools.Tips.UnitTest.Adapter, Version=10.0.0.0, Culture=neutral, PublicKeyToken=b03f5f7f11d50a3a" className="TestCRCLibrary.StringParserTest, TestCRCLibrary, Version=1.0.0.0, Culture=neutral, PublicKeyToken=null" name="ExtractToNoCaseTest" />
    </UnitTest>
    <UnitTest name="InvokeIfNeededTest1" storage="d:\documents\github\library\testcrclibrary\bin\debug\testcrclibrary.dll" id="7068c1e4-d70b-99b8-19a8-bd53b7c4cd67">
      <Execution id="3dbc6d6c-49c6-463d-93d5-0a046562fa6a" />
      <TestMethod codeBase="D:/Documents/GitHub/Library/TestCRCLibrary/bin/Debug/TestCRCLibrary.DLL" adapterTypeName="Microsoft.VisualStudio.TestTools.TestTypes.Unit.UnitTestAdapter, Microsoft.VisualStudio.QualityTools.Tips.UnitTest.Adapter, Version=10.0.0.0, Culture=neutral, PublicKeyToken=b03f5f7f11d50a3a" className="TestCRCLibrary.InvokeExtensionTest, TestCRCLibrary, Version=1.0.0.0, Culture=neutral, PublicKeyToken=null" name="InvokeIfNeededTest1" />
    </UnitTest>
    <UnitTest name="DoubleKeyDictionaryConstructorTest" storage="d:\documents\github\library\testcrclibrary\bin\debug\testcrclibrary.dll" id="1f6f77c7-2d47-0710-4dcb-b0145b30ebaa">
      <Execution id="5878d116-6347-4d18-a759-2320f689e6da" />
      <TestMethod codeBase="D:/Documents/GitHub/Library/TestCRCLibrary/bin/Debug/TestCRCLibrary.DLL" adapterTypeName="Microsoft.VisualStudio.TestTools.TestTypes.Unit.UnitTestAdapter, Microsoft.VisualStudio.QualityTools.Tips.UnitTest.Adapter, Version=10.0.0.0, Culture=neutral, PublicKeyToken=b03f5f7f11d50a3a" className="TestCRCLibrary.DoubleKeyDictionaryTest, TestCRCLibrary, Version=1.0.0.0, Culture=neutral, PublicKeyToken=null" name="DoubleKeyDictionaryConstructorTest" />
    </UnitTest>
    <UnitTest name="DecryptTest3" storage="d:\documents\github\library\testcrclibrary\bin\debug\testcrclibrary.dll" id="a4f94e8d-b595-db7b-f073-cf9cd4a687e4">
      <Execution id="5a73c767-418d-4962-942e-481b53c253ba" />
      <TestMethod codeBase="D:/Documents/GitHub/Library/TestCRCLibrary/bin/Debug/TestCRCLibrary.DLL" adapterTypeName="Microsoft.VisualStudio.TestTools.TestTypes.Unit.UnitTestAdapter, Microsoft.VisualStudio.QualityTools.Tips.UnitTest.Adapter, Version=10.0.0.0, Culture=neutral, PublicKeyToken=b03f5f7f11d50a3a" className="TestCRCLibrary.JhEncryptTest, TestCRCLibrary, Version=1.0.0.0, Culture=neutral, PublicKeyToken=null" name="DecryptTest3" />
    </UnitTest>
    <UnitTest name="GetParityTest" storage="d:\documents\github\library\testcrclibrary\bin\debug\testcrclibrary.dll" id="b0140be8-20d4-63df-0dff-f47dbbb28f77">
      <Execution id="a9865908-2308-4a1a-a637-9e20afee4c85" />
      <TestMethod codeBase="D:/Documents/GitHub/Library/TestCRCLibrary/bin/Debug/TestCRCLibrary.DLL" adapterTypeName="Microsoft.VisualStudio.TestTools.TestTypes.Unit.UnitTestAdapter, Microsoft.VisualStudio.QualityTools.Tips.UnitTest.Adapter, Version=10.0.0.0, Culture=neutral, PublicKeyToken=b03f5f7f11d50a3a" className="TestCRCLibrary.XORParityTest, TestCRCLibrary, Version=1.0.0.0, Culture=neutral, PublicKeyToken=null" name="GetParityTest" />
    </UnitTest>
    <UnitTest name="TestRetrieveNotExistingItem" storage="d:\documents\github\library\testcrclibrary\bin\debug\testcrclibrary.dll" id="76ebe7d2-5203-383d-1c2a-2c6215e718db">
      <Execution id="a4521fa8-4089-49fd-8a57-c9a3409fb392" />
      <TestMethod codeBase="D:/Documents/GitHub/Library/TestCRCLibrary/bin/Debug/TestCRCLibrary.DLL" adapterTypeName="Microsoft.VisualStudio.TestTools.TestTypes.Unit.UnitTestAdapter, Microsoft.VisualStudio.QualityTools.Tips.UnitTest.Adapter, Version=10.0.0.0, Culture=neutral, PublicKeyToken=b03f5f7f11d50a3a" className="TestCRCLibrary.SortedSplitListTest, TestCRCLibrary, Version=1.0.0.0, Culture=neutral, PublicKeyToken=null" name="TestRetrieveNotExistingItem" />
    </UnitTest>
    <UnitTest name="ExtractToTest" storage="d:\documents\github\library\testcrclibrary\bin\debug\testcrclibrary.dll" id="7ab2396e-ff36-0b54-ba85-7303c014eca5">
      <Execution id="0628a00b-38c4-495b-9fa9-1a0b2e9723e0" />
      <TestMethod codeBase="D:/Documents/GitHub/Library/TestCRCLibrary/bin/Debug/TestCRCLibrary.DLL" adapterTypeName="Microsoft.VisualStudio.TestTools.TestTypes.Unit.UnitTestAdapter, Microsoft.VisualStudio.QualityTools.Tips.UnitTest.Adapter, Version=10.0.0.0, Culture=neutral, PublicKeyToken=b03f5f7f11d50a3a" className="TestCRCLibrary.StringParserTest, TestCRCLibrary, Version=1.0.0.0, Culture=neutral, PublicKeyToken=null" name="ExtractToTest" />
    </UnitTest>
    <UnitTest name="NextBoolTest" storage="d:\documents\github\library\testcrclibrary\bin\debug\testcrclibrary.dll" id="8256d590-9eaa-4d30-09d3-d7f5ac8de980">
      <Execution id="83b6140f-b984-49ee-9bfe-8a09805b7e4f" />
      <TestMethod codeBase="D:/Documents/GitHub/Library/TestCRCLibrary/bin/Debug/TestCRCLibrary.DLL" adapterTypeName="Microsoft.VisualStudio.TestTools.TestTypes.Unit.UnitTestAdapter, Microsoft.VisualStudio.QualityTools.Tips.UnitTest.Adapter, Version=10.0.0.0, Culture=neutral, PublicKeyToken=b03f5f7f11d50a3a" className="TestCRCLibrary.RandomExtensionTest, TestCRCLibrary, Version=1.0.0.0, Culture=neutral, PublicKeyToken=null" name="NextBoolTest" />
    </UnitTest>
    <UnitTest name="GetIPTextTest" storage="d:\documents\github\library\testcrclibrary\bin\debug\testcrclibrary.dll" id="45b35ea2-14c5-7dd5-0a1e-1ba1e5fc6700">
      <Execution id="c954452f-024f-405e-bfdd-2df7543af480" />
      <TestMethod codeBase="D:/Documents/GitHub/Library/TestCRCLibrary/bin/Debug/TestCRCLibrary.DLL" adapterTypeName="Microsoft.VisualStudio.TestTools.TestTypes.Unit.UnitTestAdapter, Microsoft.VisualStudio.QualityTools.Tips.UnitTest.Adapter, Version=10.0.0.0, Culture=neutral, PublicKeyToken=b03f5f7f11d50a3a" className="TestCRCLibrary.IPUtilTest, TestCRCLibrary, Version=1.0.0.0, Culture=neutral, PublicKeyToken=null" name="GetIPTextTest" />
    </UnitTest>
    <UnitTest name="QueueInvokeTest1" storage="d:\documents\github\library\testcrclibrary\bin\debug\testcrclibrary.dll" id="4b4e61b3-635f-c9db-0d57-8ab0317c2763">
      <Execution id="681270aa-20bf-4e19-979c-4d337294ddf5" />
      <TestMethod codeBase="D:/Documents/GitHub/Library/TestCRCLibrary/bin/Debug/TestCRCLibrary.DLL" adapterTypeName="Microsoft.VisualStudio.TestTools.TestTypes.Unit.UnitTestAdapter, Microsoft.VisualStudio.QualityTools.Tips.UnitTest.Adapter, Version=10.0.0.0, Culture=neutral, PublicKeyToken=b03f5f7f11d50a3a" className="TestCRCLibrary.InvokeExtensionTest, TestCRCLibrary, Version=1.0.0.0, Culture=neutral, PublicKeyToken=null" name="QueueInvokeTest1" />
    </UnitTest>
    <UnitTest name="EncodeUnicodeTest" storage="d:\documents\github\library\testcrclibrary\bin\debug\testcrclibrary.dll" id="1ab71655-d750-bbe7-38f0-46df6f88b5ae">
      <Execution id="76bf69f3-a4a5-4d06-a479-e6bec8613580" />
      <TestMethod codeBase="D:/Documents/GitHub/Library/TestCRCLibrary/bin/Debug/TestCRCLibrary.DLL" adapterTypeName="Microsoft.VisualStudio.TestTools.TestTypes.Unit.UnitTestAdapter, Microsoft.VisualStudio.QualityTools.Tips.UnitTest.Adapter, Version=10.0.0.0, Culture=neutral, PublicKeyToken=b03f5f7f11d50a3a" className="TestCRCLibrary.EncodeUtilTest, TestCRCLibrary, Version=1.0.0.0, Culture=neutral, PublicKeyToken=null" name="EncodeUnicodeTest" />
    </UnitTest>
    <UnitTest name="RemoveAllTest" storage="d:\documents\github\library\testcrclibrary\bin\debug\testcrclibrary.dll" id="553b421b-08c7-42fb-ee6d-f632c8d6262f">
      <Execution id="4496822e-a9fb-4c12-b8c4-3fe5aa37f151" />
      <TestMethod codeBase="D:/Documents/GitHub/Library/TestCRCLibrary/bin/Debug/TestCRCLibrary.DLL" adapterTypeName="Microsoft.VisualStudio.TestTools.TestTypes.Unit.UnitTestAdapter, Microsoft.VisualStudio.QualityTools.Tips.UnitTest.Adapter, Version=10.0.0.0, Culture=neutral, PublicKeyToken=b03f5f7f11d50a3a" className="TestCRCLibrary.SortedSplitListTest, TestCRCLibrary, Version=1.0.0.0, Culture=neutral, PublicKeyToken=null" name="RemoveAllTest" />
    </UnitTest>
    <UnitTest name="RemoveCommentsTest" storage="d:\documents\github\library\testcrclibrary\bin\debug\testcrclibrary.dll" id="bb77ca25-362d-37c4-fe02-373eb23efc4a">
      <Execution id="549dab59-b5c2-4f8f-bdb0-778d7714df0e" />
      <TestMethod codeBase="D:/Documents/GitHub/Library/TestCRCLibrary/bin/Debug/TestCRCLibrary.DLL" adapterTypeName="Microsoft.VisualStudio.TestTools.TestTypes.Unit.UnitTestAdapter, Microsoft.VisualStudio.QualityTools.Tips.UnitTest.Adapter, Version=10.0.0.0, Culture=neutral, PublicKeyToken=b03f5f7f11d50a3a" className="TestCRCLibrary.StringParserTest, TestCRCLibrary, Version=1.0.0.0, Culture=neutral, PublicKeyToken=null" name="RemoveCommentsTest" />
    </UnitTest>
    <UnitTest name="ReverseBitTest" storage="d:\documents\github\library\testcrclibrary\bin\debug\testcrclibrary.dll" id="393ba492-8800-19bd-e638-130a15a9f641">
      <Execution id="f297f191-558e-4e25-9af5-973b36983a99" />
      <TestMethod codeBase="D:/Documents/GitHub/Library/TestCRCLibrary/bin/Debug/TestCRCLibrary.DLL" adapterTypeName="Microsoft.VisualStudio.TestTools.TestTypes.Unit.UnitTestAdapter, Microsoft.VisualStudio.QualityTools.Tips.UnitTest.Adapter, Version=10.0.0.0, Culture=neutral, PublicKeyToken=b03f5f7f11d50a3a" className="TestCRCLibrary.ByteExtensionTest, TestCRCLibrary, Version=1.0.0.0, Culture=neutral, PublicKeyToken=null" name="ReverseBitTest" />
    </UnitTest>
    <UnitTest name="EncryptTest" storage="d:\documents\github\library\testcrclibrary\bin\debug\testcrclibrary.dll" id="499db2ba-739d-f13f-7cc3-3bc7d0dfb330">
      <Execution id="201d7f54-1d19-48aa-aa36-d399ce45cdfb" />
      <TestMethod codeBase="D:/Documents/GitHub/Library/TestCRCLibrary/bin/Debug/TestCRCLibrary.DLL" adapterTypeName="Microsoft.VisualStudio.TestTools.TestTypes.Unit.UnitTestAdapter, Microsoft.VisualStudio.QualityTools.Tips.UnitTest.Adapter, Version=10.0.0.0, Culture=neutral, PublicKeyToken=b03f5f7f11d50a3a" className="TestCRCLibrary.JhEncryptTest, TestCRCLibrary, Version=1.0.0.0, Culture=neutral, PublicKeyToken=null" name="EncryptTest" />
    </UnitTest>
    <UnitTest name="NextNumberTest" storage="d:\documents\github\library\testcrclibrary\bin\debug\testcrclibrary.dll" id="175c3708-dc6d-8a12-ecb0-7888e48314d2">
      <Execution id="9c72122f-39ac-4b27-b642-3471ddf7c328" />
      <TestMethod codeBase="D:/Documents/GitHub/Library/TestCRCLibrary/bin/Debug/TestCRCLibrary.DLL" adapterTypeName="Microsoft.VisualStudio.TestTools.TestTypes.Unit.UnitTestAdapter, Microsoft.VisualStudio.QualityTools.Tips.UnitTest.Adapter, Version=10.0.0.0, Culture=neutral, PublicKeyToken=b03f5f7f11d50a3a" className="TestCRCLibrary.RandomExtensionTest, TestCRCLibrary, Version=1.0.0.0, Culture=neutral, PublicKeyToken=null" name="NextNumberTest" />
    </UnitTest>
    <UnitTest name="RemoveEnclosingAnchorTagTest" storage="d:\documents\github\library\testcrclibrary\bin\debug\testcrclibrary.dll" id="8fb38075-72be-ad39-9c40-5ecdfe93d26d">
      <Execution id="de9311d1-31ab-4b07-80c0-8064703e38ac" />
      <TestMethod codeBase="D:/Documents/GitHub/Library/TestCRCLibrary/bin/Debug/TestCRCLibrary.DLL" adapterTypeName="Microsoft.VisualStudio.TestTools.TestTypes.Unit.UnitTestAdapter, Microsoft.VisualStudio.QualityTools.Tips.UnitTest.Adapter, Version=10.0.0.0, Culture=neutral, PublicKeyToken=b03f5f7f11d50a3a" className="TestCRCLibrary.StringParserTest, TestCRCLibrary, Version=1.0.0.0, Culture=neutral, PublicKeyToken=null" name="RemoveEnclosingAnchorTagTest" />
    </UnitTest>
    <UnitTest name="PortToBytesTest" storage="d:\documents\github\library\testcrclibrary\bin\debug\testcrclibrary.dll" id="8bbf893e-2050-b878-bd67-9ede689d769b">
      <Execution id="f657b68c-0e94-4f83-a8ce-70df3debc047" />
      <TestMethod codeBase="D:/Documents/GitHub/Library/TestCRCLibrary/bin/Debug/TestCRCLibrary.DLL" adapterTypeName="Microsoft.VisualStudio.TestTools.TestTypes.Unit.UnitTestAdapter, Microsoft.VisualStudio.QualityTools.Tips.UnitTest.Adapter, Version=10.0.0.0, Culture=neutral, PublicKeyToken=b03f5f7f11d50a3a" className="TestCRCLibrary.IPUtilTest, TestCRCLibrary, Version=1.0.0.0, Culture=neutral, PublicKeyToken=null" name="PortToBytesTest" />
    </UnitTest>
    <UnitTest name="IsHexTest" storage="d:\documents\github\library\testcrclibrary\bin\debug\testcrclibrary.dll" id="ff595f81-fb6a-86d3-e6ea-cb3345c666a2">
      <Execution id="96d29d00-bcce-47cc-b6d0-0057abb043aa" />
      <TestMethod codeBase="D:/Documents/GitHub/Library/TestCRCLibrary/bin/Debug/TestCRCLibrary.DLL" adapterTypeName="Microsoft.VisualStudio.TestTools.TestTypes.Unit.UnitTestAdapter, Microsoft.VisualStudio.QualityTools.Tips.UnitTest.Adapter, Version=10.0.0.0, Culture=neutral, PublicKeyToken=b03f5f7f11d50a3a" className="TestCRCLibrary.EncodeUtilTest, TestCRCLibrary, Version=1.0.0.0, Culture=neutral, PublicKeyToken=null" name="IsHexTest" />
    </UnitTest>
    <UnitTest name="ToBytesTest1" storage="d:\documents\github\library\testcrclibrary\bin\debug\testcrclibrary.dll" id="62a02849-4036-40f1-d8a6-e1a36ed10eb8">
      <Execution id="e341ab85-9d37-4b7f-950f-558a95cad441" />
      <TestMethod codeBase="D:/Documents/GitHub/Library/TestCRCLibrary/bin/Debug/TestCRCLibrary.DLL" adapterTypeName="Microsoft.VisualStudio.TestTools.TestTypes.Unit.UnitTestAdapter, Microsoft.VisualStudio.QualityTools.Tips.UnitTest.Adapter, Version=10.0.0.0, Culture=neutral, PublicKeyToken=b03f5f7f11d50a3a" className="TestCRCLibrary.ByteExtensionTest, TestCRCLibrary, Version=1.0.0.0, Culture=neutral, PublicKeyToken=null" name="ToBytesTest1" />
    </UnitTest>
    <UnitTest name="MD5EncodeTest1" storage="d:\documents\github\library\testcrclibrary\bin\debug\testcrclibrary.dll" id="24dca1a5-af2f-1d7c-e220-7d26b7299ef6">
      <Execution id="91a6b55f-539d-4105-aeb9-c751639515f6" />
      <TestMethod codeBase="D:/Documents/GitHub/Library/TestCRCLibrary/bin/Debug/TestCRCLibrary.DLL" adapterTypeName="Microsoft.VisualStudio.TestTools.TestTypes.Unit.UnitTestAdapter, Microsoft.VisualStudio.QualityTools.Tips.UnitTest.Adapter, Version=10.0.0.0, Culture=neutral, PublicKeyToken=b03f5f7f11d50a3a" className="TestCRCLibrary.EncodeUtilTest, TestCRCLibrary, Version=1.0.0.0, Culture=neutral, PublicKeyToken=null" name="MD5EncodeTest1" />
    </UnitTest>
    <UnitTest name="ToHexTest2" storage="d:\documents\github\library\testcrclibrary\bin\debug\testcrclibrary.dll" id="dac69ede-b084-cf39-70be-7386e1c6de8b">
      <Execution id="bc68c386-9df3-4e1c-b9c8-dd1bbbada459" />
      <TestMethod codeBase="D:/Documents/GitHub/Library/TestCRCLibrary/bin/Debug/TestCRCLibrary.DLL" adapterTypeName="Microsoft.VisualStudio.TestTools.TestTypes.Unit.UnitTestAdapter, Microsoft.VisualStudio.QualityTools.Tips.UnitTest.Adapter, Version=10.0.0.0, Culture=neutral, PublicKeyToken=b03f5f7f11d50a3a" className="TestCRCLibrary.ByteExtensionTest, TestCRCLibrary, Version=1.0.0.0, Culture=neutral, PublicKeyToken=null" name="ToHexTest2" />
    </UnitTest>
    <UnitTest name="QueueInvokeTest" storage="d:\documents\github\library\testcrclibrary\bin\debug\testcrclibrary.dll" id="55d3d927-b52b-031a-5932-fbc2845b3f5c">
      <Execution id="ade6042a-8ca0-45d7-a3e7-9b0a3a49e9a9" />
      <TestMethod codeBase="D:/Documents/GitHub/Library/TestCRCLibrary/bin/Debug/TestCRCLibrary.DLL" adapterTypeName="Microsoft.VisualStudio.TestTools.TestTypes.Unit.UnitTestAdapter, Microsoft.VisualStudio.QualityTools.Tips.UnitTest.Adapter, Version=10.0.0.0, Culture=neutral, PublicKeyToken=b03f5f7f11d50a3a" className="TestCRCLibrary.InvokeExtensionTest, TestCRCLibrary, Version=1.0.0.0, Culture=neutral, PublicKeyToken=null" name="QueueInvokeTest" />
    </UnitTest>
    <UnitTest name="GetEnumeratorOneTest" storage="d:\documents\github\library\testcrclibrary\bin\debug\testcrclibrary.dll" id="3a310c4f-f79c-b2c6-77f5-19ee42eb9a46">
      <Execution id="ef474eee-fb2d-43f9-a162-12ab11faa089" />
      <TestMethod codeBase="D:/Documents/GitHub/Library/TestCRCLibrary/bin/Debug/TestCRCLibrary.DLL" adapterTypeName="Microsoft.VisualStudio.TestTools.TestTypes.Unit.UnitTestAdapter, Microsoft.VisualStudio.QualityTools.Tips.UnitTest.Adapter, Version=10.0.0.0, Culture=neutral, PublicKeyToken=b03f5f7f11d50a3a" className="TestCRCLibrary.DoubleKeyDictionaryTest, TestCRCLibrary, Version=1.0.0.0, Culture=neutral, PublicKeyToken=null" name="GetEnumeratorOneTest" />
    </UnitTest>
    <UnitTest name="ReplaceEveryTest" storage="d:\documents\github\library\testcrclibrary\bin\debug\testcrclibrary.dll" id="18d47859-117e-bd16-7c67-1b49db9852c5">
      <Execution id="428bb123-b35d-43a0-8fb1-37ec16c0327b" />
      <TestMethod codeBase="D:/Documents/GitHub/Library/TestCRCLibrary/bin/Debug/TestCRCLibrary.DLL" adapterTypeName="Microsoft.VisualStudio.TestTools.TestTypes.Unit.UnitTestAdapter, Microsoft.VisualStudio.QualityTools.Tips.UnitTest.Adapter, Version=10.0.0.0, Culture=neutral, PublicKeyToken=b03f5f7f11d50a3a" className="TestCRCLibrary.StringParserTest, TestCRCLibrary, Version=1.0.0.0, Culture=neutral, PublicKeyToken=null" name="ReplaceEveryTest" />
    </UnitTest>
    <UnitTest name="DecryptTest5" storage="d:\documents\github\library\testcrclibrary\bin\debug\testcrclibrary.dll" id="94d59f36-7c46-c7ba-1327-efd1db21f8b1">
      <Execution id="f64732f7-cb79-4762-9f66-ebb8e25af6fe" />
      <TestMethod codeBase="D:/Documents/GitHub/Library/TestCRCLibrary/bin/Debug/TestCRCLibrary.DLL" adapterTypeName="Microsoft.VisualStudio.TestTools.TestTypes.Unit.UnitTestAdapter, Microsoft.VisualStudio.QualityTools.Tips.UnitTest.Adapter, Version=10.0.0.0, Culture=neutral, PublicKeyToken=b03f5f7f11d50a3a" className="TestCRCLibrary.JhEncryptTest, TestCRCLibrary, Version=1.0.0.0, Culture=neutral, PublicKeyToken=null" name="DecryptTest5" />
    </UnitTest>
    <UnitTest name="GetParityTest2" storage="d:\documents\github\library\testcrclibrary\bin\debug\testcrclibrary.dll" id="ae30eb5e-99c2-3639-8e76-5328de3ee749">
      <Execution id="04dee42f-ea6d-4604-9aae-6057690060da" />
      <TestMethod codeBase="D:/Documents/GitHub/Library/TestCRCLibrary/bin/Debug/TestCRCLibrary.DLL" adapterTypeName="Microsoft.VisualStudio.TestTools.TestTypes.Unit.UnitTestAdapter, Microsoft.VisualStudio.QualityTools.Tips.UnitTest.Adapter, Version=10.0.0.0, Culture=neutral, PublicKeyToken=b03f5f7f11d50a3a" className="TestCRCLibrary.XORParityTest, TestCRCLibrary, Version=1.0.0.0, Culture=neutral, PublicKeyToken=null" name="GetParityTest2" />
    </UnitTest>
    <UnitTest name="NextEnumTest" storage="d:\documents\github\library\testcrclibrary\bin\debug\testcrclibrary.dll" id="b42fda1c-6e73-03dc-6f44-1ee3a6833642">
      <Execution id="3585cac2-ea6f-4d35-b95b-bbd1ecbce7ce" />
      <TestMethod codeBase="D:/Documents/GitHub/Library/TestCRCLibrary/bin/Debug/TestCRCLibrary.DLL" adapterTypeName="Microsoft.VisualStudio.TestTools.TestTypes.Unit.UnitTestAdapter, Microsoft.VisualStudio.QualityTools.Tips.UnitTest.Adapter, Version=10.0.0.0, Culture=neutral, PublicKeyToken=b03f5f7f11d50a3a" className="TestCRCLibrary.RandomExtensionTest, TestCRCLibrary, Version=1.0.0.0, Culture=neutral, PublicKeyToken=null" name="NextEnumTest" />
    </UnitTest>
    <UnitTest name="DecryptTest4" storage="d:\documents\github\library\testcrclibrary\bin\debug\testcrclibrary.dll" id="f36b0313-4e14-44ea-fd52-fb036dfc9092">
      <Execution id="fd87ce0c-52fb-4892-a072-c29d8cbb0fb8" />
      <TestMethod codeBase="D:/Documents/GitHub/Library/TestCRCLibrary/bin/Debug/TestCRCLibrary.DLL" adapterTypeName="Microsoft.VisualStudio.TestTools.TestTypes.Unit.UnitTestAdapter, Microsoft.VisualStudio.QualityTools.Tips.UnitTest.Adapter, Version=10.0.0.0, Culture=neutral, PublicKeyToken=b03f5f7f11d50a3a" className="TestCRCLibrary.JhEncryptTest, TestCRCLibrary, Version=1.0.0.0, Culture=neutral, PublicKeyToken=null" name="DecryptTest4" />
    </UnitTest>
    <UnitTest name="IsNumberTest" storage="d:\documents\github\library\testcrclibrary\bin\debug\testcrclibrary.dll" id="460e8c17-b29b-93fd-d06e-b486d1dc0a6c">
      <Execution id="179e120b-f70f-418e-8021-93d27a6aafdd" />
      <TestMethod codeBase="D:/Documents/GitHub/Library/TestCRCLibrary/bin/Debug/TestCRCLibrary.DLL" adapterTypeName="Microsoft.VisualStudio.TestTools.TestTypes.Unit.UnitTestAdapter, Microsoft.VisualStudio.QualityTools.Tips.UnitTest.Adapter, Version=10.0.0.0, Culture=neutral, PublicKeyToken=b03f5f7f11d50a3a" className="TestCRCLibrary.RegenPatternTest, TestCRCLibrary, Version=1.0.0.0, Culture=neutral, PublicKeyToken=null" name="IsNumberTest" />
    </UnitTest>
    <UnitTest name="GetIPAddressTest" storage="d:\documents\github\library\testcrclibrary\bin\debug\testcrclibrary.dll" id="7b169008-b208-c129-2b8f-95d0f8832d06">
      <Execution id="07788e4a-7b0c-44a8-a080-b006354d5be3" />
      <TestMethod codeBase="D:/Documents/GitHub/Library/TestCRCLibrary/bin/Debug/TestCRCLibrary.DLL" adapterTypeName="Microsoft.VisualStudio.TestTools.TestTypes.Unit.UnitTestAdapter, Microsoft.VisualStudio.QualityTools.Tips.UnitTest.Adapter, Version=10.0.0.0, Culture=neutral, PublicKeyToken=b03f5f7f11d50a3a" className="TestCRCLibrary.IPUtilTest, TestCRCLibrary, Version=1.0.0.0, Culture=neutral, PublicKeyToken=null" name="GetIPAddressTest" />
    </UnitTest>
    <UnitTest name="HexToBtyesTest" storage="d:\documents\github\library\testcrclibrary\bin\debug\testcrclibrary.dll" id="b056cf59-8fa4-2601-3e07-22bbd4cdef7a">
      <Execution id="5a979daf-d684-472b-85fa-dc845b2b6733" />
      <TestMethod codeBase="D:/Documents/GitHub/Library/TestCRCLibrary/bin/Debug/TestCRCLibrary.DLL" adapterTypeName="Microsoft.VisualStudio.TestTools.TestTypes.Unit.UnitTestAdapter, Microsoft.VisualStudio.QualityTools.Tips.UnitTest.Adapter, Version=10.0.0.0, Culture=neutral, PublicKeyToken=b03f5f7f11d50a3a" className="TestCRCLibrary.ConvertCodeTest, TestCRCLibrary, Version=1.0.0.0, Culture=neutral, PublicKeyToken=null" name="HexToBtyesTest" />
    </UnitTest>
    <UnitTest name="TryAddTest" storage="d:\documents\github\library\testcrclibrary\bin\debug\testcrclibrary.dll" id="8184ceb8-5723-d229-7ffe-8100f3f04dc9">
      <Execution id="9ee8cfa8-a713-4d72-9d5c-35f508f94f9b" />
      <TestMethod codeBase="D:/Documents/GitHub/Library/TestCRCLibrary/bin/Debug/TestCRCLibrary.DLL" adapterTypeName="Microsoft.VisualStudio.TestTools.TestTypes.Unit.UnitTestAdapter, Microsoft.VisualStudio.QualityTools.Tips.UnitTest.Adapter, Version=10.0.0.0, Culture=neutral, PublicKeyToken=b03f5f7f11d50a3a" className="TestCRCLibrary.DictionaryExtensionTest, TestCRCLibrary, Version=1.0.0.0, Culture=neutral, PublicKeyToken=null" name="TryAddTest" />
    </UnitTest>
    <UnitTest name="TestRetriveExistingItem" storage="d:\documents\github\library\testcrclibrary\bin\debug\testcrclibrary.dll" id="68468ee5-c95d-f829-29bb-2f96d5c49b86">
      <Execution id="d9a6495d-c05f-487e-8c07-9f68ee268930" />
      <TestMethod codeBase="D:/Documents/GitHub/Library/TestCRCLibrary/bin/Debug/TestCRCLibrary.DLL" adapterTypeName="Microsoft.VisualStudio.TestTools.TestTypes.Unit.UnitTestAdapter, Microsoft.VisualStudio.QualityTools.Tips.UnitTest.Adapter, Version=10.0.0.0, Culture=neutral, PublicKeyToken=b03f5f7f11d50a3a" className="TestCRCLibrary.SortedSplitListTest, TestCRCLibrary, Version=1.0.0.0, Culture=neutral, PublicKeyToken=null" name="TestRetriveExistingItem" />
    </UnitTest>
    <UnitTest name="GetHexLengthTest" storage="d:\documents\github\library\testcrclibrary\bin\debug\testcrclibrary.dll" id="be59e77b-8391-52ef-65f7-7dbcdca4b10d">
      <Execution id="c1d962c6-6f57-4987-8c21-b5c7cddb07c5" />
      <TestMethod codeBase="D:/Documents/GitHub/Library/TestCRCLibrary/bin/Debug/TestCRCLibrary.DLL" adapterTypeName="Microsoft.VisualStudio.TestTools.TestTypes.Unit.UnitTestAdapter, Microsoft.VisualStudio.QualityTools.Tips.UnitTest.Adapter, Version=10.0.0.0, Culture=neutral, PublicKeyToken=b03f5f7f11d50a3a" className="TestCRCLibrary.EncodeUtilTest, TestCRCLibrary, Version=1.0.0.0, Culture=neutral, PublicKeyToken=null" name="GetHexLengthTest" />
    </UnitTest>
    <UnitTest name="GetParityTest1" storage="d:\documents\github\library\testcrclibrary\bin\debug\testcrclibrary.dll" id="68688540-1196-bc66-bb89-c1a4d8d80f37">
      <Execution id="c7715266-457b-4c37-a430-ef3f92e525b9" />
      <TestMethod codeBase="D:/Documents/GitHub/Library/TestCRCLibrary/bin/Debug/TestCRCLibrary.DLL" adapterTypeName="Microsoft.VisualStudio.TestTools.TestTypes.Unit.UnitTestAdapter, Microsoft.VisualStudio.QualityTools.Tips.UnitTest.Adapter, Version=10.0.0.0, Culture=neutral, PublicKeyToken=b03f5f7f11d50a3a" className="TestCRCLibrary.XORParityTest, TestCRCLibrary, Version=1.0.0.0, Culture=neutral, PublicKeyToken=null" name="GetParityTest1" />
    </UnitTest>
    <UnitTest name="GetPageTitleTest" storage="d:\documents\github\library\testcrclibrary\bin\debug\testcrclibrary.dll" id="33486f68-c09a-a547-b356-093b5382f9f2">
      <Execution id="2ce920e4-d0be-4aae-bb26-343d27bc6b6f" />
      <TestMethod codeBase="D:/Documents/GitHub/Library/TestCRCLibrary/bin/Debug/TestCRCLibrary.DLL" adapterTypeName="Microsoft.VisualStudio.TestTools.TestTypes.Unit.UnitTestAdapter, Microsoft.VisualStudio.QualityTools.Tips.UnitTest.Adapter, Version=10.0.0.0, Culture=neutral, PublicKeyToken=b03f5f7f11d50a3a" className="TestCRCLibrary.StringRegexExtensionTest, TestCRCLibrary, Version=1.0.0.0, Culture=neutral, PublicKeyToken=null" name="GetPageTitleTest" />
    </UnitTest>
    <UnitTest name="ToBase64Test" storage="d:\documents\github\library\testcrclibrary\bin\debug\testcrclibrary.dll" id="b75e7473-103d-5751-3def-99b3a17a5073">
      <Execution id="263fb8b8-9acc-49c1-bb65-5dee76ae3e6c" />
      <TestMethod codeBase="D:/Documents/GitHub/Library/TestCRCLibrary/bin/Debug/TestCRCLibrary.DLL" adapterTypeName="Microsoft.VisualStudio.TestTools.TestTypes.Unit.UnitTestAdapter, Microsoft.VisualStudio.QualityTools.Tips.UnitTest.Adapter, Version=10.0.0.0, Culture=neutral, PublicKeyToken=b03f5f7f11d50a3a" className="TestCRCLibrary.EncodeUtilTest, TestCRCLibrary, Version=1.0.0.0, Culture=neutral, PublicKeyToken=null" name="ToBase64Test" />
    </UnitTest>
    <UnitTest name="ToBytesTest" storage="d:\documents\github\library\testcrclibrary\bin\debug\testcrclibrary.dll" id="46077f12-4f58-7911-6b76-b1224910c3e2">
      <Execution id="2a2f3d4d-724e-4426-a0d2-76c29a19f275" />
      <TestMethod codeBase="D:/Documents/GitHub/Library/TestCRCLibrary/bin/Debug/TestCRCLibrary.DLL" adapterTypeName="Microsoft.VisualStudio.TestTools.TestTypes.Unit.UnitTestAdapter, Microsoft.VisualStudio.QualityTools.Tips.UnitTest.Adapter, Version=10.0.0.0, Culture=neutral, PublicKeyToken=b03f5f7f11d50a3a" className="TestCRCLibrary.ByteExtensionTest, TestCRCLibrary, Version=1.0.0.0, Culture=neutral, PublicKeyToken=null" name="ToBytesTest" />
    </UnitTest>
    <UnitTest name="EncryptUtilConstructorTest" storage="d:\documents\github\library\testcrclibrary\bin\debug\testcrclibrary.dll" id="4c022858-082d-55fa-0dd1-bd8b4150db50">
      <Execution id="abf0e949-54fc-41fc-bf99-17fc59d4a081" />
      <TestMethod codeBase="D:/Documents/GitHub/Library/TestCRCLibrary/bin/Debug/TestCRCLibrary.DLL" adapterTypeName="Microsoft.VisualStudio.TestTools.TestTypes.Unit.UnitTestAdapter, Microsoft.VisualStudio.QualityTools.Tips.UnitTest.Adapter, Version=10.0.0.0, Culture=neutral, PublicKeyToken=b03f5f7f11d50a3a" className="TestCRCLibrary.EncryptUtilTest, TestCRCLibrary, Version=1.0.0.0, Culture=neutral, PublicKeyToken=null" name="EncryptUtilConstructorTest" />
    </UnitTest>
    <UnitTest name="ArrayAreEqualTest" storage="d:\documents\github\library\testcrclibrary\bin\debug\testcrclibrary.dll" id="33a310f8-52e1-912a-ff33-502a73018d41">
      <Execution id="3c83c5fb-bf5c-4f2f-83cc-8e486799e7c4" />
      <TestMethod codeBase="D:/Documents/GitHub/Library/TestCRCLibrary/bin/Debug/TestCRCLibrary.DLL" adapterTypeName="Microsoft.VisualStudio.TestTools.TestTypes.Unit.UnitTestAdapter, Microsoft.VisualStudio.QualityTools.Tips.UnitTest.Adapter, Version=10.0.0.0, Culture=neutral, PublicKeyToken=b03f5f7f11d50a3a" className="TestCRCLibrary.ByteExtensionTest, TestCRCLibrary, Version=1.0.0.0, Culture=neutral, PublicKeyToken=null" name="ArrayAreEqualTest" />
    </UnitTest>
    <UnitTest name="RemoveOneTest" storage="d:\documents\github\library\testcrclibrary\bin\debug\testcrclibrary.dll" id="33ecc17f-8c6a-bd99-526f-af623d0e9aca">
      <Execution id="dedca69b-52c0-497c-9930-493b901373d4" />
      <TestMethod codeBase="D:/Documents/GitHub/Library/TestCRCLibrary/bin/Debug/TestCRCLibrary.DLL" adapterTypeName="Microsoft.VisualStudio.TestTools.TestTypes.Unit.UnitTestAdapter, Microsoft.VisualStudio.QualityTools.Tips.UnitTest.Adapter, Version=10.0.0.0, Culture=neutral, PublicKeyToken=b03f5f7f11d50a3a" className="TestCRCLibrary.DoubleKeyDictionaryTest, TestCRCLibrary, Version=1.0.0.0, Culture=neutral, PublicKeyToken=null" name="RemoveOneTest" />
    </UnitTest>
    <UnitTest name="JhEncryptConstructorTest" storage="d:\documents\github\library\testcrclibrary\bin\debug\testcrclibrary.dll" id="a519640b-d3b5-8c5d-fe90-bed4ca1c7514">
      <Execution id="72aad385-cf44-47c2-b6ba-0f65b48bc0db" />
      <TestMethod codeBase="D:/Documents/GitHub/Library/TestCRCLibrary/bin/Debug/TestCRCLibrary.DLL" adapterTypeName="Microsoft.VisualStudio.TestTools.TestTypes.Unit.UnitTestAdapter, Microsoft.VisualStudio.QualityTools.Tips.UnitTest.Adapter, Version=10.0.0.0, Culture=neutral, PublicKeyToken=b03f5f7f11d50a3a" className="TestCRCLibrary.JhEncryptTest, TestCRCLibrary, Version=1.0.0.0, Culture=neutral, PublicKeyToken=null" name="JhEncryptConstructorTest" />
    </UnitTest>
    <UnitTest name="ValuesTest" storage="d:\documents\github\library\testcrclibrary\bin\debug\testcrclibrary.dll" id="1bf91859-540c-b7cc-00cc-23d58f8ae5af">
      <Execution id="296f39cf-bc78-414e-aa0f-fafab2313808" />
      <TestMethod codeBase="D:/Documents/GitHub/Library/TestCRCLibrary/bin/Debug/TestCRCLibrary.DLL" adapterTypeName="Microsoft.VisualStudio.TestTools.TestTypes.Unit.UnitTestAdapter, Microsoft.VisualStudio.QualityTools.Tips.UnitTest.Adapter, Version=10.0.0.0, Culture=neutral, PublicKeyToken=b03f5f7f11d50a3a" className="TestCRCLibrary.DoubleKeyDictionaryTest, TestCRCLibrary, Version=1.0.0.0, Culture=neutral, PublicKeyToken=null" name="ValuesTest" />
    </UnitTest>
    <UnitTest name="SkipToEndOfNoCaseTest" storage="d:\documents\github\library\testcrclibrary\bin\debug\testcrclibrary.dll" id="3ef0420c-7152-5482-82c7-a935252d8eb1">
      <Execution id="f049cf75-3428-4c7d-a04c-eb967f9822d8" />
      <TestMethod codeBase="D:/Documents/GitHub/Library/TestCRCLibrary/bin/Debug/TestCRCLibrary.DLL" adapterTypeName="Microsoft.VisualStudio.TestTools.TestTypes.Unit.UnitTestAdapter, Microsoft.VisualStudio.QualityTools.Tips.UnitTest.Adapter, Version=10.0.0.0, Culture=neutral, PublicKeyToken=b03f5f7f11d50a3a" className="TestCRCLibrary.StringParserTest, TestCRCLibrary, Version=1.0.0.0, Culture=neutral, PublicKeyToken=null" name="SkipToEndOfNoCaseTest" />
    </UnitTest>
    <UnitTest name="DecryptTest" storage="d:\documents\github\library\testcrclibrary\bin\debug\testcrclibrary.dll" id="fa603cad-3867-c151-4ee6-cfdc71cb0286">
      <Execution id="3a88acd9-c594-4a07-a4ec-8d68667dffed" />
      <TestMethod codeBase="D:/Documents/GitHub/Library/TestCRCLibrary/bin/Debug/TestCRCLibrary.DLL" adapterTypeName="Microsoft.VisualStudio.TestTools.TestTypes.Unit.UnitTestAdapter, Microsoft.VisualStudio.QualityTools.Tips.UnitTest.Adapter, Version=10.0.0.0, Culture=neutral, PublicKeyToken=b03f5f7f11d50a3a" className="TestCRCLibrary.JhEncryptTest, TestCRCLibrary, Version=1.0.0.0, Culture=neutral, PublicKeyToken=null" name="DecryptTest" />
    </UnitTest>
    <UnitTest name="DecryptTest1" storage="d:\documents\github\library\testcrclibrary\bin\debug\testcrclibrary.dll" id="fe4308fc-0200-47ff-0cea-9b399d493489">
      <Execution id="a7d4692e-7d6e-4f5e-9d82-09873d280d3a" />
      <TestMethod codeBase="D:/Documents/GitHub/Library/TestCRCLibrary/bin/Debug/TestCRCLibrary.DLL" adapterTypeName="Microsoft.VisualStudio.TestTools.TestTypes.Unit.UnitTestAdapter, Microsoft.VisualStudio.QualityTools.Tips.UnitTest.Adapter, Version=10.0.0.0, Culture=neutral, PublicKeyToken=b03f5f7f11d50a3a" className="TestCRCLibrary.JhEncryptTest, TestCRCLibrary, Version=1.0.0.0, Culture=neutral, PublicKeyToken=null" name="DecryptTest1" />
    </UnitTest>
    <UnitTest name="IsChineseCharTest" storage="d:\documents\github\library\testcrclibrary\bin\debug\testcrclibrary.dll" id="d0aaa9b0-68ea-9a3a-f2ab-fd75a2b80397">
      <Execution id="5e2f8317-74d5-4160-b097-4a873868f5a7" />
      <TestMethod codeBase="D:/Documents/GitHub/Library/TestCRCLibrary/bin/Debug/TestCRCLibrary.DLL" adapterTypeName="Microsoft.VisualStudio.TestTools.TestTypes.Unit.UnitTestAdapter, Microsoft.VisualStudio.QualityTools.Tips.UnitTest.Adapter, Version=10.0.0.0, Culture=neutral, PublicKeyToken=b03f5f7f11d50a3a" className="TestCRCLibrary.StringRegexExtensionTest, TestCRCLibrary, Version=1.0.0.0, Culture=neutral, PublicKeyToken=null" name="IsChineseCharTest" />
    </UnitTest>
    <UnitTest name="EncryptTest1" storage="d:\documents\github\library\testcrclibrary\bin\debug\testcrclibrary.dll" id="a0847327-ece3-c396-0d61-697a68e1b054">
      <Execution id="87976942-d59d-4845-9321-2a896c6b0f26" />
      <TestMethod codeBase="D:/Documents/GitHub/Library/TestCRCLibrary/bin/Debug/TestCRCLibrary.DLL" adapterTypeName="Microsoft.VisualStudio.TestTools.TestTypes.Unit.UnitTestAdapter, Microsoft.VisualStudio.QualityTools.Tips.UnitTest.Adapter, Version=10.0.0.0, Culture=neutral, PublicKeyToken=b03f5f7f11d50a3a" className="TestCRCLibrary.JhEncryptTest, TestCRCLibrary, Version=1.0.0.0, Culture=neutral, PublicKeyToken=null" name="EncryptTest1" />
    </UnitTest>
    <UnitTest name="IsUnicodeTest" storage="d:\documents\github\library\testcrclibrary\bin\debug\testcrclibrary.dll" id="02bd4a3d-ad0c-3461-3763-939df8167b38">
      <Execution id="1f129603-0c55-41a6-8474-fc7cebde3cf8" />
      <TestMethod codeBase="D:/Documents/GitHub/Library/TestCRCLibrary/bin/Debug/TestCRCLibrary.DLL" adapterTypeName="Microsoft.VisualStudio.TestTools.TestTypes.Unit.UnitTestAdapter, Microsoft.VisualStudio.QualityTools.Tips.UnitTest.Adapter, Version=10.0.0.0, Culture=neutral, PublicKeyToken=b03f5f7f11d50a3a" className="TestCRCLibrary.StringRegexExtensionTest, TestCRCLibrary, Version=1.0.0.0, Culture=neutral, PublicKeyToken=null" name="IsUnicodeTest" />
    </UnitTest>
    <UnitTest name="TestPartiallyEnumerate" storage="d:\documents\github\library\testcrclibrary\bin\debug\testcrclibrary.dll" id="2fec98aa-4d83-1647-7423-e7f0cd3a4451">
      <Execution id="a1b24ead-d4e2-46ee-9a90-a8cc31b9c5c0" />
      <TestMethod codeBase="D:/Documents/GitHub/Library/TestCRCLibrary/bin/Debug/TestCRCLibrary.DLL" adapterTypeName="Microsoft.VisualStudio.TestTools.TestTypes.Unit.UnitTestAdapter, Microsoft.VisualStudio.QualityTools.Tips.UnitTest.Adapter, Version=10.0.0.0, Culture=neutral, PublicKeyToken=b03f5f7f11d50a3a" className="TestCRCLibrary.SortedSplitListTest, TestCRCLibrary, Version=1.0.0.0, Culture=neutral, PublicKeyToken=null" name="TestPartiallyEnumerate" />
    </UnitTest>
    <UnitTest name="IsHexTest1" storage="d:\documents\github\library\testcrclibrary\bin\debug\testcrclibrary.dll" id="87aaae1d-42ec-0f30-0091-c3267d04fb65">
      <Execution id="06ddb26e-8cbf-40ac-8d1e-0764f1121155" />
      <TestMethod codeBase="D:/Documents/GitHub/Library/TestCRCLibrary/bin/Debug/TestCRCLibrary.DLL" adapterTypeName="Microsoft.VisualStudio.TestTools.TestTypes.Unit.UnitTestAdapter, Microsoft.VisualStudio.QualityTools.Tips.UnitTest.Adapter, Version=10.0.0.0, Culture=neutral, PublicKeyToken=b03f5f7f11d50a3a" className="TestCRCLibrary.EncodeUtilTest, TestCRCLibrary, Version=1.0.0.0, Culture=neutral, PublicKeyToken=null" name="IsHexTest1" />
    </UnitTest>
    <UnitTest name="CountTest" storage="d:\documents\github\library\testcrclibrary\bin\debug\testcrclibrary.dll" id="a7fe6c26-0623-e44e-31b8-ef7a5b9a4a08">
      <Execution id="091b73ba-af7d-40cb-8d2d-bf4b090f9ef4" />
      <TestMethod codeBase="D:/Documents/GitHub/Library/TestCRCLibrary/bin/Debug/TestCRCLibrary.DLL" adapterTypeName="Microsoft.VisualStudio.TestTools.TestTypes.Unit.UnitTestAdapter, Microsoft.VisualStudio.QualityTools.Tips.UnitTest.Adapter, Version=10.0.0.0, Culture=neutral, PublicKeyToken=b03f5f7f11d50a3a" className="TestCRCLibrary.DoubleKeyDictionaryTest, TestCRCLibrary, Version=1.0.0.0, Culture=neutral, PublicKeyToken=null" name="CountTest" />
    </UnitTest>
    <UnitTest name="RemoveEnclosingQuotesTest" storage="d:\documents\github\library\testcrclibrary\bin\debug\testcrclibrary.dll" id="3b8fbb47-9915-4a2f-192a-4424f45450ad">
      <Execution id="d8021604-255c-49a8-90e4-66c22831fd03" />
      <TestMethod codeBase="D:/Documents/GitHub/Library/TestCRCLibrary/bin/Debug/TestCRCLibrary.DLL" adapterTypeName="Microsoft.VisualStudio.TestTools.TestTypes.Unit.UnitTestAdapter, Microsoft.VisualStudio.QualityTools.Tips.UnitTest.Adapter, Version=10.0.0.0, Culture=neutral, PublicKeyToken=b03f5f7f11d50a3a" className="TestCRCLibrary.StringParserTest, TestCRCLibrary, Version=1.0.0.0, Culture=neutral, PublicKeyToken=null" name="RemoveEnclosingQuotesTest" />
    </UnitTest>
    <UnitTest name="DecryptWithKeyTest" storage="d:\documents\github\library\testcrclibrary\bin\debug\testcrclibrary.dll" id="f3e06c2d-8be0-f342-2813-fbc15cf3056f">
      <Execution id="bdcc35b3-1c4b-4ab5-b921-9a2daaa159fc" />
      <TestMethod codeBase="D:/Documents/GitHub/Library/TestCRCLibrary/bin/Debug/TestCRCLibrary.DLL" adapterTypeName="Microsoft.VisualStudio.TestTools.TestTypes.Unit.UnitTestAdapter, Microsoft.VisualStudio.QualityTools.Tips.UnitTest.Adapter, Version=10.0.0.0, Culture=neutral, PublicKeyToken=b03f5f7f11d50a3a" className="TestCRCLibrary.EncryptUtilTest, TestCRCLibrary, Version=1.0.0.0, Culture=neutral, PublicKeyToken=null" name="DecryptWithKeyTest" />
    </UnitTest>
    <UnitTest name="ClearBitTest" storage="d:\documents\github\library\testcrclibrary\bin\debug\testcrclibrary.dll" id="9f2cfb3f-f386-3a8d-bc72-85c11fd50031">
      <Execution id="52dc3538-6927-47fd-b07a-2053cbe96474" />
      <TestMethod codeBase="D:/Documents/GitHub/Library/TestCRCLibrary/bin/Debug/TestCRCLibrary.DLL" adapterTypeName="Microsoft.VisualStudio.TestTools.TestTypes.Unit.UnitTestAdapter, Microsoft.VisualStudio.QualityTools.Tips.UnitTest.Adapter, Version=10.0.0.0, Culture=neutral, PublicKeyToken=b03f5f7f11d50a3a" className="TestCRCLibrary.ByteExtensionTest, TestCRCLibrary, Version=1.0.0.0, Culture=neutral, PublicKeyToken=null" name="ClearBitTest" />
    </UnitTest>
    <UnitTest name="BTest" storage="d:\documents\github\library\testcrclibrary\bin\debug\testcrclibrary.dll" id="46ccb8f7-f863-e0f6-f369-0cf8b9e2fab9">
      <Execution id="9b456d02-d00d-43df-8ac7-aea6d3cdaafe" />
      <TestMethod codeBase="D:/Documents/GitHub/Library/TestCRCLibrary/bin/Debug/TestCRCLibrary.DLL" adapterTypeName="Microsoft.VisualStudio.TestTools.TestTypes.Unit.UnitTestAdapter, Microsoft.VisualStudio.QualityTools.Tips.UnitTest.Adapter, Version=10.0.0.0, Culture=neutral, PublicKeyToken=b03f5f7f11d50a3a" className="TestCRCLibrary.ConvertCodeTest, TestCRCLibrary, Version=1.0.0.0, Culture=neutral, PublicKeyToken=null" name="BTest" />
    </UnitTest>
    <UnitTest name="PositionTest" storage="d:\documents\github\library\testcrclibrary\bin\debug\testcrclibrary.dll" id="ca65daf1-8972-ff9e-d7f3-4844c445cf59">
      <Execution id="cbe0c694-a108-4f05-b2ba-f65759da2b24" />
      <TestMethod codeBase="D:/Documents/GitHub/Library/TestCRCLibrary/bin/Debug/TestCRCLibrary.DLL" adapterTypeName="Microsoft.VisualStudio.TestTools.TestTypes.Unit.UnitTestAdapter, Microsoft.VisualStudio.QualityTools.Tips.UnitTest.Adapter, Version=10.0.0.0, Culture=neutral, PublicKeyToken=b03f5f7f11d50a3a" className="TestCRCLibrary.StringParserTest, TestCRCLibrary, Version=1.0.0.0, Culture=neutral, PublicKeyToken=null" name="PositionTest" />
    </UnitTest>
    <UnitTest name="ContainsKeyTwoTest" storage="d:\documents\github\library\testcrclibrary\bin\debug\testcrclibrary.dll" id="e42fed48-875f-4a9e-0345-fba3f0f9e432">
      <Execution id="a2224af8-e873-42a5-8a46-90c43e669532" />
      <TestMethod codeBase="D:/Documents/GitHub/Library/TestCRCLibrary/bin/Debug/TestCRCLibrary.DLL" adapterTypeName="Microsoft.VisualStudio.TestTools.TestTypes.Unit.UnitTestAdapter, Microsoft.VisualStudio.QualityTools.Tips.UnitTest.Adapter, Version=10.0.0.0, Culture=neutral, PublicKeyToken=b03f5f7f11d50a3a" className="TestCRCLibrary.DoubleKeyDictionaryTest, TestCRCLibrary, Version=1.0.0.0, Culture=neutral, PublicKeyToken=null" name="ContainsKeyTwoTest" />
    </UnitTest>
    <UnitTest name="IsIPAddressTest" storage="d:\documents\github\library\testcrclibrary\bin\debug\testcrclibrary.dll" id="583c2501-b676-2920-2fe5-7febaa217f1c">
      <Execution id="f07eef18-ea33-49e9-8b40-07ee5614957d" />
      <TestMethod codeBase="D:/Documents/GitHub/Library/TestCRCLibrary/bin/Debug/TestCRCLibrary.DLL" adapterTypeName="Microsoft.VisualStudio.TestTools.TestTypes.Unit.UnitTestAdapter, Microsoft.VisualStudio.QualityTools.Tips.UnitTest.Adapter, Version=10.0.0.0, Culture=neutral, PublicKeyToken=b03f5f7f11d50a3a" className="TestCRCLibrary.StringRegexExtensionTest, TestCRCLibrary, Version=1.0.0.0, Culture=neutral, PublicKeyToken=null" name="IsIPAddressTest" />
    </UnitTest>
    <UnitTest name="MakeMD5Test" storage="d:\documents\github\library\testcrclibrary\bin\debug\testcrclibrary.dll" id="db1bf664-3a65-795e-d338-da2e1255937f">
      <Execution id="5b6c55d1-e997-45b5-8e00-99912be5d8f2" />
      <TestMethod codeBase="D:/Documents/GitHub/Library/TestCRCLibrary/bin/Debug/TestCRCLibrary.DLL" adapterTypeName="Microsoft.VisualStudio.TestTools.TestTypes.Unit.UnitTestAdapter, Microsoft.VisualStudio.QualityTools.Tips.UnitTest.Adapter, Version=10.0.0.0, Culture=neutral, PublicKeyToken=b03f5f7f11d50a3a" className="TestCRCLibrary.JhEncryptTest, TestCRCLibrary, Version=1.0.0.0, Culture=neutral, PublicKeyToken=null" name="MakeMD5Test" />
    </UnitTest>
    <UnitTest name="SetTwoValueTest" storage="d:\documents\github\library\testcrclibrary\bin\debug\testcrclibrary.dll" id="fba52ecd-62a0-929d-d202-df2156b8bb48">
      <Execution id="4d97ab38-131c-4902-b757-a859679da2c5" />
      <TestMethod codeBase="D:/Documents/GitHub/Library/TestCRCLibrary/bin/Debug/TestCRCLibrary.DLL" adapterTypeName="Microsoft.VisualStudio.TestTools.TestTypes.Unit.UnitTestAdapter, Microsoft.VisualStudio.QualityTools.Tips.UnitTest.Adapter, Version=10.0.0.0, Culture=neutral, PublicKeyToken=b03f5f7f11d50a3a" className="TestCRCLibrary.DoubleKeyDictionaryTest, TestCRCLibrary, Version=1.0.0.0, Culture=neutral, PublicKeyToken=null" name="SetTwoValueTest" />
    </UnitTest>
    <UnitTest name="ClearTest" storage="d:\documents\github\library\testcrclibrary\bin\debug\testcrclibrary.dll" id="5eb80387-92b2-640e-e81d-00d44d8d438c">
      <Execution id="6ae23818-c456-429e-9cab-3226ca7735d9" />
      <TestMethod codeBase="D:/Documents/GitHub/Library/TestCRCLibrary/bin/Debug/TestCRCLibrary.DLL" adapterTypeName="Microsoft.VisualStudio.TestTools.TestTypes.Unit.UnitTestAdapter, Microsoft.VisualStudio.QualityTools.Tips.UnitTest.Adapter, Version=10.0.0.0, Culture=neutral, PublicKeyToken=b03f5f7f11d50a3a" className="TestCRCLibrary.DoubleKeyDictionaryTest, TestCRCLibrary, Version=1.0.0.0, Culture=neutral, PublicKeyToken=null" name="ClearTest" />
    </UnitTest>
    <UnitTest name="ContentTest" storage="d:\documents\github\library\testcrclibrary\bin\debug\testcrclibrary.dll" id="9dfab699-a469-8d76-22a8-fdb875311200">
      <Execution id="2de32791-bbad-43f2-9271-60f0a2ea9043" />
      <TestMethod codeBase="D:/Documents/GitHub/Library/TestCRCLibrary/bin/Debug/TestCRCLibrary.DLL" adapterTypeName="Microsoft.VisualStudio.TestTools.TestTypes.Unit.UnitTestAdapter, Microsoft.VisualStudio.QualityTools.Tips.UnitTest.Adapter, Version=10.0.0.0, Culture=neutral, PublicKeyToken=b03f5f7f11d50a3a" className="TestCRCLibrary.StringParserTest, TestCRCLibrary, Version=1.0.0.0, Culture=neutral, PublicKeyToken=null" name="ContentTest" />
    </UnitTest>
    <UnitTest name="RemoveScriptsTest" storage="d:\documents\github\library\testcrclibrary\bin\debug\testcrclibrary.dll" id="e2928006-f61f-7f37-a3cc-e483675acf57">
      <Execution id="480378c0-a42a-4512-a922-b84cfdb5e21c" />
      <TestMethod codeBase="D:/Documents/GitHub/Library/TestCRCLibrary/bin/Debug/TestCRCLibrary.DLL" adapterTypeName="Microsoft.VisualStudio.TestTools.TestTypes.Unit.UnitTestAdapter, Microsoft.VisualStudio.QualityTools.Tips.UnitTest.Adapter, Version=10.0.0.0, Culture=neutral, PublicKeyToken=b03f5f7f11d50a3a" className="TestCRCLibrary.StringParserTest, TestCRCLibrary, Version=1.0.0.0, Culture=neutral, PublicKeyToken=null" name="RemoveScriptsTest" />
    </UnitTest>
    <UnitTest name="ExtractUntilNoCaseTest" storage="d:\documents\github\library\testcrclibrary\bin\debug\testcrclibrary.dll" id="0e283a9c-5a2a-e936-ab53-a87a891aabb9">
      <Execution id="bde2f469-d01b-4d82-9476-9c40afd68fb4" />
      <TestMethod codeBase="D:/Documents/GitHub/Library/TestCRCLibrary/bin/Debug/TestCRCLibrary.DLL" adapterTypeName="Microsoft.VisualStudio.TestTools.TestTypes.Unit.UnitTestAdapter, Microsoft.VisualStudio.QualityTools.Tips.UnitTest.Adapter, Version=10.0.0.0, Culture=neutral, PublicKeyToken=b03f5f7f11d50a3a" className="TestCRCLibrary.StringParserTest, TestCRCLibrary, Version=1.0.0.0, Culture=neutral, PublicKeyToken=null" name="ExtractUntilNoCaseTest" />
    </UnitTest>
    <UnitTest name="DeBase64Test" storage="d:\documents\github\library\testcrclibrary\bin\debug\testcrclibrary.dll" id="862e6268-ff9e-7617-5e4e-26de30325928">
      <Execution id="4990e67c-b9d3-4e09-b0cf-67e3ebcf473b" />
      <TestMethod codeBase="D:/Documents/GitHub/Library/TestCRCLibrary/bin/Debug/TestCRCLibrary.DLL" adapterTypeName="Microsoft.VisualStudio.TestTools.TestTypes.Unit.UnitTestAdapter, Microsoft.VisualStudio.QualityTools.Tips.UnitTest.Adapter, Version=10.0.0.0, Culture=neutral, PublicKeyToken=b03f5f7f11d50a3a" className="TestCRCLibrary.EncodeUtilTest, TestCRCLibrary, Version=1.0.0.0, Culture=neutral, PublicKeyToken=null" name="DeBase64Test" />
    </UnitTest>
    <UnitTest name="IsNumberTest" storage="d:\documents\github\library\testcrclibrary\bin\debug\testcrclibrary.dll" id="5a17964a-01fe-e5e1-fb05-e7fa6371984b">
      <Execution id="bae9d752-a2eb-437e-9084-fd726f01b049" />
      <TestMethod codeBase="D:/Documents/GitHub/Library/TestCRCLibrary/bin/Debug/TestCRCLibrary.DLL" adapterTypeName="Microsoft.VisualStudio.TestTools.TestTypes.Unit.UnitTestAdapter, Microsoft.VisualStudio.QualityTools.Tips.UnitTest.Adapter, Version=10.0.0.0, Culture=neutral, PublicKeyToken=b03f5f7f11d50a3a" className="TestCRCLibrary.StringRegexExtensionTest, TestCRCLibrary, Version=1.0.0.0, Culture=neutral, PublicKeyToken=null" name="IsNumberTest" />
    </UnitTest>
    <UnitTest name="MD5EncodeTest" storage="d:\documents\github\library\testcrclibrary\bin\debug\testcrclibrary.dll" id="839cb4fe-95bf-5533-59dc-4e85e0aecad5">
      <Execution id="25fe4d41-a836-4e22-a59c-673b8248b6cb" />
      <TestMethod codeBase="D:/Documents/GitHub/Library/TestCRCLibrary/bin/Debug/TestCRCLibrary.DLL" adapterTypeName="Microsoft.VisualStudio.TestTools.TestTypes.Unit.UnitTestAdapter, Microsoft.VisualStudio.QualityTools.Tips.UnitTest.Adapter, Version=10.0.0.0, Culture=neutral, PublicKeyToken=b03f5f7f11d50a3a" className="TestCRCLibrary.EncodeUtilTest, TestCRCLibrary, Version=1.0.0.0, Culture=neutral, PublicKeyToken=null" name="MD5EncodeTest" />
    </UnitTest>
    <UnitTest name="ReplaceEveryExactTest" storage="d:\documents\github\library\testcrclibrary\bin\debug\testcrclibrary.dll" id="39bbb5f9-ba80-69d6-0d53-6d5d85d02f33">
      <Execution id="0f01cece-9247-4235-bc9c-cf9e5738df86" />
      <TestMethod codeBase="D:/Documents/GitHub/Library/TestCRCLibrary/bin/Debug/TestCRCLibrary.DLL" adapterTypeName="Microsoft.VisualStudio.TestTools.TestTypes.Unit.UnitTestAdapter, Microsoft.VisualStudio.QualityTools.Tips.UnitTest.Adapter, Version=10.0.0.0, Culture=neutral, PublicKeyToken=b03f5f7f11d50a3a" className="TestCRCLibrary.StringParserTest, TestCRCLibrary, Version=1.0.0.0, Culture=neutral, PublicKeyToken=null" name="ReplaceEveryExactTest" />
    </UnitTest>
    <UnitTest name="InvokeIfNeededTest2" storage="d:\documents\github\library\testcrclibrary\bin\debug\testcrclibrary.dll" id="125c65d5-dc65-e511-f6f8-d90e7a54cbce">
      <Execution id="11a1f939-bf6a-4e94-81c3-064b79a8cf6b" />
      <TestMethod codeBase="D:/Documents/GitHub/Library/TestCRCLibrary/bin/Debug/TestCRCLibrary.DLL" adapterTypeName="Microsoft.VisualStudio.TestTools.TestTypes.Unit.UnitTestAdapter, Microsoft.VisualStudio.QualityTools.Tips.UnitTest.Adapter, Version=10.0.0.0, Culture=neutral, PublicKeyToken=b03f5f7f11d50a3a" className="TestCRCLibrary.InvokeExtensionTest, TestCRCLibrary, Version=1.0.0.0, Culture=neutral, PublicKeyToken=null" name="InvokeIfNeededTest2" />
    </UnitTest>
    <UnitTest name="GetIPAddressTest1" storage="d:\documents\github\library\testcrclibrary\bin\debug\testcrclibrary.dll" id="07d9b3fb-20d2-e699-a6cb-d25fb1e29c5b">
      <Execution id="5348dbb6-7518-4ed3-b7c7-bfe41a4f2bf1" />
      <TestMethod codeBase="D:/Documents/GitHub/Library/TestCRCLibrary/bin/Debug/TestCRCLibrary.DLL" adapterTypeName="Microsoft.VisualStudio.TestTools.TestTypes.Unit.UnitTestAdapter, Microsoft.VisualStudio.QualityTools.Tips.UnitTest.Adapter, Version=10.0.0.0, Culture=neutral, PublicKeyToken=b03f5f7f11d50a3a" className="TestCRCLibrary.IPUtilTest, TestCRCLibrary, Version=1.0.0.0, Culture=neutral, PublicKeyToken=null" name="GetIPAddressTest1" />
    </UnitTest>
    <UnitTest name="TestBinarySearchHightNotFound" storage="d:\documents\github\library\testcrclibrary\bin\debug\testcrclibrary.dll" id="c731f2cf-c4f1-21e7-a069-32909b776f12">
      <Execution id="2bda5418-ce4f-4468-998d-936f844a0ea7" />
      <TestMethod codeBase="D:/Documents/GitHub/Library/TestCRCLibrary/bin/Debug/TestCRCLibrary.DLL" adapterTypeName="Microsoft.VisualStudio.TestTools.TestTypes.Unit.UnitTestAdapter, Microsoft.VisualStudio.QualityTools.Tips.UnitTest.Adapter, Version=10.0.0.0, Culture=neutral, PublicKeyToken=b03f5f7f11d50a3a" className="TestCRCLibrary.SortedSplitListTest, TestCRCLibrary, Version=1.0.0.0, Culture=neutral, PublicKeyToken=null" name="TestBinarySearchHightNotFound" />
    </UnitTest>
    <UnitTest name="IsPhoneNumberTest" storage="d:\documents\github\library\testcrclibrary\bin\debug\testcrclibrary.dll" id="85c695a2-ca6e-7992-f241-b49d45f29974">
      <Execution id="e5c60aa1-bbc7-42c2-ab6d-a6248b2d4263" />
      <TestMethod codeBase="D:/Documents/GitHub/Library/TestCRCLibrary/bin/Debug/TestCRCLibrary.DLL" adapterTypeName="Microsoft.VisualStudio.TestTools.TestTypes.Unit.UnitTestAdapter, Microsoft.VisualStudio.QualityTools.Tips.UnitTest.Adapter, Version=10.0.0.0, Culture=neutral, PublicKeyToken=b03f5f7f11d50a3a" className="TestCRCLibrary.StringRegexExtensionTest, TestCRCLibrary, Version=1.0.0.0, Culture=neutral, PublicKeyToken=null" name="IsPhoneNumberTest" />
    </UnitTest>
    <UnitTest name="IsReadOnlyTest" storage="d:\documents\github\library\testcrclibrary\bin\debug\testcrclibrary.dll" id="f4360abe-b907-39a7-f9a0-9c7f29962bbf">
      <Execution id="9396af5c-0de5-459b-b3f8-f2788f59b9a5" />
      <TestMethod codeBase="D:/Documents/GitHub/Library/TestCRCLibrary/bin/Debug/TestCRCLibrary.DLL" adapterTypeName="Microsoft.VisualStudio.TestTools.TestTypes.Unit.UnitTestAdapter, Microsoft.VisualStudio.QualityTools.Tips.UnitTest.Adapter, Version=10.0.0.0, Culture=neutral, PublicKeyToken=b03f5f7f11d50a3a" className="TestCRCLibrary.DoubleKeyDictionaryTest, TestCRCLibrary, Version=1.0.0.0, Culture=neutral, PublicKeyToken=null" name="IsReadOnlyTest" />
    </UnitTest>
    <UnitTest name="BytesToStringTest" storage="d:\documents\github\library\testcrclibrary\bin\debug\testcrclibrary.dll" id="50815036-d271-14ab-29ec-1149e9c95e57">
      <Execution id="09cc2e48-9409-4698-96f6-6539d586388c" />
      <TestMethod codeBase="D:/Documents/GitHub/Library/TestCRCLibrary/bin/Debug/TestCRCLibrary.DLL" adapterTypeName="Microsoft.VisualStudio.TestTools.TestTypes.Unit.UnitTestAdapter, Microsoft.VisualStudio.QualityTools.Tips.UnitTest.Adapter, Version=10.0.0.0, Culture=neutral, PublicKeyToken=b03f5f7f11d50a3a" className="TestCRCLibrary.ConvertCodeTest, TestCRCLibrary, Version=1.0.0.0, Culture=neutral, PublicKeyToken=null" name="BytesToStringTest" />
    </UnitTest>
    <UnitTest name="InvokeIfNeededTest" storage="d:\documents\github\library\testcrclibrary\bin\debug\testcrclibrary.dll" id="4db46510-3fb8-dd54-7592-7a984db69c5a">
      <Execution id="402d6812-dbeb-4ee2-beca-029fdac80814" />
      <TestMethod codeBase="D:/Documents/GitHub/Library/TestCRCLibrary/bin/Debug/TestCRCLibrary.DLL" adapterTypeName="Microsoft.VisualStudio.TestTools.TestTypes.Unit.UnitTestAdapter, Microsoft.VisualStudio.QualityTools.Tips.UnitTest.Adapter, Version=10.0.0.0, Culture=neutral, PublicKeyToken=b03f5f7f11d50a3a" className="TestCRCLibrary.InvokeExtensionTest, TestCRCLibrary, Version=1.0.0.0, Culture=neutral, PublicKeyToken=null" name="InvokeIfNeededTest" />
    </UnitTest>
    <UnitTest name="TestBinarySearchFound" storage="d:\documents\github\library\testcrclibrary\bin\debug\testcrclibrary.dll" id="02553865-07ce-72d3-9b2c-c15d1b0c4181">
      <Execution id="b17848bd-e80d-4f78-b440-fad7404e7b21" />
      <TestMethod codeBase="D:/Documents/GitHub/Library/TestCRCLibrary/bin/Debug/TestCRCLibrary.DLL" adapterTypeName="Microsoft.VisualStudio.TestTools.TestTypes.Unit.UnitTestAdapter, Microsoft.VisualStudio.QualityTools.Tips.UnitTest.Adapter, Version=10.0.0.0, Culture=neutral, PublicKeyToken=b03f5f7f11d50a3a" className="TestCRCLibrary.SortedSplitListTest, TestCRCLibrary, Version=1.0.0.0, Culture=neutral, PublicKeyToken=null" name="TestBinarySearchFound" />
    </UnitTest>
    <UnitTest name="ToHexTest" storage="d:\documents\github\library\testcrclibrary\bin\debug\testcrclibrary.dll" id="8717655f-3094-45df-df9c-8f70b76c5c46">
      <Execution id="2139826f-d37d-4a0e-999a-4d54b898141a" />
      <TestMethod codeBase="D:/Documents/GitHub/Library/TestCRCLibrary/bin/Debug/TestCRCLibrary.DLL" adapterTypeName="Microsoft.VisualStudio.TestTools.TestTypes.Unit.UnitTestAdapter, Microsoft.VisualStudio.QualityTools.Tips.UnitTest.Adapter, Version=10.0.0.0, Culture=neutral, PublicKeyToken=b03f5f7f11d50a3a" className="TestCRCLibrary.ByteExtensionTest, TestCRCLibrary, Version=1.0.0.0, Culture=neutral, PublicKeyToken=null" name="ToHexTest" />
    </UnitTest>
    <UnitTest name="NextStringTest" storage="d:\documents\github\library\testcrclibrary\bin\debug\testcrclibrary.dll" id="9843b028-3918-5b54-4642-44a0e6878b9a">
      <Execution id="a49f58f7-42b7-46ac-b539-72817d528550" />
      <TestMethod codeBase="D:/Documents/GitHub/Library/TestCRCLibrary/bin/Debug/TestCRCLibrary.DLL" adapterTypeName="Microsoft.VisualStudio.TestTools.TestTypes.Unit.UnitTestAdapter, Microsoft.VisualStudio.QualityTools.Tips.UnitTest.Adapter, Version=10.0.0.0, Culture=neutral, PublicKeyToken=b03f5f7f11d50a3a" className="TestCRCLibrary.RandomExtensionTest, TestCRCLibrary, Version=1.0.0.0, Culture=neutral, PublicKeyToken=null" name="NextStringTest" />
    </UnitTest>
    <UnitTest name="HexToStringTest" storage="d:\documents\github\library\testcrclibrary\bin\debug\testcrclibrary.dll" id="8d3e4694-4b7a-ce78-7199-63dab38d5ce2">
      <Execution id="8e7ba6f5-1633-4de3-bc6d-17afbe4c1d88" />
      <TestMethod codeBase="D:/Documents/GitHub/Library/TestCRCLibrary/bin/Debug/TestCRCLibrary.DLL" adapterTypeName="Microsoft.VisualStudio.TestTools.TestTypes.Unit.UnitTestAdapter, Microsoft.VisualStudio.QualityTools.Tips.UnitTest.Adapter, Version=10.0.0.0, Culture=neutral, PublicKeyToken=b03f5f7f11d50a3a" className="TestCRCLibrary.ConvertCodeTest, TestCRCLibrary, Version=1.0.0.0, Culture=neutral, PublicKeyToken=null" name="HexToStringTest" />
    </UnitTest>
    <UnitTest name="StringToBtyesTest" storage="d:\documents\github\library\testcrclibrary\bin\debug\testcrclibrary.dll" id="8c8b919d-f65b-81bb-fc57-ac40ce9d7ba6">
      <Execution id="58f6d93d-24ad-432b-a630-95491cfab449" />
      <TestMethod codeBase="D:/Documents/GitHub/Library/TestCRCLibrary/bin/Debug/TestCRCLibrary.DLL" adapterTypeName="Microsoft.VisualStudio.TestTools.TestTypes.Unit.UnitTestAdapter, Microsoft.VisualStudio.QualityTools.Tips.UnitTest.Adapter, Version=10.0.0.0, Culture=neutral, PublicKeyToken=b03f5f7f11d50a3a" className="TestCRCLibrary.ConvertCodeTest, TestCRCLibrary, Version=1.0.0.0, Culture=neutral, PublicKeyToken=null" name="StringToBtyesTest" />
    </UnitTest>
    <UnitTest name="ByteToBinaryTest" storage="d:\documents\github\library\testcrclibrary\bin\debug\testcrclibrary.dll" id="121e2e18-7197-e132-400e-708115b79e72">
      <Execution id="16c7f667-00eb-4a3b-9e52-e4f724c9390f" />
      <TestMethod codeBase="D:/Documents/GitHub/Library/TestCRCLibrary/bin/Debug/TestCRCLibrary.DLL" adapterTypeName="Microsoft.VisualStudio.TestTools.TestTypes.Unit.UnitTestAdapter, Microsoft.VisualStudio.QualityTools.Tips.UnitTest.Adapter, Version=10.0.0.0, Culture=neutral, PublicKeyToken=b03f5f7f11d50a3a" className="TestCRCLibrary.ConvertCodeTest, TestCRCLibrary, Version=1.0.0.0, Culture=neutral, PublicKeyToken=null" name="ByteToBinaryTest" />
    </UnitTest>
    <UnitTest name="AddSeparateTest" storage="d:\documents\github\library\testcrclibrary\bin\debug\testcrclibrary.dll" id="49f1990b-49db-5adf-5df3-07da899614c8">
      <DeploymentItems>
        <DeploymentItem filename="CRCLibrary.dll" />
      </DeploymentItems>
      <Execution id="4d30a6fc-4b9f-48c8-98b5-bfbb5f113910" />
      <TestMethod codeBase="D:/Documents/GitHub/Library/TestCRCLibrary/bin/Debug/TestCRCLibrary.DLL" adapterTypeName="Microsoft.VisualStudio.TestTools.TestTypes.Unit.UnitTestAdapter, Microsoft.VisualStudio.QualityTools.Tips.UnitTest.Adapter, Version=10.0.0.0, Culture=neutral, PublicKeyToken=b03f5f7f11d50a3a" className="TestCRCLibrary.ConvertCodeTest, TestCRCLibrary, Version=1.0.0.0, Culture=neutral, PublicKeyToken=null" name="AddSeparateTest" />
    </UnitTest>
  </TestDefinitions>
  <TestLists>
    <TestList name="列表中未列出的结果" id="8c84fa94-04c1-424b-9868-57a2d4851a1d" />
    <TestList name="所有已加载的结果" id="19431567-8539-422a-85d7-44ee4e166bda" />
  </TestLists>
  <TestEntries>
    <TestEntry testId="02553865-07ce-72d3-9b2c-c15d1b0c4181" executionId="b17848bd-e80d-4f78-b440-fad7404e7b21" testListId="8c84fa94-04c1-424b-9868-57a2d4851a1d" />
    <TestEntry testId="02bd4a3d-ad0c-3461-3763-939df8167b38" executionId="1f129603-0c55-41a6-8474-fc7cebde3cf8" testListId="8c84fa94-04c1-424b-9868-57a2d4851a1d" />
    <TestEntry testId="07d9b3fb-20d2-e699-a6cb-d25fb1e29c5b" executionId="5348dbb6-7518-4ed3-b7c7-bfe41a4f2bf1" testListId="8c84fa94-04c1-424b-9868-57a2d4851a1d" />
    <TestEntry testId="0e283a9c-5a2a-e936-ab53-a87a891aabb9" executionId="bde2f469-d01b-4d82-9476-9c40afd68fb4" testListId="8c84fa94-04c1-424b-9868-57a2d4851a1d" />
    <TestEntry testId="11d2da99-ec69-83a7-ad7d-a4730a745c3e" executionId="d3affdc6-7ce5-4709-a43f-224fce222ac1" testListId="8c84fa94-04c1-424b-9868-57a2d4851a1d" />
    <TestEntry testId="121e2e18-7197-e132-400e-708115b79e72" executionId="16c7f667-00eb-4a3b-9e52-e4f724c9390f" testListId="8c84fa94-04c1-424b-9868-57a2d4851a1d" />
    <TestEntry testId="125c65d5-dc65-e511-f6f8-d90e7a54cbce" executionId="11a1f939-bf6a-4e94-81c3-064b79a8cf6b" testListId="8c84fa94-04c1-424b-9868-57a2d4851a1d" />
    <TestEntry testId="175c3708-dc6d-8a12-ecb0-7888e48314d2" executionId="9c72122f-39ac-4b27-b642-3471ddf7c328" testListId="8c84fa94-04c1-424b-9868-57a2d4851a1d" />
    <TestEntry testId="1813d271-e2b5-db38-4571-b7fc178b1cc0" executionId="9441be46-0795-4868-88ad-0ef48ba43d09" testListId="8c84fa94-04c1-424b-9868-57a2d4851a1d" />
    <TestEntry testId="18d47859-117e-bd16-7c67-1b49db9852c5" executionId="428bb123-b35d-43a0-8fb1-37ec16c0327b" testListId="8c84fa94-04c1-424b-9868-57a2d4851a1d" />
    <TestEntry testId="1ab71655-d750-bbe7-38f0-46df6f88b5ae" executionId="76bf69f3-a4a5-4d06-a479-e6bec8613580" testListId="8c84fa94-04c1-424b-9868-57a2d4851a1d" />
    <TestEntry testId="1b1ea453-509d-3f12-42e0-07a425263b03" executionId="86352f11-262a-4445-ae16-e6ad5a5372c1" testListId="8c84fa94-04c1-424b-9868-57a2d4851a1d" />
    <TestEntry testId="1bf91859-540c-b7cc-00cc-23d58f8ae5af" executionId="296f39cf-bc78-414e-aa0f-fafab2313808" testListId="8c84fa94-04c1-424b-9868-57a2d4851a1d" />
    <TestEntry testId="1dcdf0b5-25a3-ae3d-3d8c-fe83664f5da0" executionId="925fd230-89b0-4245-8151-10c74b225765" testListId="8c84fa94-04c1-424b-9868-57a2d4851a1d" />
    <TestEntry testId="1df5b73e-5da6-5978-0024-87ffc851ad48" executionId="017b0b4d-088c-4a85-b90a-6729549cee16" testListId="8c84fa94-04c1-424b-9868-57a2d4851a1d" />
    <TestEntry testId="1f33f71a-0513-36d0-08f6-39743667d914" executionId="d205b30f-3a55-424a-a473-332c63fe8ef8" testListId="8c84fa94-04c1-424b-9868-57a2d4851a1d" />
    <TestEntry testId="1f6f77c7-2d47-0710-4dcb-b0145b30ebaa" executionId="5878d116-6347-4d18-a759-2320f689e6da" testListId="8c84fa94-04c1-424b-9868-57a2d4851a1d" />
    <TestEntry testId="24dca1a5-af2f-1d7c-e220-7d26b7299ef6" executionId="91a6b55f-539d-4105-aeb9-c751639515f6" testListId="8c84fa94-04c1-424b-9868-57a2d4851a1d" />
    <TestEntry testId="2565bfc3-8dc5-03b1-f1bb-d70fc36fb776" executionId="c2ec5d6a-998c-4984-be26-797e0dd3372f" testListId="8c84fa94-04c1-424b-9868-57a2d4851a1d" />
    <TestEntry testId="2b4ef174-c462-097c-6a3e-1aa16ce8aa1f" executionId="ff514df5-8c47-44d5-a13d-ea516ecc4464" testListId="8c84fa94-04c1-424b-9868-57a2d4851a1d" />
    <TestEntry testId="2b830eeb-d46b-92c5-a8af-8bf5bf8899b3" executionId="08b9a95a-1e22-4d8e-965b-8ee3052a60ba" testListId="8c84fa94-04c1-424b-9868-57a2d4851a1d" />
    <TestEntry testId="2c4f8c6f-7382-072a-138c-88f64a2d9986" executionId="7c5b5993-54a2-42f6-a784-7a7989c3728f" testListId="8c84fa94-04c1-424b-9868-57a2d4851a1d" />
    <TestEntry testId="2fec98aa-4d83-1647-7423-e7f0cd3a4451" executionId="a1b24ead-d4e2-46ee-9a90-a8cc31b9c5c0" testListId="8c84fa94-04c1-424b-9868-57a2d4851a1d" />
    <TestEntry testId="327c79ba-a5c4-8647-6e58-09f9fecce10f" executionId="44c18a37-9702-40aa-9597-0edaef0fe8cb" testListId="8c84fa94-04c1-424b-9868-57a2d4851a1d" />
    <TestEntry testId="33486f68-c09a-a547-b356-093b5382f9f2" executionId="2ce920e4-d0be-4aae-bb26-343d27bc6b6f" testListId="8c84fa94-04c1-424b-9868-57a2d4851a1d" />
    <TestEntry testId="33a310f8-52e1-912a-ff33-502a73018d41" executionId="3c83c5fb-bf5c-4f2f-83cc-8e486799e7c4" testListId="8c84fa94-04c1-424b-9868-57a2d4851a1d" />
    <TestEntry testId="33ecc17f-8c6a-bd99-526f-af623d0e9aca" executionId="dedca69b-52c0-497c-9930-493b901373d4" testListId="8c84fa94-04c1-424b-9868-57a2d4851a1d" />
    <TestEntry testId="38f178a0-9c0d-04b6-a6e0-3b6095e18668" executionId="201b86cb-9378-46e4-9930-9f5e0af64333" testListId="8c84fa94-04c1-424b-9868-57a2d4851a1d" />
    <TestEntry testId="393ba492-8800-19bd-e638-130a15a9f641" executionId="f297f191-558e-4e25-9af5-973b36983a99" testListId="8c84fa94-04c1-424b-9868-57a2d4851a1d" />
    <TestEntry testId="39bbb5f9-ba80-69d6-0d53-6d5d85d02f33" executionId="0f01cece-9247-4235-bc9c-cf9e5738df86" testListId="8c84fa94-04c1-424b-9868-57a2d4851a1d" />
    <TestEntry testId="3a310c4f-f79c-b2c6-77f5-19ee42eb9a46" executionId="ef474eee-fb2d-43f9-a162-12ab11faa089" testListId="8c84fa94-04c1-424b-9868-57a2d4851a1d" />
    <TestEntry testId="3b0ee96d-c074-bb42-e2e2-6e5cc4548638" executionId="f5141583-59e7-4935-aaaf-f961f767779e" testListId="8c84fa94-04c1-424b-9868-57a2d4851a1d" />
    <TestEntry testId="3b8fbb47-9915-4a2f-192a-4424f45450ad" executionId="d8021604-255c-49a8-90e4-66c22831fd03" testListId="8c84fa94-04c1-424b-9868-57a2d4851a1d" />
    <TestEntry testId="3ef0420c-7152-5482-82c7-a935252d8eb1" executionId="f049cf75-3428-4c7d-a04c-eb967f9822d8" testListId="8c84fa94-04c1-424b-9868-57a2d4851a1d" />
    <TestEntry testId="420229dc-f827-00be-7908-75d0f1ca5dfe" executionId="8e396f6b-6d03-48eb-ae6c-89bdc8afedbd" testListId="8c84fa94-04c1-424b-9868-57a2d4851a1d" />
    <TestEntry testId="4535dfc6-2f85-f1a9-56ff-f81e28bb9924" executionId="39dcd27b-481b-486c-b98d-7e4c5f7b6038" testListId="8c84fa94-04c1-424b-9868-57a2d4851a1d" />
    <TestEntry testId="45b35ea2-14c5-7dd5-0a1e-1ba1e5fc6700" executionId="c954452f-024f-405e-bfdd-2df7543af480" testListId="8c84fa94-04c1-424b-9868-57a2d4851a1d" />
    <TestEntry testId="46077f12-4f58-7911-6b76-b1224910c3e2" executionId="2a2f3d4d-724e-4426-a0d2-76c29a19f275" testListId="8c84fa94-04c1-424b-9868-57a2d4851a1d" />
    <TestEntry testId="460e8c17-b29b-93fd-d06e-b486d1dc0a6c" executionId="179e120b-f70f-418e-8021-93d27a6aafdd" testListId="8c84fa94-04c1-424b-9868-57a2d4851a1d" />
    <TestEntry testId="46ccb8f7-f863-e0f6-f369-0cf8b9e2fab9" executionId="9b456d02-d00d-43df-8ac7-aea6d3cdaafe" testListId="8c84fa94-04c1-424b-9868-57a2d4851a1d" />
    <TestEntry testId="499db2ba-739d-f13f-7cc3-3bc7d0dfb330" executionId="201d7f54-1d19-48aa-aa36-d399ce45cdfb" testListId="8c84fa94-04c1-424b-9868-57a2d4851a1d" />
    <TestEntry testId="49f1990b-49db-5adf-5df3-07da899614c8" executionId="4d30a6fc-4b9f-48c8-98b5-bfbb5f113910" testListId="8c84fa94-04c1-424b-9868-57a2d4851a1d" />
    <TestEntry testId="4b4e61b3-635f-c9db-0d57-8ab0317c2763" executionId="681270aa-20bf-4e19-979c-4d337294ddf5" testListId="8c84fa94-04c1-424b-9868-57a2d4851a1d" />
    <TestEntry testId="4c022858-082d-55fa-0dd1-bd8b4150db50" executionId="abf0e949-54fc-41fc-bf99-17fc59d4a081" testListId="8c84fa94-04c1-424b-9868-57a2d4851a1d" />
    <TestEntry testId="4d89edcd-83a9-9190-c8bf-1dafe35d73dd" executionId="cf1ce3c3-7524-4404-8d78-8e1e32b362d8" testListId="8c84fa94-04c1-424b-9868-57a2d4851a1d" />
    <TestEntry testId="4db46510-3fb8-dd54-7592-7a984db69c5a" executionId="402d6812-dbeb-4ee2-beca-029fdac80814" testListId="8c84fa94-04c1-424b-9868-57a2d4851a1d" />
    <TestEntry testId="4e3e63f9-9021-3058-c1f5-02dcbf499abe" executionId="a136d21e-fd00-4806-8a0a-73dc3bb9b547" testListId="8c84fa94-04c1-424b-9868-57a2d4851a1d" />
    <TestEntry testId="4e487412-a84f-5407-14fb-b97267209e13" executionId="46f145af-bc22-4090-9819-8341545336e5" testListId="8c84fa94-04c1-424b-9868-57a2d4851a1d" />
    <TestEntry testId="50815036-d271-14ab-29ec-1149e9c95e57" executionId="09cc2e48-9409-4698-96f6-6539d586388c" testListId="8c84fa94-04c1-424b-9868-57a2d4851a1d" />
    <TestEntry testId="50994e70-9b7e-e7e4-d350-1886cc4d90f0" executionId="75584e13-e667-4a75-8a2d-455cf4febb34" testListId="8c84fa94-04c1-424b-9868-57a2d4851a1d" />
    <TestEntry testId="525cd58d-2c2f-12dc-5f43-cf1895933132" executionId="b3ea4b0b-d7a5-42c3-9b11-26342a6ebc90" testListId="8c84fa94-04c1-424b-9868-57a2d4851a1d" />
    <TestEntry testId="53b8deb8-659a-3ee4-6285-cbe99f511352" executionId="64a496b0-5d20-487d-b2ae-904fc8985f46" testListId="8c84fa94-04c1-424b-9868-57a2d4851a1d" />
    <TestEntry testId="553b421b-08c7-42fb-ee6d-f632c8d6262f" executionId="4496822e-a9fb-4c12-b8c4-3fe5aa37f151" testListId="8c84fa94-04c1-424b-9868-57a2d4851a1d" />
    <TestEntry testId="55d3d927-b52b-031a-5932-fbc2845b3f5c" executionId="ade6042a-8ca0-45d7-a3e7-9b0a3a49e9a9" testListId="8c84fa94-04c1-424b-9868-57a2d4851a1d" />
    <TestEntry testId="583c2501-b676-2920-2fe5-7febaa217f1c" executionId="f07eef18-ea33-49e9-8b40-07ee5614957d" testListId="8c84fa94-04c1-424b-9868-57a2d4851a1d" />
    <TestEntry testId="5a17964a-01fe-e5e1-fb05-e7fa6371984b" executionId="bae9d752-a2eb-437e-9084-fd726f01b049" testListId="8c84fa94-04c1-424b-9868-57a2d4851a1d" />
    <TestEntry testId="5eb80387-92b2-640e-e81d-00d44d8d438c" executionId="6ae23818-c456-429e-9cab-3226ca7735d9" testListId="8c84fa94-04c1-424b-9868-57a2d4851a1d" />
    <TestEntry testId="62a02849-4036-40f1-d8a6-e1a36ed10eb8" executionId="e341ab85-9d37-4b7f-950f-558a95cad441" testListId="8c84fa94-04c1-424b-9868-57a2d4851a1d" />
    <TestEntry testId="64208872-23ce-1122-abe8-653bc9c9f952" executionId="1fbac387-456d-47b8-ba84-519e6fb5746c" testListId="8c84fa94-04c1-424b-9868-57a2d4851a1d" />
    <TestEntry testId="6807d594-c329-1403-acdd-bfc84223ce4f" executionId="3ec3898e-a828-4fb0-8dff-ab5ef6e1d499" testListId="8c84fa94-04c1-424b-9868-57a2d4851a1d" />
    <TestEntry testId="68468ee5-c95d-f829-29bb-2f96d5c49b86" executionId="d9a6495d-c05f-487e-8c07-9f68ee268930" testListId="8c84fa94-04c1-424b-9868-57a2d4851a1d" />
    <TestEntry testId="68688540-1196-bc66-bb89-c1a4d8d80f37" executionId="c7715266-457b-4c37-a430-ef3f92e525b9" testListId="8c84fa94-04c1-424b-9868-57a2d4851a1d" />
    <TestEntry testId="6b4c6481-be40-82ba-22f3-640831fed344" executionId="0dd4833f-c3a4-45d2-811d-4267cf012f7c" testListId="8c84fa94-04c1-424b-9868-57a2d4851a1d" />
    <TestEntry testId="6c47274b-f203-1649-0358-f512b745feb6" executionId="f7d732c1-ed3a-40b6-94fb-36383f9f7c3e" testListId="8c84fa94-04c1-424b-9868-57a2d4851a1d" />
    <TestEntry testId="7068c1e4-d70b-99b8-19a8-bd53b7c4cd67" executionId="3dbc6d6c-49c6-463d-93d5-0a046562fa6a" testListId="8c84fa94-04c1-424b-9868-57a2d4851a1d" />
    <TestEntry testId="733b86f2-ce5b-3ee2-8e4b-3734104b7bbd" executionId="5b35606d-62b1-463b-9b31-1bad8e4f2310" testListId="8c84fa94-04c1-424b-9868-57a2d4851a1d" />
    <TestEntry testId="76ba8a35-1457-aa5c-7f9c-d7566b471d0a" executionId="dcc4cb1f-68ec-4064-9ee2-ff6fb8c34336" testListId="8c84fa94-04c1-424b-9868-57a2d4851a1d" />
    <TestEntry testId="76ebe7d2-5203-383d-1c2a-2c6215e718db" executionId="a4521fa8-4089-49fd-8a57-c9a3409fb392" testListId="8c84fa94-04c1-424b-9868-57a2d4851a1d" />
    <TestEntry testId="7ab2396e-ff36-0b54-ba85-7303c014eca5" executionId="0628a00b-38c4-495b-9fa9-1a0b2e9723e0" testListId="8c84fa94-04c1-424b-9868-57a2d4851a1d" />
    <TestEntry testId="7b169008-b208-c129-2b8f-95d0f8832d06" executionId="07788e4a-7b0c-44a8-a080-b006354d5be3" testListId="8c84fa94-04c1-424b-9868-57a2d4851a1d" />
    <TestEntry testId="7d644f7e-881f-f3fc-c733-9b3320c965d0" executionId="30a2f716-fdc3-460d-bbf5-6d2f5b820379" testListId="8c84fa94-04c1-424b-9868-57a2d4851a1d" />
    <TestEntry testId="8184ceb8-5723-d229-7ffe-8100f3f04dc9" executionId="9ee8cfa8-a713-4d72-9d5c-35f508f94f9b" testListId="8c84fa94-04c1-424b-9868-57a2d4851a1d" />
    <TestEntry testId="8256d590-9eaa-4d30-09d3-d7f5ac8de980" executionId="83b6140f-b984-49ee-9bfe-8a09805b7e4f" testListId="8c84fa94-04c1-424b-9868-57a2d4851a1d" />
    <TestEntry testId="839cb4fe-95bf-5533-59dc-4e85e0aecad5" executionId="25fe4d41-a836-4e22-a59c-673b8248b6cb" testListId="8c84fa94-04c1-424b-9868-57a2d4851a1d" />
    <TestEntry testId="83a128aa-6bcf-b586-c689-9a4d045e8369" executionId="02252cc7-4070-46eb-a055-eaab60c1cb5a" testListId="8c84fa94-04c1-424b-9868-57a2d4851a1d" />
    <TestEntry testId="858c5542-3bd5-806b-9ecf-21e4deac21e9" executionId="73ed6bc7-53a9-41bc-b0f5-39d48c965fa7" testListId="8c84fa94-04c1-424b-9868-57a2d4851a1d" />
    <TestEntry testId="85c695a2-ca6e-7992-f241-b49d45f29974" executionId="e5c60aa1-bbc7-42c2-ab6d-a6248b2d4263" testListId="8c84fa94-04c1-424b-9868-57a2d4851a1d" />
    <TestEntry testId="862e6268-ff9e-7617-5e4e-26de30325928" executionId="4990e67c-b9d3-4e09-b0cf-67e3ebcf473b" testListId="8c84fa94-04c1-424b-9868-57a2d4851a1d" />
    <TestEntry testId="8717655f-3094-45df-df9c-8f70b76c5c46" executionId="2139826f-d37d-4a0e-999a-4d54b898141a" testListId="8c84fa94-04c1-424b-9868-57a2d4851a1d" />
    <TestEntry testId="87aaae1d-42ec-0f30-0091-c3267d04fb65" executionId="06ddb26e-8cbf-40ac-8d1e-0764f1121155" testListId="8c84fa94-04c1-424b-9868-57a2d4851a1d" />
    <TestEntry testId="8883f062-7664-179d-c351-12273fc06189" executionId="b1efb51f-2991-42e3-bfc0-efada006d252" testListId="8c84fa94-04c1-424b-9868-57a2d4851a1d" />
    <TestEntry testId="88e04da1-8af3-2f5f-d5ad-d6984fc32a4e" executionId="777590f2-dab6-453c-8bce-413b24726f23" testListId="8c84fa94-04c1-424b-9868-57a2d4851a1d" />
    <TestEntry testId="8a2de041-4637-bfd7-f42d-76b6f317f50b" executionId="f54cc671-5d09-4e2b-aabf-a592888f49c2" testListId="8c84fa94-04c1-424b-9868-57a2d4851a1d" />
    <TestEntry testId="8bbf893e-2050-b878-bd67-9ede689d769b" executionId="f657b68c-0e94-4f83-a8ce-70df3debc047" testListId="8c84fa94-04c1-424b-9868-57a2d4851a1d" />
    <TestEntry testId="8c8b919d-f65b-81bb-fc57-ac40ce9d7ba6" executionId="58f6d93d-24ad-432b-a630-95491cfab449" testListId="8c84fa94-04c1-424b-9868-57a2d4851a1d" />
    <TestEntry testId="8d3e4694-4b7a-ce78-7199-63dab38d5ce2" executionId="8e7ba6f5-1633-4de3-bc6d-17afbe4c1d88" testListId="8c84fa94-04c1-424b-9868-57a2d4851a1d" />
    <TestEntry testId="8fb38075-72be-ad39-9c40-5ecdfe93d26d" executionId="de9311d1-31ab-4b07-80c0-8064703e38ac" testListId="8c84fa94-04c1-424b-9868-57a2d4851a1d" />
    <TestEntry testId="91e03d4a-dcf5-2ebb-028c-a5f44700fe4c" executionId="7c9ebaf8-0409-4276-8ff3-6f63a820f96c" testListId="8c84fa94-04c1-424b-9868-57a2d4851a1d" />
    <TestEntry testId="94d59f36-7c46-c7ba-1327-efd1db21f8b1" executionId="f64732f7-cb79-4762-9f66-ebb8e25af6fe" testListId="8c84fa94-04c1-424b-9868-57a2d4851a1d" />
    <TestEntry testId="9843b028-3918-5b54-4642-44a0e6878b9a" executionId="a49f58f7-42b7-46ac-b539-72817d528550" testListId="8c84fa94-04c1-424b-9868-57a2d4851a1d" />
    <TestEntry testId="9dfab699-a469-8d76-22a8-fdb875311200" executionId="2de32791-bbad-43f2-9271-60f0a2ea9043" testListId="8c84fa94-04c1-424b-9868-57a2d4851a1d" />
    <TestEntry testId="9e3266c6-f6a7-e7ba-1802-395fd46e531f" executionId="ea56f10c-d75f-461d-b255-f43c8bb6c4f6" testListId="8c84fa94-04c1-424b-9868-57a2d4851a1d" />
    <TestEntry testId="9e99c779-9cb0-2179-29a9-b3bb12b72086" executionId="ae345117-a4d7-44fb-9b80-004667c04b9d" testListId="8c84fa94-04c1-424b-9868-57a2d4851a1d" />
    <TestEntry testId="9f0c02c1-741c-d76d-91c9-6c941adee950" executionId="152f1b84-7f3e-48db-8acb-63501c028dbf" testListId="8c84fa94-04c1-424b-9868-57a2d4851a1d" />
    <TestEntry testId="9f2cfb3f-f386-3a8d-bc72-85c11fd50031" executionId="52dc3538-6927-47fd-b07a-2053cbe96474" testListId="8c84fa94-04c1-424b-9868-57a2d4851a1d" />
    <TestEntry testId="a0847327-ece3-c396-0d61-697a68e1b054" executionId="87976942-d59d-4845-9321-2a896c6b0f26" testListId="8c84fa94-04c1-424b-9868-57a2d4851a1d" />
    <TestEntry testId="a4f94e8d-b595-db7b-f073-cf9cd4a687e4" executionId="5a73c767-418d-4962-942e-481b53c253ba" testListId="8c84fa94-04c1-424b-9868-57a2d4851a1d" />
    <TestEntry testId="a519640b-d3b5-8c5d-fe90-bed4ca1c7514" executionId="72aad385-cf44-47c2-b6ba-0f65b48bc0db" testListId="8c84fa94-04c1-424b-9868-57a2d4851a1d" />
    <TestEntry testId="a63c6f91-a982-ddd4-4cb2-302a43c87c3d" executionId="e6354f45-4bd8-4820-8b42-891634ab2cd4" testListId="8c84fa94-04c1-424b-9868-57a2d4851a1d" />
    <TestEntry testId="a739a369-362d-473d-a559-bcd593eb04a5" executionId="6441aaf1-39d5-4c07-b711-5ca4f2114520" testListId="8c84fa94-04c1-424b-9868-57a2d4851a1d" />
    <TestEntry testId="a7fe6c26-0623-e44e-31b8-ef7a5b9a4a08" executionId="091b73ba-af7d-40cb-8d2d-bf4b090f9ef4" testListId="8c84fa94-04c1-424b-9868-57a2d4851a1d" />
    <TestEntry testId="ac588fc4-f887-1904-86df-28b966cc127a" executionId="5935ab03-f598-4b22-9e4e-d1dbd41a8017" testListId="8c84fa94-04c1-424b-9868-57a2d4851a1d" />
    <TestEntry testId="ae30eb5e-99c2-3639-8e76-5328de3ee749" executionId="04dee42f-ea6d-4604-9aae-6057690060da" testListId="8c84fa94-04c1-424b-9868-57a2d4851a1d" />
    <TestEntry testId="aff7361b-78ec-03f9-b2c7-9758e8b3539d" executionId="c1379ecf-3cae-481a-a5dc-2b3d5b7f3989" testListId="8c84fa94-04c1-424b-9868-57a2d4851a1d" />
    <TestEntry testId="b0140be8-20d4-63df-0dff-f47dbbb28f77" executionId="a9865908-2308-4a1a-a637-9e20afee4c85" testListId="8c84fa94-04c1-424b-9868-57a2d4851a1d" />
    <TestEntry testId="b056cf59-8fa4-2601-3e07-22bbd4cdef7a" executionId="5a979daf-d684-472b-85fa-dc845b2b6733" testListId="8c84fa94-04c1-424b-9868-57a2d4851a1d" />
    <TestEntry testId="b2304fb9-e24c-d563-ee21-4345f8884f3b" executionId="326caea1-d33a-44bc-b1ed-e8784e839cb0" testListId="8c84fa94-04c1-424b-9868-57a2d4851a1d" />
    <TestEntry testId="b3d38d81-5db3-af13-19d8-3b66c9091b47" executionId="e961d26d-891b-4803-bb12-b137be762cf3" testListId="8c84fa94-04c1-424b-9868-57a2d4851a1d" />
    <TestEntry testId="b42fda1c-6e73-03dc-6f44-1ee3a6833642" executionId="3585cac2-ea6f-4d35-b95b-bbd1ecbce7ce" testListId="8c84fa94-04c1-424b-9868-57a2d4851a1d" />
    <TestEntry testId="b5f0cc1e-7061-c0a9-24d5-e05a49895e88" executionId="dd2b0f0e-e76d-4aca-8ad0-d0c95a1579ce" testListId="8c84fa94-04c1-424b-9868-57a2d4851a1d" />
    <TestEntry testId="b6741f64-98ee-ab33-030d-985cc225d3a3" executionId="464cb7b3-7e52-4178-a9bf-dd75d11c567a" testListId="8c84fa94-04c1-424b-9868-57a2d4851a1d" />
    <TestEntry testId="b75e7473-103d-5751-3def-99b3a17a5073" executionId="263fb8b8-9acc-49c1-bb65-5dee76ae3e6c" testListId="8c84fa94-04c1-424b-9868-57a2d4851a1d" />
    <TestEntry testId="bb77ca25-362d-37c4-fe02-373eb23efc4a" executionId="549dab59-b5c2-4f8f-bdb0-778d7714df0e" testListId="8c84fa94-04c1-424b-9868-57a2d4851a1d" />
    <TestEntry testId="bbf80d7f-60f4-5c7d-a5ff-81eb90f5b0fa" executionId="f8ea78bc-7f06-4c4d-8082-02e9f76416cf" testListId="8c84fa94-04c1-424b-9868-57a2d4851a1d" />
    <TestEntry testId="bc0f01b1-f1ba-51ef-7e65-566bd897ecf4" executionId="b70957d7-5cbd-46b2-ae99-ecf151661b8f" testListId="8c84fa94-04c1-424b-9868-57a2d4851a1d" />
    <TestEntry testId="be59e77b-8391-52ef-65f7-7dbcdca4b10d" executionId="c1d962c6-6f57-4987-8c21-b5c7cddb07c5" testListId="8c84fa94-04c1-424b-9868-57a2d4851a1d" />
    <TestEntry testId="c0f12b05-9fcc-a16b-8cc9-7357b1f8ed6a" executionId="a8551eb4-28aa-4237-997a-e028caf6ae5c" testListId="8c84fa94-04c1-424b-9868-57a2d4851a1d" />
    <TestEntry testId="c303c48a-128e-44e2-ca78-26b79cb054e2" executionId="0d8fb7f4-f9d2-429b-acb8-fdc2b236cbfe" testListId="8c84fa94-04c1-424b-9868-57a2d4851a1d" />
    <TestEntry testId="c6e5ebb2-9be5-8a2b-b22e-2aa0aa232ad9" executionId="a8486f1d-7fdd-4792-aa6c-02cc3a7e5803" testListId="8c84fa94-04c1-424b-9868-57a2d4851a1d" />
    <TestEntry testId="c731f2cf-c4f1-21e7-a069-32909b776f12" executionId="2bda5418-ce4f-4468-998d-936f844a0ea7" testListId="8c84fa94-04c1-424b-9868-57a2d4851a1d" />
    <TestEntry testId="c7a3a5e1-ab79-fabd-92b1-1602d749596f" executionId="f399f0e7-cfdb-40f6-9f6e-e4591dc3ef83" testListId="8c84fa94-04c1-424b-9868-57a2d4851a1d" />
    <TestEntry testId="c97e6a0d-3e80-4df5-30ec-d3bc8838ec4f" executionId="27642117-bdb6-4070-8bbe-71a46a5be3f6" testListId="8c84fa94-04c1-424b-9868-57a2d4851a1d" />
    <TestEntry testId="c98abb5f-e545-1e8f-cc10-c61fc20bf6f3" executionId="b55c5dec-151f-4485-8efd-0c427dffa110" testListId="8c84fa94-04c1-424b-9868-57a2d4851a1d" />
    <TestEntry testId="ca65daf1-8972-ff9e-d7f3-4844c445cf59" executionId="cbe0c694-a108-4f05-b2ba-f65759da2b24" testListId="8c84fa94-04c1-424b-9868-57a2d4851a1d" />
    <TestEntry testId="ccf2adf8-8f7c-d69a-2689-285c1fe760c9" executionId="45da21b4-111e-4d5c-8e5d-5e237937fdc1" testListId="8c84fa94-04c1-424b-9868-57a2d4851a1d" />
    <TestEntry testId="d0aaa9b0-68ea-9a3a-f2ab-fd75a2b80397" executionId="5e2f8317-74d5-4160-b097-4a873868f5a7" testListId="8c84fa94-04c1-424b-9868-57a2d4851a1d" />
    <TestEntry testId="d7b4dd2e-6b1b-03aa-2bb8-5c92f57c2a4b" executionId="99ebe82f-a2b2-423f-b0ac-64a89615e629" testListId="8c84fa94-04c1-424b-9868-57a2d4851a1d" />
    <TestEntry testId="d9083d83-ee1b-d730-ac08-396e904a3ac8" executionId="0160327d-6e47-4387-99ee-823e7530e8fc" testListId="8c84fa94-04c1-424b-9868-57a2d4851a1d" />
    <TestEntry testId="dac69ede-b084-cf39-70be-7386e1c6de8b" executionId="bc68c386-9df3-4e1c-b9c8-dd1bbbada459" testListId="8c84fa94-04c1-424b-9868-57a2d4851a1d" />
    <TestEntry testId="db1bf664-3a65-795e-d338-da2e1255937f" executionId="5b6c55d1-e997-45b5-8e00-99912be5d8f2" testListId="8c84fa94-04c1-424b-9868-57a2d4851a1d" />
    <TestEntry testId="ded0b5ef-d35f-ab8b-9fd3-c5fce5a0eca8" executionId="6a571a79-b6dd-4bec-af64-284a6a0724c4" testListId="8c84fa94-04c1-424b-9868-57a2d4851a1d" />
    <TestEntry testId="e0a66f2a-5d66-e71d-92d0-aa09bfde9293" executionId="880a1476-53ba-411b-8c27-39cef6f4eadd" testListId="8c84fa94-04c1-424b-9868-57a2d4851a1d" />
    <TestEntry testId="e2928006-f61f-7f37-a3cc-e483675acf57" executionId="480378c0-a42a-4512-a922-b84cfdb5e21c" testListId="8c84fa94-04c1-424b-9868-57a2d4851a1d" />
    <TestEntry testId="e42fed48-875f-4a9e-0345-fba3f0f9e432" executionId="a2224af8-e873-42a5-8a46-90c43e669532" testListId="8c84fa94-04c1-424b-9868-57a2d4851a1d" />
    <TestEntry testId="e5d5ef2e-80f0-df9a-9ddf-32f550e0c198" executionId="1252e159-8f81-44f9-9acc-1a5423a39d73" testListId="8c84fa94-04c1-424b-9868-57a2d4851a1d" />
    <TestEntry testId="f36b0313-4e14-44ea-fd52-fb036dfc9092" executionId="fd87ce0c-52fb-4892-a072-c29d8cbb0fb8" testListId="8c84fa94-04c1-424b-9868-57a2d4851a1d" />
    <TestEntry testId="f3e06c2d-8be0-f342-2813-fbc15cf3056f" executionId="bdcc35b3-1c4b-4ab5-b921-9a2daaa159fc" testListId="8c84fa94-04c1-424b-9868-57a2d4851a1d" />
    <TestEntry testId="f4360abe-b907-39a7-f9a0-9c7f29962bbf" executionId="9396af5c-0de5-459b-b3f8-f2788f59b9a5" testListId="8c84fa94-04c1-424b-9868-57a2d4851a1d" />
    <TestEntry testId="f71a1a2a-41bb-6050-f8b6-052de32f7e3a" executionId="205f51e6-dfd4-4aa0-8d2b-1570ecc8bcb5" testListId="8c84fa94-04c1-424b-9868-57a2d4851a1d" />
    <TestEntry testId="fa603cad-3867-c151-4ee6-cfdc71cb0286" executionId="3a88acd9-c594-4a07-a4ec-8d68667dffed" testListId="8c84fa94-04c1-424b-9868-57a2d4851a1d" />
    <TestEntry testId="fba52ecd-62a0-929d-d202-df2156b8bb48" executionId="4d97ab38-131c-4902-b757-a859679da2c5" testListId="8c84fa94-04c1-424b-9868-57a2d4851a1d" />
    <TestEntry testId="fc2a6da0-65b6-eca3-2187-e2d86fe1c25f" executionId="24e6e995-718d-41a6-b10b-f2b91bd8da8a" testListId="8c84fa94-04c1-424b-9868-57a2d4851a1d" />
    <TestEntry testId="fc5d65be-c4b7-c7ac-9c58-54d23110da25" executionId="7ce4fb63-8eb0-4450-abeb-197aba78056e" testListId="8c84fa94-04c1-424b-9868-57a2d4851a1d" />
    <TestEntry testId="fe4308fc-0200-47ff-0cea-9b399d493489" executionId="a7d4692e-7d6e-4f5e-9d82-09873d280d3a" testListId="8c84fa94-04c1-424b-9868-57a2d4851a1d" />
    <TestEntry testId="ff1f104e-2e4c-1d45-d3d0-490eeef60b4c" executionId="2dc0e022-4016-4799-b7ad-d7401551309f" testListId="8c84fa94-04c1-424b-9868-57a2d4851a1d" />
    <TestEntry testId="ff595f81-fb6a-86d3-e6ea-cb3345c666a2" executionId="96d29d00-bcce-47cc-b6d0-0057abb043aa" testListId="8c84fa94-04c1-424b-9868-57a2d4851a1d" />
  </TestEntries>
  <Results>
    <UnitTestResult executionId="b17848bd-e80d-4f78-b440-fad7404e7b21" testId="02553865-07ce-72d3-9b2c-c15d1b0c4181" testName="TestBinarySearchFound" computerName="NU1NB2RSNIYL0VA" duration="00:00:00.0149054" startTime="2013-12-14T16:27:26.6239612+08:00" endTime="2013-12-14T16:27:26.7539686+08:00" testType="13cdc9d9-ddb5-4fa4-a97d-d965ccfc6d4b" outcome="PassedButRunAborted" testListId="8c84fa94-04c1-424b-9868-57a2d4851a1d" relativeResultsDirectory="b17848bd-e80d-4f78-b440-fad7404e7b21">
    </UnitTestResult>
    <UnitTestResult executionId="1f129603-0c55-41a6-8474-fc7cebde3cf8" testId="02bd4a3d-ad0c-3461-3763-939df8167b38" testName="IsUnicodeTest" computerName="NU1NB2RSNIYL0VA" duration="00:00:00.0078492" startTime="2013-12-14T16:27:26.7549687+08:00" endTime="2013-12-14T16:27:26.7649693+08:00" testType="13cdc9d9-ddb5-4fa4-a97d-d965ccfc6d4b" outcome="Inconclusive" testListId="8c84fa94-04c1-424b-9868-57a2d4851a1d" relativeResultsDirectory="1f129603-0c55-41a6-8474-fc7cebde3cf8">
      <Output>
        <ErrorInfo>
          <Message>Assert.Inconclusive 失败。验证此测试方法的正确性。</Message>
          <StackTrace>   在 TestCRCLibrary.StringRegexExtensionTest.IsUnicodeTest() 位置 D:\Documents\GitHub\Library\TestCRCLibrary\Extension\StringRegexExtensionTest.cs:行号 205
</StackTrace>
        </ErrorInfo>
      </Output>
    </UnitTestResult>
    <UnitTestResult executionId="5348dbb6-7518-4ed3-b7c7-bfe41a4f2bf1" testId="07d9b3fb-20d2-e699-a6cb-d25fb1e29c5b" testName="GetIPAddressTest1" computerName="NU1NB2RSNIYL0VA" duration="00:00:00.0010400" startTime="2013-12-14T16:27:26.7649693+08:00" endTime="2013-12-14T16:27:26.7679694+08:00" testType="13cdc9d9-ddb5-4fa4-a97d-d965ccfc6d4b" outcome="PassedButRunAborted" testListId="8c84fa94-04c1-424b-9868-57a2d4851a1d" relativeResultsDirectory="5348dbb6-7518-4ed3-b7c7-bfe41a4f2bf1">
    </UnitTestResult>
    <UnitTestResult executionId="bde2f469-d01b-4d82-9476-9c40afd68fb4" testId="0e283a9c-5a2a-e936-ab53-a87a891aabb9" testName="ExtractUntilNoCaseTest" computerName="NU1NB2RSNIYL0VA" duration="00:00:00.0008636" startTime="2013-12-14T16:27:26.7679694+08:00" endTime="2013-12-14T16:27:26.7709696+08:00" testType="13cdc9d9-ddb5-4fa4-a97d-d965ccfc6d4b" outcome="PassedButRunAborted" testListId="8c84fa94-04c1-424b-9868-57a2d4851a1d" relativeResultsDirectory="bde2f469-d01b-4d82-9476-9c40afd68fb4">
    </UnitTestResult>
    <UnitTestResult executionId="d3affdc6-7ce5-4709-a43f-224fce222ac1" testId="11d2da99-ec69-83a7-ad7d-a4730a745c3e" testName="TripleDESDecryptTest" computerName="NU1NB2RSNIYL0VA" duration="00:00:00.0549957" startTime="2013-12-14T16:27:26.7709696+08:00" endTime="2013-12-14T16:27:26.8279729+08:00" testType="13cdc9d9-ddb5-4fa4-a97d-d965ccfc6d4b" outcome="Failed" testListId="8c84fa94-04c1-424b-9868-57a2d4851a1d" relativeResultsDirectory="d3affdc6-7ce5-4709-a43f-224fce222ac1">
      <Output>
        <ErrorInfo>
          <Message>测试方法 TestCRCLibrary.EncryptUtilTest.TripleDESDecryptTest 引发了异常: 
System.Security.Cryptography.CryptographicException: 不正确的数据。
</Message>
          <StackTrace>    在 CRC.Util.EncryptUtil.TripleDESDecrypt(String str, String pass) 位置 D:\Documents\GitHub\Library\Extension\Util\EncryptUtil.cs:行号 116
   在 TestCRCLibrary.EncryptUtilTest.TripleDESDecryptTest() 位置 D:\Documents\GitHub\Library\TestCRCLibrary\EncryptUtilTest.cs:行号 117
</StackTrace>
        </ErrorInfo>
      </Output>
    </UnitTestResult>
    <UnitTestResult executionId="16c7f667-00eb-4a3b-9e52-e4f724c9390f" testId="121e2e18-7197-e132-400e-708115b79e72" testName="ByteToBinaryTest" computerName="NU1NB2RSNIYL0VA" duration="00:00:00.0005086" startTime="2013-12-14T16:27:26.8289729+08:00" endTime="2013-12-14T16:27:26.8349733+08:00" testType="13cdc9d9-ddb5-4fa4-a97d-d965ccfc6d4b" outcome="PassedButRunAborted" testListId="8c84fa94-04c1-424b-9868-57a2d4851a1d" relativeResultsDirectory="16c7f667-00eb-4a3b-9e52-e4f724c9390f">
    </UnitTestResult>
    <UnitTestResult executionId="11a1f939-bf6a-4e94-81c3-064b79a8cf6b" testId="125c65d5-dc65-e511-f6f8-d90e7a54cbce" testName="InvokeIfNeededTest2" computerName="NU1NB2RSNIYL0VA" duration="00:00:00.0044118" startTime="2013-12-14T16:27:26.8349733+08:00" endTime="2013-12-14T16:27:26.8409736+08:00" testType="13cdc9d9-ddb5-4fa4-a97d-d965ccfc6d4b" outcome="PassedButRunAborted" testListId="8c84fa94-04c1-424b-9868-57a2d4851a1d" relativeResultsDirectory="11a1f939-bf6a-4e94-81c3-064b79a8cf6b">
    </UnitTestResult>
    <UnitTestResult executionId="9c72122f-39ac-4b27-b642-3471ddf7c328" testId="175c3708-dc6d-8a12-ecb0-7888e48314d2" testName="NextNumberTest" computerName="NU1NB2RSNIYL0VA" duration="00:00:00.0019297" startTime="2013-12-14T16:27:26.8419737+08:00" endTime="2013-12-14T16:27:26.8449738+08:00" testType="13cdc9d9-ddb5-4fa4-a97d-d965ccfc6d4b" outcome="Failed" testListId="8c84fa94-04c1-424b-9868-57a2d4851a1d" relativeResultsDirectory="9c72122f-39ac-4b27-b642-3471ddf7c328">
      <Output>
        <ErrorInfo>
          <Message>测试方法 TestCRCLibrary.RandomExtensionTest.NextNumberTest 引发了异常: 
System.ArgumentNullException: 值不能为 null。
参数名: random</Message>
          <StackTrace>    在 CRC.Extension.RandomExtension.NextNumber(Random random, Int32 length) 位置 D:\Documents\GitHub\Library\Extension\Extension\RandomExtension.cs:行号 80
   在 TestCRCLibrary.RandomExtensionTest.NextNumberTest() 位置 D:\Documents\GitHub\Library\TestCRCLibrary\Extension\RandomExtensionTest.cs:行号 167
</StackTrace>
        </ErrorInfo>
      </Output>
    </UnitTestResult>
    <UnitTestResult executionId="9441be46-0795-4868-88ad-0ef48ba43d09" testId="1813d271-e2b5-db38-4571-b7fc178b1cc0" testName="ExtractToNoCaseTest" computerName="NU1NB2RSNIYL0VA" duration="00:00:00.0003665" startTime="2013-12-14T16:27:26.8459739+08:00" endTime="2013-12-14T16:27:26.8469739+08:00" testType="13cdc9d9-ddb5-4fa4-a97d-d965ccfc6d4b" outcome="PassedButRunAborted" testListId="8c84fa94-04c1-424b-9868-57a2d4851a1d" relativeResultsDirectory="9441be46-0795-4868-88ad-0ef48ba43d09">
    </UnitTestResult>
    <UnitTestResult executionId="428bb123-b35d-43a0-8fb1-37ec16c0327b" testId="18d47859-117e-bd16-7c67-1b49db9852c5" testName="ReplaceEveryTest" computerName="NU1NB2RSNIYL0VA" duration="00:18:17.4567709" startTime="2013-12-14T16:27:26.8479740+08:00" endTime="2013-12-14T16:45:44.3047449+08:00" testType="13cdc9d9-ddb5-4fa4-a97d-d965ccfc6d4b" outcome="Aborted" testListId="8c84fa94-04c1-424b-9868-57a2d4851a1d" relativeResultsDirectory="428bb123-b35d-43a0-8fb1-37ec16c0327b">
      <Output>
        <ErrorInfo>
          <Message>用户中止了测试运行。</Message>
        </ErrorInfo>
      </Output>
    </UnitTestResult>
    <UnitTestResult executionId="76bf69f3-a4a5-4d06-a479-e6bec8613580" testId="1ab71655-d750-bbe7-38f0-46df6f88b5ae" testName="EncodeUnicodeTest" computerName="NU1NB2RSNIYL0VA" testType="13cdc9d9-ddb5-4fa4-a97d-d965ccfc6d4b" outcome="NotExecuted" testListId="8c84fa94-04c1-424b-9868-57a2d4851a1d" relativeResultsDirectory="76bf69f3-a4a5-4d06-a479-e6bec8613580">
    </UnitTestResult>
    <UnitTestResult executionId="86352f11-262a-4445-ae16-e6ad5a5372c1" testId="1b1ea453-509d-3f12-42e0-07a425263b03" testName="DecodeUnicodeTest" computerName="NU1NB2RSNIYL0VA" testType="13cdc9d9-ddb5-4fa4-a97d-d965ccfc6d4b" outcome="NotExecuted" testListId="8c84fa94-04c1-424b-9868-57a2d4851a1d" relativeResultsDirectory="86352f11-262a-4445-ae16-e6ad5a5372c1">
    </UnitTestResult>
    <UnitTestResult executionId="296f39cf-bc78-414e-aa0f-fafab2313808" testId="1bf91859-540c-b7cc-00cc-23d58f8ae5af" testName="ValuesTest" computerName="NU1NB2RSNIYL0VA" testType="13cdc9d9-ddb5-4fa4-a97d-d965ccfc6d4b" outcome="NotExecuted" testListId="8c84fa94-04c1-424b-9868-57a2d4851a1d" relativeResultsDirectory="296f39cf-bc78-414e-aa0f-fafab2313808">
    </UnitTestResult>
    <UnitTestResult executionId="925fd230-89b0-4245-8151-10c74b225765" testId="1dcdf0b5-25a3-ae3d-3d8c-fe83664f5da0" testName="AddOrReplaceTest" computerName="NU1NB2RSNIYL0VA" testType="13cdc9d9-ddb5-4fa4-a97d-d965ccfc6d4b" outcome="NotExecuted" testListId="8c84fa94-04c1-424b-9868-57a2d4851a1d" relativeResultsDirectory="925fd230-89b0-4245-8151-10c74b225765">
    </UnitTestResult>
    <UnitTestResult executionId="017b0b4d-088c-4a85-b90a-6729549cee16" testId="1df5b73e-5da6-5978-0024-87ffc851ad48" testName="IsMatchTest" computerName="NU1NB2RSNIYL0VA" testType="13cdc9d9-ddb5-4fa4-a97d-d965ccfc6d4b" outcome="NotExecuted" testListId="8c84fa94-04c1-424b-9868-57a2d4851a1d" relativeResultsDirectory="017b0b4d-088c-4a85-b90a-6729549cee16">
    </UnitTestResult>
    <UnitTestResult executionId="d205b30f-3a55-424a-a473-332c63fe8ef8" testId="1f33f71a-0513-36d0-08f6-39743667d914" testName="EncodeUnicodeTest1" computerName="NU1NB2RSNIYL0VA" testType="13cdc9d9-ddb5-4fa4-a97d-d965ccfc6d4b" outcome="NotExecuted" testListId="8c84fa94-04c1-424b-9868-57a2d4851a1d" relativeResultsDirectory="d205b30f-3a55-424a-a473-332c63fe8ef8">
    </UnitTestResult>
    <UnitTestResult executionId="5878d116-6347-4d18-a759-2320f689e6da" testId="1f6f77c7-2d47-0710-4dcb-b0145b30ebaa" testName="DoubleKeyDictionaryConstructorTest" computerName="NU1NB2RSNIYL0VA" testType="13cdc9d9-ddb5-4fa4-a97d-d965ccfc6d4b" outcome="NotExecuted" testListId="8c84fa94-04c1-424b-9868-57a2d4851a1d" relativeResultsDirectory="5878d116-6347-4d18-a759-2320f689e6da">
    </UnitTestResult>
    <UnitTestResult executionId="91a6b55f-539d-4105-aeb9-c751639515f6" testId="24dca1a5-af2f-1d7c-e220-7d26b7299ef6" testName="MD5EncodeTest1" computerName="NU1NB2RSNIYL0VA" testType="13cdc9d9-ddb5-4fa4-a97d-d965ccfc6d4b" outcome="NotExecuted" testListId="8c84fa94-04c1-424b-9868-57a2d4851a1d" relativeResultsDirectory="91a6b55f-539d-4105-aeb9-c751639515f6">
    </UnitTestResult>
    <UnitTestResult executionId="c2ec5d6a-998c-4984-be26-797e0dd3372f" testId="2565bfc3-8dc5-03b1-f1bb-d70fc36fb776" testName="RemoveHtmlTest" computerName="NU1NB2RSNIYL0VA" testType="13cdc9d9-ddb5-4fa4-a97d-d965ccfc6d4b" outcome="NotExecuted" testListId="8c84fa94-04c1-424b-9868-57a2d4851a1d" relativeResultsDirectory="c2ec5d6a-998c-4984-be26-797e0dd3372f">
    </UnitTestResult>
    <UnitTestResult executionId="ff514df5-8c47-44d5-a13d-ea516ecc4464" testId="2b4ef174-c462-097c-6a3e-1aa16ce8aa1f" testName="SetOneValueTest" computerName="NU1NB2RSNIYL0VA" testType="13cdc9d9-ddb5-4fa4-a97d-d965ccfc6d4b" outcome="NotExecuted" testListId="8c84fa94-04c1-424b-9868-57a2d4851a1d" relativeResultsDirectory="ff514df5-8c47-44d5-a13d-ea516ecc4464">
    </UnitTestResult>
    <UnitTestResult executionId="08b9a95a-1e22-4d8e-965b-8ee3052a60ba" testId="2b830eeb-d46b-92c5-a8af-8bf5bf8899b3" testName="SkipToStartOfTest" computerName="NU1NB2RSNIYL0VA" testType="13cdc9d9-ddb5-4fa4-a97d-d965ccfc6d4b" outcome="NotExecuted" testListId="8c84fa94-04c1-424b-9868-57a2d4851a1d" relativeResultsDirectory="08b9a95a-1e22-4d8e-965b-8ee3052a60ba">
    </UnitTestResult>
    <UnitTestResult executionId="7c5b5993-54a2-42f6-a784-7a7989c3728f" testId="2c4f8c6f-7382-072a-138c-88f64a2d9986" testName="GetBitTest" computerName="NU1NB2RSNIYL0VA" testType="13cdc9d9-ddb5-4fa4-a97d-d965ccfc6d4b" outcome="NotExecuted" testListId="8c84fa94-04c1-424b-9868-57a2d4851a1d" relativeResultsDirectory="7c5b5993-54a2-42f6-a784-7a7989c3728f">
    </UnitTestResult>
    <UnitTestResult executionId="a1b24ead-d4e2-46ee-9a90-a8cc31b9c5c0" testId="2fec98aa-4d83-1647-7423-e7f0cd3a4451" testName="TestPartiallyEnumerate" computerName="NU1NB2RSNIYL0VA" testType="13cdc9d9-ddb5-4fa4-a97d-d965ccfc6d4b" outcome="NotExecuted" testListId="8c84fa94-04c1-424b-9868-57a2d4851a1d" relativeResultsDirectory="a1b24ead-d4e2-46ee-9a90-a8cc31b9c5c0">
    </UnitTestResult>
    <UnitTestResult executionId="44c18a37-9702-40aa-9597-0edaef0fe8cb" testId="327c79ba-a5c4-8647-6e58-09f9fecce10f" testName="ToHexTest1" computerName="NU1NB2RSNIYL0VA" testType="13cdc9d9-ddb5-4fa4-a97d-d965ccfc6d4b" outcome="NotExecuted" testListId="8c84fa94-04c1-424b-9868-57a2d4851a1d" relativeResultsDirectory="44c18a37-9702-40aa-9597-0edaef0fe8cb">
    </UnitTestResult>
    <UnitTestResult executionId="2ce920e4-d0be-4aae-bb26-343d27bc6b6f" testId="33486f68-c09a-a547-b356-093b5382f9f2" testName="GetPageTitleTest" computerName="NU1NB2RSNIYL0VA" testType="13cdc9d9-ddb5-4fa4-a97d-d965ccfc6d4b" outcome="NotExecuted" testListId="8c84fa94-04c1-424b-9868-57a2d4851a1d" relativeResultsDirectory="2ce920e4-d0be-4aae-bb26-343d27bc6b6f">
    </UnitTestResult>
    <UnitTestResult executionId="3c83c5fb-bf5c-4f2f-83cc-8e486799e7c4" testId="33a310f8-52e1-912a-ff33-502a73018d41" testName="ArrayAreEqualTest" computerName="NU1NB2RSNIYL0VA" testType="13cdc9d9-ddb5-4fa4-a97d-d965ccfc6d4b" outcome="NotExecuted" testListId="8c84fa94-04c1-424b-9868-57a2d4851a1d" relativeResultsDirectory="3c83c5fb-bf5c-4f2f-83cc-8e486799e7c4">
    </UnitTestResult>
    <UnitTestResult executionId="dedca69b-52c0-497c-9930-493b901373d4" testId="33ecc17f-8c6a-bd99-526f-af623d0e9aca" testName="RemoveOneTest" computerName="NU1NB2RSNIYL0VA" testType="13cdc9d9-ddb5-4fa4-a97d-d965ccfc6d4b" outcome="NotExecuted" testListId="8c84fa94-04c1-424b-9868-57a2d4851a1d" relativeResultsDirectory="dedca69b-52c0-497c-9930-493b901373d4">
    </UnitTestResult>
    <UnitTestResult executionId="201b86cb-9378-46e4-9930-9f5e0af64333" testId="38f178a0-9c0d-04b6-a6e0-3b6095e18668" testName="IsMatchTest" computerName="NU1NB2RSNIYL0VA" testType="13cdc9d9-ddb5-4fa4-a97d-d965ccfc6d4b" outcome="NotExecuted" testListId="8c84fa94-04c1-424b-9868-57a2d4851a1d" relativeResultsDirectory="201b86cb-9378-46e4-9930-9f5e0af64333">
    </UnitTestResult>
    <UnitTestResult executionId="f297f191-558e-4e25-9af5-973b36983a99" testId="393ba492-8800-19bd-e638-130a15a9f641" testName="ReverseBitTest" computerName="NU1NB2RSNIYL0VA" testType="13cdc9d9-ddb5-4fa4-a97d-d965ccfc6d4b" outcome="NotExecuted" testListId="8c84fa94-04c1-424b-9868-57a2d4851a1d" relativeResultsDirectory="f297f191-558e-4e25-9af5-973b36983a99">
    </UnitTestResult>
    <UnitTestResult executionId="0f01cece-9247-4235-bc9c-cf9e5738df86" testId="39bbb5f9-ba80-69d6-0d53-6d5d85d02f33" testName="ReplaceEveryExactTest" computerName="NU1NB2RSNIYL0VA" testType="13cdc9d9-ddb5-4fa4-a97d-d965ccfc6d4b" outcome="NotExecuted" testListId="8c84fa94-04c1-424b-9868-57a2d4851a1d" relativeResultsDirectory="0f01cece-9247-4235-bc9c-cf9e5738df86">
    </UnitTestResult>
    <UnitTestResult executionId="ef474eee-fb2d-43f9-a162-12ab11faa089" testId="3a310c4f-f79c-b2c6-77f5-19ee42eb9a46" testName="GetEnumeratorOneTest" computerName="NU1NB2RSNIYL0VA" testType="13cdc9d9-ddb5-4fa4-a97d-d965ccfc6d4b" outcome="NotExecuted" testListId="8c84fa94-04c1-424b-9868-57a2d4851a1d" relativeResultsDirectory="ef474eee-fb2d-43f9-a162-12ab11faa089">
    </UnitTestResult>
    <UnitTestResult executionId="f5141583-59e7-4935-aaaf-f961f767779e" testId="3b0ee96d-c074-bb42-e2e2-6e5cc4548638" testName="SetBitTest" computerName="NU1NB2RSNIYL0VA" testType="13cdc9d9-ddb5-4fa4-a97d-d965ccfc6d4b" outcome="NotExecuted" testListId="8c84fa94-04c1-424b-9868-57a2d4851a1d" relativeResultsDirectory="f5141583-59e7-4935-aaaf-f961f767779e">
    </UnitTestResult>
    <UnitTestResult executionId="d8021604-255c-49a8-90e4-66c22831fd03" testId="3b8fbb47-9915-4a2f-192a-4424f45450ad" testName="RemoveEnclosingQuotesTest" computerName="NU1NB2RSNIYL0VA" testType="13cdc9d9-ddb5-4fa4-a97d-d965ccfc6d4b" outcome="NotExecuted" testListId="8c84fa94-04c1-424b-9868-57a2d4851a1d" relativeResultsDirectory="d8021604-255c-49a8-90e4-66c22831fd03">
    </UnitTestResult>
    <UnitTestResult executionId="f049cf75-3428-4c7d-a04c-eb967f9822d8" testId="3ef0420c-7152-5482-82c7-a935252d8eb1" testName="SkipToEndOfNoCaseTest" computerName="NU1NB2RSNIYL0VA" testType="13cdc9d9-ddb5-4fa4-a97d-d965ccfc6d4b" outcome="NotExecuted" testListId="8c84fa94-04c1-424b-9868-57a2d4851a1d" relativeResultsDirectory="f049cf75-3428-4c7d-a04c-eb967f9822d8">
    </UnitTestResult>
    <UnitTestResult executionId="8e396f6b-6d03-48eb-ae6c-89bdc8afedbd" testId="420229dc-f827-00be-7908-75d0f1ca5dfe" testName="GetEnumeratorTwoTest" computerName="NU1NB2RSNIYL0VA" testType="13cdc9d9-ddb5-4fa4-a97d-d965ccfc6d4b" outcome="NotExecuted" testListId="8c84fa94-04c1-424b-9868-57a2d4851a1d" relativeResultsDirectory="8e396f6b-6d03-48eb-ae6c-89bdc8afedbd">
    </UnitTestResult>
    <UnitTestResult executionId="39dcd27b-481b-486c-b98d-7e4c5f7b6038" testId="4535dfc6-2f85-f1a9-56ff-f81e28bb9924" testName="RemoveTest" computerName="NU1NB2RSNIYL0VA" testType="13cdc9d9-ddb5-4fa4-a97d-d965ccfc6d4b" outcome="NotExecuted" testListId="8c84fa94-04c1-424b-9868-57a2d4851a1d" relativeResultsDirectory="39dcd27b-481b-486c-b98d-7e4c5f7b6038">
    </UnitTestResult>
    <UnitTestResult executionId="c954452f-024f-405e-bfdd-2df7543af480" testId="45b35ea2-14c5-7dd5-0a1e-1ba1e5fc6700" testName="GetIPTextTest" computerName="NU1NB2RSNIYL0VA" testType="13cdc9d9-ddb5-4fa4-a97d-d965ccfc6d4b" outcome="NotExecuted" testListId="8c84fa94-04c1-424b-9868-57a2d4851a1d" relativeResultsDirectory="c954452f-024f-405e-bfdd-2df7543af480">
    </UnitTestResult>
    <UnitTestResult executionId="2a2f3d4d-724e-4426-a0d2-76c29a19f275" testId="46077f12-4f58-7911-6b76-b1224910c3e2" testName="ToBytesTest" computerName="NU1NB2RSNIYL0VA" testType="13cdc9d9-ddb5-4fa4-a97d-d965ccfc6d4b" outcome="NotExecuted" testListId="8c84fa94-04c1-424b-9868-57a2d4851a1d" relativeResultsDirectory="2a2f3d4d-724e-4426-a0d2-76c29a19f275">
    </UnitTestResult>
    <UnitTestResult executionId="179e120b-f70f-418e-8021-93d27a6aafdd" testId="460e8c17-b29b-93fd-d06e-b486d1dc0a6c" testName="IsNumberTest" computerName="NU1NB2RSNIYL0VA" testType="13cdc9d9-ddb5-4fa4-a97d-d965ccfc6d4b" outcome="NotExecuted" testListId="8c84fa94-04c1-424b-9868-57a2d4851a1d" relativeResultsDirectory="179e120b-f70f-418e-8021-93d27a6aafdd">
    </UnitTestResult>
    <UnitTestResult executionId="9b456d02-d00d-43df-8ac7-aea6d3cdaafe" testId="46ccb8f7-f863-e0f6-f369-0cf8b9e2fab9" testName="BTest" computerName="NU1NB2RSNIYL0VA" testType="13cdc9d9-ddb5-4fa4-a97d-d965ccfc6d4b" outcome="NotExecuted" testListId="8c84fa94-04c1-424b-9868-57a2d4851a1d" relativeResultsDirectory="9b456d02-d00d-43df-8ac7-aea6d3cdaafe">
    </UnitTestResult>
    <UnitTestResult executionId="201d7f54-1d19-48aa-aa36-d399ce45cdfb" testId="499db2ba-739d-f13f-7cc3-3bc7d0dfb330" testName="EncryptTest" computerName="NU1NB2RSNIYL0VA" testType="13cdc9d9-ddb5-4fa4-a97d-d965ccfc6d4b" outcome="NotExecuted" testListId="8c84fa94-04c1-424b-9868-57a2d4851a1d" relativeResultsDirectory="201d7f54-1d19-48aa-aa36-d399ce45cdfb">
    </UnitTestResult>
    <UnitTestResult executionId="4d30a6fc-4b9f-48c8-98b5-bfbb5f113910" testId="49f1990b-49db-5adf-5df3-07da899614c8" testName="AddSeparateTest" computerName="NU1NB2RSNIYL0VA" testType="13cdc9d9-ddb5-4fa4-a97d-d965ccfc6d4b" outcome="NotExecuted" testListId="8c84fa94-04c1-424b-9868-57a2d4851a1d" relativeResultsDirectory="4d30a6fc-4b9f-48c8-98b5-bfbb5f113910">
    </UnitTestResult>
    <UnitTestResult executionId="681270aa-20bf-4e19-979c-4d337294ddf5" testId="4b4e61b3-635f-c9db-0d57-8ab0317c2763" testName="QueueInvokeTest1" computerName="NU1NB2RSNIYL0VA" testType="13cdc9d9-ddb5-4fa4-a97d-d965ccfc6d4b" outcome="NotExecuted" testListId="8c84fa94-04c1-424b-9868-57a2d4851a1d" relativeResultsDirectory="681270aa-20bf-4e19-979c-4d337294ddf5">
    </UnitTestResult>
    <UnitTestResult executionId="abf0e949-54fc-41fc-bf99-17fc59d4a081" testId="4c022858-082d-55fa-0dd1-bd8b4150db50" testName="EncryptUtilConstructorTest" computerName="NU1NB2RSNIYL0VA" testType="13cdc9d9-ddb5-4fa4-a97d-d965ccfc6d4b" outcome="NotExecuted" testListId="8c84fa94-04c1-424b-9868-57a2d4851a1d" relativeResultsDirectory="abf0e949-54fc-41fc-bf99-17fc59d4a081">
    </UnitTestResult>
    <UnitTestResult executionId="cf1ce3c3-7524-4404-8d78-8e1e32b362d8" testId="4d89edcd-83a9-9190-c8bf-1dafe35d73dd" testName="EncryptTest3" computerName="NU1NB2RSNIYL0VA" testType="13cdc9d9-ddb5-4fa4-a97d-d965ccfc6d4b" outcome="NotExecuted" testListId="8c84fa94-04c1-424b-9868-57a2d4851a1d" relativeResultsDirectory="cf1ce3c3-7524-4404-8d78-8e1e32b362d8">
    </UnitTestResult>
    <UnitTestResult executionId="402d6812-dbeb-4ee2-beca-029fdac80814" testId="4db46510-3fb8-dd54-7592-7a984db69c5a" testName="InvokeIfNeededTest" computerName="NU1NB2RSNIYL0VA" testType="13cdc9d9-ddb5-4fa4-a97d-d965ccfc6d4b" outcome="NotExecuted" testListId="8c84fa94-04c1-424b-9868-57a2d4851a1d" relativeResultsDirectory="402d6812-dbeb-4ee2-beca-029fdac80814">
    </UnitTestResult>
    <UnitTestResult executionId="a136d21e-fd00-4806-8a0a-73dc3bb9b547" testId="4e3e63f9-9021-3058-c1f5-02dcbf499abe" testName="GetPortTest" computerName="NU1NB2RSNIYL0VA" testType="13cdc9d9-ddb5-4fa4-a97d-d965ccfc6d4b" outcome="NotExecuted" testListId="8c84fa94-04c1-424b-9868-57a2d4851a1d" relativeResultsDirectory="a136d21e-fd00-4806-8a0a-73dc3bb9b547">
    </UnitTestResult>
    <UnitTestResult executionId="46f145af-bc22-4090-9819-8341545336e5" testId="4e487412-a84f-5407-14fb-b97267209e13" testName="AddTest" computerName="NU1NB2RSNIYL0VA" testType="13cdc9d9-ddb5-4fa4-a97d-d965ccfc6d4b" outcome="NotExecuted" testListId="8c84fa94-04c1-424b-9868-57a2d4851a1d" relativeResultsDirectory="46f145af-bc22-4090-9819-8341545336e5">
    </UnitTestResult>
    <UnitTestResult executionId="09cc2e48-9409-4698-96f6-6539d586388c" testId="50815036-d271-14ab-29ec-1149e9c95e57" testName="BytesToStringTest" computerName="NU1NB2RSNIYL0VA" testType="13cdc9d9-ddb5-4fa4-a97d-d965ccfc6d4b" outcome="NotExecuted" testListId="8c84fa94-04c1-424b-9868-57a2d4851a1d" relativeResultsDirectory="09cc2e48-9409-4698-96f6-6539d586388c">
    </UnitTestResult>
    <UnitTestResult executionId="75584e13-e667-4a75-8a2d-455cf4febb34" testId="50994e70-9b7e-e7e4-d350-1886cc4d90f0" testName="KeysTwoTest" computerName="NU1NB2RSNIYL0VA" testType="13cdc9d9-ddb5-4fa4-a97d-d965ccfc6d4b" outcome="NotExecuted" testListId="8c84fa94-04c1-424b-9868-57a2d4851a1d" relativeResultsDirectory="75584e13-e667-4a75-8a2d-455cf4febb34">
    </UnitTestResult>
    <UnitTestResult executionId="b3ea4b0b-d7a5-42c3-9b11-26342a6ebc90" testId="525cd58d-2c2f-12dc-5f43-cf1895933132" testName="EncryptTest2" computerName="NU1NB2RSNIYL0VA" testType="13cdc9d9-ddb5-4fa4-a97d-d965ccfc6d4b" outcome="NotExecuted" testListId="8c84fa94-04c1-424b-9868-57a2d4851a1d" relativeResultsDirectory="b3ea4b0b-d7a5-42c3-9b11-26342a6ebc90">
    </UnitTestResult>
    <UnitTestResult executionId="64a496b0-5d20-487d-b2ae-904fc8985f46" testId="53b8deb8-659a-3ee4-6285-cbe99f511352" testName="BytesTo16Test" computerName="NU1NB2RSNIYL0VA" testType="13cdc9d9-ddb5-4fa4-a97d-d965ccfc6d4b" outcome="NotExecuted" testListId="8c84fa94-04c1-424b-9868-57a2d4851a1d" relativeResultsDirectory="64a496b0-5d20-487d-b2ae-904fc8985f46">
    </UnitTestResult>
    <UnitTestResult executionId="4496822e-a9fb-4c12-b8c4-3fe5aa37f151" testId="553b421b-08c7-42fb-ee6d-f632c8d6262f" testName="RemoveAllTest" computerName="NU1NB2RSNIYL0VA" testType="13cdc9d9-ddb5-4fa4-a97d-d965ccfc6d4b" outcome="NotExecuted" testListId="8c84fa94-04c1-424b-9868-57a2d4851a1d" relativeResultsDirectory="4496822e-a9fb-4c12-b8c4-3fe5aa37f151">
    </UnitTestResult>
    <UnitTestResult executionId="ade6042a-8ca0-45d7-a3e7-9b0a3a49e9a9" testId="55d3d927-b52b-031a-5932-fbc2845b3f5c" testName="QueueInvokeTest" computerName="NU1NB2RSNIYL0VA" testType="13cdc9d9-ddb5-4fa4-a97d-d965ccfc6d4b" outcome="NotExecuted" testListId="8c84fa94-04c1-424b-9868-57a2d4851a1d" relativeResultsDirectory="ade6042a-8ca0-45d7-a3e7-9b0a3a49e9a9">
    </UnitTestResult>
    <UnitTestResult executionId="f07eef18-ea33-49e9-8b40-07ee5614957d" testId="583c2501-b676-2920-2fe5-7febaa217f1c" testName="IsIPAddressTest" computerName="NU1NB2RSNIYL0VA" testType="13cdc9d9-ddb5-4fa4-a97d-d965ccfc6d4b" outcome="NotExecuted" testListId="8c84fa94-04c1-424b-9868-57a2d4851a1d" relativeResultsDirectory="f07eef18-ea33-49e9-8b40-07ee5614957d">
    </UnitTestResult>
    <UnitTestResult executionId="bae9d752-a2eb-437e-9084-fd726f01b049" testId="5a17964a-01fe-e5e1-fb05-e7fa6371984b" testName="IsNumberTest" computerName="NU1NB2RSNIYL0VA" testType="13cdc9d9-ddb5-4fa4-a97d-d965ccfc6d4b" outcome="NotExecuted" testListId="8c84fa94-04c1-424b-9868-57a2d4851a1d" relativeResultsDirectory="bae9d752-a2eb-437e-9084-fd726f01b049">
    </UnitTestResult>
    <UnitTestResult executionId="6ae23818-c456-429e-9cab-3226ca7735d9" testId="5eb80387-92b2-640e-e81d-00d44d8d438c" testName="ClearTest" computerName="NU1NB2RSNIYL0VA" testType="13cdc9d9-ddb5-4fa4-a97d-d965ccfc6d4b" outcome="NotExecuted" testListId="8c84fa94-04c1-424b-9868-57a2d4851a1d" relativeResultsDirectory="6ae23818-c456-429e-9cab-3226ca7735d9">
    </UnitTestResult>
    <UnitTestResult executionId="e341ab85-9d37-4b7f-950f-558a95cad441" testId="62a02849-4036-40f1-d8a6-e1a36ed10eb8" testName="ToBytesTest1" computerName="NU1NB2RSNIYL0VA" testType="13cdc9d9-ddb5-4fa4-a97d-d965ccfc6d4b" outcome="NotExecuted" testListId="8c84fa94-04c1-424b-9868-57a2d4851a1d" relativeResultsDirectory="e341ab85-9d37-4b7f-950f-558a95cad441">
    </UnitTestResult>
    <UnitTestResult executionId="1fbac387-456d-47b8-ba84-519e6fb5746c" testId="64208872-23ce-1122-abe8-653bc9c9f952" testName="IsNumberMoreTest" computerName="NU1NB2RSNIYL0VA" testType="13cdc9d9-ddb5-4fa4-a97d-d965ccfc6d4b" outcome="NotExecuted" testListId="8c84fa94-04c1-424b-9868-57a2d4851a1d" relativeResultsDirectory="1fbac387-456d-47b8-ba84-519e6fb5746c">
    </UnitTestResult>
    <UnitTestResult executionId="3ec3898e-a828-4fb0-8dff-ab5ef6e1d499" testId="6807d594-c329-1403-acdd-bfc84223ce4f" testName="NextItemTest1" computerName="NU1NB2RSNIYL0VA" testType="13cdc9d9-ddb5-4fa4-a97d-d965ccfc6d4b" outcome="NotExecuted" testListId="8c84fa94-04c1-424b-9868-57a2d4851a1d" relativeResultsDirectory="3ec3898e-a828-4fb0-8dff-ab5ef6e1d499">
    </UnitTestResult>
    <UnitTestResult executionId="d9a6495d-c05f-487e-8c07-9f68ee268930" testId="68468ee5-c95d-f829-29bb-2f96d5c49b86" testName="TestRetriveExistingItem" computerName="NU1NB2RSNIYL0VA" testType="13cdc9d9-ddb5-4fa4-a97d-d965ccfc6d4b" outcome="NotExecuted" testListId="8c84fa94-04c1-424b-9868-57a2d4851a1d" relativeResultsDirectory="d9a6495d-c05f-487e-8c07-9f68ee268930">
    </UnitTestResult>
    <UnitTestResult executionId="c7715266-457b-4c37-a430-ef3f92e525b9" testId="68688540-1196-bc66-bb89-c1a4d8d80f37" testName="GetParityTest1" computerName="NU1NB2RSNIYL0VA" testType="13cdc9d9-ddb5-4fa4-a97d-d965ccfc6d4b" outcome="NotExecuted" testListId="8c84fa94-04c1-424b-9868-57a2d4851a1d" relativeResultsDirectory="c7715266-457b-4c37-a430-ef3f92e525b9">
    </UnitTestResult>
    <UnitTestResult executionId="0dd4833f-c3a4-45d2-811d-4267cf012f7c" testId="6b4c6481-be40-82ba-22f3-640831fed344" testName="AtTest" computerName="NU1NB2RSNIYL0VA" testType="13cdc9d9-ddb5-4fa4-a97d-d965ccfc6d4b" outcome="NotExecuted" testListId="8c84fa94-04c1-424b-9868-57a2d4851a1d" relativeResultsDirectory="0dd4833f-c3a4-45d2-811d-4267cf012f7c">
    </UnitTestResult>
    <UnitTestResult executionId="f7d732c1-ed3a-40b6-94fb-36383f9f7c3e" testId="6c47274b-f203-1649-0358-f512b745feb6" testName="IsHTMLTest" computerName="NU1NB2RSNIYL0VA" testType="13cdc9d9-ddb5-4fa4-a97d-d965ccfc6d4b" outcome="NotExecuted" testListId="8c84fa94-04c1-424b-9868-57a2d4851a1d" relativeResultsDirectory="f7d732c1-ed3a-40b6-94fb-36383f9f7c3e">
    </UnitTestResult>
    <UnitTestResult executionId="3dbc6d6c-49c6-463d-93d5-0a046562fa6a" testId="7068c1e4-d70b-99b8-19a8-bd53b7c4cd67" testName="InvokeIfNeededTest1" computerName="NU1NB2RSNIYL0VA" testType="13cdc9d9-ddb5-4fa4-a97d-d965ccfc6d4b" outcome="NotExecuted" testListId="8c84fa94-04c1-424b-9868-57a2d4851a1d" relativeResultsDirectory="3dbc6d6c-49c6-463d-93d5-0a046562fa6a">
    </UnitTestResult>
    <UnitTestResult executionId="5b35606d-62b1-463b-9b31-1bad8e4f2310" testId="733b86f2-ce5b-3ee2-8e4b-3734104b7bbd" testName="GetScriptTest" computerName="NU1NB2RSNIYL0VA" testType="13cdc9d9-ddb5-4fa4-a97d-d965ccfc6d4b" outcome="NotExecuted" testListId="8c84fa94-04c1-424b-9868-57a2d4851a1d" relativeResultsDirectory="5b35606d-62b1-463b-9b31-1bad8e4f2310">
    </UnitTestResult>
    <UnitTestResult executionId="dcc4cb1f-68ec-4064-9ee2-ff6fb8c34336" testId="76ba8a35-1457-aa5c-7f9c-d7566b471d0a" testName="GetLinksTest" computerName="NU1NB2RSNIYL0VA" testType="13cdc9d9-ddb5-4fa4-a97d-d965ccfc6d4b" outcome="NotExecuted" testListId="8c84fa94-04c1-424b-9868-57a2d4851a1d" relativeResultsDirectory="dcc4cb1f-68ec-4064-9ee2-ff6fb8c34336">
    </UnitTestResult>
    <UnitTestResult executionId="a4521fa8-4089-49fd-8a57-c9a3409fb392" testId="76ebe7d2-5203-383d-1c2a-2c6215e718db" testName="TestRetrieveNotExistingItem" computerName="NU1NB2RSNIYL0VA" testType="13cdc9d9-ddb5-4fa4-a97d-d965ccfc6d4b" outcome="NotExecuted" testListId="8c84fa94-04c1-424b-9868-57a2d4851a1d" relativeResultsDirectory="a4521fa8-4089-49fd-8a57-c9a3409fb392">
    </UnitTestResult>
    <UnitTestResult executionId="0628a00b-38c4-495b-9fa9-1a0b2e9723e0" testId="7ab2396e-ff36-0b54-ba85-7303c014eca5" testName="ExtractToTest" computerName="NU1NB2RSNIYL0VA" testType="13cdc9d9-ddb5-4fa4-a97d-d965ccfc6d4b" outcome="NotExecuted" testListId="8c84fa94-04c1-424b-9868-57a2d4851a1d" relativeResultsDirectory="0628a00b-38c4-495b-9fa9-1a0b2e9723e0">
    </UnitTestResult>
    <UnitTestResult executionId="07788e4a-7b0c-44a8-a080-b006354d5be3" testId="7b169008-b208-c129-2b8f-95d0f8832d06" testName="GetIPAddressTest" computerName="NU1NB2RSNIYL0VA" testType="13cdc9d9-ddb5-4fa4-a97d-d965ccfc6d4b" outcome="NotExecuted" testListId="8c84fa94-04c1-424b-9868-57a2d4851a1d" relativeResultsDirectory="07788e4a-7b0c-44a8-a080-b006354d5be3">
    </UnitTestResult>
    <UnitTestResult executionId="30a2f716-fdc3-460d-bbf5-6d2f5b820379" testId="7d644f7e-881f-f3fc-c733-9b3320c965d0" testName="ExtractUntilTest" computerName="NU1NB2RSNIYL0VA" testType="13cdc9d9-ddb5-4fa4-a97d-d965ccfc6d4b" outcome="NotExecuted" testListId="8c84fa94-04c1-424b-9868-57a2d4851a1d" relativeResultsDirectory="30a2f716-fdc3-460d-bbf5-6d2f5b820379">
    </UnitTestResult>
    <UnitTestResult executionId="9ee8cfa8-a713-4d72-9d5c-35f508f94f9b" testId="8184ceb8-5723-d229-7ffe-8100f3f04dc9" testName="TryAddTest" computerName="NU1NB2RSNIYL0VA" testType="13cdc9d9-ddb5-4fa4-a97d-d965ccfc6d4b" outcome="NotExecuted" testListId="8c84fa94-04c1-424b-9868-57a2d4851a1d" relativeResultsDirectory="9ee8cfa8-a713-4d72-9d5c-35f508f94f9b">
    </UnitTestResult>
    <UnitTestResult executionId="83b6140f-b984-49ee-9bfe-8a09805b7e4f" testId="8256d590-9eaa-4d30-09d3-d7f5ac8de980" testName="NextBoolTest" computerName="NU1NB2RSNIYL0VA" testType="13cdc9d9-ddb5-4fa4-a97d-d965ccfc6d4b" outcome="NotExecuted" testListId="8c84fa94-04c1-424b-9868-57a2d4851a1d" relativeResultsDirectory="83b6140f-b984-49ee-9bfe-8a09805b7e4f">
    </UnitTestResult>
    <UnitTestResult executionId="25fe4d41-a836-4e22-a59c-673b8248b6cb" testId="839cb4fe-95bf-5533-59dc-4e85e0aecad5" testName="MD5EncodeTest" computerName="NU1NB2RSNIYL0VA" testType="13cdc9d9-ddb5-4fa4-a97d-d965ccfc6d4b" outcome="NotExecuted" testListId="8c84fa94-04c1-424b-9868-57a2d4851a1d" relativeResultsDirectory="25fe4d41-a836-4e22-a59c-673b8248b6cb">
    </UnitTestResult>
    <UnitTestResult executionId="02252cc7-4070-46eb-a055-eaab60c1cb5a" testId="83a128aa-6bcf-b586-c689-9a4d045e8369" testName="GetIPTextTest1" computerName="NU1NB2RSNIYL0VA" testType="13cdc9d9-ddb5-4fa4-a97d-d965ccfc6d4b" outcome="NotExecuted" testListId="8c84fa94-04c1-424b-9868-57a2d4851a1d" relativeResultsDirectory="02252cc7-4070-46eb-a055-eaab60c1cb5a">
    </UnitTestResult>
    <UnitTestResult executionId="73ed6bc7-53a9-41bc-b0f5-39d48c965fa7" testId="858c5542-3bd5-806b-9ecf-21e4deac21e9" testName="IsEmailTest" computerName="NU1NB2RSNIYL0VA" testType="13cdc9d9-ddb5-4fa4-a97d-d965ccfc6d4b" outcome="NotExecuted" testListId="8c84fa94-04c1-424b-9868-57a2d4851a1d" relativeResultsDirectory="73ed6bc7-53a9-41bc-b0f5-39d48c965fa7">
    </UnitTestResult>
    <UnitTestResult executionId="e5c60aa1-bbc7-42c2-ab6d-a6248b2d4263" testId="85c695a2-ca6e-7992-f241-b49d45f29974" testName="IsPhoneNumberTest" computerName="NU1NB2RSNIYL0VA" testType="13cdc9d9-ddb5-4fa4-a97d-d965ccfc6d4b" outcome="NotExecuted" testListId="8c84fa94-04c1-424b-9868-57a2d4851a1d" relativeResultsDirectory="e5c60aa1-bbc7-42c2-ab6d-a6248b2d4263">
    </UnitTestResult>
    <UnitTestResult executionId="4990e67c-b9d3-4e09-b0cf-67e3ebcf473b" testId="862e6268-ff9e-7617-5e4e-26de30325928" testName="DeBase64Test" computerName="NU1NB2RSNIYL0VA" testType="13cdc9d9-ddb5-4fa4-a97d-d965ccfc6d4b" outcome="NotExecuted" testListId="8c84fa94-04c1-424b-9868-57a2d4851a1d" relativeResultsDirectory="4990e67c-b9d3-4e09-b0cf-67e3ebcf473b">
    </UnitTestResult>
    <UnitTestResult executionId="2139826f-d37d-4a0e-999a-4d54b898141a" testId="8717655f-3094-45df-df9c-8f70b76c5c46" testName="ToHexTest" computerName="NU1NB2RSNIYL0VA" testType="13cdc9d9-ddb5-4fa4-a97d-d965ccfc6d4b" outcome="NotExecuted" testListId="8c84fa94-04c1-424b-9868-57a2d4851a1d" relativeResultsDirectory="2139826f-d37d-4a0e-999a-4d54b898141a">
    </UnitTestResult>
    <UnitTestResult executionId="06ddb26e-8cbf-40ac-8d1e-0764f1121155" testId="87aaae1d-42ec-0f30-0091-c3267d04fb65" testName="IsHexTest1" computerName="NU1NB2RSNIYL0VA" testType="13cdc9d9-ddb5-4fa4-a97d-d965ccfc6d4b" outcome="NotExecuted" testListId="8c84fa94-04c1-424b-9868-57a2d4851a1d" relativeResultsDirectory="06ddb26e-8cbf-40ac-8d1e-0764f1121155">
    </UnitTestResult>
    <UnitTestResult executionId="b1efb51f-2991-42e3-bfc0-efada006d252" testId="8883f062-7664-179d-c351-12273fc06189" testName="NextItemTest" computerName="NU1NB2RSNIYL0VA" testType="13cdc9d9-ddb5-4fa4-a97d-d965ccfc6d4b" outcome="NotExecuted" testListId="8c84fa94-04c1-424b-9868-57a2d4851a1d" relativeResultsDirectory="b1efb51f-2991-42e3-bfc0-efada006d252">
    </UnitTestResult>
    <UnitTestResult executionId="777590f2-dab6-453c-8bce-413b24726f23" testId="88e04da1-8af3-2f5f-d5ad-d6984fc32a4e" testName="ExtractToEndTest" computerName="NU1NB2RSNIYL0VA" testType="13cdc9d9-ddb5-4fa4-a97d-d965ccfc6d4b" outcome="NotExecuted" testListId="8c84fa94-04c1-424b-9868-57a2d4851a1d" relativeResultsDirectory="777590f2-dab6-453c-8bce-413b24726f23">
    </UnitTestResult>
    <UnitTestResult executionId="f54cc671-5d09-4e2b-aabf-a592888f49c2" testId="8a2de041-4637-bfd7-f42d-76b6f317f50b" testName="IsUrlTest" computerName="NU1NB2RSNIYL0VA" testType="13cdc9d9-ddb5-4fa4-a97d-d965ccfc6d4b" outcome="NotExecuted" testListId="8c84fa94-04c1-424b-9868-57a2d4851a1d" relativeResultsDirectory="f54cc671-5d09-4e2b-aabf-a592888f49c2">
    </UnitTestResult>
    <UnitTestResult executionId="f657b68c-0e94-4f83-a8ce-70df3debc047" testId="8bbf893e-2050-b878-bd67-9ede689d769b" testName="PortToBytesTest" computerName="NU1NB2RSNIYL0VA" testType="13cdc9d9-ddb5-4fa4-a97d-d965ccfc6d4b" outcome="NotExecuted" testListId="8c84fa94-04c1-424b-9868-57a2d4851a1d" relativeResultsDirectory="f657b68c-0e94-4f83-a8ce-70df3debc047">
    </UnitTestResult>
    <UnitTestResult executionId="58f6d93d-24ad-432b-a630-95491cfab449" testId="8c8b919d-f65b-81bb-fc57-ac40ce9d7ba6" testName="StringToBtyesTest" computerName="NU1NB2RSNIYL0VA" testType="13cdc9d9-ddb5-4fa4-a97d-d965ccfc6d4b" outcome="NotExecuted" testListId="8c84fa94-04c1-424b-9868-57a2d4851a1d" relativeResultsDirectory="58f6d93d-24ad-432b-a630-95491cfab449">
    </UnitTestResult>
    <UnitTestResult executionId="8e7ba6f5-1633-4de3-bc6d-17afbe4c1d88" testId="8d3e4694-4b7a-ce78-7199-63dab38d5ce2" testName="HexToStringTest" computerName="NU1NB2RSNIYL0VA" testType="13cdc9d9-ddb5-4fa4-a97d-d965ccfc6d4b" outcome="NotExecuted" testListId="8c84fa94-04c1-424b-9868-57a2d4851a1d" relativeResultsDirectory="8e7ba6f5-1633-4de3-bc6d-17afbe4c1d88">
    </UnitTestResult>
    <UnitTestResult executionId="de9311d1-31ab-4b07-80c0-8064703e38ac" testId="8fb38075-72be-ad39-9c40-5ecdfe93d26d" testName="RemoveEnclosingAnchorTagTest" computerName="NU1NB2RSNIYL0VA" testType="13cdc9d9-ddb5-4fa4-a97d-d965ccfc6d4b" outcome="NotExecuted" testListId="8c84fa94-04c1-424b-9868-57a2d4851a1d" relativeResultsDirectory="de9311d1-31ab-4b07-80c0-8064703e38ac">
    </UnitTestResult>
    <UnitTestResult executionId="7c9ebaf8-0409-4276-8ff3-6f63a820f96c" testId="91e03d4a-dcf5-2ebb-028c-a5f44700fe4c" testName="KeysOneTest" computerName="NU1NB2RSNIYL0VA" testType="13cdc9d9-ddb5-4fa4-a97d-d965ccfc6d4b" outcome="NotExecuted" testListId="8c84fa94-04c1-424b-9868-57a2d4851a1d" relativeResultsDirectory="7c9ebaf8-0409-4276-8ff3-6f63a820f96c">
    </UnitTestResult>
    <UnitTestResult executionId="f64732f7-cb79-4762-9f66-ebb8e25af6fe" testId="94d59f36-7c46-c7ba-1327-efd1db21f8b1" testName="DecryptTest5" computerName="NU1NB2RSNIYL0VA" testType="13cdc9d9-ddb5-4fa4-a97d-d965ccfc6d4b" outcome="NotExecuted" testListId="8c84fa94-04c1-424b-9868-57a2d4851a1d" relativeResultsDirectory="f64732f7-cb79-4762-9f66-ebb8e25af6fe">
    </UnitTestResult>
    <UnitTestResult executionId="a49f58f7-42b7-46ac-b539-72817d528550" testId="9843b028-3918-5b54-4642-44a0e6878b9a" testName="NextStringTest" computerName="NU1NB2RSNIYL0VA" testType="13cdc9d9-ddb5-4fa4-a97d-d965ccfc6d4b" outcome="NotExecuted" testListId="8c84fa94-04c1-424b-9868-57a2d4851a1d" relativeResultsDirectory="a49f58f7-42b7-46ac-b539-72817d528550">
    </UnitTestResult>
    <UnitTestResult executionId="2de32791-bbad-43f2-9271-60f0a2ea9043" testId="9dfab699-a469-8d76-22a8-fdb875311200" testName="ContentTest" computerName="NU1NB2RSNIYL0VA" testType="13cdc9d9-ddb5-4fa4-a97d-d965ccfc6d4b" outcome="NotExecuted" testListId="8c84fa94-04c1-424b-9868-57a2d4851a1d" relativeResultsDirectory="2de32791-bbad-43f2-9271-60f0a2ea9043">
    </UnitTestResult>
    <UnitTestResult executionId="ea56f10c-d75f-461d-b255-f43c8bb6c4f6" testId="9e3266c6-f6a7-e7ba-1802-395fd46e531f" testName="StringToBytesTest" computerName="NU1NB2RSNIYL0VA" testType="13cdc9d9-ddb5-4fa4-a97d-d965ccfc6d4b" outcome="NotExecuted" testListId="8c84fa94-04c1-424b-9868-57a2d4851a1d" relativeResultsDirectory="ea56f10c-d75f-461d-b255-f43c8bb6c4f6">
    </UnitTestResult>
    <UnitTestResult executionId="ae345117-a4d7-44fb-9b80-004667c04b9d" testId="9e99c779-9cb0-2179-29a9-b3bb12b72086" testName="NextBytesTest" computerName="NU1NB2RSNIYL0VA" testType="13cdc9d9-ddb5-4fa4-a97d-d965ccfc6d4b" outcome="NotExecuted" testListId="8c84fa94-04c1-424b-9868-57a2d4851a1d" relativeResultsDirectory="ae345117-a4d7-44fb-9b80-004667c04b9d">
    </UnitTestResult>
    <UnitTestResult executionId="152f1b84-7f3e-48db-8acb-63501c028dbf" testId="9f0c02c1-741c-d76d-91c9-6c941adee950" testName="GetOneValueTest" computerName="NU1NB2RSNIYL0VA" testType="13cdc9d9-ddb5-4fa4-a97d-d965ccfc6d4b" outcome="NotExecuted" testListId="8c84fa94-04c1-424b-9868-57a2d4851a1d" relativeResultsDirectory="152f1b84-7f3e-48db-8acb-63501c028dbf">
    </UnitTestResult>
    <UnitTestResult executionId="52dc3538-6927-47fd-b07a-2053cbe96474" testId="9f2cfb3f-f386-3a8d-bc72-85c11fd50031" testName="ClearBitTest" computerName="NU1NB2RSNIYL0VA" testType="13cdc9d9-ddb5-4fa4-a97d-d965ccfc6d4b" outcome="NotExecuted" testListId="8c84fa94-04c1-424b-9868-57a2d4851a1d" relativeResultsDirectory="52dc3538-6927-47fd-b07a-2053cbe96474">
    </UnitTestResult>
    <UnitTestResult executionId="87976942-d59d-4845-9321-2a896c6b0f26" testId="a0847327-ece3-c396-0d61-697a68e1b054" testName="EncryptTest1" computerName="NU1NB2RSNIYL0VA" testType="13cdc9d9-ddb5-4fa4-a97d-d965ccfc6d4b" outcome="NotExecuted" testListId="8c84fa94-04c1-424b-9868-57a2d4851a1d" relativeResultsDirectory="87976942-d59d-4845-9321-2a896c6b0f26">
    </UnitTestResult>
    <UnitTestResult executionId="5a73c767-418d-4962-942e-481b53c253ba" testId="a4f94e8d-b595-db7b-f073-cf9cd4a687e4" testName="DecryptTest3" computerName="NU1NB2RSNIYL0VA" testType="13cdc9d9-ddb5-4fa4-a97d-d965ccfc6d4b" outcome="NotExecuted" testListId="8c84fa94-04c1-424b-9868-57a2d4851a1d" relativeResultsDirectory="5a73c767-418d-4962-942e-481b53c253ba">
    </UnitTestResult>
    <UnitTestResult executionId="72aad385-cf44-47c2-b6ba-0f65b48bc0db" testId="a519640b-d3b5-8c5d-fe90-bed4ca1c7514" testName="JhEncryptConstructorTest" computerName="NU1NB2RSNIYL0VA" testType="13cdc9d9-ddb5-4fa4-a97d-d965ccfc6d4b" outcome="NotExecuted" testListId="8c84fa94-04c1-424b-9868-57a2d4851a1d" relativeResultsDirectory="72aad385-cf44-47c2-b6ba-0f65b48bc0db">
    </UnitTestResult>
    <UnitTestResult executionId="e6354f45-4bd8-4820-8b42-891634ab2cd4" testId="a63c6f91-a982-ddd4-4cb2-302a43c87c3d" testName="TripleDESEncryptTest" computerName="NU1NB2RSNIYL0VA" testType="13cdc9d9-ddb5-4fa4-a97d-d965ccfc6d4b" outcome="NotExecuted" testListId="8c84fa94-04c1-424b-9868-57a2d4851a1d" relativeResultsDirectory="e6354f45-4bd8-4820-8b42-891634ab2cd4">
    </UnitTestResult>
    <UnitTestResult executionId="6441aaf1-39d5-4c07-b711-5ca4f2114520" testId="a739a369-362d-473d-a559-bcd593eb04a5" testName="SkipToEndOfTest" computerName="NU1NB2RSNIYL0VA" testType="13cdc9d9-ddb5-4fa4-a97d-d965ccfc6d4b" outcome="NotExecuted" testListId="8c84fa94-04c1-424b-9868-57a2d4851a1d" relativeResultsDirectory="6441aaf1-39d5-4c07-b711-5ca4f2114520">
    </UnitTestResult>
    <UnitTestResult executionId="091b73ba-af7d-40cb-8d2d-bf4b090f9ef4" testId="a7fe6c26-0623-e44e-31b8-ef7a5b9a4a08" testName="CountTest" computerName="NU1NB2RSNIYL0VA" testType="13cdc9d9-ddb5-4fa4-a97d-d965ccfc6d4b" outcome="NotExecuted" testListId="8c84fa94-04c1-424b-9868-57a2d4851a1d" relativeResultsDirectory="091b73ba-af7d-40cb-8d2d-bf4b090f9ef4">
    </UnitTestResult>
    <UnitTestResult executionId="5935ab03-f598-4b22-9e4e-d1dbd41a8017" testId="ac588fc4-f887-1904-86df-28b966cc127a" testName="SeekToTest" computerName="NU1NB2RSNIYL0VA" testType="13cdc9d9-ddb5-4fa4-a97d-d965ccfc6d4b" outcome="NotExecuted" testListId="8c84fa94-04c1-424b-9868-57a2d4851a1d" relativeResultsDirectory="5935ab03-f598-4b22-9e4e-d1dbd41a8017">
    </UnitTestResult>
    <UnitTestResult executionId="04dee42f-ea6d-4604-9aae-6057690060da" testId="ae30eb5e-99c2-3639-8e76-5328de3ee749" testName="GetParityTest2" computerName="NU1NB2RSNIYL0VA" testType="13cdc9d9-ddb5-4fa4-a97d-d965ccfc6d4b" outcome="NotExecuted" testListId="8c84fa94-04c1-424b-9868-57a2d4851a1d" relativeResultsDirectory="04dee42f-ea6d-4604-9aae-6057690060da">
    </UnitTestResult>
    <UnitTestResult executionId="c1379ecf-3cae-481a-a5dc-2b3d5b7f3989" testId="aff7361b-78ec-03f9-b2c7-9758e8b3539d" testName="Sha1EncodeTest" computerName="NU1NB2RSNIYL0VA" testType="13cdc9d9-ddb5-4fa4-a97d-d965ccfc6d4b" outcome="NotExecuted" testListId="8c84fa94-04c1-424b-9868-57a2d4851a1d" relativeResultsDirectory="c1379ecf-3cae-481a-a5dc-2b3d5b7f3989">
    </UnitTestResult>
    <UnitTestResult executionId="a9865908-2308-4a1a-a637-9e20afee4c85" testId="b0140be8-20d4-63df-0dff-f47dbbb28f77" testName="GetParityTest" computerName="NU1NB2RSNIYL0VA" testType="13cdc9d9-ddb5-4fa4-a97d-d965ccfc6d4b" outcome="NotExecuted" testListId="8c84fa94-04c1-424b-9868-57a2d4851a1d" relativeResultsDirectory="a9865908-2308-4a1a-a637-9e20afee4c85">
    </UnitTestResult>
    <UnitTestResult executionId="5a979daf-d684-472b-85fa-dc845b2b6733" testId="b056cf59-8fa4-2601-3e07-22bbd4cdef7a" testName="HexToBtyesTest" computerName="NU1NB2RSNIYL0VA" testType="13cdc9d9-ddb5-4fa4-a97d-d965ccfc6d4b" outcome="NotExecuted" testListId="8c84fa94-04c1-424b-9868-57a2d4851a1d" relativeResultsDirectory="5a979daf-d684-472b-85fa-dc845b2b6733">
    </UnitTestResult>
    <UnitTestResult executionId="326caea1-d33a-44bc-b1ed-e8784e839cb0" testId="b2304fb9-e24c-d563-ee21-4345f8884f3b" testName="AddRangeTest" computerName="NU1NB2RSNIYL0VA" testType="13cdc9d9-ddb5-4fa4-a97d-d965ccfc6d4b" outcome="NotExecuted" testListId="8c84fa94-04c1-424b-9868-57a2d4851a1d" relativeResultsDirectory="326caea1-d33a-44bc-b1ed-e8784e839cb0">
    </UnitTestResult>
    <UnitTestResult executionId="e961d26d-891b-4803-bb12-b137be762cf3" testId="b3d38d81-5db3-af13-19d8-3b66c9091b47" testName="ConvertCodeConstructorTest" computerName="NU1NB2RSNIYL0VA" testType="13cdc9d9-ddb5-4fa4-a97d-d965ccfc6d4b" outcome="NotExecuted" testListId="8c84fa94-04c1-424b-9868-57a2d4851a1d" relativeResultsDirectory="e961d26d-891b-4803-bb12-b137be762cf3">
    </UnitTestResult>
    <UnitTestResult executionId="3585cac2-ea6f-4d35-b95b-bbd1ecbce7ce" testId="b42fda1c-6e73-03dc-6f44-1ee3a6833642" testName="NextEnumTest" computerName="NU1NB2RSNIYL0VA" testType="13cdc9d9-ddb5-4fa4-a97d-d965ccfc6d4b" outcome="NotExecuted" testListId="8c84fa94-04c1-424b-9868-57a2d4851a1d" relativeResultsDirectory="3585cac2-ea6f-4d35-b95b-bbd1ecbce7ce">
    </UnitTestResult>
    <UnitTestResult executionId="dd2b0f0e-e76d-4aca-8ad0-d0c95a1579ce" testId="b5f0cc1e-7061-c0a9-24d5-e05a49895e88" testName="DecryptTest2" computerName="NU1NB2RSNIYL0VA" testType="13cdc9d9-ddb5-4fa4-a97d-d965ccfc6d4b" outcome="NotExecuted" testListId="8c84fa94-04c1-424b-9868-57a2d4851a1d" relativeResultsDirectory="dd2b0f0e-e76d-4aca-8ad0-d0c95a1579ce">
    </UnitTestResult>
    <UnitTestResult executionId="464cb7b3-7e52-4178-a9bf-dd75d11c567a" testId="b6741f64-98ee-ab33-030d-985cc225d3a3" testName="EncryptWithKeyTest" computerName="NU1NB2RSNIYL0VA" testType="13cdc9d9-ddb5-4fa4-a97d-d965ccfc6d4b" outcome="NotExecuted" testListId="8c84fa94-04c1-424b-9868-57a2d4851a1d" relativeResultsDirectory="464cb7b3-7e52-4178-a9bf-dd75d11c567a">
    </UnitTestResult>
    <UnitTestResult executionId="263fb8b8-9acc-49c1-bb65-5dee76ae3e6c" testId="b75e7473-103d-5751-3def-99b3a17a5073" testName="ToBase64Test" computerName="NU1NB2RSNIYL0VA" testType="13cdc9d9-ddb5-4fa4-a97d-d965ccfc6d4b" outcome="NotExecuted" testListId="8c84fa94-04c1-424b-9868-57a2d4851a1d" relativeResultsDirectory="263fb8b8-9acc-49c1-bb65-5dee76ae3e6c">
    </UnitTestResult>
    <UnitTestResult executionId="549dab59-b5c2-4f8f-bdb0-778d7714df0e" testId="bb77ca25-362d-37c4-fe02-373eb23efc4a" testName="RemoveCommentsTest" computerName="NU1NB2RSNIYL0VA" testType="13cdc9d9-ddb5-4fa4-a97d-d965ccfc6d4b" outcome="NotExecuted" testListId="8c84fa94-04c1-424b-9868-57a2d4851a1d" relativeResultsDirectory="549dab59-b5c2-4f8f-bdb0-778d7714df0e">
    </UnitTestResult>
    <UnitTestResult executionId="f8ea78bc-7f06-4c4d-8082-02e9f76416cf" testId="bbf80d7f-60f4-5c7d-a5ff-81eb90f5b0fa" testName="SkipToStartOfNoCaseTest" computerName="NU1NB2RSNIYL0VA" testType="13cdc9d9-ddb5-4fa4-a97d-d965ccfc6d4b" outcome="NotExecuted" testListId="8c84fa94-04c1-424b-9868-57a2d4851a1d" relativeResultsDirectory="f8ea78bc-7f06-4c4d-8082-02e9f76416cf">
    </UnitTestResult>
    <UnitTestResult executionId="b70957d7-5cbd-46b2-ae99-ecf151661b8f" testId="bc0f01b1-f1ba-51ef-7e65-566bd897ecf4" testName="StringToHexTest" computerName="NU1NB2RSNIYL0VA" testType="13cdc9d9-ddb5-4fa4-a97d-d965ccfc6d4b" outcome="NotExecuted" testListId="8c84fa94-04c1-424b-9868-57a2d4851a1d" relativeResultsDirectory="b70957d7-5cbd-46b2-ae99-ecf151661b8f">
    </UnitTestResult>
    <UnitTestResult executionId="c1d962c6-6f57-4987-8c21-b5c7cddb07c5" testId="be59e77b-8391-52ef-65f7-7dbcdca4b10d" testName="GetHexLengthTest" computerName="NU1NB2RSNIYL0VA" testType="13cdc9d9-ddb5-4fa4-a97d-d965ccfc6d4b" outcome="NotExecuted" testListId="8c84fa94-04c1-424b-9868-57a2d4851a1d" relativeResultsDirectory="c1d962c6-6f57-4987-8c21-b5c7cddb07c5">
    </UnitTestResult>
    <UnitTestResult executionId="a8551eb4-28aa-4237-997a-e028caf6ae5c" testId="c0f12b05-9fcc-a16b-8cc9-7357b1f8ed6a" testName="GetTwoValueTest" computerName="NU1NB2RSNIYL0VA" testType="13cdc9d9-ddb5-4fa4-a97d-d965ccfc6d4b" outcome="NotExecuted" testListId="8c84fa94-04c1-424b-9868-57a2d4851a1d" relativeResultsDirectory="a8551eb4-28aa-4237-997a-e028caf6ae5c">
    </UnitTestResult>
    <UnitTestResult executionId="0d8fb7f4-f9d2-429b-acb8-fdc2b236cbfe" testId="c303c48a-128e-44e2-ca78-26b79cb054e2" testName="ClearTest" computerName="NU1NB2RSNIYL0VA" testType="13cdc9d9-ddb5-4fa4-a97d-d965ccfc6d4b" outcome="NotExecuted" testListId="8c84fa94-04c1-424b-9868-57a2d4851a1d" relativeResultsDirectory="0d8fb7f4-f9d2-429b-acb8-fdc2b236cbfe">
    </UnitTestResult>
    <UnitTestResult executionId="a8486f1d-7fdd-4792-aa6c-02cc3a7e5803" testId="c6e5ebb2-9be5-8a2b-b22e-2aa0aa232ad9" testName="ContainsKeyOneTest" computerName="NU1NB2RSNIYL0VA" testType="13cdc9d9-ddb5-4fa4-a97d-d965ccfc6d4b" outcome="NotExecuted" testListId="8c84fa94-04c1-424b-9868-57a2d4851a1d" relativeResultsDirectory="a8486f1d-7fdd-4792-aa6c-02cc3a7e5803">
    </UnitTestResult>
    <UnitTestResult executionId="2bda5418-ce4f-4468-998d-936f844a0ea7" testId="c731f2cf-c4f1-21e7-a069-32909b776f12" testName="TestBinarySearchHightNotFound" computerName="NU1NB2RSNIYL0VA" testType="13cdc9d9-ddb5-4fa4-a97d-d965ccfc6d4b" outcome="NotExecuted" testListId="8c84fa94-04c1-424b-9868-57a2d4851a1d" relativeResultsDirectory="2bda5418-ce4f-4468-998d-936f844a0ea7">
    </UnitTestResult>
    <UnitTestResult executionId="f399f0e7-cfdb-40f6-9f6e-e4591dc3ef83" testId="c7a3a5e1-ab79-fabd-92b1-1602d749596f" testName="TestBinarySearchLowNotFound" computerName="NU1NB2RSNIYL0VA" testType="13cdc9d9-ddb5-4fa4-a97d-d965ccfc6d4b" outcome="NotExecuted" testListId="8c84fa94-04c1-424b-9868-57a2d4851a1d" relativeResultsDirectory="f399f0e7-cfdb-40f6-9f6e-e4591dc3ef83">
    </UnitTestResult>
    <UnitTestResult executionId="27642117-bdb6-4070-8bbe-71a46a5be3f6" testId="c97e6a0d-3e80-4df5-30ec-d3bc8838ec4f" testName="IsNumberRangeTest" computerName="NU1NB2RSNIYL0VA" testType="13cdc9d9-ddb5-4fa4-a97d-d965ccfc6d4b" outcome="NotExecuted" testListId="8c84fa94-04c1-424b-9868-57a2d4851a1d" relativeResultsDirectory="27642117-bdb6-4070-8bbe-71a46a5be3f6">
    </UnitTestResult>
    <UnitTestResult executionId="b55c5dec-151f-4485-8efd-0c427dffa110" testId="c98abb5f-e545-1e8f-cc10-c61fc20bf6f3" testName="ToByteTest" computerName="NU1NB2RSNIYL0VA" testType="13cdc9d9-ddb5-4fa4-a97d-d965ccfc6d4b" outcome="NotExecuted" testListId="8c84fa94-04c1-424b-9868-57a2d4851a1d" relativeResultsDirectory="b55c5dec-151f-4485-8efd-0c427dffa110">
    </UnitTestResult>
    <UnitTestResult executionId="cbe0c694-a108-4f05-b2ba-f65759da2b24" testId="ca65daf1-8972-ff9e-d7f3-4844c445cf59" testName="PositionTest" computerName="NU1NB2RSNIYL0VA" testType="13cdc9d9-ddb5-4fa4-a97d-d965ccfc6d4b" outcome="NotExecuted" testListId="8c84fa94-04c1-424b-9868-57a2d4851a1d" relativeResultsDirectory="cbe0c694-a108-4f05-b2ba-f65759da2b24">
    </UnitTestResult>
    <UnitTestResult executionId="45da21b4-111e-4d5c-8e5d-5e237937fdc1" testId="ccf2adf8-8f7c-d69a-2689-285c1fe760c9" testName="ThrowIfNullTest" computerName="NU1NB2RSNIYL0VA" testType="13cdc9d9-ddb5-4fa4-a97d-d965ccfc6d4b" outcome="NotExecuted" testListId="8c84fa94-04c1-424b-9868-57a2d4851a1d" relativeResultsDirectory="45da21b4-111e-4d5c-8e5d-5e237937fdc1">
    </UnitTestResult>
    <UnitTestResult executionId="5e2f8317-74d5-4160-b097-4a873868f5a7" testId="d0aaa9b0-68ea-9a3a-f2ab-fd75a2b80397" testName="IsChineseCharTest" computerName="NU1NB2RSNIYL0VA" testType="13cdc9d9-ddb5-4fa4-a97d-d965ccfc6d4b" outcome="NotExecuted" testListId="8c84fa94-04c1-424b-9868-57a2d4851a1d" relativeResultsDirectory="5e2f8317-74d5-4160-b097-4a873868f5a7">
    </UnitTestResult>
    <UnitTestResult executionId="99ebe82f-a2b2-423f-b0ac-64a89615e629" testId="d7b4dd2e-6b1b-03aa-2bb8-5c92f57c2a4b" testName="ResetPositionTest" computerName="NU1NB2RSNIYL0VA" testType="13cdc9d9-ddb5-4fa4-a97d-d965ccfc6d4b" outcome="NotExecuted" testListId="8c84fa94-04c1-424b-9868-57a2d4851a1d" relativeResultsDirectory="99ebe82f-a2b2-423f-b0ac-64a89615e629">
    </UnitTestResult>
    <UnitTestResult executionId="0160327d-6e47-4387-99ee-823e7530e8fc" testId="d9083d83-ee1b-d730-ac08-396e904a3ac8" testName="AtNoCaseTest" computerName="NU1NB2RSNIYL0VA" testType="13cdc9d9-ddb5-4fa4-a97d-d965ccfc6d4b" outcome="NotExecuted" testListId="8c84fa94-04c1-424b-9868-57a2d4851a1d" relativeResultsDirectory="0160327d-6e47-4387-99ee-823e7530e8fc">
    </UnitTestResult>
    <UnitTestResult executionId="bc68c386-9df3-4e1c-b9c8-dd1bbbada459" testId="dac69ede-b084-cf39-70be-7386e1c6de8b" testName="ToHexTest2" computerName="NU1NB2RSNIYL0VA" testType="13cdc9d9-ddb5-4fa4-a97d-d965ccfc6d4b" outcome="NotExecuted" testListId="8c84fa94-04c1-424b-9868-57a2d4851a1d" relativeResultsDirectory="bc68c386-9df3-4e1c-b9c8-dd1bbbada459">
    </UnitTestResult>
    <UnitTestResult executionId="5b6c55d1-e997-45b5-8e00-99912be5d8f2" testId="db1bf664-3a65-795e-d338-da2e1255937f" testName="MakeMD5Test" computerName="NU1NB2RSNIYL0VA" testType="13cdc9d9-ddb5-4fa4-a97d-d965ccfc6d4b" outcome="NotExecuted" testListId="8c84fa94-04c1-424b-9868-57a2d4851a1d" relativeResultsDirectory="5b6c55d1-e997-45b5-8e00-99912be5d8f2">
    </UnitTestResult>
    <UnitTestResult executionId="6a571a79-b6dd-4bec-af64-284a6a0724c4" testId="ded0b5ef-d35f-ab8b-9fd3-c5fce5a0eca8" testName="DelSeparateTest" computerName="NU1NB2RSNIYL0VA" testType="13cdc9d9-ddb5-4fa4-a97d-d965ccfc6d4b" outcome="NotExecuted" testListId="8c84fa94-04c1-424b-9868-57a2d4851a1d" relativeResultsDirectory="6a571a79-b6dd-4bec-af64-284a6a0724c4">
    </UnitTestResult>
    <UnitTestResult executionId="880a1476-53ba-411b-8c27-39cef6f4eadd" testId="e0a66f2a-5d66-e71d-92d0-aa09bfde9293" testName="QueueInvokeTest2" computerName="NU1NB2RSNIYL0VA" testType="13cdc9d9-ddb5-4fa4-a97d-d965ccfc6d4b" outcome="NotExecuted" testListId="8c84fa94-04c1-424b-9868-57a2d4851a1d" relativeResultsDirectory="880a1476-53ba-411b-8c27-39cef6f4eadd">
    </UnitTestResult>
    <UnitTestResult executionId="480378c0-a42a-4512-a922-b84cfdb5e21c" testId="e2928006-f61f-7f37-a3cc-e483675acf57" testName="RemoveScriptsTest" computerName="NU1NB2RSNIYL0VA" testType="13cdc9d9-ddb5-4fa4-a97d-d965ccfc6d4b" outcome="NotExecuted" testListId="8c84fa94-04c1-424b-9868-57a2d4851a1d" relativeResultsDirectory="480378c0-a42a-4512-a922-b84cfdb5e21c">
    </UnitTestResult>
    <UnitTestResult executionId="a2224af8-e873-42a5-8a46-90c43e669532" testId="e42fed48-875f-4a9e-0345-fba3f0f9e432" testName="ContainsKeyTwoTest" computerName="NU1NB2RSNIYL0VA" testType="13cdc9d9-ddb5-4fa4-a97d-d965ccfc6d4b" outcome="NotExecuted" testListId="8c84fa94-04c1-424b-9868-57a2d4851a1d" relativeResultsDirectory="a2224af8-e873-42a5-8a46-90c43e669532">
    </UnitTestResult>
    <UnitTestResult executionId="1252e159-8f81-44f9-9acc-1a5423a39d73" testId="e5d5ef2e-80f0-df9a-9ddf-32f550e0c198" testName="BytesToBinaryTest" computerName="NU1NB2RSNIYL0VA" testType="13cdc9d9-ddb5-4fa4-a97d-d965ccfc6d4b" outcome="NotExecuted" testListId="8c84fa94-04c1-424b-9868-57a2d4851a1d" relativeResultsDirectory="1252e159-8f81-44f9-9acc-1a5423a39d73">
    </UnitTestResult>
    <UnitTestResult executionId="fd87ce0c-52fb-4892-a072-c29d8cbb0fb8" testId="f36b0313-4e14-44ea-fd52-fb036dfc9092" testName="DecryptTest4" computerName="NU1NB2RSNIYL0VA" testType="13cdc9d9-ddb5-4fa4-a97d-d965ccfc6d4b" outcome="NotExecuted" testListId="8c84fa94-04c1-424b-9868-57a2d4851a1d" relativeResultsDirectory="fd87ce0c-52fb-4892-a072-c29d8cbb0fb8">
    </UnitTestResult>
    <UnitTestResult executionId="bdcc35b3-1c4b-4ab5-b921-9a2daaa159fc" testId="f3e06c2d-8be0-f342-2813-fbc15cf3056f" testName="DecryptWithKeyTest" computerName="NU1NB2RSNIYL0VA" testType="13cdc9d9-ddb5-4fa4-a97d-d965ccfc6d4b" outcome="NotExecuted" testListId="8c84fa94-04c1-424b-9868-57a2d4851a1d" relativeResultsDirectory="bdcc35b3-1c4b-4ab5-b921-9a2daaa159fc">
    </UnitTestResult>
    <UnitTestResult executionId="9396af5c-0de5-459b-b3f8-f2788f59b9a5" testId="f4360abe-b907-39a7-f9a0-9c7f29962bbf" testName="IsReadOnlyTest" computerName="NU1NB2RSNIYL0VA" testType="13cdc9d9-ddb5-4fa4-a97d-d965ccfc6d4b" outcome="NotExecuted" testListId="8c84fa94-04c1-424b-9868-57a2d4851a1d" relativeResultsDirectory="9396af5c-0de5-459b-b3f8-f2788f59b9a5">
    </UnitTestResult>
    <UnitTestResult executionId="205f51e6-dfd4-4aa0-8d2b-1570ecc8bcb5" testId="f71a1a2a-41bb-6050-f8b6-052de32f7e3a" testName="ParseIPEndPointTest" computerName="NU1NB2RSNIYL0VA" testType="13cdc9d9-ddb5-4fa4-a97d-d965ccfc6d4b" outcome="NotExecuted" testListId="8c84fa94-04c1-424b-9868-57a2d4851a1d" relativeResultsDirectory="205f51e6-dfd4-4aa0-8d2b-1570ecc8bcb5">
    </UnitTestResult>
    <UnitTestResult executionId="3a88acd9-c594-4a07-a4ec-8d68667dffed" testId="fa603cad-3867-c151-4ee6-cfdc71cb0286" testName="DecryptTest" computerName="NU1NB2RSNIYL0VA" testType="13cdc9d9-ddb5-4fa4-a97d-d965ccfc6d4b" outcome="NotExecuted" testListId="8c84fa94-04c1-424b-9868-57a2d4851a1d" relativeResultsDirectory="3a88acd9-c594-4a07-a4ec-8d68667dffed">
    </UnitTestResult>
    <UnitTestResult executionId="4d97ab38-131c-4902-b757-a859679da2c5" testId="fba52ecd-62a0-929d-d202-df2156b8bb48" testName="SetTwoValueTest" computerName="NU1NB2RSNIYL0VA" testType="13cdc9d9-ddb5-4fa4-a97d-d965ccfc6d4b" outcome="NotExecuted" testListId="8c84fa94-04c1-424b-9868-57a2d4851a1d" relativeResultsDirectory="4d97ab38-131c-4902-b757-a859679da2c5">
    </UnitTestResult>
    <UnitTestResult executionId="24e6e995-718d-41a6-b10b-f2b91bd8da8a" testId="fc2a6da0-65b6-eca3-2187-e2d86fe1c25f" testName="TryGetValueTest" computerName="NU1NB2RSNIYL0VA" testType="13cdc9d9-ddb5-4fa4-a97d-d965ccfc6d4b" outcome="NotExecuted" testListId="8c84fa94-04c1-424b-9868-57a2d4851a1d" relativeResultsDirectory="24e6e995-718d-41a6-b10b-f2b91bd8da8a">
    </UnitTestResult>
    <UnitTestResult executionId="7ce4fb63-8eb0-4450-abeb-197aba78056e" testId="fc5d65be-c4b7-c7ac-9c58-54d23110da25" testName="RemoveTwoTest" computerName="NU1NB2RSNIYL0VA" testType="13cdc9d9-ddb5-4fa4-a97d-d965ccfc6d4b" outcome="NotExecuted" testListId="8c84fa94-04c1-424b-9868-57a2d4851a1d" relativeResultsDirectory="7ce4fb63-8eb0-4450-abeb-197aba78056e">
    </UnitTestResult>
    <UnitTestResult executionId="a7d4692e-7d6e-4f5e-9d82-09873d280d3a" testId="fe4308fc-0200-47ff-0cea-9b399d493489" testName="DecryptTest1" computerName="NU1NB2RSNIYL0VA" testType="13cdc9d9-ddb5-4fa4-a97d-d965ccfc6d4b" outcome="NotExecuted" testListId="8c84fa94-04c1-424b-9868-57a2d4851a1d" relativeResultsDirectory="a7d4692e-7d6e-4f5e-9d82-09873d280d3a">
    </UnitTestResult>
    <UnitTestResult executionId="2dc0e022-4016-4799-b7ad-d7401551309f" testId="ff1f104e-2e4c-1d45-d3d0-490eeef60b4c" testName="MatchTest" computerName="NU1NB2RSNIYL0VA" testType="13cdc9d9-ddb5-4fa4-a97d-d965ccfc6d4b" outcome="NotExecuted" testListId="8c84fa94-04c1-424b-9868-57a2d4851a1d" relativeResultsDirectory="2dc0e022-4016-4799-b7ad-d7401551309f">
    </UnitTestResult>
    <UnitTestResult executionId="96d29d00-bcce-47cc-b6d0-0057abb043aa" testId="ff595f81-fb6a-86d3-e6ea-cb3345c666a2" testName="IsHexTest" computerName="NU1NB2RSNIYL0VA" testType="13cdc9d9-ddb5-4fa4-a97d-d965ccfc6d4b" outcome="NotExecuted" testListId="8c84fa94-04c1-424b-9868-57a2d4851a1d" relativeResultsDirectory="96d29d00-bcce-47cc-b6d0-0057abb043aa">
    </UnitTestResult>
  </Results>
</TestRun>