<?xml version="1.0" encoding="UTF-8"?>
<TestRun id="049bb5bc-e065-4a2d-adff-f6d6c7ce18e9" name="Administrator@NU1NB2RSNIYL0VA 2014-01-15 09:21:19" runUser="NU1NB2RSNIYL0VA\Administrator" xmlns="http://microsoft.com/schemas/VisualStudio/TeamTest/2010">
  <TestSettings name="本地" id="32b136b7-6e41-488e-8fd0-005393bbd4f8">
    <Description>这些设置为本地测试运行的默认测试设置。</Description>
    <Deployment enabled="false" runDeploymentRoot="Administrator_NU1NB2RSNIYL0VA 2014-01-15 09_21_19">
      <DeploymentItem filename="C:\Program Files (x86)\Microsoft ASP.NET\ASP.NET MVC 4\Assemblies\System.Web.Http.dll" />
      <DeploymentItem filename="D:\Documents\GitHub\Library\Extension\bin\Debug\CRCLibrary.dll" />
    </Deployment>
    <Execution>
      <TestTypeSpecific />
      <AgentRule name="Execution Agents">
      </AgentRule>
    </Execution>
  </TestSettings>
  <Times creation="2014-01-15T09:21:19.0550958+08:00" queuing="2014-01-15T09:21:20.9682053+08:00" start="2014-01-15T09:21:21.0142079+08:00" finish="2014-01-15T09:21:21.4872349+08:00" />
  <ResultSummary outcome="Failed">
    <Counters total="1" executed="1" error="0" failed="1" timeout="0" aborted="0" inconclusive="0" passedButRunAborted="0" notRunnable="0" notExecuted="0" disconnected="0" warning="0" passed="0" completed="0" inProgress="0" pending="0" />
  </ResultSummary>
  <TestDefinitions>
    <UnitTest name="ConvertTest" storage="d:\documents\github\library\testcrclibrary\bin\debug\testcrclibrary.dll" id="a899c629-2e75-b1cc-6916-c7aa32b982cc">
      <Execution id="89712e8d-c15e-46b7-9b85-0c06498e90a9" />
      <TestMethod codeBase="D:/Documents/GitHub/Library/TestCRCLibrary/bin/Debug/TestCRCLibrary.DLL" adapterTypeName="Microsoft.VisualStudio.TestTools.TestTypes.Unit.UnitTestAdapter, Microsoft.VisualStudio.QualityTools.Tips.UnitTest.Adapter, Version=10.0.0.0, Culture=neutral, PublicKeyToken=b03f5f7f11d50a3a" className="TestCRCLibrary.ConvertRmbTest, TestCRCLibrary, Version=1.0.0.0, Culture=neutral, PublicKeyToken=null" name="ConvertTest" />
    </UnitTest>
  </TestDefinitions>
  <TestLists>
    <TestList name="列表中未列出的结果" id="8c84fa94-04c1-424b-9868-57a2d4851a1d" />
    <TestList name="所有已加载的结果" id="19431567-8539-422a-85d7-44ee4e166bda" />
  </TestLists>
  <TestEntries>
    <TestEntry testId="a899c629-2e75-b1cc-6916-c7aa32b982cc" executionId="89712e8d-c15e-46b7-9b85-0c06498e90a9" testListId="8c84fa94-04c1-424b-9868-57a2d4851a1d" />
  </TestEntries>
  <Results>
    <UnitTestResult executionId="89712e8d-c15e-46b7-9b85-0c06498e90a9" testId="a899c629-2e75-b1cc-6916-c7aa32b982cc" testName="ConvertTest" computerName="NU1NB2RSNIYL0VA" duration="00:00:00.1273807" startTime="2014-01-15T09:21:21.0592105+08:00" endTime="2014-01-15T09:21:21.4252314+08:00" testType="13cdc9d9-ddb5-4fa4-a97d-d965ccfc6d4b" outcome="Failed" testListId="8c84fa94-04c1-424b-9868-57a2d4851a1d" relativeResultsDirectory="89712e8d-c15e-46b7-9b85-0c06498e90a9">
      <Output>
        <ErrorInfo>
          <Message>Assert.AreEqual 失败。应为: &lt;&gt;，实际为: &lt;壹拾伍万贰仟壹佰肆拾贰元整&gt;。</Message>
          <StackTrace>   在 TestCRCLibrary.ConvertRmbTest.ConvertTest() 位置 D:\Documents\GitHub\Library\TestCRCLibrary\ConvertRmbTest.cs:行号 76
</StackTrace>
        </ErrorInfo>
      </Output>
    </UnitTestResult>
  </Results>
</TestRun>